10000 0.000325
20000 0.000569
30000 0.000973
40000 0.001173
50000 0.001772
60000 0.001881
70000 0.002145
80000 0.002425
90000 0.002941
100000 0.003061
110000 0.003399
120000 0.004235
130000 0.004092
140000 0.004573
150000 0.004629
160000 0.005066
170000 0.006672
180000 0.005505
190000 0.006055
200000 0.006632
210000 0.006708
220000 0.007268
230000 0.007997
240000 0.008694
250000 0.008303
260000 0.008220
270000 0.008273
280000 0.010165
290000 0.009238
300000 0.010829
310000 0.010049
320000 0.012427
330000 0.011837
340000 0.011144
350000 0.013640
360000 0.013599
370000 0.011709
380000 0.015033
390000 0.013055
400000 0.015459
410000 0.014368
420000 0.013139
430000 0.015066
440000 0.016746
450000 0.016825
460000 0.018526
470000 0.014803
480000 0.016131
490000 0.018478
500000 0.016836
510000 0.017004
520000 0.017436
530000 0.020698
540000 0.018404
550000 0.018761
560000 0.019372
570000 0.019916
580000 0.023278
590000 0.020546
600000 0.020024
610000 0.022396
620000 0.023204
630000 0.021954
640000 0.021895
650000 0.025054
660000 0.024728
670000 0.023175
680000 0.026737
690000 0.024249
700000 0.024905
710000 0.023879
720000 0.024408
730000 0.027218
740000 0.027312
750000 0.028282
760000 0.028106
770000 0.027656
780000 0.029159
790000 0.027685
800000 0.027996
810000 0.028438
820000 0.029912
830000 0.029032
840000 0.029240
850000 0.035239
860000 0.031421
870000 0.031655
880000 0.029373
890000 0.033373
900000 0.032381
910000 0.032953
920000 0.034644
930000 0.032164
940000 0.033819
950000 0.034925
960000 0.033353
970000 0.036675
980000 0.034434
990000 0.036756
10000 0.000285
10000 0.000360
10000 0.000244
20000 0.000542
20000 0.000537
20000 0.000501
30000 0.001031
30000 0.000762
30000 0.000787
40000 0.002867
40000 0.001079
40000 0.001159
50000 0.001439
50000 0.001464
50000 0.001540
60000 0.001734
60000 0.001789
60000 0.001578
70000 0.002075
70000 0.002153
70000 0.002166
80000 0.002534
80000 0.002429
80000 0.002463
90000 0.002863
90000 0.002879
90000 0.002755
100000 0.003119
100000 0.002977
100000 0.003053
110000 0.003406
110000 0.003298
110000 0.003327
120000 0.003641
120000 0.003642
120000 0.003590
130000 0.004179
130000 0.004069
130000 0.004129
140000 0.004348
140000 0.004675
140000 0.004278
150000 0.004578
150000 0.004659
150000 0.004585
160000 0.005082
160000 0.005087
160000 0.004901
170000 0.004459
170000 0.005130
170000 0.005311
180000 0.005552
180000 0.005660
180000 0.005422
190000 0.005879
190000 0.005952
190000 0.005815
200000 0.006125
200000 0.006180
200000 0.006191
210000 0.006439
210000 0.006638
210000 0.006437
220000 0.006769
220000 0.006737
220000 0.006689
230000 0.007143
230000 0.006794
230000 0.006305
240000 0.007055
240000 0.007419
240000 0.007878
250000 0.007764
250000 0.007658
250000 0.007644
260000 0.008111
260000 0.008405
260000 0.008154
270000 0.009180
270000 0.008548
270000 0.008899
280000 0.007709
280000 0.009016
280000 0.008801
290000 0.009115
290000 0.008836
290000 0.009095
300000 0.009741
300000 0.009354
300000 0.009502
310000 0.008520
310000 0.009754
310000 0.009708
320000 0.010077
320000 0.010238
320000 0.010128
330000 0.010715
330000 0.010351
330000 0.009226
340000 0.010719
340000 0.010619
340000 0.010757
350000 0.011133
350000 0.011014
350000 0.010906
360000 0.011393
360000 0.011303
360000 0.011526
370000 0.011886
370000 0.011719
370000 0.011191
380000 0.012245
380000 0.012255
380000 0.011884
390000 0.012959
390000 0.012292
390000 0.012467
400000 0.012597
400000 0.012814
400000 0.012575
410000 0.014153
410000 0.012877
410000 0.012772
420000 0.013258
420000 0.013533
420000 0.013422
430000 0.013689
430000 0.013640
430000 0.013605
440000 0.014147
440000 0.013927
440000 0.014002
450000 0.014914
450000 0.015469
450000 0.017377
460000 0.015720
460000 0.015536
460000 0.015229
470000 0.017522
470000 0.017625
470000 0.015520
480000 0.015656
480000 0.015595
480000 0.016127
490000 0.016073
490000 0.016122
490000 0.015626
500000 0.016074
500000 0.016882
500000 0.016893
510000 0.016683
510000 0.016694
510000 0.016985
520000 0.017115
520000 0.016985
520000 0.018064
530000 0.017655
530000 0.017576
530000 0.017329
540000 0.017997
540000 0.017754
540000 0.018486
550000 0.017991
550000 0.018303
550000 0.018486
560000 0.019823
560000 0.018254
560000 0.015738
570000 0.018557
570000 0.019135
570000 0.018090
580000 0.019143
580000 0.018934
580000 0.018942
590000 0.019632
590000 0.019068
590000 0.019252
600000 0.020206
600000 0.019379
600000 0.020656
610000 0.020444
610000 0.020566
610000 0.020039
620000 0.020681
620000 0.019468
620000 0.022014
630000 0.021041
630000 0.020498
630000 0.020628
640000 0.021700
640000 0.021016
640000 0.020591
650000 0.021999
650000 0.021510
650000 0.021714
660000 0.022534
660000 0.022677
660000 0.021463
670000 0.024196
670000 0.023228
670000 0.022809
680000 0.023156
680000 0.023414
680000 0.022741
690000 0.023385
690000 0.023281
690000 0.023547
700000 0.025426
700000 0.023882
700000 0.023624
710000 0.021135
710000 0.021068
710000 0.024132
720000 0.020781
720000 0.021260
720000 0.024623
730000 0.025034
730000 0.024686
730000 0.024679
740000 0.025237
740000 0.025403
740000 0.025330
750000 0.021690
750000 0.023433
750000 0.025483
760000 0.025685
760000 0.025709
760000 0.025733
770000 0.026676
770000 0.026450
770000 0.025950
780000 0.026121
780000 0.027915
780000 0.026208
790000 0.027072
790000 0.027312
790000 0.023315
800000 0.024464
800000 0.026836
800000 0.027418
810000 0.027670
810000 0.027814
810000 0.027732
820000 0.027478
820000 0.027897
820000 0.027370
830000 0.028136
830000 0.028153
830000 0.028029
840000 0.028589
840000 0.028271
840000 0.027821
850000 0.028710
850000 0.028808
850000 0.029175
860000 0.049768
860000 0.029276
860000 0.029046
870000 0.029705
870000 0.029361
870000 0.028936
880000 0.029761
880000 0.029136
880000 0.029806
890000 0.030848
890000 0.030011
890000 0.030181
900000 0.030691
900000 0.030640
900000 0.030366
910000 0.030684
910000 0.030875
910000 0.030482
920000 0.031431
920000 0.031195
920000 0.030857
930000 0.031441
930000 0.034868
930000 0.031791
940000 0.031872
940000 0.032163
940000 0.031905
950000 0.032711
950000 0.032062
950000 0.032133
960000 0.032389
960000 0.032374
960000 0.032914
970000 0.032495
970000 0.033722
970000 0.033389
980000 0.033894
980000 0.033736
980000 0.033220
990000 0.033937
990000 0.034366
990000 0.033755
10000 0.000330
10000 0.000335
10000 0.000274
20000 0.000490
20000 0.000565
20000 0.000569
30000 0.000891
30000 0.000832
30000 0.000732
40000 0.001208
40000 0.001166
40000 0.001212
50000 0.001468
50000 0.001407
50000 0.001359
60000 0.001916
60000 0.001846
60000 0.001864
70000 0.002058
70000 0.002205
70000 0.002045
80000 0.002459
80000 0.002361
80000 0.002473
90000 0.002785
90000 0.002661
90000 0.002705
100000 0.003120
100000 0.003035
100000 0.003042
110000 0.003409
110000 0.003334
110000 0.003423
120000 0.003689
120000 0.003607
120000 0.003686
130000 0.004142
130000 0.003992
130000 0.004129
140000 0.004325
140000 0.004380
140000 0.004280
150000 0.004556
150000 0.004616
150000 0.004635
160000 0.004933
160000 0.005334
160000 0.004837
170000 0.005365
170000 0.005255
170000 0.005241
180000 0.005649
180000 0.005546
180000 0.005678
190000 0.005983
190000 0.006009
190000 0.006391
200000 0.006430
200000 0.006522
200000 0.006677
210000 0.006830
210000 0.006680
210000 0.007245
220000 0.006788
220000 0.006806
220000 0.006861
230000 0.007621
230000 0.007134
230000 0.007218
240000 0.007586
240000 0.007513
240000 0.007454
250000 0.008058
250000 0.007985
250000 0.007797
260000 0.008453
260000 0.008197
260000 0.008372
270000 0.008567
270000 0.008596
270000 0.008646
280000 0.008794
280000 0.008841
280000 0.009035
290000 0.009234
290000 0.009109
290000 0.009302
300000 0.009671
300000 0.011336
300000 0.009915
310000 0.009848
310000 0.010175
310000 0.009819
320000 0.010568
320000 0.010485
320000 0.010253
330000 0.011756
330000 0.010457
330000 0.010594
340000 0.011747
340000 0.011433
340000 0.011288
350000 0.010839
350000 0.012201
350000 0.011516
360000 0.011691
360000 0.011479
360000 0.012058
370000 0.012294
370000 0.011744
370000 0.011591
380000 0.012396
380000 0.012352
380000 0.011941
390000 0.012299
390000 0.013341
390000 0.013182
400000 0.013345
400000 0.013025
400000 0.013361
410000 0.013156
410000 0.013290
410000 0.013022
420000 0.014046
420000 0.013741
420000 0.013855
430000 0.013797
430000 0.014075
430000 0.014061
440000 0.014352
440000 0.014649
440000 0.014332
450000 0.015038
450000 0.015982
450000 0.014882
460000 0.015109
460000 0.014887
460000 0.014842
470000 0.015740
470000 0.015794
470000 0.015571
480000 0.017170
480000 0.016096
480000 0.016212
490000 0.016079
490000 0.016289
490000 0.016132
500000 0.016843
500000 0.018082
500000 0.016851
510000 0.018147
510000 0.017308
510000 0.018609
520000 0.018249
520000 0.017477
520000 0.018299
530000 0.018543
530000 0.018958
530000 0.018377
540000 0.019629
540000 0.019255
540000 0.019038
550000 0.019110
550000 0.019679
550000 0.018978
560000 0.019242
560000 0.019880
560000 0.019650
570000 0.019995
570000 0.019949
570000 0.023244
580000 0.020341
580000 0.020051
580000 0.020854
590000 0.021221
590000 0.020624
590000 0.020267
600000 0.021625
600000 0.021025
600000 0.023508
610000 0.021673
610000 0.022492
610000 0.021126
620000 0.022219
620000 0.021993
620000 0.022598
630000 0.022527
630000 0.020926
630000 0.021395
640000 0.022315
640000 0.022295
640000 0.022620
650000 0.024275
650000 0.023747
650000 0.022869
660000 0.024252
660000 0.022990
660000 0.023609
670000 0.024176
670000 0.023949
670000 0.024152
680000 0.025413
680000 0.024592
680000 0.023478
690000 0.025149
690000 0.025475
690000 0.023528
700000 0.026080
700000 0.024054
700000 0.024336
710000 0.023904
710000 0.024378
710000 0.023408
720000 0.025163
720000 0.024748
720000 0.024642
730000 0.025442
730000 0.024993
730000 0.025221
740000 0.026664
740000 0.025519
740000 0.026574
750000 0.029147
750000 0.026456
750000 0.026369
760000 0.026719
760000 0.026586
760000 0.026574
770000 0.026782
770000 0.027039
770000 0.026879
780000 0.026559
780000 0.027902
780000 0.027440
790000 0.027401
790000 0.027410
790000 0.027794
800000 0.026870
800000 0.027515
800000 0.027807
810000 0.027888
810000 0.028333
810000 0.028071
820000 0.027778
820000 0.028024
820000 0.030268
830000 0.029597
830000 0.036273
830000 0.038432
840000 0.030453
840000 0.029800
840000 0.031410
850000 0.031997
850000 0.029819
850000 0.030092
860000 0.035521
860000 0.033064
860000 0.030107
870000 0.030247
870000 0.030831
870000 0.030470
880000 0.031745
880000 0.030783
880000 0.030746
890000 0.031017
890000 0.030543
890000 0.030599
900000 0.031662
900000 0.031928
900000 0.030662
910000 0.032541
910000 0.032245
910000 0.031122
920000 0.031665
920000 0.031908
920000 0.031529
930000 0.033609
930000 0.032672
930000 0.032576
940000 0.032897
940000 0.032826
940000 0.032676
950000 0.033452
950000 0.034207
950000 0.033197
960000 0.033735
960000 0.033384
960000 0.033777
970000 0.033642
970000 0.034382
970000 0.035749
980000 0.034020
980000 0.035326
980000 0.034527
990000 0.034392
990000 0.034788
990000 0.034694
