10000 0.000575
20000 0.001165
30000 0.001829
40000 0.002393
50000 0.003083
60000 0.003507
70000 0.004120
80000 0.004665
90000 0.005180
100000 0.005793
110000 0.006414
120000 0.007422
130000 0.007521
140000 0.008192
150000 0.008743
160000 0.009210
170000 0.009776
180000 0.010420
190000 0.012170
200000 0.011502
210000 0.012277
220000 0.013124
230000 0.013475
240000 0.014081
250000 0.014401
260000 0.015436
270000 0.017457
280000 0.016692
290000 0.021128
300000 0.018302
310000 0.021945
320000 0.019085
330000 0.019914
340000 0.019954
350000 0.021326
360000 0.021402
370000 0.022174
380000 0.023034
390000 0.023142
400000 0.024425
410000 0.024664
420000 0.024464
430000 0.025311
440000 0.026121
450000 0.026798
460000 0.027737
470000 0.028537
480000 0.029452
490000 0.029379
500000 0.030111
510000 0.031087
520000 0.031182
530000 0.031572
540000 0.032911
550000 0.035052
560000 0.033821
570000 0.034131
580000 0.034444
590000 0.036952
600000 0.035291
610000 0.036462
620000 0.037507
630000 0.038041
640000 0.038958
650000 0.039002
660000 0.039821
670000 0.040939
680000 0.040894
690000 0.042348
700000 0.042351
710000 0.043012
720000 0.043721
730000 0.044070
740000 0.046893
750000 0.045738
760000 0.046787
770000 0.046826
780000 0.048412
790000 0.048883
800000 0.048701
810000 0.049240
820000 0.050371
830000 0.050841
840000 0.050691
850000 0.051368
860000 0.051838
870000 0.053353
880000 0.055037
890000 0.062057
900000 0.054860
910000 0.055290
920000 0.056851
930000 0.056580
940000 0.058914
950000 0.060665
960000 0.059495
970000 0.059498
980000 0.061583
990000 0.060303
10000 0.000588
10000 0.001218
10000 0.000562
20000 0.001177
20000 0.001161
20000 0.001142
30000 0.001832
30000 0.001728
30000 0.001736
40000 0.002534
40000 0.002314
40000 0.002275
50000 0.002889
50000 0.002975
50000 0.002935
60000 0.003484
60000 0.003582
60000 0.003425
70000 0.004048
70000 0.004073
70000 0.004471
80000 0.004655
80000 0.004586
80000 0.004675
90000 0.005236
90000 0.005179
90000 0.005210
100000 0.005895
100000 0.005755
100000 0.005967
110000 0.006650
110000 0.006462
110000 0.006290
120000 0.007242
120000 0.007057
120000 0.007840
130000 0.007846
130000 0.007721
130000 0.011076
140000 0.011883
140000 0.012159
140000 0.012315
150000 0.013694
150000 0.013218
150000 0.014162
160000 0.010766
160000 0.009293
160000 0.009646
170000 0.010659
170000 0.009719
170000 0.010068
180000 0.010606
180000 0.010603
180000 0.010269
190000 0.011459
190000 0.015587
190000 0.016102
200000 0.015445
200000 0.016566
200000 0.011862
210000 0.012167
210000 0.012791
210000 0.012093
220000 0.018560
220000 0.016361
220000 0.017505
230000 0.013868
230000 0.013322
230000 0.013422
240000 0.014089
240000 0.014302
240000 0.014077
250000 0.014821
250000 0.014709
250000 0.014636
260000 0.015277
260000 0.015065
260000 0.015038
270000 0.015756
270000 0.016107
270000 0.015470
280000 0.016502
280000 0.016376
280000 0.017709
290000 0.017824
290000 0.017410
290000 0.017959
300000 0.017710
300000 0.017639
300000 0.017831
310000 0.019348
310000 0.018369
310000 0.018640
320000 0.019360
320000 0.019562
320000 0.018609
330000 0.020445
330000 0.019315
330000 0.019534
340000 0.020443
340000 0.019568
340000 0.021082
350000 0.021595
350000 0.021070
350000 0.021115
360000 0.022142
360000 0.021837
360000 0.021391
370000 0.022366
370000 0.021462
370000 0.022428
380000 0.025228
380000 0.022520
380000 0.022886
390000 0.023802
390000 0.022733
390000 0.022808
400000 0.024781
400000 0.024267
400000 0.026118
410000 0.025751
410000 0.024688
410000 0.024845
420000 0.025538
420000 0.024446
420000 0.034822
430000 0.027736
430000 0.032582
430000 0.026563
440000 0.027919
440000 0.026710
440000 0.026379
450000 0.026876
450000 0.026519
450000 0.026204
460000 0.028368
460000 0.026731
460000 0.029856
470000 0.029673
470000 0.028213
470000 0.029118
480000 0.029248
480000 0.032204
480000 0.034035
490000 0.030973
490000 0.029288
490000 0.030035
500000 0.037301
500000 0.030043
500000 0.030802
510000 0.031251
510000 0.030869
510000 0.030469
520000 0.032886
520000 0.031354
520000 0.031407
530000 0.033576
530000 0.031841
530000 0.032372
540000 0.037395
540000 0.041490
540000 0.031651
550000 0.039057
550000 0.033698
550000 0.034177
560000 0.034148
560000 0.033370
560000 0.033075
570000 0.034952
570000 0.046714
570000 0.038995
580000 0.036063
580000 0.036433
580000 0.037843
590000 0.037972
590000 0.040395
590000 0.036752
600000 0.040095
600000 0.038262
600000 0.038826
610000 0.039744
610000 0.037749
610000 0.037911
620000 0.063329
620000 0.037617
620000 0.037140
630000 0.039045
630000 0.038023
630000 0.037854
640000 0.038997
640000 0.039437
640000 0.039249
650000 0.041534
650000 0.038702
650000 0.047973
660000 0.050870
660000 0.046193
660000 0.089792
670000 0.129633
670000 0.049274
670000 0.044885
680000 0.047094
680000 0.040338
680000 0.040912
690000 0.044590
690000 0.040500
690000 0.042096
700000 0.043521
700000 0.042370
700000 0.042989
710000 0.043423
710000 0.042882
710000 0.042741
720000 0.043436
720000 0.044001
720000 0.043116
730000 0.044043
730000 0.044051
730000 0.044035
740000 0.044186
740000 0.044371
740000 0.044486
750000 0.045321
750000 0.045743
750000 0.044855
760000 0.070586
760000 0.047385
760000 0.046189
770000 0.046140
770000 0.046047
770000 0.045482
780000 0.048174
780000 0.046294
780000 0.047368
790000 0.048554
790000 0.052066
790000 0.048454
800000 0.048615
800000 0.049290
800000 0.047720
810000 0.079897
810000 0.050818
810000 0.050170
820000 0.113349
820000 0.056513
820000 0.052190
830000 0.049747
830000 0.051052
830000 0.065894
840000 0.061510
840000 0.053223
840000 0.051956
850000 0.053612
850000 0.051875
850000 0.051466
860000 0.053664
860000 0.056635
860000 0.051465
870000 0.058572
870000 0.053875
870000 0.052103
880000 0.055745
880000 0.054361
880000 0.052894
890000 0.054443
890000 0.077054
890000 0.054567
900000 0.057773
900000 0.054298
900000 0.053955
910000 0.057650
910000 0.054805
910000 0.054375
920000 0.059677
920000 0.054466
920000 0.085761
930000 0.059594
930000 0.079096
930000 0.081443
940000 0.067372
940000 0.060020
940000 0.055913
950000 0.075008
950000 0.061386
950000 0.064458
960000 0.063534
960000 0.057915
960000 0.062208
970000 0.073280
970000 0.068940
970000 0.064224
980000 0.065480
980000 0.061141
980000 0.065503
990000 0.068391
990000 0.063285
990000 0.065039
10000 0.000698
10000 0.000685
10000 0.000588
10000 0.000584
10000 0.000560
20000 0.001196
20000 0.001130
20000 0.001120
20000 0.001180
20000 0.001119
30000 0.001733
30000 0.001707
30000 0.001754
30000 0.001690
30000 0.001716
40000 0.002289
40000 0.002271
40000 0.002254
40000 0.002291
40000 0.002340
50000 0.002889
50000 0.002861
50000 0.002823
50000 0.002852
50000 0.002823
60000 0.003440
60000 0.003467
60000 0.003418
60000 0.003402
60000 0.003411
70000 0.004108
70000 0.004011
70000 0.003978
70000 0.003952
70000 0.003956
80000 0.004659
80000 0.004531
80000 0.004540
80000 0.004542
80000 0.004535
90000 0.005168
90000 0.005143
90000 0.005117
90000 0.005102
90000 0.005187
100000 0.005770
100000 0.005773
100000 0.005719
100000 0.005680
100000 0.005670
110000 0.006323
110000 0.006286
110000 0.006303
110000 0.006247
110000 0.006293
120000 0.006885
120000 0.006816
120000 0.006934
120000 0.008024
120000 0.006781
130000 0.007499
130000 0.007418
130000 0.007481
130000 0.007408
130000 0.007807
140000 0.008427
140000 0.008217
140000 0.008138
140000 0.008105
140000 0.008110
150000 0.008924
150000 0.008739
150000 0.008679
150000 0.008670
150000 0.008661
160000 0.009485
160000 0.009348
160000 0.009310
160000 0.009153
160000 0.009295
170000 0.009810
170000 0.009660
170000 0.009662
170000 0.009766
170000 0.009616
180000 0.010320
180000 0.010239
180000 0.010501
180000 0.010200
180000 0.010280
190000 0.010901
190000 0.010943
190000 0.010841
190000 0.010772
190000 0.010774
200000 0.011497
200000 0.011690
200000 0.011398
200000 0.011351
200000 0.011360
210000 0.012313
210000 0.011951
210000 0.012018
210000 0.011939
210000 0.011943
220000 0.012637
220000 0.012677
220000 0.012656
220000 0.012638
220000 0.012564
230000 0.013372
230000 0.013228
230000 0.013077
230000 0.013175
230000 0.013019
240000 0.013794
240000 0.013643
240000 0.013978
240000 0.013725
240000 0.013740
250000 0.014626
250000 0.014210
250000 0.014626
250000 0.014169
250000 0.014375
260000 0.015108
260000 0.014822
260000 0.014757
260000 0.014856
260000 0.014999
270000 0.015695
270000 0.015400
270000 0.015394
270000 0.015326
270000 0.015586
280000 0.016201
280000 0.016346
280000 0.015971
280000 0.016287
280000 0.015873
290000 0.016764
290000 0.017010
290000 0.016725
290000 0.016859
290000 0.016650
300000 0.017586
300000 0.017186
300000 0.017152
300000 0.017705
300000 0.017284
310000 0.018126
310000 0.017770
310000 0.017725
310000 0.017627
310000 0.018158
320000 0.020233
320000 0.019152
320000 0.018772
320000 0.018482
320000 0.018462
330000 0.019662
330000 0.019012
330000 0.019434
330000 0.019043
330000 0.019244
340000 0.020005
340000 0.019637
340000 0.019461
340000 0.019652
340000 0.019722
350000 0.020862
350000 0.020157
350000 0.020402
350000 0.020480
350000 0.020520
360000 0.021067
360000 0.021097
360000 0.021362
360000 0.021598
360000 0.021516
370000 0.022108
370000 0.021789
370000 0.021950
370000 0.021702
370000 0.022668
380000 0.023828
380000 0.022866
380000 0.023072
380000 0.022527
380000 0.023369
390000 0.024260
390000 0.023125
390000 0.023337
390000 0.022825
390000 0.022962
400000 0.023811
400000 0.023363
400000 0.023534
400000 0.023695
400000 0.023096
410000 0.024250
410000 0.023514
410000 0.023794
410000 0.023950
410000 0.023766
420000 0.024934
420000 0.024574
420000 0.024669
420000 0.024519
420000 0.024932
430000 0.025720
430000 0.024948
430000 0.025029
430000 0.025200
430000 0.024697
440000 0.026443
440000 0.026442
440000 0.025956
440000 0.025842
440000 0.025943
450000 0.027534
450000 0.026612
450000 0.026619
450000 0.026850
450000 0.026660
460000 0.027906
460000 0.029874
460000 0.034858
460000 0.029719
460000 0.029739
470000 0.033210
470000 0.031270
470000 0.029278
470000 0.030835
470000 0.034567
480000 0.035985
480000 0.039331
480000 0.033464
480000 0.033116
480000 0.032485
490000 0.033572
490000 0.031360
490000 0.030904
490000 0.030710
490000 0.031038
500000 0.034056
500000 0.033293
500000 0.033320
500000 0.034042
500000 0.029965
510000 0.031370
510000 0.030446
510000 0.030608
510000 0.030170
510000 0.030741
520000 0.031866
520000 0.030630
520000 0.030670
520000 0.030650
520000 0.030566
530000 0.032686
530000 0.031466
530000 0.030946
530000 0.032605
530000 0.030751
540000 0.032328
540000 0.032171
540000 0.032075
540000 0.031918
540000 0.032043
550000 0.035369
550000 0.032684
550000 0.032473
550000 0.032532
550000 0.032653
560000 0.034029
560000 0.033464
560000 0.034038
560000 0.033798
560000 0.035356
570000 0.035990
570000 0.034637
570000 0.034455
570000 0.034899
570000 0.034055
580000 0.035099
580000 0.034356
580000 0.035615
580000 0.034388
580000 0.034913
590000 0.036416
590000 0.034969
590000 0.034926
590000 0.035284
590000 0.035215
600000 0.036905
600000 0.035981
600000 0.035572
600000 0.036108
600000 0.035876
610000 0.044416
610000 0.037228
610000 0.037690
610000 0.037392
610000 0.037707
620000 0.038867
620000 0.037434
620000 0.037098
620000 0.036850
620000 0.037268
630000 0.042236
630000 0.040893
630000 0.039974
630000 0.039427
630000 0.038828
640000 0.039546
640000 0.041235
640000 0.039543
640000 0.038582
640000 0.039024
650000 0.040111
650000 0.039645
650000 0.040388
650000 0.039001
650000 0.038535
660000 0.040203
660000 0.039833
660000 0.039778
660000 0.039944
660000 0.039387
670000 0.040823
670000 0.040678
670000 0.041341
670000 0.041301
670000 0.040286
680000 0.043446
680000 0.041689
680000 0.041271
680000 0.040202
680000 0.040372
690000 0.041373
690000 0.042366
690000 0.042257
690000 0.043756
690000 0.041854
700000 0.045485
700000 0.041869
700000 0.041248
700000 0.041732
700000 0.042342
710000 0.043359
710000 0.042690
710000 0.041843
710000 0.043419
710000 0.043431
720000 0.047269
720000 0.045046
720000 0.042510
720000 0.042987
720000 0.042939
730000 0.044536
730000 0.043633
730000 0.044940
730000 0.043820
730000 0.043027
740000 0.044090
740000 0.043630
740000 0.044163
740000 0.045193
740000 0.043458
750000 0.045508
750000 0.044331
750000 0.047316
750000 0.045080
750000 0.044265
760000 0.045231
760000 0.045515
760000 0.044754
760000 0.045635
760000 0.045141
770000 0.046756
770000 0.045174
770000 0.045840
770000 0.045134
770000 0.046135
780000 0.046712
780000 0.046132
780000 0.045941
780000 0.046161
780000 0.045556
790000 0.049086
790000 0.046887
790000 0.046698
790000 0.046653
790000 0.046157
800000 0.048916
800000 0.046922
800000 0.047484
800000 0.046869
800000 0.047809
810000 0.048598
810000 0.047920
810000 0.047555
810000 0.047292
810000 0.047751
820000 0.052020
820000 0.049366
820000 0.050861
820000 0.050101
820000 0.050737
830000 0.058213
830000 0.049966
830000 0.050611
830000 0.049680
830000 0.050495
840000 0.052922
840000 0.054138
840000 0.051412
840000 0.050947
840000 0.050667
850000 0.052442
850000 0.051516
850000 0.050695
850000 0.050570
850000 0.050532
860000 0.052049
860000 0.053261
860000 0.051930
860000 0.051639
860000 0.051227
870000 0.053123
870000 0.052364
870000 0.052125
870000 0.051962
870000 0.051504
880000 0.054237
880000 0.052819
880000 0.052817
880000 0.053635
880000 0.053173
890000 0.054189
890000 0.053068
890000 0.055437
890000 0.053342
890000 0.053216
900000 0.055053
900000 0.054257
900000 0.054697
900000 0.054782
900000 0.053475
910000 0.055714
910000 0.054519
910000 0.058031
910000 0.054931
910000 0.054002
920000 0.056641
920000 0.055298
920000 0.055019
920000 0.056068
920000 0.054984
930000 0.058066
930000 0.056220
930000 0.055815
930000 0.056436
930000 0.055924
940000 0.058194
940000 0.057209
940000 0.056424
940000 0.055852
940000 0.056881
950000 0.058002
950000 0.057943
950000 0.056994
950000 0.057901
950000 0.056758
960000 0.059762
960000 0.056598
960000 0.057311
960000 0.057209
960000 0.056926
970000 0.058713
970000 0.059030
970000 0.058134
970000 0.058116
970000 0.059137
980000 0.060311
980000 0.058173
980000 0.058765
980000 0.058710
980000 0.058704
990000 0.060461
990000 0.059470
990000 0.058340
990000 0.059252
990000 0.059039
