10000 0.001144
20000 0.002416
30000 0.003562
40000 0.004857
50000 0.006031
60000 0.007160
70000 0.008413
80000 0.009637
90000 0.010960
100000 0.012337
110000 0.013579
120000 0.014589
130000 0.015901
140000 0.017182
150000 0.018307
160000 0.019467
170000 0.020551
180000 0.021895
190000 0.022997
200000 0.024261
210000 0.025312
220000 0.026861
230000 0.027487
240000 0.029075
250000 0.030347
260000 0.031321
270000 0.032667
280000 0.034037
290000 0.034546
300000 0.036111
310000 0.037139
320000 0.038466
330000 0.039366
340000 0.041099
350000 0.042173
360000 0.043178
370000 0.045071
380000 0.045479
390000 0.047279
400000 0.048704
410000 0.049031
420000 0.050619
430000 0.052337
440000 0.052909
450000 0.054665
460000 0.055753
470000 0.056540
480000 0.058018
490000 0.059539
500000 0.059954
510000 0.062622
520000 0.062329
530000 0.063095
540000 0.063719
550000 0.066465
560000 0.067849
570000 0.068591
580000 0.069089
590000 0.071173
600000 0.071218
610000 0.073461
620000 0.073891
630000 0.074791
640000 0.077866
650000 0.080049
660000 0.078128
670000 0.080503
680000 0.082032
690000 0.082357
700000 0.083427
710000 0.085225
720000 0.086671
730000 0.088385
740000 0.089595
750000 0.089384
760000 0.092129
770000 0.092428
780000 0.093677
790000 0.095531
800000 0.095406
810000 0.096750
820000 0.098428
830000 0.099670
840000 0.101644
850000 0.103045
860000 0.104935
870000 0.104480
880000 0.104987
890000 0.107580
900000 0.108484
910000 0.109697
920000 0.110887
930000 0.111814
940000 0.113229
950000 0.114425
960000 0.117676
970000 0.118004
980000 0.119655
990000 0.118983
10000 0.001569
10000 0.001211
10000 0.001160
10000 0.001190
10000 0.001163
20000 0.002415
20000 0.002338
20000 0.002385
20000 0.002417
20000 0.002435
30000 0.003642
30000 0.003657
30000 0.003616
30000 0.003663
30000 0.003725
40000 0.004915
40000 0.004813
40000 0.004863
40000 0.004845
40000 0.004944
50000 0.006002
50000 0.006097
50000 0.006200
50000 0.006093
50000 0.006039
60000 0.007422
60000 0.007425
60000 0.007477
60000 0.007396
60000 0.007426
70000 0.008546
70000 0.008551
70000 0.008684
70000 0.008514
70000 0.008681
80000 0.009829
80000 0.009785
80000 0.009753
80000 0.009767
80000 0.009893
90000 0.011115
90000 0.011160
90000 0.011080
90000 0.011182
90000 0.011188
100000 0.012254
100000 0.012093
100000 0.012337
100000 0.012305
100000 0.012246
110000 0.013533
110000 0.013686
110000 0.013617
110000 0.013486
110000 0.013435
120000 0.014664
120000 0.014824
120000 0.014673
120000 0.014742
120000 0.014603
130000 0.016072
130000 0.016065
130000 0.016263
130000 0.016205
130000 0.016067
140000 0.017430
140000 0.017431
140000 0.017285
140000 0.017057
140000 0.017393
150000 0.018323
150000 0.018385
150000 0.018171
150000 0.018468
150000 0.018493
160000 0.019614
160000 0.019518
160000 0.019623
160000 0.019486
160000 0.019798
170000 0.020794
170000 0.020938
170000 0.020654
170000 0.020773
170000 0.020772
180000 0.021827
180000 0.022072
180000 0.022346
180000 0.021858
180000 0.022196
190000 0.023155
190000 0.023330
190000 0.023144
190000 0.023481
190000 0.023066
200000 0.024424
200000 0.024095
200000 0.024458
200000 0.024421
200000 0.024417
210000 0.025707
210000 0.025810
210000 0.025682
210000 0.025679
210000 0.025914
220000 0.026844
220000 0.026837
220000 0.027300
220000 0.026966
220000 0.026851
230000 0.028163
230000 0.027793
230000 0.028026
230000 0.028565
230000 0.028331
240000 0.029505
240000 0.029359
240000 0.029860
240000 0.029624
240000 0.029622
250000 0.030548
250000 0.030809
250000 0.031165
250000 0.030679
250000 0.030406
260000 0.032601
260000 0.032274
260000 0.032066
260000 0.032070
260000 0.031940
270000 0.033328
270000 0.033439
270000 0.033248
270000 0.033501
270000 0.033121
280000 0.034164
280000 0.033769
280000 0.034142
280000 0.034406
280000 0.034294
290000 0.036367
290000 0.035836
290000 0.035735
290000 0.036078
290000 0.035792
300000 0.036479
300000 0.037202
300000 0.036716
300000 0.038562
300000 0.037905
310000 0.039449
310000 0.038974
310000 0.040998
310000 0.040874
310000 0.039792
320000 0.039657
320000 0.039013
320000 0.039480
320000 0.039151
320000 0.039303
330000 0.040237
330000 0.040127
330000 0.040457
330000 0.040390
330000 0.040342
340000 0.042040
340000 0.042700
340000 0.041832
340000 0.041722
340000 0.041871
350000 0.043647
350000 0.043628
350000 0.044201
350000 0.042933
350000 0.042675
360000 0.044218
360000 0.044010
360000 0.043949
360000 0.043759
360000 0.043863
370000 0.046664
370000 0.048541
370000 0.051360
370000 0.045040
370000 0.045078
380000 0.046448
380000 0.048157
380000 0.047277
380000 0.046125
380000 0.046631
390000 0.047617
390000 0.047845
390000 0.047291
390000 0.047914
390000 0.047491
400000 0.049492
400000 0.049185
400000 0.049382
400000 0.048729
400000 0.050183
410000 0.050753
410000 0.049002
410000 0.050220
410000 0.050158
410000 0.049629
420000 0.051986
420000 0.051304
420000 0.051742
420000 0.051094
420000 0.051495
430000 0.052780
430000 0.052483
430000 0.052912
430000 0.052498
430000 0.052826
440000 0.053931
440000 0.053589
440000 0.053861
440000 0.054834
440000 0.054926
450000 0.056408
450000 0.055364
450000 0.057088
450000 0.054689
450000 0.054947
460000 0.056669
460000 0.056016
460000 0.056075
460000 0.056321
460000 0.055403
470000 0.057207
470000 0.057496
470000 0.057690
470000 0.057428
470000 0.057224
480000 0.058626
480000 0.058482
480000 0.058207
480000 0.058665
480000 0.059117
490000 0.059989
490000 0.059605
490000 0.059831
490000 0.059756
490000 0.059611
500000 0.061193
500000 0.061447
500000 0.060828
500000 0.061174
500000 0.060760
510000 0.062832
510000 0.061470
510000 0.061625
510000 0.062052
510000 0.062484
520000 0.063689
520000 0.064167
520000 0.063375
520000 0.063214
520000 0.063837
530000 0.064828
530000 0.064202
530000 0.065083
530000 0.064104
530000 0.064578
540000 0.065593
540000 0.065372
540000 0.065162
540000 0.065539
540000 0.066060
550000 0.067927
550000 0.067478
550000 0.067959
550000 0.067128
550000 0.067556
560000 0.068946
560000 0.068686
560000 0.069394
560000 0.068428
560000 0.068754
570000 0.070985
570000 0.070070
570000 0.069262
570000 0.069632
570000 0.069295
580000 0.070179
580000 0.071583
580000 0.070027
580000 0.070171
580000 0.070804
590000 0.072434
590000 0.072392
590000 0.072468
590000 0.071814
590000 0.072094
600000 0.073185
600000 0.073911
600000 0.073005
600000 0.073054
600000 0.072855
610000 0.074179
610000 0.074162
610000 0.074341
610000 0.075060
610000 0.074695
620000 0.076272
620000 0.076407
620000 0.075773
620000 0.076104
620000 0.076357
630000 0.076121
630000 0.077541
630000 0.077478
630000 0.076607
630000 0.076543
640000 0.077147
640000 0.078256
640000 0.078906
640000 0.078663
640000 0.077299
650000 0.078984
650000 0.080342
650000 0.079156
650000 0.079357
650000 0.079831
660000 0.080995
660000 0.080649
660000 0.080121
660000 0.081351
660000 0.080229
670000 0.081698
670000 0.081561
670000 0.081908
670000 0.081727
670000 0.082393
680000 0.082692
680000 0.083322
680000 0.083264
680000 0.083798
680000 0.083826
690000 0.084601
690000 0.084643
690000 0.084348
690000 0.083873
690000 0.084523
700000 0.085857
700000 0.084842
700000 0.085391
700000 0.086182
700000 0.086252
710000 0.087354
710000 0.087193
710000 0.088086
710000 0.086771
710000 0.088448
720000 0.088938
720000 0.088376
720000 0.087701
720000 0.088519
720000 0.087680
730000 0.089174
730000 0.091988
730000 0.089526
730000 0.088140
730000 0.089497
740000 0.090698
740000 0.089856
740000 0.090521
740000 0.090524
740000 0.091004
750000 0.091403
750000 0.091986
750000 0.092040
750000 0.091556
750000 0.092194
760000 0.093300
760000 0.092556
760000 0.093321
760000 0.093286
760000 0.093405
770000 0.092782
770000 0.093448
770000 0.092921
770000 0.094568
770000 0.094095
780000 0.094637
780000 0.095968
780000 0.097028
780000 0.095091
780000 0.095246
790000 0.094732
790000 0.097850
790000 0.097118
790000 0.096474
790000 0.095421
800000 0.097444
800000 0.098719
800000 0.097550
800000 0.098775
800000 0.098630
810000 0.099483
810000 0.099134
810000 0.098657
810000 0.098789
810000 0.099763
820000 0.100872
820000 0.100073
820000 0.099584
820000 0.100679
820000 0.100438
830000 0.101850
830000 0.100764
830000 0.100608
830000 0.101006
830000 0.101569
840000 0.102572
840000 0.104299
840000 0.103251
840000 0.103037
840000 0.103166
850000 0.104607
850000 0.105368
850000 0.106008
850000 0.104243
850000 0.104883
860000 0.105736
860000 0.108816
860000 0.113997
860000 0.104671
860000 0.104413
870000 0.106356
870000 0.106181
870000 0.106726
870000 0.106719
870000 0.105680
880000 0.111273
880000 0.108539
880000 0.107206
880000 0.107950
880000 0.108043
890000 0.110035
890000 0.112883
890000 0.109484
890000 0.110062
890000 0.109773
900000 0.112747
900000 0.111057
900000 0.111683
900000 0.112985
900000 0.110975
910000 0.114940
910000 0.112671
910000 0.112868
910000 0.112296
910000 0.111073
920000 0.113186
920000 0.113020
920000 0.112290
920000 0.112648
920000 0.111304
930000 0.113572
930000 0.114234
930000 0.114394
930000 0.112814
930000 0.113239
940000 0.114942
940000 0.115881
940000 0.114888
940000 0.114246
940000 0.115404
950000 0.115336
950000 0.117017
950000 0.115705
950000 0.116091
950000 0.116118
960000 0.117207
960000 0.117244
960000 0.118277
960000 0.117648
960000 0.118144
970000 0.119288
970000 0.118065
970000 0.119014
970000 0.118303
970000 0.117885
980000 0.120338
980000 0.118675
980000 0.120573
980000 0.119901
980000 0.121044
990000 0.121097
990000 0.122691
990000 0.122313
990000 0.121515
990000 0.121042
