10000 0.001473
20000 0.001930
30000 0.003130
40000 0.003954
50000 0.004852
60000 0.006097
70000 0.006919
80000 0.008278
90000 0.008927
100000 0.011281
110000 0.010858
120000 0.013722
130000 0.015054
140000 0.014350
150000 0.015634
160000 0.016130
170000 0.017226
180000 0.018002
190000 0.019585
200000 0.021488
210000 0.022203
220000 0.027161
230000 0.028115
240000 0.025808
250000 0.025746
260000 0.026825
270000 0.029185
280000 0.028845
290000 0.030908
300000 0.032420
310000 0.032448
320000 0.032920
330000 0.035758
340000 0.035340
350000 0.037634
360000 0.039072
370000 0.039937
380000 0.040401
390000 0.044233
400000 0.042954
410000 0.043844
420000 0.046918
430000 0.045743
440000 0.046687
450000 0.050518
460000 0.049468
470000 0.048790
480000 0.050649
490000 0.051029
500000 0.053303
510000 0.054318
520000 0.054736
530000 0.056122
540000 0.055498
550000 0.056840
560000 0.058274
570000 0.061085
580000 0.061695
590000 0.061656
600000 0.062396
610000 0.064540
620000 0.065544
630000 0.063999
640000 0.066006
650000 0.068634
660000 0.070463
670000 0.072092
680000 0.073043
690000 0.071187
700000 0.072999
710000 0.073029
720000 0.074403
730000 0.075665
740000 0.075491
750000 0.078927
760000 0.080823
770000 0.079938
780000 0.084547
790000 0.090060
800000 0.083876
810000 0.085819
820000 0.090041
830000 0.088302
840000 0.088685
850000 0.090634
860000 0.092454
870000 0.098820
880000 0.094653
890000 0.095387
900000 0.097195
910000 0.096916
920000 0.098180
930000 0.100923
940000 0.103111
950000 0.102180
960000 0.102767
970000 0.100778
980000 0.102583
990000 0.102156
10000 0.001141
20000 0.002356
30000 0.003593
40000 0.004822
50000 0.006026
60000 0.007149
70000 0.008404
80000 0.009516
90000 0.010943
100000 0.012114
110000 0.013571
120000 0.014517
130000 0.015677
140000 0.017173
150000 0.018256
160000 0.019387
170000 0.020284
180000 0.021909
190000 0.022899
200000 0.024261
210000 0.025552
220000 0.026773
230000 0.027867
240000 0.029006
250000 0.030464
260000 0.031519
270000 0.032891
280000 0.033982
290000 0.034605
300000 0.036342
310000 0.037584
320000 0.038803
330000 0.039669
340000 0.041311
350000 0.042400
360000 0.043723
370000 0.044473
380000 0.045431
390000 0.047281
400000 0.048454
410000 0.049231
420000 0.050603
430000 0.052772
440000 0.052775
450000 0.054893
460000 0.055820
470000 0.056775
480000 0.058652
490000 0.059833
500000 0.060997
510000 0.061397
520000 0.062898
530000 0.064191
540000 0.064332
550000 0.066001
560000 0.068294
570000 0.069083
580000 0.069502
590000 0.071982
600000 0.072198
610000 0.075923
620000 0.074975
630000 0.075605
640000 0.077839
650000 0.078569
660000 0.079067
670000 0.081558
680000 0.082591
690000 0.083381
700000 0.084780
710000 0.085751
720000 0.087368
730000 0.089662
740000 0.090417
750000 0.093407
760000 0.094426
770000 0.093590
780000 0.094471
790000 0.096774
800000 0.095552
810000 0.097730
820000 0.099356
830000 0.100258
840000 0.102080
850000 0.103619
860000 0.112090
870000 0.111335
880000 0.117083
890000 0.107571
900000 0.109258
910000 0.110202
920000 0.111225
930000 0.113060
940000 0.113141
950000 0.115020
960000 0.116441
970000 0.116182
980000 0.119246
990000 0.118897
10000 0.000884
20000 0.001886
30000 0.002961
40000 0.004022
50000 0.004876
60000 0.006131
70000 0.006937
80000 0.008359
90000 0.009048
100000 0.010074
110000 0.011658
120000 0.012487
130000 0.013401
140000 0.014328
150000 0.015290
160000 0.016195
170000 0.017341
180000 0.018151
190000 0.019622
200000 0.020690
210000 0.022114
220000 0.022534
230000 0.024063
240000 0.024701
250000 0.025355
260000 0.026745
270000 0.028105
280000 0.029074
290000 0.030024
300000 0.031196
310000 0.031773
320000 0.032968
330000 0.034263
340000 0.035097
350000 0.036263
360000 0.037465
370000 0.039869
380000 0.039933
390000 0.040375
400000 0.041241
410000 0.042241
420000 0.043823
430000 0.044557
440000 0.046109
450000 0.046685
460000 0.048548
470000 0.048718
480000 0.050620
490000 0.051615
500000 0.051639
510000 0.054863
520000 0.054089
530000 0.054190
540000 0.055492
550000 0.056969
560000 0.057634
570000 0.059855
580000 0.060970
590000 0.061728
600000 0.062828
610000 0.063458
620000 0.065457
630000 0.064739
640000 0.066593
650000 0.069974
660000 0.069138
670000 0.070563
680000 0.071297
690000 0.072408
700000 0.071771
710000 0.073694
720000 0.075502
730000 0.076977
740000 0.075481
750000 0.078578
760000 0.079383
770000 0.080603
780000 0.081621
790000 0.083539
800000 0.082040
810000 0.084697
820000 0.085127
830000 0.085553
840000 0.086153
850000 0.087873
860000 0.088812
870000 0.091540
880000 0.093479
890000 0.092730
900000 0.092886
910000 0.093745
920000 0.095293
930000 0.099444
940000 0.097435
950000 0.098601
960000 0.100751
970000 0.100399
980000 0.101930
990000 0.102484
10000 0.001080
10000 0.001067
10000 0.001047
10000 0.000872
10000 0.000872
20000 0.001865
20000 0.001929
20000 0.001883
20000 0.001880
20000 0.001912
30000 0.002869
30000 0.002881
30000 0.002889
30000 0.002889
30000 0.002971
40000 0.003915
40000 0.003889
40000 0.004128
40000 0.003856
40000 0.003928
50000 0.004861
50000 0.004920
50000 0.004962
50000 0.004937
50000 0.004923
60000 0.006017
60000 0.005999
60000 0.005995
60000 0.005967
60000 0.005930
70000 0.006955
70000 0.007105
70000 0.007133
70000 0.006941
70000 0.007006
80000 0.008072
80000 0.008069
80000 0.008046
80000 0.008257
80000 0.008168
90000 0.009129
90000 0.008910
90000 0.009154
90000 0.009195
90000 0.009203
100000 0.010101
100000 0.010221
100000 0.010139
100000 0.010328
100000 0.010237
110000 0.011235
110000 0.011281
110000 0.011322
110000 0.011179
110000 0.011591
120000 0.012264
120000 0.012150
120000 0.012404
120000 0.012392
120000 0.012133
130000 0.013626
130000 0.013451
130000 0.013514
130000 0.013519
130000 0.013410
140000 0.014414
140000 0.014436
140000 0.014390
140000 0.014537
140000 0.014792
150000 0.015529
150000 0.015280
150000 0.016140
150000 0.015911
150000 0.015315
160000 0.017765
160000 0.016054
160000 0.016311
160000 0.016239
160000 0.016093
170000 0.017432
170000 0.017236
170000 0.017175
170000 0.017216
170000 0.017183
180000 0.018249
180000 0.018119
180000 0.018202
180000 0.018161
180000 0.018089
190000 0.019108
190000 0.019025
190000 0.019161
190000 0.019452
190000 0.019545
200000 0.020117
200000 0.020705
200000 0.020471
200000 0.020829
200000 0.020343
210000 0.021461
210000 0.021258
210000 0.022125
210000 0.021261
210000 0.021468
220000 0.022628
220000 0.022558
220000 0.022563
220000 0.022458
220000 0.022698
230000 0.023710
230000 0.023697
230000 0.023607
230000 0.023913
230000 0.023208
240000 0.024999
240000 0.024567
240000 0.025018
240000 0.024689
240000 0.024551
250000 0.025650
250000 0.025855
250000 0.025663
250000 0.025281
250000 0.025705
260000 0.026396
260000 0.026370
260000 0.026875
260000 0.026404
260000 0.026875
270000 0.027415
270000 0.027807
270000 0.027843
270000 0.027792
270000 0.027389
280000 0.028441
280000 0.028578
280000 0.028745
280000 0.028639
280000 0.028646
290000 0.030404
290000 0.029826
290000 0.029681
290000 0.029883
290000 0.029583
300000 0.030704
300000 0.030737
300000 0.030933
300000 0.030867
300000 0.030905
310000 0.032344
310000 0.032055
310000 0.031680
310000 0.032687
310000 0.032134
320000 0.032792
320000 0.032761
320000 0.034034
320000 0.034180
320000 0.033396
330000 0.033732
330000 0.033332
330000 0.033631
330000 0.033658
330000 0.033594
340000 0.034779
340000 0.035078
340000 0.034882
340000 0.034575
340000 0.034800
350000 0.035899
350000 0.036205
350000 0.034936
350000 0.036180
350000 0.035913
360000 0.036952
360000 0.037004
360000 0.038193
360000 0.037013
360000 0.037582
370000 0.038676
370000 0.037992
370000 0.037693
370000 0.038154
370000 0.038313
380000 0.039510
380000 0.038977
380000 0.038870
380000 0.039112
380000 0.038915
390000 0.039954
390000 0.039148
390000 0.040394
390000 0.040139
390000 0.040350
400000 0.043333
400000 0.041770
400000 0.041098
400000 0.041876
400000 0.040916
410000 0.041774
410000 0.042131
410000 0.041913
410000 0.041559
410000 0.042127
420000 0.045558
420000 0.043104
420000 0.043100
420000 0.043000
420000 0.042889
430000 0.045351
430000 0.044196
430000 0.045429
430000 0.043335
430000 0.044635
440000 0.044719
440000 0.044913
440000 0.044633
440000 0.045265
440000 0.045242
450000 0.045699
450000 0.046017
450000 0.045853
450000 0.046873
450000 0.046579
460000 0.047227
460000 0.049739
460000 0.047821
460000 0.047011
460000 0.047401
470000 0.048621
470000 0.048289
470000 0.048170
470000 0.048481
470000 0.048041
480000 0.049496
480000 0.048438
480000 0.049165
480000 0.049587
480000 0.049641
490000 0.051383
490000 0.050028
490000 0.050151
490000 0.050847
490000 0.050575
500000 0.050595
500000 0.051094
500000 0.051465
500000 0.051602
500000 0.050846
510000 0.051269
510000 0.052737
510000 0.052741
510000 0.052182
510000 0.052884
520000 0.056721
520000 0.054396
520000 0.053125
520000 0.054148
520000 0.054307
530000 0.053712
530000 0.054899
530000 0.054278
530000 0.054694
530000 0.054167
540000 0.055573
540000 0.055809
540000 0.055046
540000 0.056203
540000 0.054711
550000 0.056021
550000 0.056598
550000 0.056781
550000 0.055642
550000 0.056954
560000 0.060856
560000 0.058141
560000 0.058790
560000 0.058028
560000 0.057438
570000 0.062169
570000 0.059689
570000 0.058285
570000 0.058103
570000 0.059075
580000 0.058812
580000 0.059614
580000 0.065527
580000 0.059118
580000 0.060348
590000 0.061525
590000 0.059623
590000 0.061230
590000 0.061397
590000 0.060434
600000 0.061447
600000 0.062013
600000 0.061814
600000 0.062314
600000 0.061054
610000 0.063173
610000 0.062151
610000 0.063465
610000 0.062435
610000 0.063855
620000 0.063931
620000 0.063980
620000 0.065881
620000 0.063918
620000 0.064085
630000 0.067195
630000 0.064233
630000 0.065092
630000 0.065034
630000 0.064040
640000 0.066470
640000 0.066574
640000 0.065978
640000 0.065644
640000 0.065313
650000 0.066014
650000 0.066893
650000 0.068131
650000 0.067603
650000 0.066765
660000 0.069063
660000 0.067426
660000 0.069072
660000 0.069708
660000 0.068127
670000 0.068738
670000 0.069921
670000 0.068847
670000 0.069706
670000 0.069775
680000 0.069654
680000 0.069630
680000 0.071312
680000 0.069814
680000 0.070133
690000 0.071472
690000 0.071352
690000 0.070702
690000 0.070088
690000 0.072756
700000 0.076798
700000 0.072442
700000 0.071780
700000 0.071635
700000 0.070839
710000 0.073115
710000 0.074077
710000 0.074378
710000 0.073610
710000 0.072683
720000 0.075752
720000 0.074154
720000 0.074840
720000 0.073911
720000 0.074649
730000 0.074548
730000 0.075678
730000 0.075293
730000 0.075857
730000 0.074762
740000 0.076531
740000 0.076724
740000 0.075715
740000 0.076249
740000 0.077823
750000 0.078747
750000 0.076501
750000 0.077404
750000 0.077226
750000 0.077575
760000 0.077355
760000 0.078697
760000 0.077272
760000 0.077178
760000 0.078038
770000 0.081992
770000 0.079682
770000 0.082171
770000 0.079748
770000 0.078779
780000 0.080529
780000 0.079930
780000 0.080004
780000 0.083086
780000 0.080584
790000 0.080972
790000 0.082449
790000 0.081029
790000 0.080505
790000 0.083257
800000 0.084666
800000 0.081669
800000 0.082930
800000 0.081852
800000 0.082664
810000 0.083627
810000 0.083858
810000 0.084396
810000 0.082192
810000 0.084450
820000 0.084812
820000 0.085818
820000 0.085117
820000 0.088151
820000 0.083627
830000 0.085715
830000 0.085301
830000 0.085158
830000 0.085326
830000 0.085136
840000 0.091324
840000 0.085454
840000 0.088150
840000 0.087872
840000 0.087176
850000 0.086421
850000 0.087418
850000 0.088017
850000 0.087558
850000 0.087719
860000 0.089436
860000 0.089725
860000 0.088722
860000 0.088285
860000 0.089594
870000 0.090075
870000 0.090723
870000 0.088827
870000 0.089538
870000 0.088995
880000 0.089869
880000 0.091490
880000 0.091310
880000 0.091378
880000 0.089503
890000 0.093235
890000 0.092956
890000 0.091451
890000 0.092928
890000 0.092216
900000 0.093465
900000 0.093440
900000 0.093940
900000 0.095113
900000 0.096593
910000 0.095335
910000 0.095589
910000 0.094246
910000 0.093383
910000 0.094197
920000 0.094845
920000 0.097477
920000 0.095088
920000 0.095386
920000 0.095247
930000 0.095375
930000 0.096644
930000 0.096629
930000 0.096118
930000 0.095300
940000 0.097566
940000 0.096001
940000 0.098280
940000 0.098109
940000 0.095808
950000 0.099174
950000 0.098380
950000 0.098211
950000 0.096636
950000 0.097862
960000 0.100182
960000 0.098768
960000 0.097435
960000 0.099446
960000 0.099158
970000 0.102388
970000 0.100797
970000 0.100597
970000 0.100481
970000 0.098986
980000 0.100554
980000 0.103846
980000 0.100875
980000 0.103716
980000 0.104568
990000 0.102705
990000 0.102595
990000 0.102858
990000 0.104593
990000 0.102665
