10000 0.003048
20000 0.005742
30000 0.009341
40000 0.012453
50000 0.015660
60000 0.020376
70000 0.023573
80000 0.025772
90000 0.029252
100000 0.036109
110000 0.038236
120000 0.040425
130000 0.044502
140000 0.046728
150000 0.052681
160000 0.057588
170000 0.059332
180000 0.067913
190000 0.066459
200000 0.078239
210000 0.082468
220000 0.084389
230000 0.081673
240000 0.087089
250000 0.091494
260000 0.096487
270000 0.095903
280000 0.101292
290000 0.104790
300000 0.102592
310000 0.109656
320000 0.112097
330000 0.121437
340000 0.119502
350000 0.125935
360000 0.125877
370000 0.135624
380000 0.132305
390000 0.136821
400000 0.142338
410000 0.149749
420000 0.152444
430000 0.153292
440000 0.155469
450000 0.160537
460000 0.177772
470000 0.167587
480000 0.172896
490000 0.173075
500000 0.197439
510000 0.183684
520000 0.193044
530000 0.188224
540000 0.193318
550000 0.196905
560000 0.196925
570000 0.203449
580000 0.203181
590000 0.211015
600000 0.220209
610000 0.223929
620000 0.223550
630000 0.225731
640000 0.229004
650000 0.244452
660000 0.246443
670000 0.246036
680000 0.257272
690000 0.253614
700000 0.262560
710000 0.262196
720000 0.324740
730000 0.267747
740000 0.281584
750000 0.285947
760000 0.308127
770000 0.288535
780000 0.299441
790000 0.299256
800000 0.363961
810000 0.330403
820000 0.321137
830000 0.319139
840000 0.322198
850000 0.335118
860000 0.319422
870000 0.317878
880000 0.332489
890000 0.328626
900000 0.326077
910000 0.333203
920000 0.335287
930000 0.337846
940000 0.341586
950000 0.346207
960000 0.354660
970000 0.350820
980000 0.353944
990000 0.353768
10000 0.003380
10000 0.002664
10000 0.003108
10000 0.002683
10000 0.003296
20000 0.005772
20000 0.005748
20000 0.005740
20000 0.005790
20000 0.005856
30000 0.008979
30000 0.009011
30000 0.009012
30000 0.009053
30000 0.009131
40000 0.012431
40000 0.012340
40000 0.012446
40000 0.012303
40000 0.012356
50000 0.015711
50000 0.015800
50000 0.015731
50000 0.015937
50000 0.015700
60000 0.019684
60000 0.019799
60000 0.019258
60000 0.019514
60000 0.019147
70000 0.022715
70000 0.022782
70000 0.022526
70000 0.022762
70000 0.023047
80000 0.026148
80000 0.026236
80000 0.026154
80000 0.026027
80000 0.026074
90000 0.029561
90000 0.029376
90000 0.029571
90000 0.030018
90000 0.029519
100000 0.033353
100000 0.033265
100000 0.032997
100000 0.033055
100000 0.033343
110000 0.037134
110000 0.036523
110000 0.036540
110000 0.036387
110000 0.036775
120000 0.040124
120000 0.040006
120000 0.040595
120000 0.040027
120000 0.041370
130000 0.043500
130000 0.043768
130000 0.043836
130000 0.044371
130000 0.043594
140000 0.047201
140000 0.046948
140000 0.046918
140000 0.047051
140000 0.047134
150000 0.050520
150000 0.050723
150000 0.050831
150000 0.050608
150000 0.050661
160000 0.053902
160000 0.056699
160000 0.054193
160000 0.054286
160000 0.054364
170000 0.057814
170000 0.057630
170000 0.057416
170000 0.057823
170000 0.058823
180000 0.060769
180000 0.060982
180000 0.060871
180000 0.062057
180000 0.062812
190000 0.069247
190000 0.066343
190000 0.064858
190000 0.064799
190000 0.065004
200000 0.068511
200000 0.068804
200000 0.068250
200000 0.068552
200000 0.068521
210000 0.071947
210000 0.072294
210000 0.072338
210000 0.073295
210000 0.071639
220000 0.075442
220000 0.075210
220000 0.075577
220000 0.075906
220000 0.076211
230000 0.079666
230000 0.078711
230000 0.078864
230000 0.078899
230000 0.080022
240000 0.083397
240000 0.082867
240000 0.082843
240000 0.082471
240000 0.083566
250000 0.085693
250000 0.086310
250000 0.087554
250000 0.086277
250000 0.085852
260000 0.090354
260000 0.090745
260000 0.091896
260000 0.089314
260000 0.092623
270000 0.093637
270000 0.095396
270000 0.093650
270000 0.094332
270000 0.104350
280000 0.101361
280000 0.096022
280000 0.095684
280000 0.095870
280000 0.095416
290000 0.099772
290000 0.101114
290000 0.100317
290000 0.100672
290000 0.101470
300000 0.103825
300000 0.103827
300000 0.103655
300000 0.103871
300000 0.103953
310000 0.107591
310000 0.107797
310000 0.107857
310000 0.108289
310000 0.108845
320000 0.112411
320000 0.112634
320000 0.111286
320000 0.111923
320000 0.111126
330000 0.115215
330000 0.116862
330000 0.115102
330000 0.115895
330000 0.115706
340000 0.119720
340000 0.118836
340000 0.118682
340000 0.118770
340000 0.120635
350000 0.123569
350000 0.123336
350000 0.121984
350000 0.122511
350000 0.122456
360000 0.128193
360000 0.126491
360000 0.125044
360000 0.125895
360000 0.125642
370000 0.130731
370000 0.130327
370000 0.129168
370000 0.129868
370000 0.131140
380000 0.134059
380000 0.132499
380000 0.135326
380000 0.134258
380000 0.140799
390000 0.147430
390000 0.140399
390000 0.136800
390000 0.136895
390000 0.136245
400000 0.139679
400000 0.140589
400000 0.140233
400000 0.141558
400000 0.140429
410000 0.143562
410000 0.143613
410000 0.145585
410000 0.145080
410000 0.143505
420000 0.148365
420000 0.146981
420000 0.148857
420000 0.148562
420000 0.145712
430000 0.154666
430000 0.152498
430000 0.153494
430000 0.153334
430000 0.151468
440000 0.155173
440000 0.155317
440000 0.156447
440000 0.154575
440000 0.155674
450000 0.159288
450000 0.159452
450000 0.159804
450000 0.157966
450000 0.158767
460000 0.162299
460000 0.163262
460000 0.164409
460000 0.164607
460000 0.161947
470000 0.165283
470000 0.166667
470000 0.171179
470000 0.162717
470000 0.164085
480000 0.169930
480000 0.167756
480000 0.171484
480000 0.166521
480000 0.166016
490000 0.175047
490000 0.172857
490000 0.178385
490000 0.173732
490000 0.175425
500000 0.177312
500000 0.177894
500000 0.176499
500000 0.178843
500000 0.176751
510000 0.179570
510000 0.180037
510000 0.181099
510000 0.181482
510000 0.180390
520000 0.184013
520000 0.184944
520000 0.187445
520000 0.186794
520000 0.185937
530000 0.186528
530000 0.189864
530000 0.188457
530000 0.188013
530000 0.188884
540000 0.199809
540000 0.192305
540000 0.194454
540000 0.191937
540000 0.191110
550000 0.193074
550000 0.192598
550000 0.193935
550000 0.193653
550000 0.193193
560000 0.197267
560000 0.202757
560000 0.200107
560000 0.201211
560000 0.202990
570000 0.207973
570000 0.204237
570000 0.203373
570000 0.205716
570000 0.209918
580000 0.226259
580000 0.205022
580000 0.203612
580000 0.203143
580000 0.202326
590000 0.204874
590000 0.205993
590000 0.206065
590000 0.211607
590000 0.210079
600000 0.214627
600000 0.216493
600000 0.214699
600000 0.216698
600000 0.214613
610000 0.221536
610000 0.218331
610000 0.217012
610000 0.217760
610000 0.215992
620000 0.223261
620000 0.217978
620000 0.220726
620000 0.222151
620000 0.222516
630000 0.224879
630000 0.229512
630000 0.224252
630000 0.225646
630000 0.228084
640000 0.225322
640000 0.225459
640000 0.226532
640000 0.225908
640000 0.224801
650000 0.228843
650000 0.229476
650000 0.229338
650000 0.228161
650000 0.228687
660000 0.231862
660000 0.232544
660000 0.232440
660000 0.232181
660000 0.232096
670000 0.235418
670000 0.235126
670000 0.235951
670000 0.237959
670000 0.235373
680000 0.239161
680000 0.240401
680000 0.239218
680000 0.238823
680000 0.238420
690000 0.243227
690000 0.242515
690000 0.242756
690000 0.243789
690000 0.242840
700000 0.246801
700000 0.246594
700000 0.246265
700000 0.247396
700000 0.246585
710000 0.248957
710000 0.250233
710000 0.249219
710000 0.249236
710000 0.250046
720000 0.252662
720000 0.252751
720000 0.255261
720000 0.254560
720000 0.254633
730000 0.279198
730000 0.259384
730000 0.259239
730000 0.261590
730000 0.258404
740000 0.262649
740000 0.262406
740000 0.263220
740000 0.263384
740000 0.267598
750000 0.265640
750000 0.267211
750000 0.267095
750000 0.266668
750000 0.269803
760000 0.272251
760000 0.268102
760000 0.268495
760000 0.267228
760000 0.266945
770000 0.277020
770000 0.272762
770000 0.270791
770000 0.272187
770000 0.271878
780000 0.274330
780000 0.274739
780000 0.273183
780000 0.277880
780000 0.274356
790000 0.278095
790000 0.277690
790000 0.277995
790000 0.277795
790000 0.278542
800000 0.281547
800000 0.283292
800000 0.283220
800000 0.285090
800000 0.289565
810000 0.290478
810000 0.292088
810000 0.294077
810000 0.292424
810000 0.293767
820000 0.292367
820000 0.294756
820000 0.293175
820000 0.300030
820000 0.293471
830000 0.299467
830000 0.297654
830000 0.300650
830000 0.298116
830000 0.300786
840000 0.303910
840000 0.300761
840000 0.300551
840000 0.300766
840000 0.301426
850000 0.306174
850000 0.304575
850000 0.314963
850000 0.299242
850000 0.298322
860000 0.302221
860000 0.302700
860000 0.302744
860000 0.303088
860000 0.307219
870000 0.311284
870000 0.311957
870000 0.311347
870000 0.309954
870000 0.307703
880000 0.309366
880000 0.309375
880000 0.308940
880000 0.309176
880000 0.311326
890000 0.312645
890000 0.313672
890000 0.312433
890000 0.313631
890000 0.315962
900000 0.322693
900000 0.324308
900000 0.318240
900000 0.325457
900000 0.321057
910000 0.324679
910000 0.326321
910000 0.323118
910000 0.322375
910000 0.324463
920000 0.327464
920000 0.327439
920000 0.324120
920000 0.331013
920000 0.343740
930000 0.339242
930000 0.333318
930000 0.328011
930000 0.328572
930000 0.331083
940000 0.333586
940000 0.331970
940000 0.334238
940000 0.331598
940000 0.334763
950000 0.339163
950000 0.335953
950000 0.333859
950000 0.334205
950000 0.333610
960000 0.336884
960000 0.338958
960000 0.338012
960000 0.338254
960000 0.337170
970000 0.342024
970000 0.341384
970000 0.340709
970000 0.341838
970000 0.340912
980000 0.343867
980000 0.345384
980000 0.345413
980000 0.346440
980000 0.345511
990000 0.348840
990000 0.349505
990000 0.348610
990000 0.349394
990000 0.349200
