10000 0.001238
20000 0.002515
30000 0.003387
40000 0.004191
50000 0.005416
60000 0.006396
70000 0.007321
80000 0.008474
90000 0.009683
100000 0.010619
110000 0.013006
120000 0.012591
130000 0.013838
140000 0.016332
150000 0.016467
160000 0.018008
170000 0.017860
180000 0.019118
190000 0.021256
200000 0.021054
210000 0.023771
220000 0.024420
230000 0.025152
240000 0.025181
250000 0.032556
260000 0.028405
270000 0.030603
280000 0.031334
290000 0.034397
300000 0.031873
310000 0.033991
320000 0.036436
330000 0.034514
340000 0.036310
350000 0.038153
360000 0.037828
370000 0.043653
380000 0.043082
390000 0.043153
400000 0.042717
410000 0.045097
420000 0.044617
430000 0.048376
440000 0.047553
450000 0.048927
460000 0.047421
470000 0.049917
480000 0.054045
490000 0.050909
500000 0.051762
510000 0.054884
520000 0.057845
530000 0.056378
540000 0.056190
550000 0.058376
560000 0.060181
570000 0.058721
580000 0.061127
590000 0.062003
600000 0.065800
610000 0.064332
620000 0.065864
630000 0.068171
640000 0.066591
650000 0.071653
660000 0.068606
670000 0.071161
680000 0.071479
690000 0.071339
700000 0.073214
710000 0.075723
720000 0.074411
730000 0.081778
740000 0.077941
750000 0.078860
760000 0.080173
770000 0.082795
780000 0.081436
790000 0.084568
800000 0.084025
810000 0.086286
820000 0.087862
830000 0.088455
840000 0.091349
850000 0.096226
860000 0.092176
870000 0.092788
880000 0.095902
890000 0.095706
900000 0.099285
910000 0.097029
920000 0.098509
930000 0.101447
940000 0.101762
950000 0.102954
960000 0.109066
970000 0.104023
980000 0.107539
990000 0.104987
10000 0.001194
10000 0.001074
10000 0.001157
10000 0.001002
10000 0.001005
20000 0.002050
20000 0.002060
20000 0.002132
20000 0.002066
20000 0.002067
30000 0.003135
30000 0.003169
30000 0.003256
30000 0.003164
30000 0.003214
40000 0.004176
40000 0.004314
40000 0.004259
40000 0.004249
40000 0.004249
50000 0.005317
50000 0.005367
50000 0.005322
50000 0.005414
50000 0.005438
60000 0.006324
60000 0.006427
60000 0.006424
60000 0.006448
60000 0.006443
70000 0.007523
70000 0.007447
70000 0.007431
70000 0.007407
70000 0.007562
80000 0.008483
80000 0.008627
80000 0.008540
80000 0.008539
80000 0.008473
90000 0.009444
90000 0.009529
90000 0.009630
90000 0.009438
90000 0.009536
100000 0.010773
100000 0.010706
100000 0.010570
100000 0.010592
100000 0.010664
110000 0.011684
110000 0.011711
110000 0.011778
110000 0.011839
110000 0.011940
120000 0.012911
120000 0.012526
120000 0.012813
120000 0.012948
120000 0.012984
130000 0.014016
130000 0.013578
130000 0.013851
130000 0.013795
130000 0.013720
140000 0.015466
140000 0.014836
140000 0.014849
140000 0.014824
140000 0.014516
150000 0.015872
150000 0.015800
150000 0.016271
150000 0.015608
150000 0.015839
160000 0.017006
160000 0.017169
160000 0.016947
160000 0.017081
160000 0.017629
170000 0.018528
170000 0.017877
170000 0.017971
170000 0.017881
170000 0.018432
180000 0.019074
180000 0.019192
180000 0.019338
180000 0.018954
180000 0.019252
190000 0.020225
190000 0.020082
190000 0.020092
190000 0.019993
190000 0.019733
200000 0.021101
200000 0.020872
200000 0.021015
200000 0.021104
200000 0.020868
210000 0.022127
210000 0.021737
210000 0.021992
210000 0.022121
210000 0.022498
220000 0.023415
220000 0.023278
220000 0.023079
220000 0.022881
220000 0.022700
230000 0.023553
230000 0.023894
230000 0.023983
230000 0.023800
230000 0.023980
240000 0.025180
240000 0.025011
240000 0.025277
240000 0.024772
240000 0.025100
250000 0.025993
250000 0.026005
250000 0.026346
250000 0.025824
250000 0.025992
260000 0.027193
260000 0.027372
260000 0.026853
260000 0.027153
260000 0.027032
270000 0.028002
270000 0.028189
270000 0.027807
270000 0.027972
270000 0.028067
280000 0.029074
280000 0.028869
280000 0.029193
280000 0.029114
280000 0.032527
290000 0.030574
290000 0.031347
290000 0.031571
290000 0.031019
290000 0.031835
300000 0.032654
300000 0.032560
300000 0.032487
300000 0.032635
300000 0.032461
310000 0.032994
310000 0.032832
310000 0.032713
310000 0.032676
310000 0.032626
320000 0.033957
320000 0.035166
320000 0.033505
320000 0.034260
320000 0.037962
330000 0.035656
330000 0.035804
330000 0.037497
330000 0.035904
330000 0.036340
340000 0.036278
340000 0.036815
340000 0.036910
340000 0.045477
340000 0.039749
350000 0.040839
350000 0.039057
350000 0.042473
350000 0.038410
350000 0.038750
360000 0.041005
360000 0.043511
360000 0.040968
360000 0.049900
360000 0.039330
370000 0.040649
370000 0.044403
370000 0.040678
370000 0.040923
370000 0.042035
380000 0.045576
380000 0.050050
380000 0.046985
380000 0.047458
380000 0.043677
390000 0.045639
390000 0.046901
390000 0.046667
390000 0.045206
390000 0.045623
400000 0.046579
400000 0.047055
400000 0.049755
400000 0.044873
400000 0.043866
410000 0.046993
410000 0.052566
410000 0.045195
410000 0.045948
410000 0.045590
420000 0.046295
420000 0.047054
420000 0.045990
420000 0.046527
420000 0.049966
430000 0.047761
430000 0.047469
430000 0.049603
430000 0.058256
430000 0.057305
440000 0.049631
440000 0.049086
440000 0.048409
440000 0.050849
440000 0.050141
450000 0.051832
450000 0.052673
450000 0.048719
450000 0.048756
450000 0.049205
460000 0.048377
460000 0.048386
460000 0.048146
460000 0.051018
460000 0.047617
470000 0.049417
470000 0.049665
470000 0.048991
470000 0.050263
470000 0.049795
480000 0.050095
480000 0.051334
480000 0.049929
480000 0.050224
480000 0.050051
490000 0.051110
490000 0.052387
490000 0.050740
490000 0.052078
490000 0.053094
500000 0.053068
500000 0.052518
500000 0.053086
500000 0.052545
500000 0.052660
510000 0.054270
510000 0.053649
510000 0.054599
510000 0.053201
510000 0.053348
520000 0.055312
520000 0.053698
520000 0.054852
520000 0.054866
520000 0.055522
530000 0.055599
530000 0.054721
530000 0.057077
530000 0.057486
530000 0.057194
540000 0.058340
540000 0.057913
540000 0.057617
540000 0.058128
540000 0.056659
550000 0.059250
550000 0.057914
550000 0.059200
550000 0.059427
550000 0.058956
560000 0.059192
560000 0.059686
560000 0.059513
560000 0.060041
560000 0.059171
570000 0.061338
570000 0.060690
570000 0.060286
570000 0.059956
570000 0.062419
580000 0.070979
580000 0.078312
580000 0.079826
580000 0.072401
580000 0.061422
590000 0.062021
590000 0.063152
590000 0.063283
590000 0.064489
590000 0.066224
600000 0.063664
600000 0.064099
600000 0.065012
600000 0.063862
600000 0.063334
610000 0.063767
610000 0.065911
610000 0.064872
610000 0.065944
610000 0.065155
620000 0.064095
620000 0.064218
620000 0.064757
620000 0.066472
620000 0.065452
630000 0.066115
630000 0.065656
630000 0.067318
630000 0.065950
630000 0.067692
640000 0.068120
640000 0.067221
640000 0.068467
640000 0.067528
640000 0.066104
650000 0.068100
650000 0.070093
650000 0.071837
650000 0.070679
650000 0.068430
660000 0.068800
660000 0.069700
660000 0.069504
660000 0.069799
660000 0.071330
670000 0.072088
670000 0.070581
670000 0.071398
670000 0.071845
670000 0.070101
680000 0.072867
680000 0.071618
680000 0.076254
680000 0.072032
680000 0.071134
690000 0.073382
690000 0.073079
690000 0.072766
690000 0.071871
690000 0.073792
700000 0.073088
700000 0.073541
700000 0.075459
700000 0.075287
700000 0.074825
710000 0.083679
710000 0.075103
710000 0.074151
710000 0.075655
710000 0.075843
720000 0.076136
720000 0.076545
720000 0.077497
720000 0.076136
720000 0.075585
730000 0.077893
730000 0.077198
730000 0.077867
730000 0.077482
730000 0.077842
740000 0.079266
740000 0.078665
740000 0.078207
740000 0.079686
740000 0.078454
750000 0.082931
750000 0.079624
750000 0.080617
750000 0.079026
750000 0.081348
760000 0.083233
760000 0.081553
760000 0.081514
760000 0.080161
760000 0.081062
770000 0.085302
770000 0.084004
770000 0.083471
770000 0.082318
770000 0.082372
780000 0.084333
780000 0.084542
780000 0.084522
780000 0.082552
780000 0.081453
790000 0.083925
790000 0.084465
790000 0.084179
790000 0.083449
790000 0.084863
800000 0.086853
800000 0.085178
800000 0.084575
800000 0.088572
800000 0.085965
810000 0.084962
810000 0.088790
810000 0.086590
810000 0.088290
810000 0.089707
820000 0.087659
820000 0.085243
820000 0.085867
820000 0.088205
820000 0.088585
830000 0.086996
830000 0.088046
830000 0.090400
830000 0.089311
830000 0.091541
840000 0.094638
840000 0.092137
840000 0.090570
840000 0.091007
840000 0.089212
850000 0.090959
850000 0.093154
850000 0.090395
850000 0.093740
850000 0.092019
860000 0.093481
860000 0.093625
860000 0.091192
860000 0.091397
860000 0.091613
870000 0.093471
870000 0.090610
870000 0.092290
870000 0.092185
870000 0.093827
880000 0.093880
880000 0.094903
880000 0.094687
880000 0.094236
880000 0.093172
890000 0.094607
890000 0.094096
890000 0.095859
890000 0.095717
890000 0.097349
900000 0.095490
900000 0.096411
900000 0.095718
900000 0.096095
900000 0.093915
910000 0.096817
910000 0.096506
910000 0.096858
910000 0.095271
910000 0.097066
920000 0.097478
920000 0.100071
920000 0.097493
920000 0.096081
920000 0.099114
930000 0.100846
930000 0.096154
930000 0.096143
930000 0.100536
930000 0.100048
940000 0.101644
940000 0.100154
940000 0.099138
940000 0.098891
940000 0.097734
950000 0.103996
950000 0.100804
950000 0.101566
950000 0.099474
950000 0.100971
960000 0.102491
960000 0.100924
960000 0.101229
960000 0.103494
960000 0.102839
970000 0.103701
970000 0.102669
970000 0.106190
970000 0.104875
970000 0.103308
980000 0.104399
980000 0.103436
980000 0.103901
980000 0.105746
980000 0.108125
990000 0.104810
990000 0.104774
990000 0.104732
990000 0.105825
990000 0.106854
