1 0.000000
1 0.000001
1 0.000000
1 0.000000
1 0.000000
2 0.000000
2 0.000000
2 0.000001
2 0.000001
2 0.000000
3 0.000000
3 0.000000
3 0.000000
3 0.000000
3 0.000000
4 0.000000
4 0.000000
4 0.000001
4 0.000000
4 0.000001
5 0.000000
5 0.000001
5 0.000000
5 0.000000
5 0.000000
6 0.000000
6 0.000000
6 0.000000
6 0.000001
6 0.000001
7 0.000001
7 0.000001
7 0.000001
7 0.000000
7 0.000001
8 0.000000
8 0.000000
8 0.000000
8 0.000000
8 0.000001
9 0.000000
9 0.000001
9 0.000001
9 0.000000
9 0.000000
10 0.000000
10 0.000000
10 0.000001
10 0.000001
10 0.000001
11 0.000000
11 0.000001
11 0.000000
11 0.000000
11 0.000001
12 0.000001
12 0.000000
12 0.000001
12 0.000000
12 0.000001
13 0.000001
13 0.000001
13 0.000000
13 0.000001
13 0.000000
14 0.000001
14 0.000001
14 0.000001
14 0.000000
14 0.000000
15 0.000001
15 0.000001
15 0.000001
15 0.000001
15 0.000001
16 0.000001
16 0.000001
16 0.000001
16 0.000000
16 0.000001
17 0.000001
17 0.000000
17 0.000001
17 0.000000
17 0.000001
18 0.000000
18 0.000001
18 0.000000
18 0.000001
18 0.000000
19 0.000001
19 0.000001
19 0.000001
19 0.000001
19 0.000001
20 0.000001
20 0.000001
20 0.000001
20 0.000001
20 0.000001
21 0.000001
21 0.000001
21 0.000001
21 0.000001
21 0.000001
22 0.000001
22 0.000001
22 0.000001
22 0.000001
22 0.000001
23 0.000001
23 0.000001
23 0.000001
23 0.000001
23 0.000000
24 0.000001
24 0.000001
24 0.000001
24 0.000001
24 0.000001
25 0.000001
25 0.000001
25 0.000001
25 0.000001
25 0.000001
26 0.000001
26 0.000001
26 0.000001
26 0.000001
26 0.000001
27 0.000001
27 0.000001
27 0.000001
27 0.000002
27 0.000001
28 0.000001
28 0.000001
28 0.000002
28 0.000001
28 0.000001
29 0.000001
29 0.000001
29 0.000001
29 0.000001
29 0.000002
30 0.000002
30 0.000001
30 0.000002
30 0.000001
30 0.000001
31 0.000001
31 0.000001
31 0.000001
31 0.000002
31 0.000002
32 0.000001
32 0.000002
32 0.000001
32 0.000001
32 0.000002
33 0.000002
33 0.000001
33 0.000001
33 0.000002
33 0.000002
34 0.000002
34 0.000002
34 0.000002
34 0.000001
34 0.000001
35 0.000001
35 0.000001
35 0.000001
35 0.000002
35 0.000002
36 0.000002
36 0.000001
36 0.000002
36 0.000002
36 0.000001
37 0.000002
37 0.000002
37 0.000001
37 0.000002
37 0.000002
38 0.000001
38 0.000002
38 0.000002
38 0.000002
38 0.000002
39 0.000003
39 0.000002
39 0.000002
39 0.000002
39 0.000002
40 0.000002
40 0.000002
40 0.000001
40 0.000002
40 0.000002
41 0.000001
41 0.000002
41 0.000002
41 0.000002
41 0.000002
42 0.000002
42 0.000002
42 0.000002
42 0.000001
42 0.000002
43 0.000002
43 0.000002
43 0.000002
43 0.000002
43 0.000002
44 0.000002
44 0.000002
44 0.000002
44 0.000002
44 0.000002
45 0.000002
45 0.000002
45 0.000002
45 0.000002
45 0.000002
46 0.000002
46 0.000002
46 0.000002
46 0.000002
46 0.000002
47 0.000003
47 0.000002
47 0.000003
47 0.000002
47 0.000002
48 0.000003
48 0.000002
48 0.000002
48 0.000003
48 0.000002
49 0.000003
49 0.000002
49 0.000002
49 0.000002
49 0.000002
50 0.000003
50 0.000003
50 0.000002
50 0.000002
50 0.000002
51 0.000003
51 0.000002
51 0.000003
51 0.000002
51 0.000003
52 0.000002
52 0.000003
52 0.000002
52 0.000003
52 0.000003
53 0.000002
53 0.000003
53 0.000002
53 0.000002
53 0.000003
54 0.000002
54 0.000002
54 0.000003
54 0.000003
54 0.000003
55 0.000002
55 0.000003
55 0.000002
55 0.000002
55 0.000002
56 0.000002
56 0.000002
56 0.000003
56 0.000003
56 0.000003
57 0.000003
57 0.000003
57 0.000003
57 0.000002
57 0.000003
58 0.000003
58 0.000003
58 0.000002
58 0.000003
58 0.000003
59 0.000003
59 0.000003
59 0.000003
59 0.000002
59 0.000003
60 0.000003
60 0.000003
60 0.000003
60 0.000003
60 0.000003
61 0.000002
61 0.000003
61 0.000003
61 0.000003
61 0.000003
62 0.000003
62 0.000003
62 0.000003
62 0.000003
62 0.000003
63 0.000003
63 0.000004
63 0.000004
63 0.000004
63 0.000003
64 0.000003
64 0.000003
64 0.000003
64 0.000003
64 0.000004
65 0.000003
65 0.000003
65 0.000003
65 0.000003
65 0.000003
66 0.000004
66 0.000003
66 0.000004
66 0.000004
66 0.000004
67 0.000004
67 0.000003
67 0.000004
67 0.000003
67 0.000003
68 0.000003
68 0.000004
68 0.000003
68 0.000004
68 0.000003
69 0.000003
69 0.000004
69 0.000003
69 0.000004
69 0.000003
70 0.000003
70 0.000004
70 0.000004
70 0.000003
70 0.000004
71 0.000004
71 0.000003
71 0.000004
71 0.000003
71 0.000003
72 0.000004
72 0.000004
72 0.000003
72 0.000004
72 0.000004
73 0.000004
73 0.000004
73 0.000003
73 0.000004
73 0.000004
74 0.000004
74 0.000004
74 0.000004
74 0.000003
74 0.000004
75 0.000003
75 0.000004
75 0.000003
75 0.000004
75 0.000004
76 0.000004
76 0.000004
76 0.000004
76 0.000004
76 0.000004
77 0.000004
77 0.000004
77 0.000003
77 0.000004
77 0.000004
78 0.000005
78 0.000004
78 0.000004
78 0.000004
78 0.000004
79 0.000004
79 0.000005
79 0.000004
79 0.000003
79 0.000004
80 0.000004
80 0.000004
80 0.000004
80 0.000004
80 0.000004
81 0.000004
81 0.000005
81 0.000004
81 0.000004
81 0.000005
82 0.000004
82 0.000004
82 0.000004
82 0.000004
82 0.000004
83 0.000005
83 0.000005
83 0.000005
83 0.000004
83 0.000005
84 0.000004
84 0.000005
84 0.000004
84 0.000004
84 0.000004
85 0.000004
85 0.000005
85 0.000004
85 0.000005
85 0.000004
86 0.000004
86 0.000005
86 0.000005
86 0.000005
86 0.000004
87 0.000004
87 0.000005
87 0.000005
87 0.000004
87 0.000005
88 0.000005
88 0.000005
88 0.000004
88 0.000005
88 0.000004
89 0.000004
89 0.000005
89 0.000004
89 0.000005
89 0.000005
90 0.000005
90 0.000004
90 0.000005
90 0.000005
90 0.000005
91 0.000005
91 0.000005
91 0.000005
91 0.000004
91 0.000005
92 0.000004
92 0.000005
92 0.000005
92 0.000006
92 0.000005
93 0.000006
93 0.000005
93 0.000005
93 0.000004
93 0.000004
94 0.000005
94 0.000005
94 0.000005
94 0.000005
94 0.000005
95 0.000005
95 0.000005
95 0.000005
95 0.000005
95 0.000005
96 0.000005
96 0.000005
96 0.000005
96 0.000005
96 0.000005
97 0.000005
97 0.000005
97 0.000005
97 0.000005
97 0.000005
98 0.000005
98 0.000005
98 0.000005
98 0.000006
98 0.000005
99 0.000005
99 0.000006
99 0.000006
99 0.000005
99 0.000006
100 0.000005
100 0.000005
100 0.000005
100 0.000006
100 0.000006
101 0.000005
101 0.000006
101 0.000005
101 0.000006
101 0.000006
102 0.000006
102 0.000005
102 0.000005
102 0.000005
102 0.000006
103 0.000006
103 0.000006
103 0.000006
103 0.000006
103 0.000006
104 0.000006
104 0.000006
104 0.000006
104 0.000006
104 0.000006
105 0.000005
105 0.000005
105 0.000005
105 0.000006
105 0.000006
106 0.000006
106 0.000006
106 0.000006
106 0.000006
106 0.000006
107 0.000006
107 0.000006
107 0.000005
107 0.000006
107 0.000006
108 0.000006
108 0.000006
108 0.000006
108 0.000006
108 0.000006
109 0.000006
109 0.000006
109 0.000006
109 0.000006
109 0.000006
110 0.000006
110 0.000006
110 0.000006
110 0.000007
110 0.000006
111 0.000005
111 0.000006
111 0.000006
111 0.000006
111 0.000006
112 0.000006
112 0.000006
112 0.000007
112 0.000006
112 0.000006
113 0.000006
113 0.000006
113 0.000006
113 0.000006
113 0.000006
114 0.000056
114 0.000006
114 0.000007
114 0.000006
114 0.000007
115 0.000006
115 0.000006
115 0.000006
115 0.000007
115 0.000007
116 0.000007
116 0.000006
116 0.000006
116 0.000006
116 0.000006
117 0.000007
117 0.000006
117 0.000006
117 0.000006
117 0.000006
118 0.000007
118 0.000006
118 0.000006
118 0.000007
118 0.000006
119 0.000007
119 0.000006
119 0.000006
119 0.000007
119 0.000007
120 0.000007
120 0.000007
120 0.000007
120 0.000007
120 0.000007
121 0.000006
121 0.000007
121 0.000007
121 0.000007
121 0.000007
122 0.000007
122 0.000006
122 0.000007
122 0.000007
122 0.000007
123 0.000007
123 0.000007
123 0.000007
123 0.000007
123 0.000007
124 0.000007
124 0.000009
124 0.000008
124 0.000007
124 0.000007
125 0.000007
125 0.000007
125 0.000007
125 0.000007
125 0.000006
126 0.000007
126 0.000007
126 0.000007
126 0.000007
126 0.000007
127 0.000007
127 0.000007
127 0.000007
127 0.000007
127 0.000007
128 0.000007
128 0.000008
128 0.000007
128 0.000008
128 0.000007
129 0.000007
129 0.000007
129 0.000007
129 0.000007
129 0.000008
130 0.000008
130 0.000007
130 0.000008
130 0.000008
130 0.000007
131 0.000008
131 0.000007
131 0.000008
131 0.000007
131 0.000007
132 0.000008
132 0.000008
132 0.000008
132 0.000007
132 0.000007
133 0.000007
133 0.000008
133 0.000008
133 0.000008
133 0.000007
134 0.000008
134 0.000008
134 0.000008
134 0.000007
134 0.000007
135 0.000008
135 0.000007
135 0.000008
135 0.000008
135 0.000008
136 0.000008
136 0.000008
136 0.000008
136 0.000008
136 0.000043
137 0.000017
137 0.000015
137 0.000016
137 0.000016
137 0.000016
138 0.000016
138 0.000016
138 0.000016
138 0.000017
138 0.000016
139 0.000016
139 0.000016
139 0.000010
139 0.000008
139 0.000007
140 0.000007
140 0.000008
140 0.000008
140 0.000008
140 0.000008
141 0.000009
141 0.000008
141 0.000008
141 0.000007
141 0.000009
142 0.000008
142 0.000008
142 0.000008
142 0.000008
142 0.000009
143 0.000008
143 0.000009
143 0.000009
143 0.000008
143 0.000009
144 0.000009
144 0.000009
144 0.000009
144 0.000009
144 0.000010
145 0.000009
145 0.000009
145 0.000009
145 0.000009
145 0.000009
146 0.000009
146 0.000009
146 0.000008
146 0.000008
146 0.000009
147 0.000008
147 0.000009
147 0.000009
147 0.000009
147 0.000009
148 0.000009
148 0.000009
148 0.000009
148 0.000008
148 0.000009
149 0.000009
149 0.000008
149 0.000008
149 0.000009
149 0.000009
