1 0.000001
1 0.000001
1 0.000002
1 0.000000
1 0.000000
2 0.000003
2 0.000000
2 0.000001
2 0.000001
2 0.000001
3 0.000001
3 0.000000
3 0.000001
3 0.000001
3 0.000000
4 0.000001
4 0.000001
4 0.000000
4 0.000001
4 0.000001
5 0.000001
5 0.000001
5 0.000000
5 0.000001
5 0.000000
6 0.000001
6 0.000000
6 0.000001
6 0.000001
6 0.000000
7 0.000000
7 0.000000
7 0.000000
7 0.000001
7 0.000001
8 0.000001
8 0.000000
8 0.000000
8 0.000001
8 0.000001
9 0.000001
9 0.000001
9 0.000001
9 0.000001
9 0.000000
10 0.000001
10 0.000000
10 0.000001
10 0.000001
10 0.000000
11 0.000001
11 0.000001
11 0.000001
11 0.000001
11 0.000001
12 0.000001
12 0.000001
12 0.000001
12 0.000001
12 0.000000
13 0.000002
13 0.000001
13 0.000000
13 0.000001
13 0.000000
14 0.000000
14 0.000001
14 0.000001
14 0.000000
14 0.000001
15 0.000001
15 0.000001
15 0.000001
15 0.000001
15 0.000001
16 0.000001
16 0.000001
16 0.000001
16 0.000001
16 0.000001
17 0.000000
17 0.000001
17 0.000001
17 0.000001
17 0.000001
18 0.000001
18 0.000001
18 0.000001
18 0.000001
18 0.000001
19 0.000001
19 0.000001
19 0.000000
19 0.000001
19 0.000001
20 0.000001
20 0.000001
20 0.000001
20 0.000001
20 0.000001
21 0.000001
21 0.000001
21 0.000001
21 0.000001
21 0.000001
22 0.000001
22 0.000001
22 0.000001
22 0.000001
22 0.000001
23 0.000001
23 0.000001
23 0.000001
23 0.000001
23 0.000001
24 0.000001
24 0.000002
24 0.000001
24 0.000001
24 0.000001
25 0.000001
25 0.000002
25 0.000002
25 0.000001
25 0.000002
26 0.000001
26 0.000001
26 0.000002
26 0.000001
26 0.000001
27 0.000001
27 0.000001
27 0.000001
27 0.000001
27 0.000002
28 0.000002
28 0.000002
28 0.000001
28 0.000001
28 0.000001
29 0.000001
29 0.000001
29 0.000001
29 0.000001
29 0.000001
30 0.000002
30 0.000001
30 0.000002
30 0.000002
30 0.000001
31 0.000002
31 0.000001
31 0.000002
31 0.000001
31 0.000002
32 0.000002
32 0.000002
32 0.000002
32 0.000001
32 0.000002
33 0.000002
33 0.000002
33 0.000002
33 0.000001
33 0.000001
34 0.000002
34 0.000001
34 0.000002
34 0.000002
34 0.000002
35 0.000001
35 0.000002
35 0.000002
35 0.000002
35 0.000001
36 0.000002
36 0.000002
36 0.000002
36 0.000004
36 0.000002
37 0.000002
37 0.000002
37 0.000001
37 0.000001
37 0.000002
38 0.000002
38 0.000002
38 0.000002
38 0.000002
38 0.000001
39 0.000002
39 0.000002
39 0.000002
39 0.000002
39 0.000002
40 0.000002
40 0.000002
40 0.000002
40 0.000002
40 0.000002
41 0.000002
41 0.000002
41 0.000002
41 0.000002
41 0.000002
42 0.000002
42 0.000002
42 0.000002
42 0.000002
42 0.000002
43 0.000003
43 0.000002
43 0.000002
43 0.000001
43 0.000002
44 0.000002
44 0.000002
44 0.000002
44 0.000003
44 0.000002
45 0.000003
45 0.000002
45 0.000002
45 0.000003
45 0.000002
46 0.000002
46 0.000003
46 0.000002
46 0.000002
46 0.000002
47 0.000003
47 0.000002
47 0.000002
47 0.000002
47 0.000002
48 0.000004
48 0.000002
48 0.000002
48 0.000003
48 0.000002
49 0.000002
49 0.000003
49 0.000002
49 0.000003
49 0.000002
50 0.000003
50 0.000003
50 0.000002
50 0.000003
50 0.000002
51 0.000002
51 0.000002
51 0.000003
51 0.000003
51 0.000003
52 0.000003
52 0.000002
52 0.000002
52 0.000002
52 0.000003
53 0.000003
53 0.000003
53 0.000004
53 0.000003
53 0.000003
54 0.000003
54 0.000003
54 0.000003
54 0.000003
54 0.000003
55 0.000002
55 0.000003
55 0.000003
55 0.000002
55 0.000004
56 0.000003
56 0.000006
56 0.000003
56 0.000003
56 0.000003
57 0.000003
57 0.000004
57 0.000003
57 0.000003
57 0.000003
58 0.000003
58 0.000003
58 0.000003
58 0.000003
58 0.000003
59 0.000004
59 0.000003
59 0.000004
59 0.000003
59 0.000003
60 0.000003
60 0.000004
60 0.000003
60 0.000003
60 0.000003
61 0.000003
61 0.000003
61 0.000004
61 0.000003
61 0.000004
62 0.000003
62 0.000003
62 0.000004
62 0.000003
62 0.000004
63 0.000003
63 0.000004
63 0.000003
63 0.000003
63 0.000004
64 0.000004
64 0.000004
64 0.000004
64 0.000004
64 0.000003
65 0.000003
65 0.000004
65 0.000004
65 0.000003
65 0.000003
66 0.000004
66 0.000003
66 0.000003
66 0.000003
66 0.000003
67 0.000003
67 0.000005
67 0.000003
67 0.000004
67 0.000004
68 0.000004
68 0.000004
68 0.000004
68 0.000004
68 0.000005
69 0.000005
69 0.000004
69 0.000004
69 0.000004
69 0.000004
70 0.000004
70 0.000003
70 0.000004
70 0.000004
70 0.000004
71 0.000004
71 0.000004
71 0.000004
71 0.000005
71 0.000004
72 0.000004
72 0.000005
72 0.000004
72 0.000004
72 0.000004
73 0.000005
73 0.000004
73 0.000004
73 0.000004
73 0.000004
74 0.000004
74 0.000004
74 0.000004
74 0.000005
74 0.000003
75 0.000004
75 0.000005
75 0.000005
75 0.000005
75 0.000005
76 0.000007
76 0.000005
76 0.000004
76 0.000005
76 0.000005
77 0.000005
77 0.000005
77 0.000004
77 0.000005
77 0.000005
78 0.000004
78 0.000005
78 0.000004
78 0.000005
78 0.000006
79 0.000005
79 0.000005
79 0.000005
79 0.000004
79 0.000005
80 0.000005
80 0.000005
80 0.000004
80 0.000005
80 0.000005
81 0.000005
81 0.000005
81 0.000005
81 0.000005
81 0.000005
82 0.000005
82 0.000004
82 0.000005
82 0.000005
82 0.000005
83 0.000005
83 0.000005
83 0.000005
83 0.000005
83 0.000005
84 0.000005
84 0.000005
84 0.000005
84 0.000005
84 0.000006
85 0.000005
85 0.000005
85 0.000005
85 0.000005
85 0.000005
86 0.000005
86 0.000006
86 0.000006
86 0.000006
86 0.000006
87 0.000005
87 0.000006
87 0.000006
87 0.000005
87 0.000006
88 0.000005
88 0.000006
88 0.000006
88 0.000006
88 0.000006
89 0.000006
89 0.000005
89 0.000005
89 0.000005
89 0.000006
90 0.000006
90 0.000006
90 0.000006
90 0.000006
90 0.000006
91 0.000006
91 0.000006
91 0.000006
91 0.000006
91 0.000007
92 0.000006
92 0.000006
92 0.000006
92 0.000006
92 0.000007
93 0.000006
93 0.000006
93 0.000006
93 0.000006
93 0.000006
94 0.000006
94 0.000006
94 0.000006
94 0.000006
94 0.000006
95 0.000006
95 0.000006
95 0.000007
95 0.000008
95 0.000007
96 0.000006
96 0.000006
96 0.000006
96 0.000013
96 0.000006
97 0.000007
97 0.000006
97 0.000007
97 0.000007
97 0.000007
98 0.000007
98 0.000007
98 0.000007
98 0.000007
98 0.000006
99 0.000007
99 0.000008
99 0.000008
99 0.000007
99 0.000007
100 0.000007
100 0.000006
100 0.000010
100 0.000008
100 0.000008
101 0.000009
101 0.000008
101 0.000007
101 0.000007
101 0.000007
102 0.000007
102 0.000007
102 0.000007
102 0.000006
102 0.000007
103 0.000007
103 0.000007
103 0.000007
103 0.000007
103 0.000007
104 0.000008
104 0.000008
104 0.000007
104 0.000007
104 0.000008
105 0.000008
105 0.000008
105 0.000007
105 0.000007
105 0.000008
106 0.000007
106 0.000007
106 0.000007
106 0.000008
106 0.000008
107 0.000007
107 0.000008
107 0.000008
107 0.000007
107 0.000008
108 0.000007
108 0.000007
108 0.000008
108 0.000008
108 0.000009
109 0.000008
109 0.000009
109 0.000008
109 0.000017
109 0.000008
110 0.000008
110 0.000008
110 0.000008
110 0.000008
110 0.000009
111 0.000009
111 0.000008
111 0.000008
111 0.000009
111 0.000009
112 0.000009
112 0.000009
112 0.000009
112 0.000009
112 0.000009
113 0.000008
113 0.000009
113 0.000009
113 0.000010
113 0.000008
114 0.000009
114 0.000009
114 0.000009
114 0.000007
114 0.000009
115 0.000009
115 0.000008
115 0.000009
115 0.000010
115 0.000009
116 0.000008
116 0.000009
116 0.000009
116 0.000009
116 0.000010
117 0.000009
117 0.000008
117 0.000009
117 0.000009
117 0.000010
118 0.000009
118 0.000010
118 0.000009
118 0.000009
118 0.000011
119 0.000010
119 0.000009
119 0.000010
119 0.000009
119 0.000009
120 0.000010
120 0.000010
120 0.000010
120 0.000010
120 0.000010
121 0.000010
121 0.000009
121 0.000011
121 0.000011
121 0.000009
122 0.000010
122 0.000010
122 0.000010
122 0.000010
122 0.000010
123 0.000010
123 0.000010
123 0.000010
123 0.000010
123 0.000011
124 0.000010
124 0.000011
124 0.000010
124 0.000009
124 0.000011
125 0.000010
125 0.000010
125 0.000009
125 0.000011
125 0.000010
126 0.000011
126 0.000010
126 0.000011
126 0.000010
126 0.000011
127 0.000011
127 0.000010
127 0.000011
127 0.000011
127 0.000011
128 0.000011
128 0.000011
128 0.000010
128 0.000010
128 0.000011
129 0.000011
129 0.000012
129 0.000012
129 0.000011
129 0.000010
130 0.000011
130 0.000012
130 0.000011
130 0.000012
130 0.000011
131 0.000011
131 0.000011
131 0.000011
131 0.000011
131 0.000011
132 0.000011
132 0.000012
132 0.000011
132 0.000012
132 0.000010
133 0.000012
133 0.000012
133 0.000011
133 0.000011
133 0.000012
134 0.000011
134 0.000013
134 0.000011
134 0.000012
134 0.000012
135 0.000011
135 0.000012
135 0.000012
135 0.000012
135 0.000011
136 0.000012
136 0.000013
136 0.000011
136 0.000012
136 0.000012
137 0.000012
137 0.000012
137 0.000011
137 0.000012
137 0.000012
138 0.000012
138 0.000012
138 0.000013
138 0.000013
138 0.000013
139 0.000012
139 0.000012
139 0.000012
139 0.000013
139 0.000012
140 0.000013
140 0.000013
140 0.000012
140 0.000011
140 0.000012
141 0.000014
141 0.000013
141 0.000013
141 0.000013
141 0.000012
142 0.000012
142 0.000013
142 0.000013
142 0.000013
142 0.000014
143 0.000014
143 0.000012
143 0.000014
143 0.000014
143 0.000013
144 0.000014
144 0.000014
144 0.000013
144 0.000014
144 0.000013
145 0.000014
145 0.000014
145 0.000013
145 0.000013
145 0.000012
146 0.000014
146 0.000014
146 0.000013
146 0.000013
146 0.000013
147 0.000013
147 0.000016
147 0.000014
147 0.000014
147 0.000014
148 0.000013
148 0.000014
148 0.000014
148 0.000013
148 0.000013
149 0.000013
149 0.000014
149 0.000014
149 0.000014
149 0.000013
