1 0.000003
1 0.000000
1 0.000001
1 0.000000
1 0.000001
2 0.000000
2 0.000000
2 0.000000
2 0.000001
2 0.000001
3 0.000000
3 0.000001
3 0.000001
3 0.000001
3 0.000000
4 0.000000
4 0.000001
4 0.000000
4 0.000001
4 0.000000
5 0.000001
5 0.000001
5 0.000000
5 0.000000
5 0.000001
6 0.000001
6 0.000001
6 0.000000
6 0.000000
6 0.000000
7 0.000001
7 0.000001
7 0.000000
7 0.000001
7 0.000001
8 0.000001
8 0.000001
8 0.000000
8 0.000001
8 0.000000
9 0.000001
9 0.000002
9 0.000001
9 0.000001
9 0.000000
10 0.000001
10 0.000000
10 0.000001
10 0.000001
10 0.000000
11 0.000000
11 0.000001
11 0.000001
11 0.000001
11 0.000000
12 0.000001
12 0.000000
12 0.000000
12 0.000001
12 0.000001
13 0.000001
13 0.000001
13 0.000001
13 0.000001
13 0.000001
14 0.000002
14 0.000000
14 0.000002
14 0.000001
14 0.000001
15 0.000001
15 0.000000
15 0.000000
15 0.000001
15 0.000001
16 0.000001
16 0.000000
16 0.000001
16 0.000000
16 0.000001
17 0.000001
17 0.000001
17 0.000000
17 0.000001
17 0.000001
18 0.000001
18 0.000000
18 0.000001
18 0.000000
18 0.000001
19 0.000001
19 0.000000
19 0.000001
19 0.000001
19 0.000000
20 0.000002
20 0.000000
20 0.000000
20 0.000001
20 0.000001
21 0.000001
21 0.000001
21 0.000000
21 0.000001
21 0.000001
22 0.000001
22 0.000000
22 0.000000
22 0.000001
22 0.000001
23 0.000002
23 0.000001
23 0.000001
23 0.000001
23 0.000001
24 0.000002
24 0.000001
24 0.000000
24 0.000001
24 0.000001
25 0.000001
25 0.000000
25 0.000001
25 0.000002
25 0.000001
26 0.000002
26 0.000001
26 0.000001
26 0.000001
26 0.000000
27 0.000001
27 0.000000
27 0.000001
27 0.000000
27 0.000001
28 0.000001
28 0.000001
28 0.000001
28 0.000001
28 0.000001
29 0.000002
29 0.000001
29 0.000001
29 0.000000
29 0.000001
30 0.000002
30 0.000001
30 0.000001
30 0.000001
30 0.000001
31 0.000002
31 0.000001
31 0.000001
31 0.000001
31 0.000000
32 0.000001
32 0.000001
32 0.000001
32 0.000001
32 0.000001
33 0.000002
33 0.000001
33 0.000001
33 0.000001
33 0.000001
34 0.000002
34 0.000001
34 0.000002
34 0.000001
34 0.000001
35 0.000002
35 0.000001
35 0.000001
35 0.000001
35 0.000002
36 0.000001
36 0.000001
36 0.000001
36 0.000001
36 0.000001
37 0.000002
37 0.000001
37 0.000001
37 0.000001
37 0.000001
38 0.000002
38 0.000001
38 0.000001
38 0.000001
38 0.000002
39 0.000002
39 0.000002
39 0.000001
39 0.000002
39 0.000001
40 0.000002
40 0.000002
40 0.000002
40 0.000001
40 0.000002
41 0.000003
41 0.000001
41 0.000001
41 0.000001
41 0.000001
42 0.000003
42 0.000002
42 0.000002
42 0.000002
42 0.000001
43 0.000002
43 0.000002
43 0.000001
43 0.000001
43 0.000001
44 0.000003
44 0.000001
44 0.000001
44 0.000001
44 0.000002
45 0.000002
45 0.000001
45 0.000002
45 0.000001
45 0.000001
46 0.000003
46 0.000001
46 0.000001
46 0.000001
46 0.000001
47 0.000003
47 0.000001
47 0.000001
47 0.000001
47 0.000001
48 0.000003
48 0.000001
48 0.000001
48 0.000001
48 0.000001
49 0.000003
49 0.000002
49 0.000001
49 0.000001
49 0.000001
50 0.000003
50 0.000001
50 0.000002
50 0.000001
50 0.000001
51 0.000003
51 0.000002
51 0.000001
51 0.000002
51 0.000001
52 0.000003
52 0.000001
52 0.000001
52 0.000002
52 0.000002
53 0.000003
53 0.000003
53 0.000002
53 0.000002
53 0.000002
54 0.000002
54 0.000001
54 0.000001
54 0.000002
54 0.000001
55 0.000003
55 0.000002
55 0.000001
55 0.000002
55 0.000002
56 0.000003
56 0.000002
56 0.000002
56 0.000001
56 0.000001
57 0.000004
57 0.000002
57 0.000001
57 0.000001
57 0.000002
58 0.000003
58 0.000018
58 0.000002
58 0.000002
58 0.000001
59 0.000003
59 0.000002
59 0.000002
59 0.000001
59 0.000001
60 0.000002
60 0.000001
60 0.000001
60 0.000002
60 0.000001
61 0.000003
61 0.000002
61 0.000001
61 0.000002
61 0.000001
62 0.000004
62 0.000002
62 0.000002
62 0.000002
62 0.000001
63 0.000004
63 0.000002
63 0.000002
63 0.000002
63 0.000001
64 0.000004
64 0.000002
64 0.000002
64 0.000002
64 0.000001
65 0.000003
65 0.000001
65 0.000001
65 0.000001
65 0.000001
66 0.000003
66 0.000002
66 0.000001
66 0.000002
66 0.000001
67 0.000004
67 0.000002
67 0.000002
67 0.000001
67 0.000001
68 0.000003
68 0.000001
68 0.000001
68 0.000002
68 0.000001
69 0.000004
69 0.000002
69 0.000002
69 0.000002
69 0.000001
70 0.000003
70 0.000002
70 0.000001
70 0.000002
70 0.000002
71 0.000004
71 0.000002
71 0.000002
71 0.000001
71 0.000002
72 0.000003
72 0.000002
72 0.000001
72 0.000001
72 0.000001
73 0.000004
73 0.000002
73 0.000002
73 0.000002
73 0.000002
74 0.000004
74 0.000002
74 0.000002
74 0.000001
74 0.000001
75 0.000004
75 0.000002
75 0.000002
75 0.000001
75 0.000002
76 0.000003
76 0.000002
76 0.000002
76 0.000002
76 0.000002
77 0.000004
77 0.000002
77 0.000001
77 0.000001
77 0.000001
78 0.000004
78 0.000002
78 0.000002
78 0.000001
78 0.000001
79 0.000005
79 0.000003
79 0.000002
79 0.000001
79 0.000001
80 0.000004
80 0.000002
80 0.000001
80 0.000002
80 0.000002
81 0.000004
81 0.000003
81 0.000002
81 0.000002
81 0.000002
82 0.000004
82 0.000003
82 0.000002
82 0.000001
82 0.000001
83 0.000004
83 0.000002
83 0.000002
83 0.000002
83 0.000002
84 0.000004
84 0.000002
84 0.000002
84 0.000002
84 0.000002
85 0.000004
85 0.000002
85 0.000002
85 0.000001
85 0.000001
86 0.000003
86 0.000002
86 0.000002
86 0.000002
86 0.000002
87 0.000005
87 0.000002
87 0.000002
87 0.000002
87 0.000002
88 0.000004
88 0.000003
88 0.000002
88 0.000002
88 0.000002
89 0.000005
89 0.000003
89 0.000002
89 0.000002
89 0.000002
90 0.000004
90 0.000002
90 0.000002
90 0.000002
90 0.000002
91 0.000005
91 0.000003
91 0.000002
91 0.000002
91 0.000001
92 0.000005
92 0.000003
92 0.000002
92 0.000002
92 0.000002
93 0.000005
93 0.000003
93 0.000002
93 0.000002
93 0.000002
94 0.000005
94 0.000003
94 0.000002
94 0.000002
94 0.000002
95 0.000005
95 0.000003
95 0.000003
95 0.000002
95 0.000003
96 0.000005
96 0.000003
96 0.000003
96 0.000002
96 0.000002
97 0.000005
97 0.000003
97 0.000002
97 0.000002
97 0.000002
98 0.000003
98 0.000003
98 0.000002
98 0.000002
98 0.000002
99 0.000005
99 0.000003
99 0.000002
99 0.000002
99 0.000002
100 0.000004
100 0.000003
100 0.000002
100 0.000003
100 0.000002
101 0.000005
101 0.000003
101 0.000002
101 0.000003
101 0.000002
102 0.000005
102 0.000003
102 0.000003
102 0.000002
102 0.000002
103 0.000006
103 0.000004
103 0.000002
103 0.000002
103 0.000002
104 0.000006
104 0.000003
104 0.000003
104 0.000003
104 0.000002
105 0.000005
105 0.000004
105 0.000002
105 0.000002
105 0.000003
106 0.000005
106 0.000003
106 0.000002
106 0.000002
106 0.000002
107 0.000005
107 0.000003
107 0.000003
107 0.000002
107 0.000002
108 0.000006
108 0.000004
108 0.000003
108 0.000003
108 0.000002
109 0.000006
109 0.000004
109 0.000002
109 0.000003
109 0.000003
110 0.000008
110 0.000005
110 0.000007
110 0.000007
110 0.000007
111 0.000015
111 0.000008
111 0.000006
111 0.000006
111 0.000006
112 0.000010
112 0.000008
112 0.000007
112 0.000006
112 0.000007
113 0.000015
113 0.000005
113 0.000003
113 0.000003
113 0.000004
114 0.000007
114 0.000004
114 0.000004
114 0.000003
114 0.000003
115 0.000007
115 0.000005
115 0.000004
115 0.000003
115 0.000003
116 0.000006
116 0.000004
116 0.000003
116 0.000003
116 0.000003
117 0.000007
117 0.000004
117 0.000003
117 0.000003
117 0.000002
118 0.000007
118 0.000003
118 0.000003
118 0.000003
118 0.000002
119 0.000003
119 0.000003
119 0.000003
119 0.000002
119 0.000003
120 0.000007
120 0.000005
120 0.000004
120 0.000003
120 0.000004
121 0.000008
121 0.000005
121 0.000003
121 0.000004
121 0.000003
122 0.000007
122 0.000005
122 0.000003
122 0.000004
122 0.000003
123 0.000007
123 0.000004
123 0.000003
123 0.000003
123 0.000003
124 0.000006
124 0.000004
124 0.000003
124 0.000002
124 0.000003
125 0.000008
125 0.000005
125 0.000004
125 0.000004
125 0.000003
126 0.000007
126 0.000005
126 0.000004
126 0.000004
126 0.000004
127 0.000007
127 0.000004
127 0.000003
127 0.000003
127 0.000003
128 0.000006
128 0.000004
128 0.000003
128 0.000003
128 0.000003
129 0.000007
129 0.000005
129 0.000003
129 0.000002
129 0.000002
130 0.000005
130 0.000003
130 0.000003
130 0.000003
130 0.000003
131 0.000007
131 0.000005
131 0.000004
131 0.000003
131 0.000003
132 0.000003
132 0.000003
132 0.000003
132 0.000008
132 0.000005
133 0.000008
133 0.000004
133 0.000003
133 0.000003
133 0.000004
134 0.000007
134 0.000005
134 0.000003
134 0.000003
134 0.000003
135 0.000007
135 0.000005
135 0.000003
135 0.000003
135 0.000003
136 0.000004
136 0.000003
136 0.000003
136 0.000003
136 0.000002
137 0.000009
137 0.000005
137 0.000003
137 0.000004
137 0.000003
138 0.000005
138 0.000003
138 0.000003
138 0.000003
138 0.000003
139 0.000008
139 0.000005
139 0.000003
139 0.000003
139 0.000003
140 0.000004
140 0.000004
140 0.000003
140 0.000003
140 0.000003
141 0.000008
141 0.000005
141 0.000004
141 0.000003
141 0.000004
142 0.000009
142 0.000005
142 0.000004
142 0.000004
142 0.000003
143 0.000008
143 0.000005
143 0.000004
143 0.000003
143 0.000003
144 0.000006
144 0.000004
144 0.000004
144 0.000004
144 0.000004
145 0.000009
145 0.000005
145 0.000005
145 0.000004
145 0.000003
146 0.000007
146 0.000005
146 0.000004
146 0.000005
146 0.000005
147 0.000009
147 0.000005
147 0.000005
147 0.000005
147 0.000004
148 0.000008
148 0.000005
148 0.000005
148 0.000004
148 0.000005
149 0.000009
149 0.000007
149 0.000005
149 0.000004
149 0.000005
1 0.000001
1 0.000001
1 0.000000
1 0.000000
1 0.000002
2 0.000001
2 0.000001
2 0.000000
2 0.000001
2 0.000000
3 0.000001
3 0.000001
3 0.000001
3 0.000001
3 0.000001
4 0.000000
4 0.000001
4 0.000001
4 0.000002
4 0.000000
5 0.000001
5 0.000000
5 0.000001
5 0.000002
5 0.000000
6 0.000000
6 0.000001
6 0.000001
6 0.000002
6 0.000001
7 0.000001
7 0.000001
7 0.000001
7 0.000001
7 0.000001
8 0.000000
8 0.000001
8 0.000000
8 0.000000
8 0.000001
9 0.000000
9 0.000001
9 0.000000
9 0.000001
9 0.000001
10 0.000001
10 0.000001
10 0.000001
10 0.000001
10 0.000001
11 0.000001
11 0.000001
11 0.000001
11 0.000001
11 0.000001
12 0.000001
12 0.000001
12 0.000001
12 0.000001
12 0.000001
13 0.000001
13 0.000001
13 0.000001
13 0.000001
13 0.000001
14 0.000001
14 0.000001
14 0.000001
14 0.000001
14 0.000001
15 0.000001
15 0.000001
15 0.000001
15 0.000012
15 0.000001
16 0.000001
16 0.000002
16 0.000001
16 0.000001
16 0.000001
17 0.000001
17 0.000002
17 0.000002
17 0.000001
17 0.000002
18 0.000001
18 0.000001
18 0.000002
18 0.000001
18 0.000002
19 0.000001
19 0.000001
19 0.000001
19 0.000002
19 0.000001
20 0.000002
20 0.000001
20 0.000002
20 0.000001
20 0.000003
21 0.000003
21 0.000001
21 0.000002
21 0.000001
21 0.000001
22 0.000002
22 0.000001
22 0.000002
22 0.000002
22 0.000002
23 0.000001
23 0.000002
23 0.000002
23 0.000002
23 0.000001
24 0.000001
24 0.000001
24 0.000002
24 0.000001
24 0.000002
25 0.000002
25 0.000002
25 0.000002
25 0.000001
25 0.000002
26 0.000002
26 0.000002
26 0.000002
26 0.000002
26 0.000001
27 0.000001
27 0.000001
27 0.000002
27 0.000001
27 0.000001
28 0.000002
28 0.000001
28 0.000001
28 0.000002
28 0.000002
29 0.000002
29 0.000002
29 0.000002
29 0.000002
29 0.000002
30 0.000002
30 0.000002
30 0.000001
30 0.000002
30 0.000002
31 0.000002
31 0.000002
31 0.000003
31 0.000002
31 0.000002
32 0.000002
32 0.000002
32 0.000002
32 0.000002
32 0.000002
33 0.000002
33 0.000002
33 0.000002
33 0.000002
33 0.000002
34 0.000002
34 0.000002
34 0.000002
34 0.000002
34 0.000002
35 0.000002
35 0.000002
35 0.000002
35 0.000002
35 0.000002
36 0.000002
36 0.000003
36 0.000002
36 0.000003
36 0.000002
37 0.000002
37 0.000003
37 0.000002
37 0.000002
37 0.000002
38 0.000002
38 0.000002
38 0.000002
38 0.000002
38 0.000002
39 0.000002
39 0.000002
39 0.000002
39 0.000002
39 0.000002
40 0.000003
40 0.000002
40 0.000003
40 0.000002
40 0.000002
41 0.000003
41 0.000003
41 0.000002
41 0.000002
41 0.000003
42 0.000003
42 0.000002
42 0.000002
42 0.000002
42 0.000002
43 0.000002
43 0.000003
43 0.000003
43 0.000002
43 0.000003
44 0.000003
44 0.000003
44 0.000002
44 0.000002
44 0.000003
45 0.000002
45 0.000002
45 0.000003
45 0.000003
45 0.000003
46 0.000003
46 0.000002
46 0.000003
46 0.000003
46 0.000002
47 0.000003
47 0.000003
47 0.000002
47 0.000003
47 0.000003
48 0.000003
48 0.000002
48 0.000002
48 0.000003
48 0.000002
49 0.000003
49 0.000003
49 0.000002
49 0.000003
49 0.000003
50 0.000002
50 0.000003
50 0.000003
50 0.000003
50 0.000003
51 0.000003
51 0.000003
51 0.000003
51 0.000003
51 0.000004
52 0.000003
52 0.000003
52 0.000003
52 0.000003
52 0.000003
53 0.000003
53 0.000003
53 0.000003
53 0.000003
53 0.000003
54 0.000003
54 0.000004
54 0.000003
54 0.000003
54 0.000004
55 0.000003
55 0.000004
55 0.000003
55 0.000003
55 0.000003
56 0.000003
56 0.000003
56 0.000003
56 0.000003
56 0.000003
57 0.000003
57 0.000003
57 0.000004
57 0.000003
57 0.000003
58 0.000004
58 0.000003
58 0.000004
58 0.000003
58 0.000003
59 0.000004
59 0.000003
59 0.000004
59 0.000003
59 0.000004
60 0.000004
60 0.000004
60 0.000004
60 0.000003
60 0.000003
61 0.000004
61 0.000003
61 0.000004
61 0.000003
61 0.000004
62 0.000004
62 0.000004
62 0.000004
62 0.000004
62 0.000004
63 0.000004
63 0.000004
63 0.000003
63 0.000004
63 0.000004
64 0.000004
64 0.000004
64 0.000004
64 0.000003
64 0.000003
65 0.000004
65 0.000004
65 0.000004
65 0.000004
65 0.000003
66 0.000004
66 0.000003
66 0.000004
66 0.000004
66 0.000004
67 0.000004
67 0.000003
67 0.000004
67 0.000004
67 0.000004
68 0.000004
68 0.000004
68 0.000003
68 0.000003
68 0.000004
69 0.000004
69 0.000003
69 0.000004
69 0.000004
69 0.000004
70 0.000003
70 0.000003
70 0.000004
70 0.000004
70 0.000004
71 0.000004
71 0.000004
71 0.000004
71 0.000004
71 0.000003
72 0.000004
72 0.000004
72 0.000004
72 0.000003
72 0.000004
73 0.000004
73 0.000004
73 0.000005
73 0.000004
73 0.000004
74 0.000004
74 0.000004
74 0.000004
74 0.000004
74 0.000005
75 0.000004
75 0.000004
75 0.000006
75 0.000005
75 0.000004
76 0.000005
76 0.000004
76 0.000005
76 0.000004
76 0.000004
77 0.000004
77 0.000005
77 0.000004
77 0.000004
77 0.000004
78 0.000004
78 0.000004
78 0.000005
78 0.000006
78 0.000004
79 0.000004
79 0.000004
79 0.000006
79 0.000005
79 0.000004
80 0.000005
80 0.000004
80 0.000005
80 0.000005
80 0.000005
81 0.000004
81 0.000005
81 0.000004
81 0.000005
81 0.000004
82 0.000005
82 0.000004
82 0.000005
82 0.000005
82 0.000005
83 0.000005
83 0.000004
83 0.000005
83 0.000005
83 0.000004
84 0.000005
84 0.000004
84 0.000005
84 0.000005
84 0.000005
85 0.000005
85 0.000004
85 0.000005
85 0.000004
85 0.000004
86 0.000005
86 0.000005
86 0.000005
86 0.000005
86 0.000005
87 0.000005
87 0.000004
87 0.000005
87 0.000005
87 0.000004
88 0.000005
88 0.000005
88 0.000005
88 0.000005
88 0.000005
89 0.000005
89 0.000005
89 0.000005
89 0.000005
89 0.000005
90 0.000005
90 0.000005
90 0.000005
90 0.000005
90 0.000005
91 0.000005
91 0.000005
91 0.000005
91 0.000005
91 0.000005
92 0.000006
92 0.000005
92 0.000005
92 0.000005
92 0.000005
93 0.000006
93 0.000005
93 0.000005
93 0.000005
93 0.000005
94 0.000005
94 0.000005
94 0.000005
94 0.000005
94 0.000005
95 0.000005
95 0.000004
95 0.000006
95 0.000006
95 0.000005
96 0.000005
96 0.000005
96 0.000006
96 0.000006
96 0.000005
97 0.000005
97 0.000005
97 0.000005
97 0.000006
97 0.000006
98 0.000006
98 0.000006
98 0.000006
98 0.000006
98 0.000006
99 0.000005
99 0.000006
99 0.000005
99 0.000005
99 0.000005
100 0.000006
100 0.000006
100 0.000006
100 0.000006
100 0.000006
101 0.000006
101 0.000006
101 0.000005
101 0.000006
101 0.000006
102 0.000006
102 0.000006
102 0.000006
102 0.000005
102 0.000006
103 0.000005
103 0.000006
103 0.000005
103 0.000006
103 0.000006
104 0.000005
104 0.000006
104 0.000006
104 0.000005
104 0.000006
105 0.000006
105 0.000006
105 0.000006
105 0.000006
105 0.000006
106 0.000006
106 0.000006
106 0.000005
106 0.000007
106 0.000006
107 0.000006
107 0.000006
107 0.000006
107 0.000006
107 0.000006
108 0.000007
108 0.000006
108 0.000006
108 0.000006
108 0.000006
109 0.000006
109 0.000006
109 0.000006
109 0.000007
109 0.000006
110 0.000006
110 0.000006
110 0.000006
110 0.000007
110 0.000007
111 0.000007
111 0.000006
111 0.000006
111 0.000007
111 0.000007
112 0.000006
112 0.000006
112 0.000006
112 0.000007
112 0.000007
113 0.000007
113 0.000007
113 0.000007
113 0.000006
113 0.000006
114 0.000007
114 0.000007
114 0.000006
114 0.000007
114 0.000006
115 0.000006
115 0.000006
115 0.000007
115 0.000007
115 0.000007
116 0.000006
116 0.000007
116 0.000007
116 0.000006
116 0.000007
117 0.000007
117 0.000007
117 0.000006
117 0.000007
117 0.000006
118 0.000006
118 0.000007
118 0.000007
118 0.000006
118 0.000007
119 0.000007
119 0.000007
119 0.000006
119 0.000007
119 0.000006
120 0.000007
120 0.000006
120 0.000007
120 0.000006
120 0.000007
121 0.000007
121 0.000006
121 0.000007
121 0.000008
121 0.000007
122 0.000007
122 0.000007
122 0.000007
122 0.000007
122 0.000008
123 0.000007
123 0.000007
123 0.000007
123 0.000007
123 0.000007
124 0.000007
124 0.000006
124 0.000007
124 0.000007
124 0.000006
125 0.000007
125 0.000006
125 0.000008
125 0.000007
125 0.000007
126 0.000007
126 0.000007
126 0.000007
126 0.000008
126 0.000007
127 0.000007
127 0.000008
127 0.000008
127 0.000006
127 0.000007
128 0.000008
128 0.000007
128 0.000007
128 0.000007
128 0.000008
129 0.000008
129 0.000007
129 0.000008
129 0.000008
129 0.000008
130 0.000007
130 0.000008
130 0.000007
130 0.000008
130 0.000007
131 0.000008
131 0.000009
131 0.000007
131 0.000008
131 0.000007
132 0.000008
132 0.000008
132 0.000007
132 0.000008
132 0.000008
133 0.000007
133 0.000007
133 0.000008
133 0.000008
133 0.000008
134 0.000007
134 0.000007
134 0.000008
134 0.000008
134 0.000007
135 0.000008
135 0.000008
135 0.000017
135 0.000008
135 0.000008
136 0.000008
136 0.000007
136 0.000008
136 0.000008
136 0.000008
137 0.000008
137 0.000008
137 0.000008
137 0.000007
137 0.000007
138 0.000008
138 0.000007
138 0.000008
138 0.000008
138 0.000007
139 0.000009
139 0.000008
139 0.000008
139 0.000009
139 0.000008
140 0.000008
140 0.000009
140 0.000007
140 0.000008
140 0.000008
141 0.000008
141 0.000008
141 0.000008
141 0.000008
141 0.000008
142 0.000017
142 0.000008
142 0.000008
142 0.000007
142 0.000008
143 0.000008
143 0.000008
143 0.000010
143 0.000009
143 0.000008
144 0.000008
144 0.000008
144 0.000008
144 0.000009
144 0.000008
145 0.000008
145 0.000008
145 0.000008
145 0.000008
145 0.000009
146 0.000008
146 0.000008
146 0.000008
146 0.000009
146 0.000009
147 0.000009
147 0.000008
147 0.000008
147 0.000009
147 0.000009
148 0.000008
148 0.000008
148 0.000009
148 0.000009
148 0.000009
149 0.000009
149 0.000009
149 0.000009
149 0.000009
149 0.000009
