10000 0.000848
10000 0.000827
10000 0.000825
20000 0.001736
20000 0.001796
20000 0.001729
30000 0.002709
30000 0.002644
30000 0.002722
40000 0.003603
40000 0.003651
40000 0.003601
50000 0.004763
50000 0.004677
50000 0.004841
60000 0.005516
60000 0.005578
60000 0.005518
70000 0.006408
70000 0.006425
70000 0.006418
80000 0.007571
80000 0.007449
80000 0.007505
90000 0.008600
90000 0.008555
90000 0.008777
100000 0.010311
100000 0.009721
100000 0.009772
110000 0.010713
110000 0.010752
110000 0.010767
120000 0.011835
120000 0.011400
120000 0.012622
130000 0.012475
130000 0.012764
130000 0.012514
140000 0.013673
140000 0.013350
140000 0.013424
150000 0.014462
150000 0.014503
150000 0.014369
160000 0.015058
160000 0.015563
160000 0.015643
170000 0.016319
170000 0.016631
170000 0.016356
180000 0.017170
180000 0.017252
180000 0.017561
190000 0.018153
190000 0.018034
190000 0.017958
200000 0.018943
200000 0.019205
200000 0.019095
210000 0.020012
210000 0.020611
210000 0.020057
220000 0.021839
220000 0.021450
220000 0.021442
230000 0.022386
230000 0.021928
230000 0.022313
240000 0.022898
240000 0.023215
240000 0.023275
250000 0.024060
250000 0.025817
250000 0.024568
260000 0.025303
260000 0.025097
260000 0.026295
270000 0.025705
270000 0.025878
270000 0.026028
280000 0.026934
280000 0.027236
280000 0.027046
290000 0.028225
290000 0.028793
290000 0.029898
300000 0.029243
300000 0.029729
300000 0.029384
310000 0.030662
310000 0.030271
310000 0.030629
320000 0.031831
320000 0.031969
320000 0.030949
330000 0.033270
330000 0.032205
330000 0.032184
340000 0.032749
340000 0.033931
340000 0.032992
350000 0.033985
350000 0.034494
350000 0.034129
360000 0.034857
360000 0.034263
360000 0.035991
370000 0.035795
370000 0.036932
370000 0.035990
380000 0.037770
380000 0.037387
380000 0.038007
390000 0.038510
390000 0.038066
390000 0.039092
400000 0.039330
400000 0.039062
400000 0.039073
410000 0.040706
410000 0.040364
410000 0.040532
420000 0.040266
420000 0.041224
420000 0.041534
430000 0.041519
430000 0.041316
430000 0.042967
440000 0.042325
440000 0.042575
440000 0.044146
450000 0.043732
450000 0.043358
450000 0.043579
460000 0.046529
460000 0.045385
460000 0.045375
470000 0.045684
470000 0.047419
470000 0.047211
480000 0.046670
480000 0.048390
480000 0.048534
490000 0.046835
490000 0.048306
490000 0.051049
500000 0.051826
500000 0.051236
500000 0.048869
510000 0.050220
510000 0.050669
510000 0.050181
520000 0.051921
520000 0.052957
520000 0.053221
530000 0.052539
530000 0.053797
530000 0.053037
540000 0.053961
540000 0.054182
540000 0.053073
550000 0.055107
550000 0.055058
550000 0.054624
560000 0.055984
560000 0.054199
560000 0.054678
570000 0.055133
570000 0.056026
570000 0.056727
580000 0.058187
580000 0.058289
580000 0.058090
590000 0.060492
590000 0.056743
590000 0.058859
600000 0.059653
600000 0.059467
600000 0.059717
610000 0.058741
610000 0.060688
610000 0.059909
620000 0.061419
620000 0.060803
620000 0.059401
630000 0.062755
630000 0.062999
630000 0.062461
640000 0.063749
640000 0.063911
640000 0.064371
650000 0.064430
650000 0.064359
650000 0.063700
660000 0.064332
660000 0.065649
660000 0.064737
670000 0.066327
670000 0.063242
670000 0.066164
680000 0.066104
680000 0.068469
680000 0.068814
690000 0.069776
690000 0.070051
690000 0.069113
700000 0.068139
700000 0.069511
700000 0.067709
710000 0.069365
710000 0.073837
710000 0.070243
720000 0.070454
720000 0.070531
720000 0.068944
730000 0.072964
730000 0.071244
730000 0.073551
740000 0.072250
740000 0.074408
740000 0.072019
750000 0.073396
750000 0.075195
750000 0.074026
760000 0.076713
760000 0.073955
760000 0.077123
770000 0.078339
770000 0.076931
770000 0.075009
780000 0.076532
780000 0.075804
780000 0.078438
790000 0.078788
790000 0.078330
790000 0.077179
800000 0.078372
800000 0.078329
800000 0.077550
810000 0.082493
810000 0.079142
810000 0.080204
820000 0.079031
820000 0.079979
820000 0.084856
830000 0.085741
830000 0.083797
830000 0.082484
840000 0.085030
840000 0.084249
840000 0.085188
850000 0.084729
850000 0.084691
850000 0.085821
860000 0.091428
860000 0.090026
860000 0.083306
870000 0.086086
870000 0.085328
870000 0.084296
880000 0.090594
880000 0.088943
880000 0.088215
890000 0.087513
890000 0.091155
890000 0.090660
900000 0.091467
900000 0.094089
900000 0.087922
910000 0.091221
910000 0.089064
910000 0.092108
920000 0.091624
920000 0.090727
920000 0.088530
930000 0.094857
930000 0.092376
930000 0.092581
940000 0.094621
940000 0.096253
940000 0.097016
950000 0.099109
950000 0.095653
950000 0.093751
960000 0.095728
960000 0.095513
960000 0.098321
970000 0.097600
970000 0.098166
970000 0.097546
980000 0.099317
980000 0.099153
980000 0.096173
990000 0.100421
990000 0.097667
990000 0.097622
10000 0.000821
10000 0.000833
10000 0.000852
10000 0.000812
10000 0.000803
20000 0.001702
20000 0.001760
20000 0.001699
20000 0.001704
20000 0.001703
30000 0.002610
30000 0.003093
30000 0.002633
30000 0.002675
30000 0.002743
40000 0.003513
40000 0.003539
40000 0.003408
40000 0.003514
40000 0.003539
50000 0.004348
50000 0.004456
50000 0.004430
50000 0.004435
50000 0.004329
60000 0.005311
60000 0.005290
60000 0.005281
60000 0.005266
60000 0.005309
70000 0.006139
70000 0.006329
70000 0.006284
70000 0.006308
70000 0.006195
80000 0.007025
80000 0.007351
80000 0.007228
80000 0.007132
80000 0.006890
90000 0.008031
90000 0.007905
90000 0.007740
90000 0.007853
90000 0.008288
100000 0.009246
100000 0.008931
100000 0.008913
100000 0.009791
100000 0.008813
110000 0.009913
110000 0.010054
110000 0.009982
110000 0.009766
110000 0.009803
120000 0.010476
120000 0.010718
120000 0.011037
120000 0.010675
120000 0.010551
130000 0.011630
130000 0.011489
130000 0.011361
130000 0.011477
130000 0.011366
140000 0.012589
140000 0.012381
140000 0.012622
140000 0.012232
140000 0.012118
150000 0.013018
150000 0.013051
150000 0.013542
150000 0.012946
150000 0.013061
160000 0.014108
160000 0.014367
160000 0.014166
160000 0.014362
160000 0.014564
170000 0.015305
170000 0.015001
170000 0.015132
170000 0.015165
170000 0.014755
180000 0.016180
180000 0.015917
180000 0.016068
180000 0.016625
180000 0.016099
190000 0.017022
190000 0.016611
190000 0.016803
190000 0.016926
190000 0.017086
200000 0.017928
200000 0.017667
200000 0.018989
200000 0.017745
200000 0.018081
210000 0.018985
210000 0.018857
210000 0.018498
210000 0.018325
210000 0.018375
220000 0.019281
220000 0.019499
220000 0.019414
220000 0.019760
220000 0.019322
230000 0.020790
230000 0.020382
230000 0.020638
230000 0.020665
230000 0.020853
240000 0.021089
240000 0.021450
240000 0.021848
240000 0.021464
240000 0.020649
250000 0.022019
250000 0.022802
250000 0.022501
250000 0.022141
250000 0.022986
260000 0.024046
260000 0.023772
260000 0.023187
260000 0.024240
260000 0.023654
270000 0.025129
270000 0.023874
270000 0.025164
270000 0.024120
270000 0.024713
280000 0.025989
280000 0.025639
280000 0.025471
280000 0.024370
280000 0.024854
290000 0.025405
290000 0.026039
290000 0.025909
290000 0.025548
290000 0.026157
300000 0.026814
300000 0.026294
300000 0.027118
300000 0.027524
300000 0.027486
310000 0.027703
310000 0.028660
310000 0.027964
310000 0.028303
310000 0.027713
320000 0.028002
320000 0.028885
320000 0.028453
320000 0.029222
320000 0.028567
330000 0.029932
330000 0.029626
330000 0.029512
330000 0.029580
330000 0.030052
340000 0.031141
340000 0.030210
340000 0.031606
340000 0.030731
340000 0.030050
350000 0.030827
350000 0.031347
350000 0.031288
350000 0.031053
350000 0.032154
360000 0.033449
360000 0.033177
360000 0.031999
360000 0.032532
360000 0.032209
370000 0.039598
370000 0.035272
370000 0.034312
370000 0.032659
370000 0.033377
380000 0.034566
380000 0.035204
380000 0.035060
380000 0.034939
380000 0.034872
390000 0.035150
390000 0.036400
390000 0.034909
390000 0.035910
390000 0.034354
400000 0.036872
400000 0.035996
400000 0.035832
400000 0.035283
400000 0.035482
410000 0.036230
410000 0.038033
410000 0.036958
410000 0.038037
410000 0.037958
420000 0.039991
420000 0.037726
420000 0.038715
420000 0.038416
420000 0.037602
430000 0.038622
430000 0.040128
430000 0.039012
430000 0.039604
430000 0.038926
440000 0.040617
440000 0.041620
440000 0.038983
440000 0.040064
440000 0.039802
450000 0.041918
450000 0.040092
450000 0.040113
450000 0.040199
450000 0.039981
460000 0.043125
460000 0.043354
460000 0.043874
460000 0.042153
460000 0.040930
470000 0.043154
470000 0.044464
470000 0.041386
470000 0.043689
470000 0.044495
480000 0.044685
480000 0.042892
480000 0.042282
480000 0.043367
480000 0.045652
490000 0.045129
490000 0.045331
490000 0.045984
490000 0.046227
490000 0.044987
500000 0.047302
500000 0.047168
500000 0.046158
500000 0.047219
500000 0.045878
510000 0.047277
510000 0.046390
510000 0.046545
510000 0.045592
510000 0.047315
520000 0.047091
520000 0.047425
520000 0.047681
520000 0.046984
520000 0.047525
530000 0.053085
530000 0.047280
530000 0.047572
530000 0.049532
530000 0.047062
540000 0.048042
540000 0.048820
540000 0.047981
540000 0.048862
540000 0.047893
550000 0.049513
550000 0.048597
550000 0.050023
550000 0.049739
550000 0.048854
560000 0.050411
560000 0.052128
560000 0.051727
560000 0.049636
560000 0.050163
570000 0.053130
570000 0.051595
570000 0.051877
570000 0.050613
570000 0.051068
580000 0.053513
580000 0.052126
580000 0.054407
580000 0.051267
580000 0.052331
590000 0.052568
590000 0.052589
590000 0.052206
590000 0.053285
590000 0.052745
600000 0.055159
600000 0.054871
600000 0.053965
600000 0.053619
600000 0.054310
610000 0.054304
610000 0.057463
610000 0.054758
610000 0.056195
610000 0.060889
620000 0.056097
620000 0.055193
620000 0.055866
620000 0.058557
620000 0.056390
630000 0.057985
630000 0.059890
630000 0.059760
630000 0.059556
630000 0.056978
640000 0.057852
640000 0.056580
640000 0.059671
640000 0.058418
640000 0.057408
650000 0.061969
650000 0.059392
650000 0.064677
650000 0.060371
650000 0.058935
660000 0.062368
660000 0.063234
660000 0.062326
660000 0.059612
660000 0.062830
670000 0.063543
670000 0.062759
670000 0.061423
670000 0.061876
670000 0.061739
680000 0.061447
680000 0.062328
680000 0.061868
680000 0.061794
680000 0.061901
690000 0.063147
690000 0.061867
690000 0.063827
690000 0.062109
690000 0.062208
700000 0.064007
700000 0.062825
700000 0.064808
700000 0.068112
700000 0.069032
710000 0.069758
710000 0.066158
710000 0.067386
710000 0.065986
710000 0.066035
720000 0.064896
720000 0.065410
720000 0.065104
720000 0.083756
720000 0.068708
730000 0.068088
730000 0.068116
730000 0.066820
730000 0.066402
730000 0.065300
740000 0.067036
740000 0.066947
740000 0.066828
740000 0.065190
740000 0.066273
750000 0.068474
750000 0.067430
750000 0.070468
750000 0.069035
750000 0.070970
760000 0.068962
760000 0.069377
760000 0.067484
760000 0.069686
760000 0.068370
770000 0.069985
770000 0.069139
770000 0.070355
770000 0.070301
770000 0.069418
780000 0.069652
780000 0.070393
780000 0.071258
780000 0.071096
780000 0.071066
790000 0.070756
790000 0.071503
790000 0.071795
790000 0.070271
790000 0.072670
800000 0.072058
800000 0.072541
800000 0.071863
800000 0.073947
800000 0.071155
810000 0.074577
810000 0.071381
810000 0.073943
810000 0.074746
810000 0.073141
820000 0.072444
820000 0.073927
820000 0.074251
820000 0.075338
820000 0.074554
830000 0.076096
830000 0.076909
830000 0.076785
830000 0.072833
830000 0.074601
840000 0.075589
840000 0.076111
840000 0.075603
840000 0.076334
840000 0.075713
850000 0.078322
850000 0.078870
850000 0.077060
850000 0.077238
850000 0.078529
860000 0.076068
860000 0.076710
860000 0.079816
860000 0.078890
860000 0.077395
870000 0.078254
870000 0.078684
870000 0.084097
870000 0.080354
870000 0.082317
880000 0.080978
880000 0.086116
880000 0.083095
880000 0.080400
880000 0.083552
890000 0.086489
890000 0.086365
890000 0.084681
890000 0.081240
890000 0.082762
900000 0.081587
900000 0.083168
900000 0.081618
900000 0.079737
900000 0.081281
910000 0.082142
910000 0.080861
910000 0.082212
910000 0.083340
910000 0.082271
920000 0.084080
920000 0.083768
920000 0.084196
920000 0.083516
920000 0.082227
930000 0.083818
930000 0.084217
930000 0.084485
930000 0.083982
930000 0.084390
940000 0.084644
940000 0.085902
940000 0.085143
940000 0.084646
940000 0.084872
950000 0.086421
950000 0.087326
950000 0.085410
950000 0.086899
950000 0.085518
960000 0.086915
960000 0.086719
960000 0.090916
960000 0.090173
960000 0.086894
970000 0.087126
970000 0.088076
970000 0.088640
970000 0.087693
970000 0.088810
980000 0.092819
980000 0.088510
980000 0.087794
980000 0.089315
980000 0.088651
990000 0.089498
990000 0.087886
990000 0.090024
990000 0.089121
990000 0.089908
