10000 0.000834
10000 0.000840
10000 0.000824
20000 0.001826
20000 0.001757
20000 0.001723
30000 0.002726
30000 0.002657
30000 0.002761
40000 0.003649
40000 0.003646
40000 0.003689
50000 0.004696
50000 0.004811
50000 0.004721
60000 0.005619
60000 0.006095
60000 0.006818
70000 0.006464
70000 0.006542
70000 0.006406
80000 0.007393
80000 0.007434
80000 0.007481
90000 0.008483
90000 0.008501
90000 0.008615
100000 0.009432
100000 0.009341
100000 0.009501
110000 0.010435
110000 0.010476
110000 0.010498
120000 0.011234
120000 0.011313
120000 0.011356
130000 0.012521
130000 0.012337
130000 0.012471
140000 0.013364
140000 0.013511
140000 0.013244
150000 0.015389
150000 0.014368
150000 0.014308
160000 0.015122
160000 0.015140
160000 0.015583
170000 0.016625
170000 0.016533
170000 0.016610
180000 0.017405
180000 0.017556
180000 0.017361
190000 0.018551
190000 0.018060
190000 0.018157
200000 0.019018
200000 0.019038
200000 0.018971
210000 0.020167
210000 0.020027
210000 0.020038
220000 0.021499
220000 0.021638
220000 0.021499
230000 0.021671
230000 0.021663
230000 0.021638
240000 0.022827
240000 0.023229
240000 0.023381
250000 0.023955
250000 0.024055
250000 0.024652
260000 0.025925
260000 0.025200
260000 0.025164
270000 0.025721
270000 0.025866
270000 0.025995
280000 0.026872
280000 0.026948
280000 0.026807
290000 0.027779
290000 0.027791
290000 0.027760
300000 0.028844
300000 0.028689
300000 0.028808
310000 0.030034
310000 0.030096
310000 0.029884
320000 0.031093
320000 0.030963
320000 0.030976
330000 0.032241
330000 0.032153
330000 0.032210
340000 0.032809
340000 0.032909
340000 0.032735
350000 0.033917
350000 0.033887
350000 0.033898
360000 0.034677
360000 0.034691
360000 0.034863
370000 0.035878
370000 0.036120
370000 0.035908
380000 0.036763
380000 0.036785
380000 0.036892
390000 0.038087
390000 0.038406
390000 0.038974
400000 0.038246
400000 0.038242
400000 0.038697
410000 0.039240
410000 0.039667
410000 0.039473
420000 0.040037
420000 0.039924
420000 0.041673
430000 0.041547
430000 0.041554
430000 0.041881
440000 0.042277
440000 0.042319
440000 0.042264
450000 0.043913
450000 0.044720
450000 0.043398
460000 0.045141
460000 0.045356
460000 0.045313
470000 0.045986
470000 0.045858
470000 0.045600
480000 0.046979
480000 0.047140
480000 0.046962
490000 0.046995
490000 0.047009
490000 0.047947
500000 0.048698
500000 0.048669
500000 0.048709
510000 0.049074
510000 0.048906
510000 0.049945
520000 0.051709
520000 0.051648
520000 0.051632
530000 0.052359
530000 0.052204
530000 0.052262
540000 0.052712
540000 0.052546
540000 0.052574
550000 0.053867
550000 0.053560
550000 0.053139
560000 0.054533
560000 0.054485
560000 0.054437
570000 0.055060
570000 0.057544
570000 0.055411
580000 0.056854
580000 0.056830
580000 0.056695
590000 0.058527
590000 0.057023
590000 0.056846
600000 0.058515
600000 0.058559
600000 0.058417
610000 0.059107
610000 0.059143
610000 0.058920
620000 0.060655
620000 0.061892
620000 0.059693
630000 0.060733
630000 0.061003
630000 0.062053
640000 0.061711
640000 0.061816
640000 0.062470
650000 0.063702
650000 0.063864
650000 0.063204
660000 0.064111
660000 0.064178
660000 0.064007
670000 0.065999
670000 0.064091
670000 0.064205
680000 0.067434
680000 0.066406
680000 0.066210
690000 0.068302
690000 0.067988
690000 0.068020
700000 0.070108
700000 0.068433
700000 0.070312
710000 0.068957
710000 0.068724
710000 0.068729
720000 0.069271
720000 0.069393
720000 0.069499
730000 0.070796
730000 0.071817
730000 0.071951
740000 0.072774
740000 0.075001
740000 0.071368
750000 0.072888
750000 0.072959
750000 0.072788
760000 0.074818
760000 0.074480
760000 0.074754
770000 0.078539
770000 0.075441
770000 0.075671
780000 0.076307
780000 0.076317
780000 0.078192
790000 0.076822
790000 0.076774
790000 0.076555
800000 0.077700
800000 0.079725
800000 0.077716
810000 0.078939
810000 0.079293
810000 0.079065
820000 0.078642
820000 0.079064
820000 0.080689
830000 0.081501
830000 0.081392
830000 0.081896
840000 0.086311
840000 0.083452
840000 0.083846
850000 0.082845
850000 0.082888
850000 0.083012
860000 0.084185
860000 0.087074
860000 0.085405
870000 0.085216
870000 0.085348
870000 0.084893
880000 0.086311
880000 0.085820
880000 0.085418
890000 0.086650
890000 0.086647
890000 0.088518
900000 0.088817
900000 0.089158
900000 0.088085
910000 0.090001
910000 0.093032
910000 0.092630
920000 0.089194
920000 0.089928
920000 0.089598
930000 0.090049
930000 0.090135
930000 0.091004
940000 0.092673
940000 0.091915
940000 0.100763
950000 0.093601
950000 0.092833
950000 0.094024
960000 0.094978
960000 0.095209
960000 0.093898
970000 0.095509
970000 0.095280
970000 0.095196
980000 0.095640
980000 0.095209
980000 0.097522
990000 0.096755
990000 0.095374
990000 0.096273
10000 0.000843
10000 0.000891
10000 0.000821
10000 0.000817
10000 0.000835
20000 0.001776
20000 0.001720
20000 0.001705
20000 0.001729
20000 0.001691
30000 0.002568
30000 0.002597
30000 0.002609
30000 0.002595
30000 0.002672
40000 0.003535
40000 0.003513
40000 0.003448
40000 0.003489
40000 0.003553
50000 0.004308
50000 0.004463
50000 0.004461
50000 0.004536
50000 0.004366
60000 0.005321
60000 0.005225
60000 0.005941
60000 0.005389
60000 0.005268
70000 0.006227
70000 0.006235
70000 0.006205
70000 0.006191
70000 0.006340
80000 0.006974
80000 0.007485
80000 0.007279
80000 0.007118
80000 0.007386
90000 0.008103
90000 0.007991
90000 0.007889
90000 0.007775
90000 0.008199
100000 0.009109
100000 0.009069
100000 0.008841
100000 0.008925
100000 0.008874
110000 0.009859
110000 0.009810
110000 0.009818
110000 0.009690
110000 0.009773
120000 0.010980
120000 0.010807
120000 0.011100
120000 0.010612
120000 0.010507
130000 0.011520
130000 0.011571
130000 0.011354
130000 0.011525
130000 0.011284
140000 0.012906
140000 0.012430
140000 0.012613
140000 0.012303
140000 0.012362
150000 0.013063
150000 0.013103
150000 0.013319
150000 0.013319
150000 0.013136
160000 0.014261
160000 0.014327
160000 0.014214
160000 0.014114
160000 0.014452
170000 0.015053
170000 0.015091
170000 0.015091
170000 0.014780
170000 0.015016
180000 0.016344
180000 0.015979
180000 0.015976
180000 0.016121
180000 0.016075
190000 0.017122
190000 0.016677
190000 0.016832
190000 0.017003
190000 0.017000
200000 0.017532
200000 0.017793
200000 0.017701
200000 0.017558
200000 0.017576
210000 0.018969
210000 0.018703
210000 0.018486
210000 0.018431
210000 0.018579
220000 0.019427
220000 0.019571
220000 0.019797
220000 0.019505
220000 0.019401
230000 0.020663
230000 0.020494
230000 0.020481
230000 0.021926
230000 0.020210
240000 0.021078
240000 0.021539
240000 0.021633
240000 0.022112
240000 0.020848
250000 0.022128
250000 0.022051
250000 0.021922
250000 0.022225
250000 0.022155
260000 0.023233
260000 0.023200
260000 0.023262
260000 0.023449
260000 0.023191
270000 0.024259
270000 0.024084
270000 0.024316
270000 0.024194
270000 0.024541
280000 0.025535
280000 0.025289
280000 0.024945
280000 0.024792
280000 0.024991
290000 0.025478
290000 0.025994
290000 0.025859
290000 0.025735
290000 0.026247
300000 0.026868
300000 0.026216
300000 0.027296
300000 0.026921
300000 0.026917
310000 0.027546
310000 0.027848
310000 0.028036
310000 0.028138
310000 0.027715
320000 0.028282
320000 0.028786
320000 0.028479
320000 0.028571
320000 0.028694
330000 0.029054
330000 0.028970
330000 0.029378
330000 0.028859
330000 0.029538
340000 0.030262
340000 0.030066
340000 0.030111
340000 0.030783
340000 0.029410
350000 0.030912
350000 0.031181
350000 0.031269
350000 0.030949
350000 0.031171
360000 0.032301
360000 0.032093
360000 0.032431
360000 0.032432
360000 0.032131
370000 0.033720
370000 0.033391
370000 0.033284
370000 0.033012
370000 0.033045
380000 0.033331
380000 0.034160
380000 0.034412
380000 0.034958
380000 0.034228
390000 0.034469
390000 0.034930
390000 0.034609
390000 0.034436
390000 0.034653
400000 0.035709
400000 0.035688
400000 0.035793
400000 0.036228
400000 0.035400
410000 0.036631
410000 0.037308
410000 0.036115
410000 0.036339
410000 0.037250
420000 0.038662
420000 0.038110
420000 0.038035
420000 0.038399
420000 0.037743
430000 0.048223
430000 0.038830
430000 0.038174
430000 0.039187
430000 0.038177
440000 0.039122
440000 0.039562
440000 0.038961
440000 0.039771
440000 0.039589
450000 0.039953
450000 0.040093
450000 0.039770
450000 0.039738
450000 0.039901
460000 0.041275
460000 0.041342
460000 0.041539
460000 0.041433
460000 0.041137
470000 0.041885
470000 0.042570
470000 0.044001
470000 0.042246
470000 0.042910
480000 0.043489
480000 0.042666
480000 0.042732
480000 0.043151
480000 0.043715
490000 0.044180
490000 0.043711
490000 0.043811
490000 0.044032
490000 0.044713
500000 0.044944
500000 0.045261
500000 0.044983
500000 0.045134
500000 0.044837
510000 0.045529
510000 0.045968
510000 0.045916
510000 0.045626
510000 0.045991
520000 0.046281
520000 0.046543
520000 0.046890
520000 0.047020
520000 0.046752
530000 0.047317
530000 0.053595
530000 0.048574
530000 0.048176
530000 0.047534
540000 0.048784
540000 0.049444
540000 0.049623
540000 0.050221
540000 0.049092
550000 0.050584
550000 0.049381
550000 0.049553
550000 0.069089
550000 0.051106
560000 0.050332
560000 0.050561
560000 0.051285
560000 0.050480
560000 0.052444
570000 0.052469
570000 0.053370
570000 0.055696
570000 0.051219
570000 0.053341
580000 0.052333
580000 0.052966
580000 0.057265
580000 0.052322
580000 0.052707
590000 0.052898
590000 0.053127
590000 0.054925
590000 0.053821
590000 0.053218
600000 0.057753
600000 0.057343
600000 0.054459
600000 0.054766
600000 0.056419
610000 0.056618
610000 0.055375
610000 0.055299
610000 0.054908
610000 0.055098
620000 0.056132
620000 0.055750
620000 0.055516
620000 0.055876
620000 0.055712
630000 0.057181
630000 0.057293
630000 0.058264
630000 0.058517
630000 0.057444
640000 0.059418
640000 0.057631
640000 0.057918
640000 0.057939
640000 0.058636
650000 0.060719
650000 0.060994
650000 0.062524
650000 0.057980
650000 0.058385
660000 0.059684
660000 0.060768
660000 0.058690
660000 0.059500
660000 0.060413
670000 0.060435
670000 0.062923
670000 0.060299
670000 0.061354
670000 0.060869
680000 0.061880
680000 0.064253
680000 0.063814
680000 0.062346
680000 0.062370
690000 0.063505
690000 0.065094
690000 0.066259
690000 0.065679
690000 0.065251
700000 0.064808
700000 0.063949
700000 0.063714
700000 0.062426
700000 0.063287
710000 0.064986
710000 0.064420
710000 0.066663
710000 0.062995
710000 0.064966
720000 0.071989
720000 0.067435
720000 0.065830
720000 0.068542
720000 0.066237
730000 0.064834
730000 0.067100
730000 0.069227
730000 0.067207
730000 0.065503
740000 0.066775
740000 0.066781
740000 0.067086
740000 0.065903
740000 0.065896
750000 0.067620
750000 0.068053
750000 0.067759
750000 0.066671
750000 0.069405
760000 0.068185
760000 0.067892
760000 0.070478
760000 0.069957
760000 0.071213
770000 0.070378
770000 0.069566
770000 0.069526
770000 0.070226
770000 0.069405
780000 0.069889
780000 0.070958
780000 0.069301
780000 0.070629
780000 0.072883
790000 0.073489
790000 0.072801
790000 0.073539
790000 0.073822
790000 0.075350
800000 0.073113
800000 0.075923
800000 0.076183
800000 0.074004
800000 0.072441
810000 0.075571
810000 0.076306
810000 0.075703
810000 0.084213
810000 0.083353
820000 0.078208
820000 0.076825
820000 0.075243
820000 0.076217
820000 0.075733
830000 0.078508
830000 0.077884
830000 0.075866
830000 0.072979
830000 0.075199
840000 0.076333
840000 0.076885
840000 0.076764
840000 0.076927
840000 0.076118
850000 0.079824
850000 0.077259
850000 0.077336
850000 0.081519
850000 0.078296
860000 0.078223
860000 0.077618
860000 0.077565
860000 0.079161
860000 0.077579
870000 0.079965
870000 0.078554
870000 0.084201
870000 0.078457
870000 0.077756
880000 0.079177
880000 0.080891
880000 0.080047
880000 0.087764
880000 0.082222
890000 0.085750
890000 0.080863
890000 0.080706
890000 0.081430
890000 0.082672
900000 0.081539
900000 0.083406
900000 0.081843
900000 0.080368
900000 0.082138
910000 0.085834
910000 0.081662
910000 0.086055
910000 0.089323
910000 0.083459
920000 0.084465
920000 0.084441
920000 0.087927
920000 0.092728
920000 0.083362
930000 0.084950
930000 0.085314
930000 0.085149
930000 0.084814
930000 0.084629
940000 0.085223
940000 0.086596
940000 0.086251
940000 0.085690
940000 0.085745
950000 0.087114
950000 0.087282
950000 0.086257
950000 0.087609
950000 0.085676
960000 0.087594
960000 0.087306
960000 0.091455
960000 0.088386
960000 0.087274
970000 0.087558
970000 0.088132
970000 0.088719
970000 0.087301
970000 0.089184
980000 0.090531
980000 0.089591
980000 0.088377
980000 0.091607
980000 0.089178
990000 0.090146
990000 0.094081
990000 0.091471
990000 0.092887
990000 0.091101
