10000 0.001087
10000 0.001002
10000 0.001014
20000 0.002053
20000 0.002098
20000 0.002250
30000 0.003176
30000 0.003268
30000 0.003205
40000 0.004256
40000 0.004272
40000 0.004280
50000 0.005446
50000 0.005483
50000 0.005409
60000 0.006490
60000 0.006467
60000 0.006394
70000 0.007414
70000 0.007548
70000 0.007464
80000 0.008536
80000 0.008497
80000 0.008507
90000 0.009466
90000 0.009483
90000 0.009511
100000 0.010905
100000 0.010907
100000 0.010832
110000 0.011932
110000 0.011940
110000 0.011972
120000 0.012846
120000 0.012800
120000 0.012895
130000 0.013635
130000 0.013614
130000 0.013662
140000 0.015344
140000 0.015420
140000 0.015794
150000 0.015943
150000 0.015866
150000 0.015861
160000 0.017415
160000 0.017381
160000 0.017262
170000 0.018019
170000 0.018197
170000 0.018254
180000 0.019324
180000 0.019316
180000 0.019390
190000 0.020364
190000 0.019795
190000 0.019899
200000 0.021094
200000 0.021336
200000 0.021156
210000 0.022300
210000 0.022289
210000 0.022286
220000 0.024259
220000 0.024042
220000 0.024773
230000 0.024444
230000 0.024428
230000 0.024500
240000 0.025741
240000 0.025009
240000 0.024958
250000 0.027019
250000 0.027006
250000 0.027208
260000 0.027425
260000 0.027447
260000 0.027331
270000 0.028014
270000 0.027861
270000 0.027874
280000 0.030335
280000 0.030107
280000 0.030148
290000 0.030681
290000 0.030648
290000 0.030669
300000 0.031194
300000 0.031162
300000 0.031019
310000 0.032791
310000 0.032760
310000 0.033459
320000 0.033914
320000 0.034064
320000 0.033972
330000 0.035154
330000 0.034937
330000 0.035129
340000 0.034936
340000 0.034959
340000 0.034929
350000 0.036799
350000 0.036679
350000 0.036690
360000 0.037125
360000 0.037047
360000 0.037109
370000 0.038976
370000 0.038930
370000 0.038859
380000 0.039131
380000 0.039112
380000 0.039223
390000 0.040055
390000 0.040190
390000 0.040495
400000 0.042532
400000 0.042442
400000 0.042547
410000 0.042796
410000 0.043267
410000 0.046566
420000 0.043720
420000 0.043825
420000 0.046828
430000 0.045175
430000 0.044994
430000 0.044822
440000 0.045592
440000 0.047137
440000 0.045886
450000 0.047327
450000 0.047951
450000 0.047978
460000 0.052749
460000 0.052838
460000 0.052296
470000 0.048276
470000 0.048403
470000 0.049722
480000 0.051954
480000 0.051672
480000 0.051234
490000 0.050637
490000 0.050388
490000 0.052077
500000 0.063526
500000 0.053276
500000 0.052732
510000 0.052899
510000 0.054655
510000 0.052836
520000 0.055325
520000 0.055542
520000 0.056518
530000 0.058629
530000 0.055660
530000 0.056100
540000 0.055376
540000 0.055186
540000 0.056688
550000 0.056967
550000 0.057025
550000 0.056021
560000 0.057511
560000 0.057412
560000 0.057318
570000 0.058239
570000 0.058037
570000 0.060686
580000 0.061989
580000 0.060443
580000 0.060390
590000 0.063648
590000 0.060832
590000 0.060890
600000 0.062098
600000 0.062030
600000 0.062030
610000 0.064620
610000 0.064842
610000 0.064889
620000 0.067236
620000 0.067417
620000 0.064270
630000 0.066530
630000 0.070955
630000 0.071692
640000 0.065927
640000 0.065713
640000 0.065639
650000 0.066768
650000 0.066987
650000 0.066729
660000 0.069644
660000 0.068784
660000 0.068709
670000 0.070386
670000 0.071445
670000 0.071480
680000 0.070731
680000 0.070766
680000 0.070615
690000 0.074310
690000 0.072482
690000 0.072510
700000 0.072405
700000 0.073810
700000 0.073155
710000 0.074117
710000 0.074614
710000 0.074692
720000 0.075667
720000 0.075007
720000 0.075070
730000 0.076394
730000 0.076673
730000 0.077366
740000 0.076260
740000 0.079287
740000 0.075433
750000 0.077369
750000 0.076659
750000 0.076563
760000 0.082900
760000 0.080413
760000 0.080514
770000 0.080962
770000 0.078508
770000 0.078408
780000 0.081714
780000 0.081542
780000 0.082434
790000 0.081003
790000 0.080622
790000 0.080900
800000 0.083503
800000 0.083683
800000 0.083579
810000 0.088427
810000 0.085922
810000 0.086621
820000 0.086953
820000 0.087064
820000 0.087392
830000 0.089090
830000 0.088830
830000 0.088730
840000 0.103142
840000 0.092540
840000 0.090552
850000 0.088415
850000 0.087954
850000 0.088254
860000 0.091646
860000 0.089013
860000 0.089098
870000 0.089863
870000 0.090795
870000 0.092830
880000 0.093232
880000 0.094291
880000 0.091195
890000 0.092591
890000 0.093661
890000 0.092963
900000 0.095630
900000 0.096227
900000 0.092281
910000 0.093386
910000 0.094831
910000 0.094545
920000 0.157237
920000 0.120539
920000 0.107765
930000 0.099230
930000 0.096820
930000 0.098376
940000 0.103546
940000 0.097407
940000 0.096228
950000 0.098538
950000 0.101077
950000 0.103199
960000 0.098840
960000 0.098555
960000 0.098458
970000 0.099207
970000 0.099191
970000 0.099298
980000 0.101979
980000 0.102726
980000 0.102737
990000 0.102037
990000 0.101991
990000 0.102386
10000 0.001154
10000 0.000984
10000 0.000982
10000 0.000951
10000 0.001013
20000 0.001952
20000 0.001918
20000 0.001918
20000 0.001922
20000 0.001892
30000 0.003274
30000 0.002818
30000 0.002846
30000 0.002869
30000 0.002909
40000 0.003746
40000 0.003868
40000 0.003836
40000 0.003926
40000 0.003870
50000 0.004816
50000 0.004670
50000 0.005028
50000 0.004928
50000 0.004751
60000 0.005584
60000 0.005622
60000 0.005628
60000 0.005588
60000 0.005617
70000 0.006693
70000 0.006645
70000 0.006546
70000 0.006494
70000 0.006809
80000 0.007278
80000 0.007607
80000 0.007577
80000 0.007364
80000 0.007303
90000 0.008061
90000 0.008280
90000 0.008357
90000 0.008241
90000 0.008477
100000 0.009435
100000 0.009256
100000 0.009189
100000 0.009257
100000 0.009530
110000 0.010298
110000 0.010127
110000 0.010069
110000 0.010195
110000 0.010073
120000 0.011277
120000 0.011792
120000 0.011156
120000 0.010846
120000 0.010950
130000 0.011937
130000 0.012040
130000 0.012551
130000 0.012111
130000 0.013074
140000 0.012609
140000 0.013018
140000 0.013624
140000 0.014136
140000 0.012965
150000 0.013597
150000 0.013279
150000 0.013739
150000 0.013967
150000 0.013768
160000 0.014592
160000 0.015686
160000 0.015988
160000 0.014908
160000 0.014965
170000 0.015908
170000 0.015785
170000 0.015657
170000 0.015812
170000 0.015581
180000 0.017231
180000 0.016449
180000 0.016210
180000 0.016431
180000 0.017035
190000 0.018408
190000 0.017055
190000 0.017260
190000 0.017480
190000 0.018302
200000 0.018349
200000 0.017821
200000 0.017926
200000 0.018044
200000 0.018009
210000 0.019078
210000 0.018632
210000 0.019321
210000 0.019062
210000 0.019806
220000 0.019462
220000 0.020484
220000 0.020732
220000 0.020290
220000 0.019503
230000 0.020661
230000 0.021316
230000 0.020964
230000 0.021001
230000 0.020527
240000 0.022970
240000 0.022345
240000 0.021877
240000 0.022016
240000 0.022117
250000 0.022655
250000 0.022895
250000 0.022749
250000 0.022679
250000 0.022791
260000 0.023409
260000 0.024067
260000 0.023061
260000 0.023118
260000 0.024030
270000 0.025365
270000 0.024441
270000 0.025687
270000 0.024768
270000 0.023933
280000 0.025795
280000 0.025614
280000 0.026481
280000 0.024930
280000 0.025710
290000 0.026268
290000 0.026268
290000 0.026533
290000 0.027155
290000 0.026672
300000 0.026849
300000 0.027932
300000 0.029219
300000 0.027200
300000 0.029186
310000 0.027704
310000 0.028475
310000 0.028573
310000 0.028367
310000 0.028373
320000 0.030511
320000 0.030458
320000 0.028406
320000 0.029983
320000 0.029697
330000 0.031023
330000 0.029424
330000 0.032423
330000 0.031768
330000 0.030253
340000 0.033191
340000 0.031745
340000 0.032882
340000 0.033865
340000 0.032982
350000 0.036151
350000 0.034653
350000 0.033163
350000 0.035337
350000 0.036038
360000 0.037729
360000 0.034860
360000 0.038770
360000 0.035094
360000 0.034138
370000 0.039471
370000 0.035325
370000 0.038833
370000 0.038847
370000 0.036387
380000 0.038199
380000 0.040215
380000 0.037039
380000 0.037574
380000 0.035555
390000 0.037676
390000 0.035117
390000 0.034964
390000 0.036377
390000 0.038318
400000 0.038020
400000 0.036000
400000 0.036634
400000 0.036651
400000 0.036790
410000 0.037654
410000 0.039793
410000 0.037995
410000 0.037962
410000 0.038533
420000 0.039199
420000 0.037915
420000 0.037348
420000 0.037956
420000 0.038280
430000 0.038752
430000 0.039858
430000 0.041755
430000 0.038967
430000 0.039414
440000 0.040824
440000 0.040586
440000 0.040471
440000 0.041741
440000 0.040498
450000 0.046445
450000 0.041255
450000 0.040165
450000 0.040560
450000 0.040478
460000 0.042252
460000 0.040737
460000 0.042320
460000 0.043792
460000 0.042625
470000 0.043072
470000 0.043519
470000 0.043295
470000 0.042131
470000 0.041740
480000 0.043328
480000 0.044430
480000 0.043911
480000 0.044093
480000 0.044971
490000 0.044304
490000 0.044025
490000 0.044243
490000 0.043848
490000 0.045151
500000 0.045030
500000 0.045903
500000 0.045917
500000 0.044743
500000 0.043842
510000 0.046865
510000 0.045617
510000 0.046136
510000 0.045007
510000 0.047269
520000 0.047932
520000 0.046714
520000 0.050416
520000 0.046781
520000 0.046524
530000 0.047318
530000 0.048943
530000 0.048519
530000 0.048092
530000 0.050053
540000 0.048941
540000 0.048442
540000 0.047795
540000 0.048713
540000 0.048062
550000 0.050119
550000 0.051050
550000 0.051834
550000 0.052897
550000 0.050755
560000 0.051833
560000 0.051955
560000 0.051638
560000 0.049997
560000 0.049557
570000 0.051669
570000 0.052100
570000 0.051612
570000 0.050525
570000 0.052655
580000 0.053473
580000 0.052008
580000 0.052556
580000 0.053591
580000 0.053469
590000 0.054146
590000 0.053360
590000 0.055947
590000 0.055666
590000 0.052824
600000 0.053313
600000 0.053347
600000 0.053848
600000 0.054887
600000 0.053959
610000 0.058265
610000 0.054412
610000 0.053985
610000 0.055026
610000 0.059025
620000 0.054986
620000 0.056360
620000 0.055994
620000 0.055633
620000 0.055168
630000 0.057554
630000 0.057671
630000 0.056244
630000 0.055944
630000 0.056641
640000 0.056910
640000 0.057019
640000 0.058451
640000 0.057211
640000 0.058429
650000 0.057551
650000 0.057968
650000 0.058985
650000 0.058012
650000 0.058408
660000 0.059025
660000 0.060800
660000 0.060032
660000 0.059719
660000 0.063622
670000 0.066584
670000 0.066313
670000 0.066767
670000 0.066310
670000 0.062336
680000 0.067173
680000 0.063246
680000 0.065506
680000 0.064963
680000 0.062203
690000 0.065924
690000 0.061802
690000 0.061640
690000 0.062473
690000 0.062711
700000 0.067544
700000 0.066490
700000 0.063699
700000 0.063640
700000 0.065046
710000 0.063961
710000 0.064152
710000 0.066337
710000 0.063000
710000 0.066514
720000 0.065211
720000 0.064794
720000 0.063720
720000 0.068983
720000 0.066768
730000 0.067300
730000 0.067053
730000 0.070347
730000 0.066892
730000 0.065138
740000 0.066080
740000 0.069282
740000 0.069598
740000 0.066582
740000 0.066329
750000 0.067288
750000 0.069182
750000 0.069633
750000 0.067280
750000 0.069444
760000 0.069617
760000 0.070840
760000 0.067890
760000 0.070046
760000 0.068806
770000 0.068424
770000 0.071008
770000 0.074388
770000 0.069665
770000 0.067737
780000 0.070518
780000 0.072691
780000 0.070348
780000 0.070479
780000 0.070047
790000 0.069503
790000 0.072210
790000 0.071792
790000 0.071895
790000 0.072487
800000 0.071745
800000 0.074043
800000 0.070664
800000 0.074082
800000 0.072574
810000 0.075249
810000 0.073185
810000 0.072969
810000 0.074369
810000 0.072809
820000 0.073542
820000 0.073226
820000 0.076281
820000 0.074972
820000 0.076437
830000 0.077805
830000 0.079140
830000 0.073917
830000 0.076160
830000 0.073540
840000 0.076019
840000 0.077554
840000 0.078837
840000 0.075122
840000 0.075876
850000 0.076116
850000 0.079931
850000 0.084845
850000 0.082341
850000 0.080897
860000 0.075742
860000 0.077708
860000 0.078883
860000 0.077544
860000 0.078440
870000 0.075899
870000 0.078400
870000 0.077966
870000 0.078190
870000 0.081582
880000 0.079279
880000 0.080380
880000 0.077909
880000 0.081575
880000 0.080002
890000 0.085736
890000 0.082859
890000 0.083529
890000 0.079131
890000 0.081723
900000 0.080522
900000 0.081329
900000 0.079597
900000 0.079826
900000 0.080579
910000 0.079259
910000 0.085603
910000 0.080784
910000 0.083282
910000 0.082617
920000 0.088121
920000 0.085051
920000 0.081264
920000 0.081839
920000 0.082186
930000 0.083194
930000 0.085214
930000 0.085883
930000 0.082849
930000 0.083387
940000 0.086821
940000 0.082867
940000 0.086099
940000 0.089400
940000 0.088152
950000 0.083724
950000 0.092226
950000 0.091521
950000 0.084723
950000 0.085102
960000 0.086255
960000 0.083456
960000 0.089464
960000 0.084392
960000 0.090238
970000 0.086127
970000 0.088184
970000 0.085737
970000 0.084819
970000 0.087542
980000 0.086871
980000 0.086033
980000 0.086742
980000 0.091943
980000 0.086248
990000 0.092434
990000 0.091649
990000 0.096199
990000 0.089745
990000 0.088607
