10000 0.000809
10000 0.000838
10000 0.000811
20000 0.001661
20000 0.001640
20000 0.001661
30000 0.002608
30000 0.002657
30000 0.002581
40000 0.003591
40000 0.003544
40000 0.003564
50000 0.004538
50000 0.004650
50000 0.004576
60000 0.005489
60000 0.005471
60000 0.005477
70000 0.006452
70000 0.006526
70000 0.006465
80000 0.009455
80000 0.007330
80000 0.007385
90000 0.008358
90000 0.008321
90000 0.008397
100000 0.009622
100000 0.009534
100000 0.009641
110000 0.010556
110000 0.010326
110000 0.010495
120000 0.011315
120000 0.012241
120000 0.011278
130000 0.012292
130000 0.012392
130000 0.012220
140000 0.013352
140000 0.013306
140000 0.013494
150000 0.014530
150000 0.015032
150000 0.014479
160000 0.015388
160000 0.016621
160000 0.015259
170000 0.016188
170000 0.016148
170000 0.016187
180000 0.017677
180000 0.017766
180000 0.017567
190000 0.018508
190000 0.018251
190000 0.018202
200000 0.019865
200000 0.019828
200000 0.019725
210000 0.021820
210000 0.021100
210000 0.020836
220000 0.021318
220000 0.022057
220000 0.021422
230000 0.022465
230000 0.022507
230000 0.022446
240000 0.023506
240000 0.023423
240000 0.023503
250000 0.024399
250000 0.024549
250000 0.024418
260000 0.026080
260000 0.026159
260000 0.026078
270000 0.026743
270000 0.026692
270000 0.026839
280000 0.027867
280000 0.028139
280000 0.027887
290000 0.028705
290000 0.028868
290000 0.028777
300000 0.030235
300000 0.030260
300000 0.030436
310000 0.031481
310000 0.031476
310000 0.031370
320000 0.032224
320000 0.032154
320000 0.032004
330000 0.032934
330000 0.032812
330000 0.032848
340000 0.032949
340000 0.033034
340000 0.032941
350000 0.034442
350000 0.034469
350000 0.034640
360000 0.035580
360000 0.035519
360000 0.035635
370000 0.037750
370000 0.037776
370000 0.037577
380000 0.038274
380000 0.038386
380000 0.038678
390000 0.039753
390000 0.039344
390000 0.039464
400000 0.040796
400000 0.039916
400000 0.040521
410000 0.041690
410000 0.041438
410000 0.041646
420000 0.044727
420000 0.042667
420000 0.042457
430000 0.043294
430000 0.044053
430000 0.043649
440000 0.045101
440000 0.045515
440000 0.044603
450000 0.047740
450000 0.047775
450000 0.048164
460000 0.046507
460000 0.046665
460000 0.046861
470000 0.048952
470000 0.048997
470000 0.047694
480000 0.049907
480000 0.049887
480000 0.049976
490000 0.050289
490000 0.050285
490000 0.050260
500000 0.051355
500000 0.051188
500000 0.051220
510000 0.052002
510000 0.051628
510000 0.052826
520000 0.055044
520000 0.055260
520000 0.055519
530000 0.055502
530000 0.055074
530000 0.055052
540000 0.055355
540000 0.055293
540000 0.055168
550000 0.057148
550000 0.057619
550000 0.057451
560000 0.057580
560000 0.057483
560000 0.057731
570000 0.058550
570000 0.058138
570000 0.059643
580000 0.061336
580000 0.061329
580000 0.061391
590000 0.061373
590000 0.061705
590000 0.061833
600000 0.063397
600000 0.063645
600000 0.063516
610000 0.064655
610000 0.064517
610000 0.064703
620000 0.065763
620000 0.066101
620000 0.065808
630000 0.067340
630000 0.067305
630000 0.070965
640000 0.067248
640000 0.066639
640000 0.066764
650000 0.070354
650000 0.072855
650000 0.067300
660000 0.073067
660000 0.069610
660000 0.069774
670000 0.070528
670000 0.071716
670000 0.071835
680000 0.071845
680000 0.071910
680000 0.071889
690000 0.077648
690000 0.073562
690000 0.073840
700000 0.078299
700000 0.076313
700000 0.076317
710000 0.076466
710000 0.075298
710000 0.077288
720000 0.078024
720000 0.077764
720000 0.077732
730000 0.077361
730000 0.079062
730000 0.079113
740000 0.079877
740000 0.079910
740000 0.081448
750000 0.081042
750000 0.081360
750000 0.082656
760000 0.080523
760000 0.080844
760000 0.080455
770000 0.082849
770000 0.082622
770000 0.082347
780000 0.083133
780000 0.083365
780000 0.085186
790000 0.084481
790000 0.084610
790000 0.084434
800000 0.086007
800000 0.089188
800000 0.086453
810000 0.089565
810000 0.088300
810000 0.092000
820000 0.090148
820000 0.091048
820000 0.090550
830000 0.092836
830000 0.091140
830000 0.091092
840000 0.095948
840000 0.092126
840000 0.091814
850000 0.093102
850000 0.098197
850000 0.094560
860000 0.094606
860000 0.100295
860000 0.094211
870000 0.095307
870000 0.096200
870000 0.095485
880000 0.095476
880000 0.095276
880000 0.097158
890000 0.097797
890000 0.097688
890000 0.097403
900000 0.099216
900000 0.098573
900000 0.099028
910000 0.100546
910000 0.102164
910000 0.100383
920000 0.100699
920000 0.101075
920000 0.101399
930000 0.107313
930000 0.106161
930000 0.109500
940000 0.104471
940000 0.104438
940000 0.104138
950000 0.108161
950000 0.106013
950000 0.111803
960000 0.107302
960000 0.117382
960000 0.111486
970000 0.109235
970000 0.109363
970000 0.109426
980000 0.112601
980000 0.108191
980000 0.113276
990000 0.110366
990000 0.111509
990000 0.112419
10000 0.000753
10000 0.000771
10000 0.000793
20000 0.001752
20000 0.001709
20000 0.001710
30000 0.002533
30000 0.002526
30000 0.002528
40000 0.003513
40000 0.003460
40000 0.003381
50000 0.004335
50000 0.004277
50000 0.004514
60000 0.005317
60000 0.005326
60000 0.005749
70000 0.006206
70000 0.006695
70000 0.006463
80000 0.007368
80000 0.007286
80000 0.007154
90000 0.008290
90000 0.008503
90000 0.007978
100000 0.010226
100000 0.008966
100000 0.009425
110000 0.010573
110000 0.010113
110000 0.010310
120000 0.011010
120000 0.011343
120000 0.011031
130000 0.012681
130000 0.012267
130000 0.012435
140000 0.013211
140000 0.013630
140000 0.013430
150000 0.014443
150000 0.014738
150000 0.014307
160000 0.015060
160000 0.016164
160000 0.015075
170000 0.017107
170000 0.017419
170000 0.016812
180000 0.017787
180000 0.017187
180000 0.017563
190000 0.018585
190000 0.018117
190000 0.018251
200000 0.019221
200000 0.020436
200000 0.019558
210000 0.020639
210000 0.020655
210000 0.020696
220000 0.022448
220000 0.022689
220000 0.022506
230000 0.023021
230000 0.023860
230000 0.022549
240000 0.025185
240000 0.024490
240000 0.025887
250000 0.025148
250000 0.025297
250000 0.026640
260000 0.026419
260000 0.026874
260000 0.026304
270000 0.028000
270000 0.027676
270000 0.028919
280000 0.029932
280000 0.030144
280000 0.029790
290000 0.030998
290000 0.031187
290000 0.031352
300000 0.032480
300000 0.031288
300000 0.033340
310000 0.033643
310000 0.034446
310000 0.034468
320000 0.035570
320000 0.035330
320000 0.039285
330000 0.035497
330000 0.041677
330000 0.037085
340000 0.037404
340000 0.038012
340000 0.046925
350000 0.038010
350000 0.038596
350000 0.038127
360000 0.040334
360000 0.039852
360000 0.039958
370000 0.042867
370000 0.042797
370000 0.041592
380000 0.046342
380000 0.042074
380000 0.042698
390000 0.043141
390000 0.044077
390000 0.044329
400000 0.044242
400000 0.043331
400000 0.043795
410000 0.044578
410000 0.045288
410000 0.044736
420000 0.045757
420000 0.045697
420000 0.047222
430000 0.047807
430000 0.051933
430000 0.049340
440000 0.048927
440000 0.049228
440000 0.048861
450000 0.051993
450000 0.052589
450000 0.055500
460000 0.059294
460000 0.054534
460000 0.057107
470000 0.053163
470000 0.053861
470000 0.054546
480000 0.054858
480000 0.054695
480000 0.067449
490000 0.073364
490000 0.056687
490000 0.056358
500000 0.057973
500000 0.058136
500000 0.058546
510000 0.058312
510000 0.058611
510000 0.059166
520000 0.060702
520000 0.061522
520000 0.061577
530000 0.062379
530000 0.062520
530000 0.062616
540000 0.066535
540000 0.063568
540000 0.064510
550000 0.067094
550000 0.066961
550000 0.065380
560000 0.066974
560000 0.069026
560000 0.070764
570000 0.069112
570000 0.071495
570000 0.067569
580000 0.070111
580000 0.070151
580000 0.069384
590000 0.072491
590000 0.071659
590000 0.071631
600000 0.075726
600000 0.072844
600000 0.072623
610000 0.075898
610000 0.074052
610000 0.074377
620000 0.075679
620000 0.078857
620000 0.076503
630000 0.078266
630000 0.076447
630000 0.076484
640000 0.079537
640000 0.078247
640000 0.078818
650000 0.080722
650000 0.080957
650000 0.089567
660000 0.082276
660000 0.083109
660000 0.082839
670000 0.085023
670000 0.091119
670000 0.083390
680000 0.084892
680000 0.085585
680000 0.085614
690000 0.087547
690000 0.094749
690000 0.091756
700000 0.088095
700000 0.090391
700000 0.091285
710000 0.089657
710000 0.089764
710000 0.091115
720000 0.091963
720000 0.096928
720000 0.095964
730000 0.093848
730000 0.095723
730000 0.094537
740000 0.094163
740000 0.096935
740000 0.096983
750000 0.098102
750000 0.096666
750000 0.098472
760000 0.098813
760000 0.100882
760000 0.097037
770000 0.108362
770000 0.106082
770000 0.107647
780000 0.107847
780000 0.107221
780000 0.107091
790000 0.104093
790000 0.106509
790000 0.103911
800000 0.104868
800000 0.107873
800000 0.114669
810000 0.107790
810000 0.108005
810000 0.111386
820000 0.113076
820000 0.108586
820000 0.109488
830000 0.110929
830000 0.109808
830000 0.111651
840000 0.113505
840000 0.113384
840000 0.114250
850000 0.117421
850000 0.133341
850000 0.115832
860000 0.124226
860000 0.116098
860000 0.120737
870000 0.119021
870000 0.120989
870000 0.121665
880000 0.120431
880000 0.124783
880000 0.122131
890000 0.124647
890000 0.128464
890000 0.135245
900000 0.124802
900000 0.129841
900000 0.126662
910000 0.131286
910000 0.131301
910000 0.134002
920000 0.126277
920000 0.130172
920000 0.129380
930000 0.139253
930000 0.131501
930000 0.128982
940000 0.133485
940000 0.130625
940000 0.130981
950000 0.133965
950000 0.131571
950000 0.132617
960000 0.134850
960000 0.136855
960000 0.135037
970000 0.137839
970000 0.136879
970000 0.136735
980000 0.137369
980000 0.137942
980000 0.137358
990000 0.143219
990000 0.142093
990000 0.143490
