10000 0.001258
20000 0.002537
30000 0.003260
40000 0.004427
50000 0.006782
60000 0.006762
70000 0.007689
80000 0.011963
90000 0.012687
100000 0.011707
110000 0.011875
120000 0.012780
130000 0.013724
140000 0.016058
150000 0.016881
160000 0.017044
170000 0.019231
180000 0.019438
190000 0.020280
200000 0.021165
210000 0.023808
220000 0.025327
230000 0.027023
240000 0.025256
250000 0.027262
260000 0.028018
270000 0.031760
280000 0.029995
290000 0.031360
300000 0.032336
310000 0.033147
320000 0.033137
330000 0.035182
340000 0.036482
350000 0.037376
360000 0.037163
370000 0.041723
380000 0.042364
390000 0.040846
400000 0.044680
410000 0.043604
420000 0.045127
430000 0.046885
440000 0.046969
450000 0.053144
460000 0.048780
470000 0.047999
480000 0.050683
490000 0.055721
500000 0.052201
510000 0.053507
520000 0.054977
530000 0.057914
540000 0.060866
550000 0.059559
560000 0.058340
570000 0.061677
580000 0.062223
590000 0.061292
600000 0.066299
610000 0.065419
620000 0.071648
630000 0.066529
640000 0.067270
650000 0.072681
660000 0.073278
670000 0.070277
680000 0.073794
690000 0.079970
700000 0.071406
710000 0.075887
720000 0.074590
730000 0.075124
740000 0.086417
750000 0.087213
760000 0.079845
770000 0.083737
780000 0.079457
790000 0.093385
800000 0.085312
810000 0.089874
820000 0.089810
830000 0.099079
840000 0.092697
850000 0.094059
860000 0.099745
870000 0.103358
880000 0.103786
890000 0.096648
900000 0.096475
910000 0.096153
920000 0.096812
930000 0.096995
940000 0.104723
950000 0.103446
960000 0.104235
970000 0.112878
980000 0.106872
990000 0.104975
10000 0.001031
20000 0.002115
30000 0.003273
40000 0.004435
50000 0.005649
60000 0.006437
70000 0.007570
80000 0.008699
90000 0.010098
100000 0.010964
110000 0.011649
120000 0.012868
130000 0.013719
140000 0.015225
150000 0.015680
160000 0.017063
170000 0.017849
180000 0.018881
190000 0.019771
200000 0.021047
210000 0.022494
220000 0.023763
230000 0.023950
240000 0.024869
250000 0.026627
260000 0.028479
270000 0.028547
280000 0.029462
290000 0.030365
300000 0.031085
310000 0.033632
320000 0.033306
330000 0.034444
340000 0.035507
350000 0.037018
360000 0.037985
370000 0.037952
380000 0.040696
390000 0.041158
400000 0.040895
410000 0.043153
420000 0.044692
430000 0.044331
440000 0.047187
450000 0.048410
460000 0.049061
470000 0.048738
480000 0.049830
490000 0.052777
500000 0.051525
510000 0.052680
520000 0.054495
530000 0.056340
540000 0.056502
550000 0.059159
560000 0.059631
570000 0.057748
580000 0.059305
590000 0.062995
600000 0.061262
610000 0.064544
620000 0.066728
630000 0.069752
640000 0.064918
650000 0.068026
660000 0.070807
670000 0.070038
680000 0.069371
690000 0.072020
700000 0.075957
710000 0.073082
720000 0.073721
730000 0.079972
740000 0.079203
750000 0.082962
760000 0.080269
770000 0.080810
780000 0.084461
790000 0.080964
800000 0.083186
810000 0.083837
820000 0.084667
830000 0.084950
840000 0.087031
850000 0.087277
860000 0.088394
870000 0.090374
880000 0.090173
890000 0.092646
900000 0.094088
910000 0.094815
920000 0.099802
930000 0.094252
940000 0.095476
950000 0.101002
960000 0.099446
970000 0.102071
980000 0.101651
990000 0.102088
10000 0.001278
10000 0.001003
10000 0.001235
10000 0.000999
10000 0.001031
20000 0.002119
20000 0.002114
20000 0.002067
20000 0.002097
20000 0.002076
30000 0.003212
30000 0.003225
30000 0.003203
30000 0.003204
30000 0.003206
40000 0.004440
40000 0.004474
40000 0.004497
40000 0.004506
40000 0.004498
50000 0.005469
50000 0.005565
50000 0.005468
50000 0.005460
50000 0.005564
60000 0.006416
60000 0.006555
60000 0.006477
60000 0.007448
60000 0.006443
70000 0.008411
70000 0.008115
70000 0.008071
70000 0.007550
70000 0.007560
80000 0.008728
80000 0.008673
80000 0.008661
80000 0.010598
80000 0.008801
90000 0.009876
90000 0.010756
90000 0.009885
90000 0.009809
90000 0.009922
100000 0.011807
100000 0.010771
100000 0.010645
100000 0.010691
100000 0.010584
110000 0.011599
110000 0.011813
110000 0.011887
110000 0.012067
110000 0.012148
120000 0.013128
120000 0.012915
120000 0.013355
120000 0.012965
120000 0.012824
130000 0.017198
130000 0.019626
130000 0.021295
130000 0.022122
130000 0.025363
140000 0.016499
140000 0.015147
140000 0.015409
140000 0.015174
140000 0.015465
150000 0.015679
150000 0.015693
150000 0.015772
150000 0.021110
150000 0.015729
160000 0.017304
160000 0.017143
160000 0.017336
160000 0.017274
160000 0.017069
170000 0.019038
170000 0.017963
170000 0.018513
170000 0.017715
170000 0.017935
180000 0.018945
180000 0.019209
180000 0.020338
180000 0.018985
180000 0.018793
190000 0.020768
190000 0.019738
190000 0.019640
190000 0.019735
190000 0.019787
200000 0.021054
200000 0.021378
200000 0.020912
200000 0.021808
200000 0.022481
210000 0.023420
210000 0.023959
210000 0.022211
210000 0.022364
210000 0.022184
220000 0.023541
220000 0.023662
220000 0.023638
220000 0.023517
220000 0.024495
230000 0.023883
230000 0.024096
230000 0.025162
230000 0.023821
230000 0.023844
240000 0.025506
240000 0.025024
240000 0.026000
240000 0.025303
240000 0.025633
250000 0.026412
250000 0.027637
250000 0.026778
250000 0.026952
250000 0.027894
260000 0.029373
260000 0.029554
260000 0.028734
260000 0.028407
260000 0.028363
270000 0.028169
270000 0.028377
270000 0.028287
270000 0.028257
270000 0.028221
280000 0.029473
280000 0.029344
280000 0.029380
280000 0.030809
280000 0.029424
290000 0.030830
290000 0.030657
290000 0.030396
290000 0.030390
290000 0.030213
300000 0.032003
300000 0.031692
300000 0.031565
300000 0.031288
300000 0.031193
310000 0.033478
310000 0.034271
310000 0.034312
310000 0.033558
310000 0.034272
320000 0.033624
320000 0.035559
320000 0.035009
320000 0.039633
320000 0.035223
330000 0.034493
330000 0.036210
330000 0.040104
330000 0.034652
330000 0.035586
340000 0.035953
340000 0.037073
340000 0.035836
340000 0.035686
340000 0.037716
350000 0.038004
350000 0.038477
350000 0.038344
350000 0.037000
350000 0.037961
360000 0.038895
360000 0.038190
360000 0.037784
360000 0.038246
360000 0.038734
370000 0.037986
370000 0.038402
370000 0.037747
370000 0.037824
370000 0.037734
380000 0.041536
380000 0.041481
380000 0.041655
380000 0.040628
380000 0.040730
390000 0.041997
390000 0.040884
390000 0.041077
390000 0.042118
390000 0.041435
400000 0.040724
400000 0.041443
400000 0.041550
400000 0.040695
400000 0.042195
410000 0.043169
410000 0.044106
410000 0.043825
410000 0.043624
410000 0.043581
420000 0.045452
420000 0.044354
420000 0.044599
420000 0.044591
420000 0.044449
430000 0.048172
430000 0.044781
430000 0.044209
430000 0.045183
430000 0.045149
440000 0.047596
440000 0.047885
440000 0.046651
440000 0.046317
440000 0.045957
450000 0.049221
450000 0.048962
450000 0.048756
450000 0.049343
450000 0.049702
460000 0.049627
460000 0.048896
460000 0.051475
460000 0.048852
460000 0.048249
470000 0.048372
470000 0.048349
470000 0.048453
470000 0.049565
470000 0.051751
480000 0.050365
480000 0.049573
480000 0.049644
480000 0.050155
480000 0.049720
490000 0.052068
490000 0.051222
490000 0.051985
490000 0.057666
490000 0.052463
500000 0.068634
500000 0.055520
500000 0.052812
500000 0.052142
500000 0.052962
510000 0.053781
510000 0.053697
510000 0.053791
510000 0.054573
510000 0.054307
520000 0.054598
520000 0.056057
520000 0.054694
520000 0.056011
520000 0.055154
530000 0.057938
530000 0.057904
530000 0.057789
530000 0.056886
530000 0.055844
540000 0.058461
540000 0.058143
540000 0.057183
540000 0.058802
540000 0.056764
550000 0.057547
550000 0.058424
550000 0.057131
550000 0.056336
550000 0.059156
560000 0.061154
560000 0.060174
560000 0.059880
560000 0.059019
560000 0.062529
570000 0.058444
570000 0.059325
570000 0.057961
570000 0.061059
570000 0.058412
580000 0.061048
580000 0.061478
580000 0.060963
580000 0.060776
580000 0.060755
590000 0.064106
590000 0.061320
590000 0.062333
590000 0.061445
590000 0.062466
600000 0.061451
600000 0.061931
600000 0.062326
600000 0.061026
600000 0.061302
610000 0.065483
610000 0.071328
610000 0.065488
610000 0.070299
610000 0.064387
620000 0.065118
620000 0.063873
620000 0.064679
620000 0.063525
620000 0.065485
630000 0.064928
630000 0.065850
630000 0.065874
630000 0.066191
630000 0.069813
640000 0.066588
640000 0.065339
640000 0.065133
640000 0.066043
640000 0.065647
650000 0.069466
650000 0.069806
650000 0.066737
650000 0.067597
650000 0.068111
660000 0.071478
660000 0.072466
660000 0.071203
660000 0.068288
660000 0.067086
670000 0.070347
670000 0.070785
670000 0.070861
670000 0.070338
670000 0.069598
680000 0.070324
680000 0.070830
680000 0.070307
680000 0.070587
680000 0.071206
690000 0.072249
690000 0.081424
690000 0.076144
690000 0.071618
690000 0.073839
700000 0.077227
700000 0.075809
700000 0.079261
700000 0.078006
700000 0.079666
710000 0.075140
710000 0.073803
710000 0.074172
710000 0.073665
710000 0.076544
720000 0.073949
720000 0.074877
720000 0.073802
720000 0.074391
720000 0.073799
730000 0.080643
730000 0.080360
730000 0.094267
730000 0.092434
730000 0.077580
740000 0.107113
740000 0.127567
740000 0.132296
740000 0.079184
740000 0.078754
750000 0.080095
750000 0.080061
750000 0.079892
750000 0.077950
750000 0.077540
760000 0.082002
760000 0.079470
760000 0.093104
760000 0.080211
760000 0.083017
770000 0.091087
770000 0.080765
770000 0.080678
770000 0.079721
770000 0.079927
780000 0.083372
780000 0.081785
780000 0.083644
780000 0.097946
780000 0.093807
790000 0.082372
790000 0.080433
790000 0.087678
790000 0.090646
790000 0.086303
800000 0.085204
800000 0.091329
800000 0.082206
800000 0.082566
800000 0.085021
810000 0.086172
810000 0.089629
810000 0.086055
810000 0.084986
810000 0.084223
820000 0.085049
820000 0.095937
820000 0.084890
820000 0.084435
820000 0.092974
830000 0.085698
830000 0.085793
830000 0.085262
830000 0.087300
830000 0.093703
840000 0.088007
840000 0.089647
840000 0.090856
840000 0.087133
840000 0.089234
850000 0.094623
850000 0.089160
850000 0.086817
850000 0.088611
850000 0.087655
860000 0.087717
860000 0.088602
860000 0.087988
860000 0.090068
860000 0.095102
870000 0.097412
870000 0.098214
870000 0.097984
870000 0.089393
870000 0.091864
880000 0.091014
880000 0.091941
880000 0.110906
880000 0.107925
880000 0.096211
890000 0.093930
890000 0.092533
890000 0.092458
890000 0.095063
890000 0.095870
900000 0.103556
900000 0.097360
900000 0.095241
900000 0.096023
900000 0.095450
910000 0.105101
910000 0.103806
910000 0.108873
910000 0.095303
910000 0.094259
920000 0.102627
920000 0.100483
920000 0.102923
920000 0.095385
920000 0.096401
930000 0.111436
930000 0.097253
930000 0.095283
930000 0.101022
930000 0.103211
940000 0.108135
940000 0.097387
940000 0.098608
940000 0.097511
940000 0.109267
950000 0.104984
950000 0.106429
950000 0.105663
950000 0.102150
950000 0.099781
960000 0.106408
960000 0.097873
960000 0.098117
960000 0.098057
960000 0.102338
970000 0.104616
970000 0.101871
970000 0.103967
970000 0.102410
970000 0.102809
980000 0.107322
980000 0.102259
980000 0.101890
980000 0.102135
980000 0.102434
990000 0.103117
990000 0.103205
990000 0.103146
990000 0.102710
990000 0.103029
10000 0.001214
10000 0.001036
10000 0.001056
10000 0.001110
10000 0.001009
20000 0.002055
20000 0.002078
20000 0.002063
20000 0.002071
20000 0.002089
30000 0.003169
30000 0.003339
30000 0.003203
30000 0.003163
30000 0.003353
40000 0.004281
40000 0.004377
40000 0.004291
40000 0.004423
40000 0.004309
50000 0.005467
50000 0.005402
50000 0.005463
50000 0.005470
50000 0.005467
60000 0.006443
60000 0.006385
60000 0.006544
60000 0.006428
60000 0.006616
70000 0.007497
70000 0.008439
70000 0.007708
70000 0.007697
70000 0.007595
80000 0.008703
80000 0.008594
80000 0.008822
80000 0.009151
80000 0.008816
90000 0.010058
90000 0.009796
90000 0.009774
90000 0.010440
90000 0.009764
100000 0.011127
100000 0.010741
100000 0.010668
100000 0.010629
100000 0.010730
110000 0.011822
110000 0.012001
110000 0.011763
110000 0.012414
110000 0.011787
120000 0.013266
120000 0.012936
120000 0.012863
120000 0.013161
120000 0.013088
130000 0.013580
130000 0.013812
130000 0.013817
130000 0.013838
130000 0.014010
140000 0.015125
140000 0.014829
140000 0.015231
140000 0.015312
140000 0.015367
150000 0.016395
150000 0.016671
150000 0.016303
150000 0.016968
150000 0.016120
160000 0.017741
160000 0.016995
160000 0.016915
160000 0.017530
160000 0.017485
170000 0.018453
170000 0.018760
170000 0.019589
170000 0.018932
170000 0.018856
180000 0.019643
180000 0.020462
180000 0.020006
180000 0.018984
180000 0.020605
190000 0.020564
190000 0.020107
190000 0.019949
190000 0.020195
190000 0.019931
200000 0.020870
200000 0.021373
200000 0.021240
200000 0.021290
200000 0.021477
210000 0.022928
210000 0.022141
210000 0.022596
210000 0.022926
210000 0.021970
220000 0.023114
220000 0.023055
220000 0.023567
220000 0.023747
220000 0.024877
230000 0.024996
230000 0.024103
230000 0.024105
230000 0.025350
230000 0.024666
240000 0.025858
240000 0.025624
240000 0.025899
240000 0.025362
240000 0.025472
250000 0.026313
250000 0.026309
250000 0.026328
250000 0.026315
250000 0.026380
260000 0.027549
260000 0.027523
260000 0.027328
260000 0.027832
260000 0.027981
270000 0.029073
270000 0.027954
270000 0.028281
270000 0.028745
270000 0.028075
280000 0.029626
280000 0.029950
280000 0.029405
280000 0.029952
280000 0.030069
290000 0.030760
290000 0.030532
290000 0.031788
290000 0.031702
290000 0.030535
300000 0.031693
300000 0.031544
300000 0.031702
300000 0.031468
300000 0.031822
310000 0.032755
310000 0.032316
310000 0.032139
310000 0.032686
310000 0.031853
320000 0.033187
320000 0.034234
320000 0.036264
320000 0.033536
320000 0.033573
330000 0.034316
330000 0.034805
330000 0.034453
330000 0.034662
330000 0.034879
340000 0.035433
340000 0.035695
340000 0.035424
340000 0.035376
340000 0.035594
350000 0.038980
350000 0.037232
350000 0.038763
350000 0.036732
350000 0.037044
360000 0.038112
360000 0.038279
360000 0.038262
360000 0.038890
360000 0.038111
370000 0.039123
370000 0.038849
370000 0.039506
370000 0.039743
370000 0.038977
380000 0.041215
380000 0.040334
380000 0.039781
380000 0.041323
380000 0.039992
390000 0.040580
390000 0.041140
390000 0.039750
390000 0.041510
390000 0.040686
400000 0.041817
400000 0.041459
400000 0.041665
400000 0.042481
400000 0.041620
410000 0.043256
410000 0.043281
410000 0.042849
410000 0.043736
410000 0.043462
420000 0.044196
420000 0.042700
420000 0.043580
420000 0.046261
420000 0.044382
430000 0.044870
430000 0.044236
430000 0.044837
430000 0.044808
430000 0.044724
440000 0.046012
440000 0.046866
440000 0.046939
440000 0.046173
440000 0.046010
450000 0.047908
450000 0.047461
450000 0.046938
450000 0.045739
450000 0.047462
460000 0.050163
460000 0.050138
460000 0.048829
460000 0.047369
460000 0.047904
470000 0.048913
470000 0.049413
470000 0.051936
470000 0.048894
470000 0.049632
480000 0.049745
480000 0.050311
480000 0.050179
480000 0.050290
480000 0.050049
490000 0.052464
490000 0.051582
490000 0.051114
490000 0.051884
490000 0.050481
500000 0.052296
500000 0.052239
500000 0.052528
500000 0.052201
500000 0.052064
510000 0.055406
510000 0.052176
510000 0.052237
510000 0.053191
510000 0.053672
520000 0.054596
520000 0.055000
520000 0.054894
520000 0.054689
520000 0.054721
530000 0.055025
530000 0.055770
530000 0.054128
530000 0.055345
530000 0.055885
540000 0.056455
540000 0.056346
540000 0.057649
540000 0.058375
540000 0.056577
550000 0.057076
550000 0.056353
550000 0.056390
550000 0.059284
550000 0.058214
560000 0.059057
560000 0.058555
560000 0.058815
560000 0.058799
560000 0.058078
570000 0.059290
570000 0.058589
570000 0.058700
570000 0.064752
570000 0.060063
580000 0.061075
580000 0.060147
580000 0.061312
580000 0.060230
580000 0.061148
590000 0.062249
590000 0.060552
590000 0.060585
590000 0.060043
590000 0.061554
600000 0.063821
600000 0.062519
600000 0.062295
600000 0.063101
600000 0.062595
610000 0.065574
610000 0.062272
610000 0.063430
610000 0.062747
610000 0.063897
620000 0.063442
620000 0.069447
620000 0.063589
620000 0.064190
620000 0.069095
630000 0.064646
630000 0.066474
630000 0.065995
630000 0.065759
630000 0.065282
640000 0.067478
640000 0.066517
640000 0.065469
640000 0.066877
640000 0.067514
650000 0.070337
650000 0.068457
650000 0.070423
650000 0.068065
650000 0.066830
660000 0.069961
660000 0.069704
660000 0.070032
660000 0.068344
660000 0.070218
670000 0.069141
670000 0.069848
670000 0.072331
670000 0.069659
670000 0.068472
680000 0.070918
680000 0.070305
680000 0.072436
680000 0.075378
680000 0.071543
690000 0.074799
690000 0.071215
690000 0.070471
690000 0.075576
690000 0.073744
700000 0.072881
700000 0.073339
700000 0.073527
700000 0.073673
700000 0.072397
710000 0.073641
710000 0.080350
710000 0.074270
710000 0.075088
710000 0.073571
720000 0.074463
720000 0.073917
720000 0.074541
720000 0.074856
720000 0.076571
730000 0.078463
730000 0.077282
730000 0.075946
730000 0.075550
730000 0.076431
740000 0.078185
740000 0.076205
740000 0.078225
740000 0.078384
740000 0.079232
750000 0.079331
750000 0.076718
750000 0.078621
750000 0.077431
750000 0.079291
760000 0.079566
760000 0.088551
760000 0.077009
760000 0.078309
760000 0.079846
770000 0.079743
770000 0.088294
770000 0.087767
770000 0.081040
770000 0.079429
780000 0.081647
780000 0.080034
780000 0.084665
780000 0.080526
780000 0.084599
790000 0.080017
790000 0.081219
790000 0.083265
790000 0.081545
790000 0.084922
800000 0.084870
800000 0.087522
800000 0.083421
800000 0.083208
800000 0.083718
810000 0.084104
810000 0.086464
810000 0.086035
810000 0.084596
810000 0.084712
820000 0.085984
820000 0.088474
820000 0.084313
820000 0.085158
820000 0.084504
830000 0.085868
830000 0.087270
830000 0.086716
830000 0.086925
830000 0.086832
840000 0.085634
840000 0.089837
840000 0.085991
840000 0.086680
840000 0.087174
850000 0.090256
850000 0.086851
850000 0.087873
850000 0.091008
850000 0.090291
860000 0.087319
860000 0.100073
860000 0.089025
860000 0.091476
860000 0.091196
870000 0.093889
870000 0.098089
870000 0.088468
870000 0.090919
870000 0.092107
880000 0.089785
880000 0.090463
880000 0.094621
880000 0.089292
880000 0.095027
890000 0.090633
890000 0.095361
890000 0.092636
890000 0.093011
890000 0.095670
900000 0.092408
900000 0.092416
900000 0.092511
900000 0.094558
900000 0.095857
910000 0.093547
910000 0.095614
910000 0.095955
910000 0.094236
910000 0.091664
920000 0.095961
920000 0.095499
920000 0.096512
920000 0.096358
920000 0.095185
930000 0.096628
930000 0.098060
930000 0.095944
930000 0.096575
930000 0.095148
940000 0.096902
940000 0.095978
940000 0.098246
940000 0.098430
940000 0.096171
950000 0.096604
950000 0.099037
950000 0.101186
950000 0.098727
950000 0.101855
960000 0.099695
960000 0.099011
960000 0.098206
960000 0.100616
960000 0.100583
970000 0.101618
970000 0.099485
970000 0.101870
970000 0.102123
970000 0.098297
980000 0.100726
980000 0.103665
980000 0.101509
980000 0.102195
980000 0.100638
990000 0.101046
990000 0.111214
990000 0.104353
990000 0.104082
990000 0.102413
10000 0.001339
10000 0.001239
10000 0.001215
10000 0.001205
10000 0.001036
20000 0.002052
20000 0.002099
20000 0.002063
20000 0.002107
20000 0.002137
30000 0.003213
30000 0.003272
30000 0.003211
30000 0.003181
30000 0.003375
40000 0.004345
40000 0.004304
40000 0.004267
40000 0.004392
40000 0.004358
50000 0.005586
50000 0.005364
50000 0.005441
50000 0.005474
50000 0.005470
60000 0.006438
60000 0.006437
60000 0.006446
60000 0.006688
60000 0.006480
70000 0.007433
70000 0.007748
70000 0.007729
70000 0.007680
70000 0.007514
80000 0.008605
80000 0.008594
80000 0.008661
80000 0.008561
80000 0.008700
90000 0.009677
90000 0.009613
90000 0.009649
90000 0.010230
90000 0.009630
100000 0.010971
100000 0.010637
100000 0.010900
100000 0.010492
100000 0.010670
110000 0.011736
110000 0.011921
110000 0.011738
110000 0.011889
110000 0.012582
120000 0.013372
120000 0.013416
120000 0.013029
120000 0.013231
120000 0.012733
130000 0.013542
130000 0.014237
130000 0.013743
130000 0.013690
130000 0.013800
140000 0.014943
140000 0.014712
140000 0.015002
140000 0.015351
140000 0.016049
150000 0.016556
150000 0.016262
150000 0.016009
150000 0.016667
150000 0.015839
160000 0.017565
160000 0.017331
160000 0.016736
160000 0.017041
160000 0.016980
170000 0.018100
170000 0.017826
170000 0.017893
170000 0.017955
170000 0.018077
180000 0.019341
180000 0.019395
180000 0.018761
180000 0.018706
180000 0.019230
190000 0.020079
190000 0.020002
190000 0.019732
190000 0.019828
190000 0.019963
200000 0.020644
200000 0.021006
200000 0.020653
200000 0.021467
200000 0.021820
210000 0.023621
210000 0.022033
210000 0.022375
210000 0.022726
210000 0.022021
220000 0.022791
220000 0.023206
220000 0.023215
220000 0.023064
220000 0.022651
230000 0.025884
230000 0.025184
230000 0.024016
230000 0.025112
230000 0.024387
240000 0.025529
240000 0.025602
240000 0.025806
240000 0.027011
240000 0.024816
250000 0.026783
250000 0.026722
250000 0.025981
250000 0.025804
250000 0.026144
260000 0.028087
260000 0.029326
260000 0.026845
260000 0.027310
260000 0.027979
270000 0.028658
270000 0.027704
270000 0.028046
270000 0.031050
270000 0.027725
280000 0.031888
280000 0.029579
280000 0.030287
280000 0.030223
280000 0.031097
290000 0.031446
290000 0.030166
290000 0.030856
290000 0.031211
290000 0.032668
300000 0.031333
300000 0.030906
300000 0.031268
300000 0.035051
300000 0.031788
310000 0.032235
310000 0.032033
310000 0.033372
310000 0.034544
310000 0.031586
320000 0.034372
320000 0.033942
320000 0.034936
320000 0.032822
320000 0.032997
330000 0.034336
330000 0.034975
330000 0.034106
330000 0.035640
330000 0.034239
340000 0.035114
340000 0.035417
340000 0.035145
340000 0.054904
340000 0.035413
350000 0.035717
350000 0.036877
350000 0.038934
350000 0.036301
350000 0.038573
360000 0.037801
360000 0.038110
360000 0.037827
360000 0.038204
360000 0.037151
370000 0.038826
370000 0.038130
370000 0.039375
370000 0.039564
370000 0.038515
380000 0.041107
380000 0.039920
380000 0.039641
380000 0.041065
380000 0.039783
390000 0.040888
390000 0.040879
390000 0.040876
390000 0.043298
390000 0.040932
400000 0.041474
400000 0.043722
400000 0.041185
400000 0.042143
400000 0.041196
410000 0.045970
410000 0.044880
410000 0.042198
410000 0.047108
410000 0.044171
420000 0.046317
420000 0.044147
420000 0.044713
420000 0.042666
420000 0.044905
430000 0.046521
430000 0.044495
430000 0.044479
430000 0.047270
430000 0.046601
440000 0.046998
440000 0.045365
440000 0.046065
440000 0.045805
440000 0.048712
450000 0.055037
450000 0.046997
450000 0.047173
450000 0.045916
450000 0.047134
460000 0.049107
460000 0.050520
460000 0.048418
460000 0.047721
460000 0.047341
470000 0.048336
470000 0.051512
470000 0.048080
470000 0.049385
470000 0.048650
480000 0.051313
480000 0.053180
480000 0.049665
480000 0.054533
480000 0.050839
490000 0.052320
490000 0.055468
490000 0.050716
490000 0.051275
490000 0.050085
500000 0.051932
500000 0.051942
500000 0.052197
500000 0.051965
500000 0.051665
510000 0.054760
510000 0.051902
510000 0.052182
510000 0.052915
510000 0.053345
520000 0.054552
520000 0.054705
520000 0.054724
520000 0.054077
520000 0.057302
530000 0.054666
530000 0.055335
530000 0.057021
530000 0.054618
530000 0.055153
540000 0.056190
540000 0.060370
540000 0.056913
540000 0.058028
540000 0.055723
550000 0.058244
550000 0.059630
550000 0.056252
550000 0.058348
550000 0.057243
560000 0.061880
560000 0.058145
560000 0.062268
560000 0.058642
560000 0.063091
570000 0.058788
570000 0.057936
570000 0.058923
570000 0.062034
570000 0.059000
580000 0.064554
580000 0.059755
580000 0.064199
580000 0.064291
580000 0.060587
590000 0.066075
590000 0.062977
590000 0.061757
590000 0.064686
590000 0.063720
600000 0.063196
600000 0.061710
600000 0.061552
600000 0.064264
600000 0.062261
610000 0.065218
610000 0.062222
610000 0.063776
610000 0.062094
610000 0.066802
620000 0.069063
620000 0.065314
620000 0.063543
620000 0.064243
620000 0.069109
630000 0.067318
630000 0.071524
630000 0.064094
630000 0.067218
630000 0.068898
640000 0.069641
640000 0.066260
640000 0.067165
640000 0.068172
640000 0.066426
650000 0.071464
650000 0.072497
650000 0.067061
650000 0.068651
650000 0.067227
660000 0.068919
660000 0.068241
660000 0.069420
660000 0.067222
660000 0.074335
670000 0.073983
670000 0.069265
670000 0.072804
670000 0.070319
670000 0.072428
680000 0.070292
680000 0.071432
680000 0.070276
680000 0.075501
680000 0.071241
690000 0.076572
690000 0.070738
690000 0.069845
690000 0.070624
690000 0.073178
700000 0.073846
700000 0.072734
700000 0.072877
700000 0.077160
700000 0.071502
710000 0.072908
710000 0.075445
710000 0.076578
710000 0.081049
710000 0.072784
720000 0.073637
720000 0.073570
720000 0.074606
720000 0.077513
720000 0.082340
730000 0.077696
730000 0.082847
730000 0.076609
730000 0.075366
730000 0.076680
740000 0.077516
740000 0.076584
740000 0.083365
740000 0.091010
740000 0.083628
750000 0.086343
750000 0.075548
750000 0.081896
750000 0.079586
750000 0.086471
760000 0.080243
760000 0.088078
760000 0.081536
760000 0.078254
760000 0.085483
770000 0.084371
770000 0.080534
770000 0.084029
770000 0.085559
770000 0.080800
780000 0.081084
780000 0.079967
780000 0.082865
780000 0.087123
780000 0.081306
790000 0.079406
790000 0.081696
790000 0.082351
790000 0.080982
790000 0.084528
800000 0.090403
800000 0.087784
800000 0.092820
800000 0.082138
800000 0.083544
810000 0.085761
810000 0.094628
810000 0.089197
810000 0.084664
810000 0.084880
820000 0.088708
820000 0.089721
820000 0.083969
820000 0.084945
820000 0.084759
830000 0.086057
830000 0.086675
830000 0.085898
830000 0.086181
830000 0.089278
840000 0.085511
840000 0.091958
840000 0.086779
840000 0.086699
840000 0.087407
850000 0.090350
850000 0.090145
850000 0.087656
850000 0.090961
850000 0.090254
860000 0.087423
860000 0.092161
860000 0.095262
860000 0.091986
860000 0.091967
870000 0.092112
870000 0.091643
870000 0.087029
870000 0.089821
870000 0.095963
880000 0.092017
880000 0.089734
880000 0.088468
880000 0.088619
880000 0.092131
890000 0.094450
890000 0.094310
890000 0.091366
890000 0.092047
890000 0.094671
900000 0.091569
900000 0.091874
900000 0.091689
900000 0.091478
900000 0.094890
910000 0.092113
910000 0.094936
910000 0.094938
910000 0.094771
910000 0.097330
920000 0.099460
920000 0.094954
920000 0.097807
920000 0.096122
920000 0.095153
930000 0.096587
930000 0.098090
930000 0.095215
930000 0.097314
930000 0.095102
940000 0.097115
940000 0.096236
940000 0.098125
940000 0.098686
940000 0.095483
950000 0.095849
950000 0.098794
950000 0.100006
950000 0.097519
950000 0.102308
960000 0.100411
960000 0.099339
960000 0.098513
960000 0.100981
960000 0.100576
970000 0.101132
970000 0.099880
970000 0.106144
970000 0.103198
970000 0.099437
980000 0.102266
980000 0.106543
980000 0.102043
980000 0.102960
980000 0.100798
990000 0.104298
990000 0.106889
990000 0.104382
990000 0.106156
990000 0.103539
