10000 0.000836
20000 0.001761
30000 0.002662
40000 0.003700
50000 0.004683
60000 0.005702
70000 0.006604
80000 0.007607
90000 0.008300
100000 0.009532
110000 0.010566
120000 0.011491
130000 0.012613
140000 0.013767
150000 0.014353
160000 0.015360
170000 0.016994
180000 0.017341
190000 0.019144
200000 0.019323
210000 0.021008
220000 0.022114
230000 0.022706
240000 0.023434
250000 0.023783
260000 0.025275
270000 0.026645
280000 0.027458
290000 0.028145
300000 0.029096
310000 0.030402
320000 0.030802
330000 0.031724
340000 0.032762
350000 0.033683
360000 0.034626
370000 0.035608
380000 0.036988
390000 0.038015
400000 0.041635
410000 0.046271
420000 0.041329
430000 0.041979
440000 0.042685
450000 0.044023
460000 0.044620
470000 0.046175
480000 0.046449
490000 0.047558
500000 0.048351
510000 0.049197
520000 0.050085
530000 0.051904
540000 0.052527
550000 0.054216
560000 0.053126
570000 0.055210
580000 0.056270
590000 0.056827
600000 0.058033
610000 0.059417
620000 0.059539
630000 0.062234
640000 0.062146
650000 0.063334
660000 0.065993
670000 0.065577
680000 0.065207
690000 0.067504
700000 0.068059
710000 0.070132
720000 0.071221
730000 0.073223
740000 0.071919
750000 0.074312
760000 0.077241
770000 0.088770
780000 0.078003
790000 0.079733
800000 0.079650
810000 0.084476
820000 0.079032
830000 0.080734
840000 0.080495
850000 0.087763
860000 0.090226
870000 0.090295
880000 0.087686
890000 0.089421
900000 0.090745
910000 0.094529
920000 0.090883
930000 0.092736
940000 0.091387
950000 0.094773
960000 0.100089
970000 0.096688
980000 0.094608
990000 0.102611
10000 0.000836
10000 0.001258
10000 0.000827
10000 0.000820
10000 0.000821
20000 0.001752
20000 0.001774
20000 0.001770
20000 0.001767
20000 0.001768
30000 0.002702
30000 0.002687
30000 0.002772
30000 0.002697
30000 0.002783
40000 0.003727
40000 0.003752
40000 0.003847
40000 0.003668
40000 0.003773
50000 0.004615
50000 0.004603
50000 0.004563
50000 0.004555
50000 0.004608
60000 0.005599
60000 0.005685
60000 0.005615
60000 0.005494
60000 0.005549
70000 0.006564
70000 0.006610
70000 0.006620
70000 0.006604
70000 0.006841
80000 0.007619
80000 0.007643
80000 0.007552
80000 0.007539
80000 0.007618
90000 0.008568
90000 0.008487
90000 0.008551
90000 0.008549
90000 0.008609
100000 0.009525
100000 0.009600
100000 0.009714
100000 0.009445
100000 0.009495
110000 0.010459
110000 0.010469
110000 0.010549
110000 0.010492
110000 0.010468
120000 0.011347
120000 0.011460
120000 0.011427
120000 0.011437
120000 0.011352
130000 0.012373
130000 0.012421
130000 0.012474
130000 0.012564
130000 0.012442
140000 0.013515
140000 0.013554
140000 0.013549
140000 0.013426
140000 0.013373
150000 0.014266
150000 0.014274
150000 0.014289
150000 0.014292
150000 0.014347
160000 0.015649
160000 0.015519
160000 0.015538
160000 0.015404
160000 0.015390
170000 0.016212
170000 0.016249
170000 0.016171
170000 0.016138
170000 0.016064
180000 0.017467
180000 0.017397
180000 0.017356
180000 0.017431
180000 0.017383
190000 0.018421
190000 0.018264
190000 0.018214
190000 0.018283
190000 0.018318
200000 0.019401
200000 0.019310
200000 0.019430
200000 0.019260
200000 0.019484
210000 0.020063
210000 0.020142
210000 0.020007
210000 0.020032
210000 0.020017
220000 0.021276
220000 0.021604
220000 0.021330
220000 0.021675
220000 0.021400
230000 0.022294
230000 0.022445
230000 0.022542
230000 0.022250
230000 0.022321
240000 0.023116
240000 0.023264
240000 0.023392
240000 0.023264
240000 0.023312
250000 0.024530
250000 0.024442
250000 0.024726
250000 0.024450
250000 0.024565
260000 0.025148
260000 0.025254
260000 0.025088
260000 0.025276
260000 0.025242
270000 0.025831
270000 0.025750
270000 0.025826
270000 0.025918
270000 0.025868
280000 0.027186
280000 0.027161
280000 0.026876
280000 0.027102
280000 0.027075
290000 0.027840
290000 0.027889
290000 0.027843
290000 0.028202
290000 0.028312
300000 0.029354
300000 0.029316
300000 0.029250
300000 0.029087
300000 0.029212
310000 0.029881
310000 0.029989
310000 0.030017
310000 0.030166
310000 0.029932
320000 0.031237
320000 0.030904
320000 0.030869
320000 0.030735
320000 0.030860
330000 0.031667
330000 0.031553
330000 0.031687
330000 0.031510
330000 0.031569
340000 0.032620
340000 0.032547
340000 0.032547
340000 0.033580
340000 0.033913
350000 0.033886
350000 0.034183
350000 0.034246
350000 0.034091
350000 0.034177
360000 0.034876
360000 0.034824
360000 0.035128
360000 0.034812
360000 0.034630
370000 0.035826
370000 0.035765
370000 0.035733
370000 0.035606
370000 0.035652
380000 0.036318
380000 0.036549
380000 0.036212
380000 0.036490
380000 0.036829
390000 0.038235
390000 0.038247
390000 0.038333
390000 0.038256
390000 0.038200
400000 0.038362
400000 0.038403
400000 0.038515
400000 0.038357
400000 0.038927
410000 0.039422
410000 0.039511
410000 0.039215
410000 0.039424
410000 0.039473
420000 0.040301
420000 0.040797
420000 0.040698
420000 0.041214
420000 0.041100
430000 0.042023
430000 0.041895
430000 0.042339
430000 0.042229
430000 0.042050
440000 0.043060
440000 0.043122
440000 0.043581
440000 0.043444
440000 0.043573
450000 0.044009
450000 0.044029
450000 0.043898
450000 0.043927
450000 0.043457
460000 0.044561
460000 0.045016
460000 0.044618
460000 0.045152
460000 0.044592
470000 0.045538
470000 0.045274
470000 0.045675
470000 0.045595
470000 0.045563
480000 0.046209
480000 0.046604
480000 0.046993
480000 0.046736
480000 0.046792
490000 0.048106
490000 0.048106
490000 0.047705
490000 0.047850
490000 0.047924
500000 0.048879
500000 0.049100
500000 0.048909
500000 0.048988
500000 0.048768
510000 0.049975
510000 0.049877
510000 0.049949
510000 0.049885
510000 0.050021
520000 0.051923
520000 0.051797
520000 0.051488
520000 0.051186
520000 0.051342
530000 0.051149
530000 0.051154
530000 0.051160
530000 0.051253
530000 0.051264
540000 0.052249
540000 0.052544
540000 0.052340
540000 0.052288
540000 0.052076
550000 0.053005
550000 0.053298
550000 0.053460
550000 0.053852
550000 0.053441
560000 0.055367
560000 0.054498
560000 0.054333
560000 0.055032
560000 0.054995
570000 0.055567
570000 0.055500
570000 0.055649
570000 0.055444
570000 0.055507
580000 0.056785
580000 0.056805
580000 0.056807
580000 0.056836
580000 0.056582
590000 0.057087
590000 0.057828
590000 0.057728
590000 0.057983
590000 0.059111
600000 0.057888
600000 0.057881
600000 0.058865
600000 0.058747
600000 0.058437
610000 0.058323
610000 0.058364
610000 0.061209
610000 0.058223
610000 0.059607
620000 0.060157
620000 0.060110
620000 0.059982
620000 0.060014
620000 0.060152
630000 0.061779
630000 0.061291
630000 0.061143
630000 0.061064
630000 0.060974
640000 0.062601
640000 0.062579
640000 0.062445
640000 0.063440
640000 0.062401
650000 0.063547
650000 0.063786
650000 0.064641
650000 0.063591
650000 0.064139
660000 0.065825
660000 0.065709
660000 0.065722
660000 0.064211
660000 0.064070
670000 0.065614
670000 0.065756
670000 0.065610
670000 0.065290
670000 0.065520
680000 0.066395
680000 0.066525
680000 0.066972
680000 0.066680
680000 0.066548
690000 0.066661
690000 0.066782
690000 0.066798
690000 0.066711
690000 0.068066
700000 0.068487
700000 0.068502
700000 0.068526
700000 0.068833
700000 0.069323
710000 0.068977
710000 0.068894
710000 0.068774
710000 0.069158
710000 0.068928
720000 0.069578
720000 0.069527
720000 0.069846
720000 0.069656
720000 0.071993
730000 0.075332
730000 0.070923
730000 0.071419
730000 0.071486
730000 0.071779
740000 0.071594
740000 0.072370
740000 0.072331
740000 0.072270
740000 0.072479
750000 0.073286
750000 0.074037
750000 0.074126
750000 0.074511
750000 0.073953
760000 0.074223
760000 0.073398
760000 0.072264
760000 0.073226
760000 0.072333
770000 0.074085
770000 0.074365
770000 0.073857
770000 0.074704
770000 0.074219
780000 0.076625
780000 0.075105
780000 0.075750
780000 0.075663
780000 0.075452
790000 0.076155
790000 0.077473
790000 0.078233
790000 0.077426
790000 0.077004
800000 0.077654
800000 0.076670
800000 0.077238
800000 0.076805
800000 0.079133
810000 0.078154
810000 0.078070
810000 0.078145
810000 0.078261
810000 0.078118
820000 0.079321
820000 0.079754
820000 0.079096
820000 0.079368
820000 0.079244
830000 0.081623
830000 0.081855
830000 0.081163
830000 0.081297
830000 0.081966
840000 0.082700
840000 0.080893
840000 0.080506
840000 0.081524
840000 0.082152
850000 0.082782
850000 0.083529
850000 0.082813
850000 0.081544
850000 0.083472
860000 0.084120
860000 0.083914
860000 0.084267
860000 0.083624
860000 0.083505
870000 0.087772
870000 0.084969
870000 0.085385
870000 0.085405
870000 0.085683
880000 0.086345
880000 0.085341
880000 0.086179
880000 0.087040
880000 0.087180
890000 0.086823
890000 0.085826
890000 0.086019
890000 0.086093
890000 0.086453
900000 0.087865
900000 0.090871
900000 0.087900
900000 0.087538
900000 0.087895
910000 0.088186
910000 0.088023
910000 0.088072
910000 0.088200
910000 0.086726
920000 0.089569
920000 0.089728
920000 0.089435
920000 0.090654
920000 0.090509
930000 0.090095
930000 0.090396
930000 0.091941
930000 0.090974
930000 0.091492
940000 0.090701
940000 0.094194
940000 0.093347
940000 0.091411
940000 0.091698
950000 0.091942
950000 0.093634
950000 0.093030
950000 0.092369
950000 0.092595
960000 0.096714
960000 0.093602
960000 0.093998
960000 0.094077
960000 0.093804
970000 0.094656
970000 0.094094
970000 0.094738
970000 0.096533
970000 0.096632
980000 0.097046
980000 0.094480
980000 0.094741
980000 0.098114
980000 0.096001
990000 0.096616
990000 0.096774
990000 0.096794
990000 0.100230
990000 0.097858
10000 0.001265
10000 0.000818
10000 0.000905
10000 0.000816
10000 0.000836
20000 0.001777
20000 0.001749
20000 0.001711
20000 0.001743
20000 0.001764
30000 0.002801
30000 0.002699
30000 0.002766
30000 0.002634
30000 0.002741
40000 0.003658
40000 0.003657
40000 0.003657
40000 0.003741
40000 0.003772
50000 0.004681
50000 0.004592
50000 0.004626
50000 0.004674
50000 0.004598
60000 0.005795
60000 0.005567
60000 0.005597
60000 0.005708
60000 0.005845
70000 0.006640
70000 0.006708
70000 0.006582
70000 0.006658
70000 0.006731
80000 0.007802
80000 0.007663
80000 0.007748
80000 0.007622
80000 0.007625
90000 0.008723
90000 0.008679
90000 0.008844
90000 0.008781
90000 0.008684
100000 0.009949
100000 0.009589
100000 0.009453
100000 0.009573
100000 0.009690
110000 0.010643
110000 0.010763
110000 0.010614
110000 0.010541
110000 0.010733
120000 0.011548
120000 0.011434
120000 0.011689
120000 0.011712
120000 0.011849
130000 0.012776
130000 0.012762
130000 0.012749
130000 0.012536
130000 0.012559
140000 0.013629
140000 0.013454
140000 0.013601
140000 0.013477
140000 0.013506
150000 0.014942
150000 0.014586
150000 0.014386
150000 0.015316
150000 0.015087
160000 0.016018
160000 0.015748
160000 0.015591
160000 0.015679
160000 0.015594
170000 0.017651
170000 0.017928
170000 0.016506
170000 0.016653
170000 0.016337
180000 0.017541
180000 0.017479
180000 0.017652
180000 0.018030
180000 0.017469
190000 0.018366
190000 0.018235
190000 0.018483
190000 0.018297
190000 0.018166
200000 0.018891
200000 0.019377
200000 0.019160
200000 0.019320
200000 0.019510
210000 0.020398
210000 0.020197
210000 0.020497
210000 0.020140
210000 0.020825
220000 0.022724
220000 0.023437
220000 0.021047
220000 0.021135
220000 0.021582
230000 0.022351
230000 0.022032
230000 0.022424
230000 0.022477
230000 0.022575
240000 0.023564
240000 0.023471
240000 0.023250
240000 0.023652
240000 0.024344
250000 0.024520
250000 0.024537
250000 0.024152
250000 0.023910
250000 0.023967
260000 0.025078
260000 0.025209
260000 0.025050
260000 0.025702
260000 0.025158
270000 0.025533
270000 0.025981
270000 0.025900
270000 0.025788
270000 0.026234
280000 0.026623
280000 0.027721
280000 0.027015
280000 0.027353
280000 0.027924
290000 0.028447
290000 0.028553
290000 0.030549
290000 0.028834
290000 0.027810
300000 0.028521
300000 0.028739
300000 0.029620
300000 0.029579
300000 0.029086
310000 0.029847
310000 0.030401
310000 0.030182
310000 0.030312
310000 0.030309
320000 0.031051
320000 0.032069
320000 0.031329
320000 0.030414
320000 0.030940
330000 0.031983
330000 0.031753
330000 0.032394
330000 0.032148
330000 0.033807
340000 0.033197
340000 0.032897
340000 0.033579
340000 0.033283
340000 0.032291
350000 0.033914
350000 0.034350
350000 0.034081
350000 0.036507
350000 0.035140
360000 0.035529
360000 0.035390
360000 0.035751
360000 0.035814
360000 0.035233
370000 0.035882
370000 0.035849
370000 0.035398
370000 0.036131
370000 0.035711
380000 0.036300
380000 0.037437
380000 0.036681
380000 0.036781
380000 0.036678
390000 0.037672
390000 0.037981
390000 0.038582
390000 0.037638
390000 0.036858
400000 0.038521
400000 0.038882
400000 0.038938
400000 0.039498
400000 0.038665
410000 0.039954
410000 0.039389
410000 0.039188
410000 0.039874
410000 0.039029
420000 0.040849
420000 0.041085
420000 0.040524
420000 0.040856
420000 0.040977
430000 0.041544
430000 0.040843
430000 0.040955
430000 0.041591
430000 0.042122
440000 0.043842
440000 0.043629
440000 0.043323
440000 0.043008
440000 0.042481
450000 0.043450
450000 0.043655
450000 0.043713
450000 0.043540
450000 0.042939
460000 0.044383
460000 0.044262
460000 0.046254
460000 0.044862
460000 0.044102
470000 0.045504
470000 0.045460
470000 0.045438
470000 0.046305
470000 0.045950
480000 0.046374
480000 0.045601
480000 0.046417
480000 0.045924
480000 0.046732
490000 0.048745
490000 0.047278
490000 0.047061
490000 0.047016
490000 0.048234
500000 0.049322
500000 0.048465
500000 0.048112
500000 0.048264
500000 0.049040
510000 0.049974
510000 0.048902
510000 0.049301
510000 0.048897
510000 0.049214
520000 0.050503
520000 0.049958
520000 0.050982
520000 0.050357
520000 0.050225
530000 0.051101
530000 0.051489
530000 0.050886
530000 0.051806
530000 0.051591
540000 0.052197
540000 0.053479
540000 0.054052
540000 0.053295
540000 0.052499
550000 0.053010
550000 0.052479
550000 0.053172
550000 0.052749
550000 0.053869
560000 0.054456
560000 0.056114
560000 0.054404
560000 0.055044
560000 0.054456
570000 0.055478
570000 0.055957
570000 0.055463
570000 0.055198
570000 0.054809
580000 0.056217
580000 0.056940
580000 0.056653
580000 0.055431
580000 0.055917
590000 0.058393
590000 0.056521
590000 0.057314
590000 0.056891
590000 0.057541
600000 0.058351
600000 0.058399
600000 0.058428
600000 0.057840
600000 0.058838
610000 0.061910
610000 0.058688
610000 0.059749
610000 0.058020
610000 0.058400
620000 0.059066
620000 0.060518
620000 0.063234
620000 0.060230
620000 0.060306
630000 0.061133
630000 0.060627
630000 0.060513
630000 0.062474
630000 0.062488
640000 0.061730
640000 0.061519
640000 0.062626
640000 0.062051
640000 0.062492
650000 0.064050
650000 0.063454
650000 0.062260
650000 0.063267
650000 0.063465
660000 0.063843
660000 0.064546
660000 0.063574
660000 0.063673
660000 0.065486
670000 0.066788
670000 0.065163
670000 0.065814
670000 0.065598
670000 0.065059
680000 0.065004
680000 0.065542
680000 0.065405
680000 0.066501
680000 0.065957
690000 0.067995
690000 0.067331
690000 0.067285
690000 0.067449
690000 0.066665
700000 0.067485
700000 0.070549
700000 0.069970
700000 0.070360
700000 0.068232
710000 0.069855
710000 0.068971
710000 0.069182
710000 0.070028
710000 0.068086
720000 0.069837
720000 0.069592
720000 0.069833
720000 0.070090
720000 0.069288
730000 0.070631
730000 0.071613
730000 0.070765
730000 0.071626
730000 0.071089
740000 0.071930
740000 0.071910
740000 0.071888
740000 0.072739
740000 0.072066
750000 0.071609
750000 0.071885
750000 0.073469
750000 0.071569
750000 0.072821
760000 0.073077
760000 0.075887
760000 0.073774
760000 0.074221
760000 0.073515
770000 0.073611
770000 0.073542
770000 0.078619
770000 0.081883
770000 0.074776
780000 0.076138
780000 0.075083
780000 0.076682
780000 0.075800
780000 0.077096
790000 0.076776
790000 0.077440
790000 0.076486
790000 0.075566
790000 0.076759
800000 0.076582
800000 0.076771
800000 0.077806
800000 0.077636
800000 0.076811
810000 0.078997
810000 0.079878
810000 0.079391
810000 0.078264
810000 0.077987
820000 0.080394
820000 0.079918
820000 0.080331
820000 0.079729
820000 0.078602
830000 0.080871
830000 0.080613
830000 0.081495
830000 0.081556
830000 0.080418
840000 0.081757
840000 0.082115
840000 0.081449
840000 0.081180
840000 0.081264
850000 0.081262
850000 0.083620
850000 0.082721
850000 0.082017
850000 0.084517
860000 0.083799
860000 0.084238
860000 0.083651
860000 0.083291
860000 0.083146
870000 0.085276
870000 0.086156
870000 0.084379
870000 0.083719
870000 0.083184
880000 0.087281
880000 0.084910
880000 0.084573
880000 0.084570
880000 0.085187
890000 0.087444
890000 0.086830
890000 0.086691
890000 0.088413
890000 0.086696
900000 0.087252
900000 0.087832
900000 0.089364
900000 0.089021
900000 0.086535
910000 0.088011
910000 0.088681
910000 0.089275
910000 0.087853
910000 0.087210
920000 0.089983
920000 0.090483
920000 0.089387
920000 0.089195
920000 0.090562
930000 0.090435
930000 0.093224
930000 0.090647
930000 0.089838
930000 0.090691
940000 0.091675
940000 0.090377
940000 0.090533
940000 0.090986
940000 0.090621
950000 0.093365
950000 0.092951
950000 0.092657
950000 0.093779
950000 0.092227
960000 0.092608
960000 0.094627
960000 0.092607
960000 0.094688
960000 0.093034
970000 0.094769
970000 0.094564
970000 0.094528
970000 0.094979
970000 0.094403
980000 0.097119
980000 0.096542
980000 0.095877
980000 0.096552
980000 0.095207
990000 0.096338
990000 0.095206
990000 0.097009
990000 0.096574
990000 0.097277
