10000 0.001286
20000 0.002607
30000 0.003995
40000 0.005280
50000 0.006852
60000 0.008154
70000 0.009568
80000 0.011306
90000 0.012482
100000 0.014161
10000 0.001216
20000 0.002745
30000 0.004269
40000 0.005430
50000 0.007463
60000 0.008221
70000 0.010108
80000 0.011441
90000 0.012833
100000 0.015304
10000 0.000908
20000 0.001969
30000 0.003331
40000 0.004389
50000 0.006502
60000 0.007114
70000 0.007792
80000 0.008897
90000 0.009965
100000 0.011907
110000 0.011218
120000 0.011741
130000 0.012785
140000 0.013995
150000 0.014854
160000 0.018064
170000 0.021180
180000 0.017682
190000 0.018679
200000 0.020603
210000 0.022692
220000 0.022069
230000 0.025743
240000 0.024645
250000 0.026199
260000 0.028758
270000 0.029936
280000 0.030757
290000 0.031605
300000 0.030520
310000 0.036546
320000 0.033437
330000 0.036512
340000 0.036283
350000 0.038658
360000 0.036518
370000 0.040252
380000 0.041008
390000 0.040914
400000 0.043413
410000 0.043674
420000 0.048062
430000 0.047461
440000 0.055657
450000 0.047110
460000 0.047050
470000 0.050964
480000 0.051666
490000 0.050629
500000 0.055844
510000 0.053497
520000 0.058384
530000 0.063281
540000 0.057061
550000 0.059621
560000 0.066788
570000 0.062320
580000 0.069797
590000 0.066864
600000 0.065979
610000 0.064509
620000 0.067323
630000 0.067332
640000 0.072113
650000 0.078086
660000 0.078081
670000 0.079468
680000 0.073120
690000 0.082002
700000 0.080645
710000 0.077198
720000 0.086435
730000 0.085740
740000 0.106332
750000 0.090936
760000 0.084485
770000 0.095456
780000 0.091619
790000 0.099574
800000 0.100118
810000 0.099635
820000 0.100694
830000 0.107700
840000 0.104035
850000 0.098190
860000 0.103703
870000 0.112033
880000 0.112007
890000 0.106393
900000 0.111444
910000 0.102178
920000 0.110189
930000 0.105308
940000 0.109887
950000 0.112364
960000 0.116224
970000 0.122253
980000 0.124082
990000 0.121623
10000 0.000784
20000 0.001660
30000 0.002614
40000 0.003511
50000 0.004490
60000 0.005430
70000 0.006368
80000 0.007417
90000 0.008501
100000 0.009267
110000 0.010507
120000 0.011398
130000 0.012522
140000 0.013147
150000 0.014377
160000 0.015192
170000 0.016427
180000 0.017582
190000 0.018199
200000 0.019224
210000 0.020258
220000 0.021345
230000 0.022458
240000 0.023804
250000 0.024865
260000 0.025822
270000 0.026547
280000 0.027638
290000 0.028214
300000 0.029462
310000 0.031800
320000 0.032474
330000 0.033380
340000 0.034060
350000 0.035396
360000 0.035875
370000 0.037702
380000 0.038593
390000 0.039732
400000 0.040611
410000 0.042160
420000 0.042587
430000 0.043595
440000 0.045275
450000 0.046481
460000 0.046189
470000 0.048519
480000 0.048555
490000 0.050421
500000 0.050631
510000 0.052573
520000 0.052499
530000 0.054599
540000 0.057230
550000 0.057684
560000 0.059408
570000 0.059152
580000 0.059720
590000 0.061828
600000 0.063959
610000 0.063577
620000 0.065607
630000 0.064992
640000 0.067512
650000 0.066872
660000 0.070990
670000 0.069986
680000 0.072820
690000 0.071902
700000 0.075208
710000 0.075663
720000 0.076579
730000 0.078106
740000 0.080144
750000 0.080941
760000 0.081446
770000 0.084587
780000 0.084697
790000 0.086141
800000 0.086711
810000 0.088742
820000 0.090431
830000 0.092005
840000 0.096997
850000 0.092803
860000 0.095756
870000 0.097374
880000 0.097936
890000 0.096409
900000 0.100616
910000 0.100417
920000 0.102638
930000 0.103671
940000 0.103658
950000 0.107507
960000 0.108422
970000 0.108938
980000 0.112060
990000 0.110962
10000 0.000931
10000 0.000949
10000 0.000771
10000 0.000782
10000 0.001104
20000 0.001801
20000 0.001719
20000 0.001696
20000 0.003046
20000 0.001675
30000 0.002602
30000 0.002649
30000 0.002686
30000 0.002747
30000 0.002708
40000 0.003534
40000 0.003485
40000 0.003535
40000 0.003478
40000 0.003536
50000 0.005999
50000 0.004541
50000 0.004547
50000 0.004519
50000 0.006062
60000 0.005485
60000 0.005450
60000 0.005470
60000 0.005533
60000 0.005488
70000 0.006573
70000 0.006403
70000 0.006389
70000 0.006540
70000 0.006407
80000 0.007466
80000 0.007429
80000 0.007570
80000 0.007536
80000 0.007427
90000 0.008783
90000 0.008516
90000 0.008676
90000 0.008527
90000 0.008675
100000 0.009390
100000 0.009310
100000 0.009319
100000 0.009401
100000 0.009367
110000 0.010613
110000 0.010222
110000 0.010374
110000 0.010268
110000 0.010910
120000 0.012770
120000 0.011680
120000 0.011696
120000 0.011503
120000 0.011577
130000 0.013057
130000 0.012802
130000 0.013633
130000 0.012554
130000 0.012834
140000 0.013756
140000 0.013601
140000 0.013381
140000 0.013331
140000 0.013170
150000 0.014626
150000 0.015590
150000 0.014691
150000 0.015701
150000 0.015389
160000 0.016175
160000 0.015795
160000 0.015795
160000 0.016619
160000 0.016247
170000 0.016849
170000 0.018227
170000 0.017061
170000 0.016689
170000 0.016486
180000 0.017685
180000 0.018035
180000 0.018989
180000 0.020470
180000 0.021588
190000 0.023285
190000 0.018581
190000 0.018489
190000 0.018578
190000 0.018497
200000 0.019686
200000 0.019238
200000 0.019259
200000 0.020109
200000 0.019791
210000 0.021261
210000 0.020603
210000 0.020551
210000 0.020738
210000 0.020772
220000 0.022120
220000 0.021692
220000 0.022797
220000 0.022045
220000 0.021556
230000 0.022864
230000 0.023069
230000 0.022941
230000 0.023827
230000 0.022886
240000 0.024158
240000 0.023718
240000 0.025083
240000 0.025427
240000 0.024293
250000 0.027309
250000 0.025832
250000 0.026974
250000 0.026748
250000 0.025768
260000 0.026775
260000 0.026688
260000 0.034825
260000 0.053151
260000 0.053935
270000 0.032781
270000 0.030121
270000 0.039697
270000 0.030396
270000 0.027025
280000 0.027916
280000 0.028830
280000 0.027702
280000 0.027575
280000 0.027988
290000 0.028861
290000 0.028603
290000 0.029553
290000 0.031290
290000 0.029675
300000 0.031739
300000 0.030612
300000 0.032154
300000 0.031782
300000 0.030397
310000 0.033914
310000 0.032915
310000 0.032580
310000 0.034004
310000 0.032380
320000 0.032888
320000 0.032336
320000 0.034349
320000 0.035577
320000 0.033195
330000 0.035107
330000 0.035733
330000 0.034371
330000 0.034723
330000 0.038298
340000 0.035653
340000 0.034043
340000 0.034523
340000 0.035514
340000 0.037187
350000 0.040944
350000 0.039333
350000 0.036758
350000 0.045754
350000 0.037706
360000 0.046536
360000 0.042025
360000 0.097689
360000 0.066090
360000 0.073371
370000 0.048279
370000 0.043779
370000 0.038640
370000 0.039150
370000 0.038167
380000 0.043391
380000 0.040365
380000 0.041489
380000 0.041179
380000 0.049008
390000 0.044779
390000 0.046258
390000 0.042809
390000 0.042436
390000 0.042141
400000 0.044363
400000 0.043337
400000 0.041022
400000 0.043068
400000 0.047255
410000 0.047828
410000 0.043473
410000 0.049246
410000 0.043917
410000 0.045231
420000 0.046034
420000 0.045158
420000 0.045527
420000 0.044201
420000 0.055734
430000 0.065065
430000 0.064828
430000 0.044999
430000 0.044103
430000 0.044698
440000 0.046103
440000 0.047417
440000 0.049781
440000 0.046336
440000 0.046475
450000 0.049296
450000 0.047147
450000 0.050733
450000 0.056679
450000 0.049655
460000 0.047342
460000 0.053107
460000 0.050529
460000 0.051363
460000 0.050328
470000 0.051697
470000 0.050124
470000 0.049860
470000 0.049077
470000 0.055045
480000 0.054633
480000 0.057514
480000 0.048780
480000 0.050631
480000 0.050316
490000 0.054725
490000 0.052785
490000 0.055139
490000 0.052466
490000 0.051228
500000 0.053457
500000 0.051568
500000 0.053852
500000 0.053924
500000 0.056726
510000 0.052881
510000 0.052690
510000 0.058300
510000 0.053323
510000 0.054997
520000 0.053387
520000 0.054060
520000 0.056886
520000 0.055318
520000 0.058280
530000 0.057963
530000 0.056505
530000 0.056747
530000 0.055922
530000 0.054341
540000 0.059637
540000 0.058898
540000 0.062587
540000 0.057669
540000 0.059260
550000 0.060896
550000 0.056358
550000 0.057092
550000 0.056091
550000 0.056423
560000 0.059409
560000 0.059234
560000 0.059504
560000 0.058504
560000 0.060569
570000 0.062375
570000 0.062650
570000 0.076528
570000 0.060950
570000 0.062327
580000 0.061727
580000 0.061368
580000 0.060780
580000 0.061342
580000 0.061242
590000 0.064765
590000 0.062676
590000 0.062067
590000 0.064901
590000 0.062178
600000 0.068147
600000 0.064192
600000 0.065001
600000 0.063034
600000 0.066277
610000 0.064614
610000 0.070507
610000 0.066757
610000 0.067176
610000 0.064101
620000 0.068874
620000 0.069146
620000 0.065975
620000 0.067051
620000 0.068423
630000 0.066341
630000 0.066413
630000 0.066377
630000 0.065631
630000 0.065213
640000 0.069818
640000 0.070764
640000 0.068983
640000 0.069617
640000 0.069212
650000 0.067620
650000 0.067350
650000 0.077768
650000 0.074876
650000 0.073275
660000 0.078818
660000 0.072721
660000 0.073098
660000 0.074672
660000 0.074406
670000 0.072669
670000 0.071948
670000 0.071662
670000 0.077638
670000 0.074251
680000 0.141785
680000 0.126358
680000 0.098720
680000 0.075552
680000 0.073495
690000 0.078527
690000 0.073121
690000 0.077091
690000 0.075104
690000 0.078062
700000 0.078993
700000 0.077144
700000 0.115339
700000 0.077640
700000 0.078701
710000 0.086206
710000 0.079309
710000 0.078675
710000 0.100429
710000 0.113764
720000 0.083936
720000 0.081746
720000 0.082961
720000 0.077847
720000 0.079811
730000 0.079453
730000 0.087394
730000 0.080552
730000 0.082382
730000 0.100382
740000 0.088000
740000 0.092751
740000 0.088181
740000 0.082521
740000 0.087688
750000 0.085944
750000 0.081919
750000 0.081498
750000 0.085438
750000 0.088440
760000 0.091838
760000 0.094857
760000 0.089339
760000 0.083180
760000 0.082417
770000 0.085451
770000 0.087138
770000 0.085080
770000 0.092557
770000 0.090553
780000 0.085387
780000 0.084890
780000 0.086555
780000 0.084548
780000 0.086711
790000 0.088410
790000 0.091486
790000 0.089081
790000 0.087003
790000 0.087227
800000 0.087500
800000 0.089158
800000 0.089830
800000 0.093498
800000 0.095359
810000 0.089223
810000 0.089622
810000 0.088889
810000 0.088856
810000 0.091249
820000 0.088995
820000 0.089439
820000 0.089706
820000 0.089932
820000 0.091048
830000 0.099578
830000 0.093555
830000 0.092693
830000 0.092833
830000 0.103261
840000 0.096599
840000 0.095500
840000 0.096641
840000 0.101929
840000 0.095860
850000 0.092463
850000 0.092115
850000 0.092065
850000 0.093685
850000 0.095197
860000 0.097428
860000 0.095929
860000 0.096135
860000 0.094902
860000 0.099652
870000 0.100100
870000 0.096154
870000 0.098875
870000 0.097053
870000 0.097252
880000 0.099588
880000 0.099493
880000 0.096347
880000 0.096801
880000 0.099046
890000 0.096616
890000 0.105324
890000 0.100566
890000 0.099898
890000 0.100893
900000 0.101701
900000 0.102006
900000 0.101636
900000 0.101604
900000 0.102588
910000 0.106252
910000 0.101638
910000 0.103496
910000 0.104657
910000 0.103546
920000 0.108366
920000 0.109465
920000 0.102125
920000 0.102687
920000 0.111181
930000 0.116974
930000 0.105045
930000 0.103152
930000 0.106267
930000 0.103310
940000 0.105237
940000 0.109299
940000 0.110344
940000 0.105883
940000 0.105116
950000 0.110347
950000 0.107805
950000 0.111902
950000 0.109379
950000 0.108971
960000 0.108899
960000 0.113494
960000 0.107287
960000 0.107592
960000 0.109727
970000 0.114796
970000 0.109969
970000 0.122083
970000 0.117382
970000 0.112224
980000 0.113944
980000 0.110927
980000 0.117618
980000 0.117622
980000 0.115425
990000 0.111805
990000 0.117505
990000 0.112117
990000 0.111739
990000 0.117808
10000 0.001012
10000 0.000962
10000 0.000902
10000 0.000959
10000 0.000795
20000 0.001725
20000 0.001731
20000 0.001745
20000 0.001835
20000 0.001722
30000 0.002625
30000 0.003333
30000 0.002623
30000 0.002669
30000 0.002585
40000 0.003635
40000 0.003499
40000 0.003511
40000 0.003582
40000 0.003721
50000 0.004590
50000 0.004624
50000 0.004509
50000 0.004530
50000 0.004546
60000 0.005491
60000 0.005562
60000 0.005823
60000 0.005494
60000 0.005529
70000 0.006283
70000 0.006423
70000 0.006422
70000 0.006519
70000 0.006358
80000 0.007577
80000 0.007501
80000 0.007465
80000 0.008050
80000 0.007273
90000 0.008647
90000 0.008388
90000 0.008677
90000 0.008893
90000 0.008738
100000 0.009645
100000 0.009765
100000 0.009834
100000 0.009431
100000 0.009460
110000 0.010948
110000 0.010602
110000 0.011014
110000 0.010640
110000 0.010426
120000 0.011370
120000 0.011400
120000 0.011423
120000 0.011541
120000 0.011759
130000 0.012367
130000 0.012709
130000 0.012200
130000 0.012453
130000 0.013208
140000 0.013345
140000 0.013628
140000 0.013690
140000 0.014254
140000 0.013858
150000 0.014383
150000 0.014610
150000 0.015428
150000 0.014858
150000 0.014460
160000 0.016178
160000 0.016193
160000 0.016318
160000 0.015372
160000 0.015864
170000 0.017144
170000 0.017931
170000 0.016578
170000 0.016883
170000 0.017047
180000 0.018028
180000 0.018642
180000 0.018271
180000 0.017474
180000 0.017804
190000 0.018467
190000 0.019503
190000 0.019094
190000 0.019080
190000 0.019363
200000 0.020350
200000 0.019450
200000 0.019501
200000 0.022323
200000 0.019929
210000 0.021087
210000 0.021690
210000 0.021445
210000 0.021315
210000 0.021330
220000 0.022226
220000 0.021899
220000 0.021900
220000 0.022027
220000 0.023243
230000 0.022873
230000 0.022424
230000 0.023178
230000 0.023216
230000 0.022782
240000 0.024377
240000 0.024013
240000 0.024819
240000 0.024989
240000 0.026433
250000 0.024166
250000 0.024783
250000 0.026056
250000 0.025430
250000 0.025934
260000 0.027377
260000 0.026065
260000 0.025986
260000 0.025844
260000 0.026258
270000 0.027460
270000 0.028691
270000 0.027465
270000 0.027000
270000 0.026278
280000 0.028172
280000 0.027660
280000 0.028044
280000 0.028219
280000 0.028192
290000 0.029166
290000 0.029272
290000 0.030880
290000 0.029343
290000 0.029750
300000 0.030698
300000 0.030250
300000 0.029217
300000 0.029637
300000 0.030447
310000 0.030777
310000 0.030808
310000 0.030563
310000 0.030745
310000 0.030833
320000 0.033037
320000 0.032999
320000 0.033247
320000 0.032552
320000 0.032041
330000 0.032853
330000 0.033542
330000 0.041533
330000 0.032485
330000 0.032999
340000 0.033909
340000 0.034738
340000 0.033712
340000 0.034938
340000 0.034417
350000 0.035818
350000 0.036431
350000 0.035550
350000 0.036047
350000 0.036682
360000 0.036651
360000 0.037106
360000 0.038735
360000 0.038918
360000 0.036420
370000 0.037286
370000 0.037423
370000 0.037387
370000 0.039185
370000 0.038027
380000 0.043084
380000 0.039256
380000 0.040962
380000 0.039712
380000 0.040522
390000 0.040274
390000 0.040380
390000 0.039928
390000 0.040844
390000 0.043093
400000 0.041668
400000 0.043698
400000 0.042174
400000 0.042181
400000 0.043077
410000 0.043286
410000 0.043618
410000 0.043585
410000 0.042812
410000 0.043301
420000 0.044226
420000 0.045169
420000 0.046321
420000 0.043063
420000 0.045515
430000 0.045617
430000 0.046917
430000 0.046020
430000 0.047489
430000 0.043203
440000 0.044995
440000 0.045523
440000 0.044907
440000 0.045514
440000 0.045528
450000 0.046087
450000 0.048693
450000 0.045604
450000 0.046221
450000 0.045774
460000 0.046523
460000 0.048499
460000 0.046021
460000 0.047221
460000 0.047487
470000 0.047773
470000 0.047579
470000 0.048226
470000 0.047876
470000 0.048293
480000 0.049119
480000 0.049745
480000 0.049679
480000 0.049129
480000 0.049532
490000 0.052260
490000 0.049706
490000 0.050534
490000 0.049035
490000 0.050463
500000 0.051833
500000 0.050030
500000 0.051459
500000 0.050678
500000 0.051978
510000 0.053196
510000 0.052413
510000 0.054053
510000 0.052524
510000 0.052053
520000 0.055565
520000 0.053625
520000 0.052991
520000 0.053870
520000 0.052977
530000 0.055310
530000 0.054680
530000 0.054145
530000 0.054787
530000 0.055006
540000 0.056161
540000 0.055828
540000 0.059171
540000 0.056230
540000 0.055470
550000 0.056773
550000 0.056116
550000 0.057028
550000 0.057433
550000 0.056087
560000 0.059645
560000 0.058345
560000 0.057027
560000 0.059666
560000 0.057947
570000 0.058289
570000 0.059164
570000 0.059817
570000 0.059918
570000 0.058931
580000 0.061584
580000 0.059487
580000 0.059766
580000 0.059989
580000 0.061000
590000 0.060422
590000 0.061822
590000 0.060251
590000 0.066623
590000 0.060780
600000 0.062611
600000 0.062446
600000 0.062414
600000 0.063422
600000 0.063166
610000 0.064524
610000 0.063702
610000 0.064093
610000 0.063199
610000 0.063818
620000 0.069550
620000 0.069001
620000 0.070494
620000 0.065146
620000 0.064092
630000 0.065138
630000 0.066354
630000 0.065089
630000 0.065045
630000 0.066282
640000 0.067766
640000 0.066549
640000 0.066207
640000 0.066336
640000 0.065445
650000 0.068199
650000 0.068416
650000 0.068564
650000 0.071740
650000 0.067571
660000 0.068900
660000 0.069198
660000 0.069459
660000 0.070861
660000 0.071195
670000 0.074014
670000 0.071168
670000 0.072296
670000 0.070867
670000 0.070892
680000 0.072403
680000 0.073447
680000 0.073486
680000 0.072255
680000 0.071291
690000 0.072577
690000 0.072723
690000 0.072260
690000 0.071743
690000 0.076070
700000 0.073108
700000 0.075216
700000 0.073427
700000 0.080112
700000 0.074968
710000 0.074982
710000 0.074664
710000 0.075444
710000 0.076987
710000 0.080618
720000 0.077100
720000 0.076650
720000 0.077053
720000 0.077341
720000 0.076732
730000 0.078992
730000 0.081151
730000 0.079372
730000 0.077931
730000 0.078435
740000 0.079412
740000 0.079249
740000 0.078477
740000 0.079145
740000 0.078413
750000 0.083774
750000 0.079474
750000 0.080876
750000 0.081042
750000 0.080352
760000 0.081350
760000 0.081009
760000 0.082160
760000 0.081717
760000 0.081374
770000 0.082261
770000 0.081990
770000 0.083500
770000 0.083280
770000 0.088994
780000 0.082434
780000 0.086009
780000 0.083196
780000 0.086419
780000 0.083710
790000 0.083294
790000 0.084370
790000 0.087063
790000 0.089815
790000 0.085361
800000 0.085862
800000 0.086850
800000 0.085350
800000 0.085781
800000 0.089507
810000 0.087451
810000 0.088505
810000 0.087808
810000 0.087584
810000 0.089626
820000 0.090450
820000 0.088238
820000 0.088663
820000 0.088666
820000 0.088433
830000 0.090402
830000 0.090568
830000 0.091340
830000 0.090782
830000 0.089457
840000 0.093500
840000 0.090831
840000 0.092126
840000 0.090729
840000 0.091854
850000 0.093057
850000 0.097537
850000 0.096353
850000 0.092596
850000 0.092547
860000 0.094976
860000 0.098123
860000 0.101092
860000 0.098055
860000 0.107388
870000 0.094583
870000 0.095005
870000 0.097301
870000 0.095265
870000 0.096723
880000 0.096969
880000 0.095763
880000 0.096652
880000 0.100179
880000 0.096519
890000 0.096755
890000 0.098517
890000 0.100721
890000 0.096187
890000 0.097610
900000 0.099754
900000 0.098611
900000 0.098488
900000 0.103825
900000 0.099957
910000 0.104135
910000 0.101429
910000 0.103463
910000 0.099620
910000 0.099346
920000 0.103393
920000 0.104457
920000 0.102896
920000 0.102802
920000 0.102135
930000 0.108214
930000 0.103965
930000 0.103884
930000 0.103780
930000 0.103719
940000 0.103741
940000 0.103570
940000 0.102204
940000 0.103047
940000 0.104303
950000 0.105172
950000 0.107727
950000 0.105062
950000 0.107427
950000 0.104909
960000 0.106331
960000 0.107024
960000 0.105520
960000 0.107472
960000 0.106854
970000 0.109911
970000 0.108313
970000 0.108461
970000 0.110253
970000 0.110288
980000 0.113745
980000 0.118997
980000 0.108465
980000 0.108627
980000 0.108645
990000 0.110770
990000 0.110961
990000 0.110043
990000 0.111935
990000 0.111356
