10000 0.000823
10000 0.000833
10000 0.000823
20000 0.001747
20000 0.001785
20000 0.001773
30000 0.002709
30000 0.002647
30000 0.002659
40000 0.003647
40000 0.003650
40000 0.003730
50000 0.004485
50000 0.004548
50000 0.005209
60000 0.005491
60000 0.005518
60000 0.005514
70000 0.006717
70000 0.006570
70000 0.006523
80000 0.007546
80000 0.007634
80000 0.007526
90000 0.008526
90000 0.008483
90000 0.008480
100000 0.009589
100000 0.009610
100000 0.009750
110000 0.010712
110000 0.010578
110000 0.010412
120000 0.011570
120000 0.011529
120000 0.011375
130000 0.012598
130000 0.012336
130000 0.012365
140000 0.013249
140000 0.013406
140000 0.013640
150000 0.014294
150000 0.014249
150000 0.014452
160000 0.015833
160000 0.015557
160000 0.015795
170000 0.016470
170000 0.016411
170000 0.016377
180000 0.017498
180000 0.017685
180000 0.017644
190000 0.018578
190000 0.018593
190000 0.018559
200000 0.019725
200000 0.019350
200000 0.019265
210000 0.019960
210000 0.020052
210000 0.019808
220000 0.021849
220000 0.021774
220000 0.021829
230000 0.022735
230000 0.022476
230000 0.022089
240000 0.023843
240000 0.023312
240000 0.023739
250000 0.026157
250000 0.024303
250000 0.024892
260000 0.025266
260000 0.025383
260000 0.025562
270000 0.026357
270000 0.025622
270000 0.026709
280000 0.027504
280000 0.026941
280000 0.027403
290000 0.028346
290000 0.028261
290000 0.028763
300000 0.029770
300000 0.029206
300000 0.029250
310000 0.030756
310000 0.030830
310000 0.030216
320000 0.030984
320000 0.031643
320000 0.031306
330000 0.031643
330000 0.031889
330000 0.032389
340000 0.032978
340000 0.032505
340000 0.033370
350000 0.034190
350000 0.033811
350000 0.034402
360000 0.034618
360000 0.035431
360000 0.034815
370000 0.036965
370000 0.036355
370000 0.035691
380000 0.036220
380000 0.037038
380000 0.037002
390000 0.040629
390000 0.040381
390000 0.039966
400000 0.040170
400000 0.039217
400000 0.038907
410000 0.040102
410000 0.040115
410000 0.039504
420000 0.042853
420000 0.041001
420000 0.043739
430000 0.045720
430000 0.042891
430000 0.042464
440000 0.042802
440000 0.043577
440000 0.043822
450000 0.044589
450000 0.044378
450000 0.044146
460000 0.046789
460000 0.044760
460000 0.046080
470000 0.045012
470000 0.044975
470000 0.045141
480000 0.046133
480000 0.046265
480000 0.047667
490000 0.047290
490000 0.047395
490000 0.046933
500000 0.048396
500000 0.048611
500000 0.048305
510000 0.049466
510000 0.049404
510000 0.049167
520000 0.050913
520000 0.051052
520000 0.050606
530000 0.050503
530000 0.051663
530000 0.050918
540000 0.051570
540000 0.051637
540000 0.051893
550000 0.053635
550000 0.054604
550000 0.053405
560000 0.054386
560000 0.054438
560000 0.053804
570000 0.055770
570000 0.056012
570000 0.056069
580000 0.056059
580000 0.056052
580000 0.057204
590000 0.056868
590000 0.057248
590000 0.058195
600000 0.057241
600000 0.058823
600000 0.057783
610000 0.057691
610000 0.058341
610000 0.057760
620000 0.065536
620000 0.059616
620000 0.062944
630000 0.060513
630000 0.060337
630000 0.061090
640000 0.062496
640000 0.063082
640000 0.063072
650000 0.063385
650000 0.062762
650000 0.063221
660000 0.064979
660000 0.065100
660000 0.065566
670000 0.065299
670000 0.069079
670000 0.065238
680000 0.066315
680000 0.066213
680000 0.065720
690000 0.066068
690000 0.067121
690000 0.078073
700000 0.067652
700000 0.069624
700000 0.068556
710000 0.068657
710000 0.070703
710000 0.072104
720000 0.080443
720000 0.072065
720000 0.071255
730000 0.074092
730000 0.070431
730000 0.070331
740000 0.070742
740000 0.071512
740000 0.075830
750000 0.072721
750000 0.074878
750000 0.072896
760000 0.073098
760000 0.072331
760000 0.072317
770000 0.073752
770000 0.073610
770000 0.079093
780000 0.076917
780000 0.075212
780000 0.075272
790000 0.075769
790000 0.076706
790000 0.076918
800000 0.076384
800000 0.076279
800000 0.076114
810000 0.081264
810000 0.077980
810000 0.081124
820000 0.079348
820000 0.082767
820000 0.082899
830000 0.083535
830000 0.082268
830000 0.081810
840000 0.084765
840000 0.080383
840000 0.081541
850000 0.085310
850000 0.088505
850000 0.082541
860000 0.084145
860000 0.084069
860000 0.086096
870000 0.085230
870000 0.084691
870000 0.085066
880000 0.085932
880000 0.085037
880000 0.087559
890000 0.091685
890000 0.102041
890000 0.087850
900000 0.092501
900000 0.089047
900000 0.091484
910000 0.087864
910000 0.089526
910000 0.087874
920000 0.090505
920000 0.088753
920000 0.088912
930000 0.090270
930000 0.092375
930000 0.096647
940000 0.099065
940000 0.096115
940000 0.093359
950000 0.097517
950000 0.096276
950000 0.093039
960000 0.093386
960000 0.093583
960000 0.096558
970000 0.099147
970000 0.097376
970000 0.099261
980000 0.097606
980000 0.095807
980000 0.097363
990000 0.096606
990000 0.097124
990000 0.115914
10000 0.000996
10000 0.000900
10000 0.000838
10000 0.000816
10000 0.000823
20000 0.001744
20000 0.001719
20000 0.001695
20000 0.001832
20000 0.001813
30000 0.002660
30000 0.002664
30000 0.002740
30000 0.002717
30000 0.002781
40000 0.003652
40000 0.003625
40000 0.003646
40000 0.003626
40000 0.003592
50000 0.004672
50000 0.004537
50000 0.004539
50000 0.004597
50000 0.004535
60000 0.005564
60000 0.005582
60000 0.005636
60000 0.005638
60000 0.005726
70000 0.006667
70000 0.006597
70000 0.006488
70000 0.006556
70000 0.006636
80000 0.007618
80000 0.007544
80000 0.007664
80000 0.007663
80000 0.007650
90000 0.008515
90000 0.008695
90000 0.008412
90000 0.008615
90000 0.008508
100000 0.009731
100000 0.009449
100000 0.009393
100000 0.009415
100000 0.009473
110000 0.010434
110000 0.010478
110000 0.010748
110000 0.010607
110000 0.010500
120000 0.011727
120000 0.011291
120000 0.011544
120000 0.011448
120000 0.012019
130000 0.012071
130000 0.012691
130000 0.012308
130000 0.012508
130000 0.012314
140000 0.013397
140000 0.013337
140000 0.013289
140000 0.013585
140000 0.013531
150000 0.014221
150000 0.014469
150000 0.014416
150000 0.014754
150000 0.014473
160000 0.015870
160000 0.015432
160000 0.015705
160000 0.015617
160000 0.015434
170000 0.016208
170000 0.016006
170000 0.016063
170000 0.016297
170000 0.016148
180000 0.017171
180000 0.017525
180000 0.017337
180000 0.017185
180000 0.017333
190000 0.018023
190000 0.017977
190000 0.018220
190000 0.018821
190000 0.017987
200000 0.019219
200000 0.019111
200000 0.018844
200000 0.019257
200000 0.019333
210000 0.020649
210000 0.019950
210000 0.020269
210000 0.020394
210000 0.020224
220000 0.021861
220000 0.021583
220000 0.021412
220000 0.020933
220000 0.021437
230000 0.022130
230000 0.022233
230000 0.022217
230000 0.022766
230000 0.022125
240000 0.023417
240000 0.022902
240000 0.023625
240000 0.023590
240000 0.023638
250000 0.024534
250000 0.024080
250000 0.023856
250000 0.023824
250000 0.024220
260000 0.025772
260000 0.025004
260000 0.024786
260000 0.025286
260000 0.025024
270000 0.026274
270000 0.025974
270000 0.025790
270000 0.025620
270000 0.026132
280000 0.026591
280000 0.027462
280000 0.027766
280000 0.027381
280000 0.028090
290000 0.028436
290000 0.028950
290000 0.027965
290000 0.028776
290000 0.027736
300000 0.028847
300000 0.029550
300000 0.028659
300000 0.029991
300000 0.030994
310000 0.029725
310000 0.030504
310000 0.030899
310000 0.030240
310000 0.030354
320000 0.031717
320000 0.030870
320000 0.031201
320000 0.032121
320000 0.030501
330000 0.031933
330000 0.032842
330000 0.032493
330000 0.033110
330000 0.032609
340000 0.033925
340000 0.033465
340000 0.034190
340000 0.033077
340000 0.033928
350000 0.033364
350000 0.033289
350000 0.035142
350000 0.033462
350000 0.035380
360000 0.035523
360000 0.035077
360000 0.035955
360000 0.035143
360000 0.034402
370000 0.037078
370000 0.036299
370000 0.036533
370000 0.036140
370000 0.036281
380000 0.036721
380000 0.037837
380000 0.037726
380000 0.038652
380000 0.038623
390000 0.038284
390000 0.039741
390000 0.038583
390000 0.037678
390000 0.038343
400000 0.038547
400000 0.040211
400000 0.039025
400000 0.040298
400000 0.039727
410000 0.040090
410000 0.040094
410000 0.041047
410000 0.041404
410000 0.039191
420000 0.041036
420000 0.042038
420000 0.040882
420000 0.041135
420000 0.042086
430000 0.041995
430000 0.041717
430000 0.041202
430000 0.042502
430000 0.043180
440000 0.043022
440000 0.042759
440000 0.044560
440000 0.043173
440000 0.043875
450000 0.043397
450000 0.043704
450000 0.044038
450000 0.045359
450000 0.044470
460000 0.045226
460000 0.046464
460000 0.046558
460000 0.046124
460000 0.045816
470000 0.045532
470000 0.046970
470000 0.045670
470000 0.047412
470000 0.046170
480000 0.047142
480000 0.047053
480000 0.046475
480000 0.047497
480000 0.048545
490000 0.049476
490000 0.048696
490000 0.047658
490000 0.048694
490000 0.049623
500000 0.048613
500000 0.050092
500000 0.048170
500000 0.049330
500000 0.050376
510000 0.050327
510000 0.057929
510000 0.052946
510000 0.052951
510000 0.049120
520000 0.051421
520000 0.050025
520000 0.052481
520000 0.051733
520000 0.051922
530000 0.052917
530000 0.051418
530000 0.052151
530000 0.052561
530000 0.053409
540000 0.052319
540000 0.052494
540000 0.054824
540000 0.053455
540000 0.052707
550000 0.053058
550000 0.053344
550000 0.053022
550000 0.052796
550000 0.055943
560000 0.054718
560000 0.056814
560000 0.054301
560000 0.056839
560000 0.054871
570000 0.055562
570000 0.057430
570000 0.057315
570000 0.056374
570000 0.056482
580000 0.058274
580000 0.058801
580000 0.060262
580000 0.060071
580000 0.060244
590000 0.059997
590000 0.057263
590000 0.057607
590000 0.058889
590000 0.060050
600000 0.061546
600000 0.059634
600000 0.060989
600000 0.057862
600000 0.059345
610000 0.061611
610000 0.060263
610000 0.060161
610000 0.058246
610000 0.059049
620000 0.060623
620000 0.063175
620000 0.060870
620000 0.060917
620000 0.060937
630000 0.071238
630000 0.071511
630000 0.060795
630000 0.064899
630000 0.063738
640000 0.063479
640000 0.061640
640000 0.063791
640000 0.064217
640000 0.065171
650000 0.064608
650000 0.065096
650000 0.064790
650000 0.065002
650000 0.063760
660000 0.066467
660000 0.065500
660000 0.065558
660000 0.063939
660000 0.066023
670000 0.067689
670000 0.067500
670000 0.066931
670000 0.069140
670000 0.067657
680000 0.067606
680000 0.065777
680000 0.067556
680000 0.067677
680000 0.065739
690000 0.070339
690000 0.070424
690000 0.070297
690000 0.068212
690000 0.068857
700000 0.070487
700000 0.071909
700000 0.070624
700000 0.070045
700000 0.070768
710000 0.069845
710000 0.070486
710000 0.070937
710000 0.072023
710000 0.070893
720000 0.071747
720000 0.072265
720000 0.071988
720000 0.070752
720000 0.069027
730000 0.073425
730000 0.073130
730000 0.072153
730000 0.071894
730000 0.072137
740000 0.075985
740000 0.073995
740000 0.072434
740000 0.071550
740000 0.074745
750000 0.074082
750000 0.074785
750000 0.076322
750000 0.074425
750000 0.075915
760000 0.076971
760000 0.078534
760000 0.073412
760000 0.076377
760000 0.075427
770000 0.076512
770000 0.076832
770000 0.077585
770000 0.076111
770000 0.077114
780000 0.079076
780000 0.078572
780000 0.078101
780000 0.077055
780000 0.079653
790000 0.077468
790000 0.079157
790000 0.079912
790000 0.078943
790000 0.077717
800000 0.080030
800000 0.079888
800000 0.080745
800000 0.081615
800000 0.080229
810000 0.080853
810000 0.079840
810000 0.080106
810000 0.079699
810000 0.081234
820000 0.083408
820000 0.083102
820000 0.083442
820000 0.082784
820000 0.082625
830000 0.083617
830000 0.082355
830000 0.082234
830000 0.082241
830000 0.082446
840000 0.085356
840000 0.085082
840000 0.083797
840000 0.083675
840000 0.082439
850000 0.084593
850000 0.084549
850000 0.086104
850000 0.082855
850000 0.086895
860000 0.085730
860000 0.086626
860000 0.084505
860000 0.086711
860000 0.084979
870000 0.086101
870000 0.089600
870000 0.086895
870000 0.086207
870000 0.085135
880000 0.089448
880000 0.088330
880000 0.086971
880000 0.088959
880000 0.087582
890000 0.090572
890000 0.087696
890000 0.089741
890000 0.088586
890000 0.090045
900000 0.089770
900000 0.091551
900000 0.089000
900000 0.091060
900000 0.088531
910000 0.092110
910000 0.092198
910000 0.092989
910000 0.088994
910000 0.091058
920000 0.093492
920000 0.091937
920000 0.092348
920000 0.092240
920000 0.091670
930000 0.090917
930000 0.096548
930000 0.094712
930000 0.094293
930000 0.094223
940000 0.095852
940000 0.093188
940000 0.093984
940000 0.093938
940000 0.092534
950000 0.096985
950000 0.096006
950000 0.093351
950000 0.094347
950000 0.092852
960000 0.093417
960000 0.095196
960000 0.092978
960000 0.098433
960000 0.094345
970000 0.096337
970000 0.095242
970000 0.097143
970000 0.096745
970000 0.095129
980000 0.097620
980000 0.096962
980000 0.096694
980000 0.097432
980000 0.096026
990000 0.099582
990000 0.106780
990000 0.100236
990000 0.097271
990000 0.100746
