10000 0.001971
10000 0.001973
10000 0.001915
10000 0.001907
10000 0.001937
20000 0.004154
20000 0.004091
20000 0.004154
20000 0.004097
20000 0.004044
30000 0.006415
30000 0.006335
30000 0.006302
30000 0.006335
30000 0.006274
40000 0.008726
40000 0.008626
40000 0.008803
40000 0.008660
40000 0.008664
50000 0.011147
50000 0.011005
50000 0.011355
50000 0.011045
50000 0.011187
60000 0.013448
60000 0.013768
60000 0.013487
60000 0.013392
60000 0.013526
70000 0.015972
70000 0.016079
70000 0.016063
70000 0.016070
70000 0.016040
80000 0.018958
80000 0.018477
80000 0.018509
80000 0.018443
80000 0.018354
90000 0.020925
90000 0.021350
90000 0.022485
90000 0.024984
90000 0.027840
100000 0.023717
100000 0.023606
100000 0.023653
100000 0.023688
100000 0.023595
110000 0.026119
110000 0.026062
110000 0.026148
110000 0.026086
110000 0.026050
120000 0.028724
120000 0.028888
120000 0.029167
120000 0.028682
120000 0.028791
130000 0.031203
130000 0.031856
130000 0.031183
130000 0.031186
130000 0.031087
140000 0.033986
140000 0.034067
140000 0.034403
140000 0.033750
140000 0.034370
150000 0.036664
150000 0.039744
150000 0.036517
150000 0.036318
150000 0.036114
160000 0.039327
160000 0.038846
160000 0.039337
160000 0.038790
160000 0.039166
170000 0.041504
170000 0.041491
170000 0.041499
170000 0.042463
170000 0.041612
180000 0.044470
180000 0.044245
180000 0.044494
180000 0.044211
180000 0.044438
190000 0.046776
190000 0.047040
190000 0.046880
190000 0.046813
190000 0.047050
200000 0.049914
200000 0.049693
200000 0.049610
200000 0.049783
200000 0.049834
210000 0.052351
210000 0.052662
210000 0.052603
210000 0.052498
210000 0.052892
220000 0.055334
220000 0.055494
220000 0.055045
220000 0.055055
220000 0.055268
230000 0.058640
230000 0.057899
230000 0.057865
230000 0.057914
230000 0.058485
240000 0.060853
240000 0.061073
240000 0.061275
240000 0.059730
240000 0.060299
250000 0.062971
250000 0.063828
250000 0.064578
250000 0.063144
250000 0.063351
260000 0.066274
260000 0.066551
260000 0.066813
260000 0.066600
260000 0.066417
270000 0.069911
270000 0.076399
270000 0.093501
270000 0.085993
270000 0.086326
280000 0.072308
280000 0.074685
280000 0.072816
280000 0.071658
280000 0.071234
290000 0.076176
290000 0.073909
290000 0.073783
290000 0.074430
290000 0.073998
300000 0.077498
300000 0.077060
300000 0.078398
300000 0.076593
300000 0.076828
310000 0.080152
310000 0.079620
310000 0.079591
310000 0.079518
310000 0.080159
320000 0.082335
320000 0.082213
320000 0.084409
320000 0.082472
320000 0.082421
330000 0.085141
330000 0.085008
330000 0.085279
330000 0.085026
330000 0.085510
340000 0.091739
340000 0.090423
340000 0.092959
340000 0.090622
340000 0.145261
350000 0.111278
350000 0.142301
350000 0.170250
350000 0.096457
350000 0.093110
360000 0.097637
360000 0.110713
360000 0.133150
360000 0.116826
360000 0.102868
370000 0.101923
370000 0.099560
370000 0.104419
370000 0.103756
370000 0.131920
380000 0.105334
380000 0.103552
380000 0.104781
380000 0.103095
380000 0.103217
390000 0.129860
390000 0.121360
390000 0.103463
390000 0.104476
390000 0.102979
400000 0.106725
400000 0.109862
400000 0.105420
400000 0.106068
400000 0.105293
410000 0.109732
410000 0.108385
410000 0.108368
410000 0.109747
410000 0.109060
420000 0.111438
420000 0.112745
420000 0.115836
420000 0.111528
420000 0.112666
430000 0.114875
430000 0.117811
430000 0.115473
430000 0.116370
430000 0.115128
440000 0.119183
440000 0.117936
440000 0.117315
440000 0.118036
440000 0.117627
450000 0.122333
450000 0.121420
450000 0.121837
450000 0.121882
450000 0.121422
460000 0.126022
460000 0.126400
460000 0.124755
460000 0.125183
460000 0.123706
470000 0.132887
470000 0.126826
470000 0.126644
470000 0.137020
470000 0.131125
480000 0.129380
480000 0.131469
480000 0.131418
480000 0.130534
480000 0.131820
490000 0.136137
490000 0.134408
490000 0.134633
490000 0.133362
490000 0.132363
500000 0.136723
500000 0.134993
500000 0.136979
500000 0.134906
500000 0.136894
510000 0.140883
510000 0.140262
510000 0.141016
510000 0.139584
510000 0.142039
520000 0.144957
520000 0.144413
520000 0.145168
520000 0.144958
520000 0.144699
530000 0.147414
530000 0.147746
530000 0.148265
530000 0.147952
530000 0.146928
540000 0.151988
540000 0.151225
540000 0.147754
540000 0.147993
540000 0.150754
550000 0.152345
550000 0.153454
550000 0.151832
550000 0.153712
550000 0.151967
560000 0.155879
560000 0.154951
560000 0.153727
560000 0.153777
560000 0.155520
570000 0.157494
570000 0.163037
570000 0.161147
570000 0.160140
570000 0.160961
580000 0.161174
580000 0.160159
580000 0.160694
580000 0.160548
580000 0.162115
590000 0.163185
590000 0.164480
590000 0.163442
590000 0.163824
590000 0.164386
600000 0.168519
600000 0.168392
600000 0.167058
600000 0.168133
600000 0.168555
610000 0.174016
610000 0.171002
610000 0.170190
610000 0.170725
610000 0.171506
620000 0.173603
620000 0.173093
620000 0.174117
620000 0.172309
620000 0.173171
630000 0.176238
630000 0.448310
630000 0.327933
630000 0.326295
630000 0.251580
640000 0.224500
640000 0.275832
640000 0.214794
640000 0.398986
640000 0.225062
650000 0.211878
650000 0.201140
650000 0.216510
650000 0.194888
650000 0.214608
660000 0.227761
660000 0.254259
660000 0.235833
660000 0.209632
660000 0.225649
670000 0.223762
670000 0.219693
670000 0.234107
670000 0.206165
670000 0.214077
680000 0.224890
680000 0.240831
680000 0.219840
680000 0.215676
680000 0.234208
690000 0.222837
690000 0.223107
690000 0.226219
690000 0.217458
690000 0.217375
700000 0.219813
700000 0.205102
700000 0.209428
700000 0.215676
700000 0.214821
710000 0.210670
710000 0.208249
710000 0.209133
710000 0.208000
710000 0.222551
720000 0.210776
720000 0.207285
720000 0.211531
720000 0.230909
720000 0.226708
730000 0.241902
730000 0.227458
730000 0.228493
730000 0.227251
730000 0.230570
740000 0.231396
740000 0.230866
740000 0.231243
740000 0.229827
740000 0.231415
750000 0.234047
750000 0.234009
750000 0.232633
750000 0.242315
750000 0.232745
760000 0.237303
760000 0.241388
760000 0.236277
760000 0.235940
760000 0.238228
770000 0.241486
770000 0.249001
770000 0.243319
770000 0.240579
770000 0.241474
780000 0.246305
780000 0.243921
780000 0.246696
780000 0.227677
780000 0.223186
790000 0.228237
790000 0.230665
790000 0.226540
790000 0.237956
790000 0.232665
800000 0.233037
800000 0.231785
800000 0.232996
800000 0.233457
800000 0.247897
810000 0.259526
810000 0.235991
810000 0.236357
810000 0.259668
810000 0.234417
820000 0.271195
820000 0.266433
820000 0.274875
820000 0.270767
820000 0.272582
830000 0.267584
830000 0.262421
830000 0.260550
830000 0.264019
830000 0.260489
840000 0.264710
840000 0.267788
840000 0.264372
840000 0.267650
840000 0.266666
850000 0.268210
850000 0.269458
850000 0.269145
850000 0.247794
850000 0.249085
860000 0.247624
860000 0.248978
860000 0.253998
860000 0.252361
860000 0.248734
870000 0.256019
870000 0.252597
870000 0.250521
870000 0.257237
870000 0.251832
880000 0.255356
880000 0.257916
880000 0.259540
880000 0.258023
880000 0.289851
890000 0.259976
890000 0.261070
890000 0.259483
890000 0.260721
890000 0.259120
900000 0.260483
900000 0.263749
900000 0.263110
900000 0.260000
900000 0.265525
910000 0.266735
910000 0.266195
910000 0.266263
910000 0.264578
910000 0.269155
920000 0.269065
920000 0.273237
920000 0.273248
920000 0.269349
920000 0.272856
930000 0.273993
930000 0.272196
930000 0.274892
930000 0.272845
930000 0.275484
940000 0.276757
940000 0.276743
940000 0.279746
940000 0.276628
940000 0.278375
950000 0.279892
950000 0.278920
950000 0.307575
950000 0.304643
950000 0.318461
960000 0.309752
960000 0.309415
960000 0.291221
960000 0.282489
960000 0.296334
970000 0.314112
970000 0.339482
970000 0.320771
970000 0.314832
970000 0.312141
980000 0.315095
980000 0.317748
980000 0.316889
980000 0.315697
980000 0.316765
990000 0.320488
990000 0.337917
990000 0.299098
990000 0.302940
990000 0.302366
