10000 0.002273
10000 0.002197
10000 0.001888
10000 0.001958
10000 0.002026
20000 0.004140
20000 0.004163
20000 0.004141
20000 0.004168
20000 0.004148
30000 0.006514
30000 0.006583
30000 0.006525
30000 0.006502
30000 0.006827
40000 0.009282
40000 0.009106
40000 0.009097
40000 0.009291
40000 0.009111
50000 0.011603
50000 0.011738
50000 0.011600
50000 0.011712
50000 0.011892
60000 0.014238
60000 0.014320
60000 0.014343
60000 0.014396
60000 0.014269
70000 0.016927
70000 0.016704
70000 0.016725
70000 0.016930
70000 0.016847
80000 0.020108
80000 0.021332
80000 0.019948
80000 0.019686
80000 0.019748
90000 0.022322
90000 0.022442
90000 0.022387
90000 0.022873
90000 0.022323
100000 0.025240
100000 0.026070
100000 0.025268
100000 0.025273
100000 0.025354
110000 0.027928
110000 0.028327
110000 0.027923
110000 0.027966
110000 0.027884
120000 0.030979
120000 0.030734
120000 0.030917
120000 0.030738
120000 0.030813
130000 0.033651
130000 0.033691
130000 0.034605
130000 0.033840
130000 0.033809
140000 0.036760
140000 0.036831
140000 0.037093
140000 0.036731
140000 0.036644
150000 0.039974
150000 0.040574
150000 0.039826
150000 0.039745
150000 0.039611
160000 0.042647
160000 0.042394
160000 0.042723
160000 0.042383
160000 0.042855
170000 0.045470
170000 0.045366
170000 0.045623
170000 0.045736
170000 0.045495
180000 0.048625
180000 0.048813
180000 0.048559
180000 0.048292
180000 0.048735
190000 0.051475
190000 0.051665
190000 0.051977
190000 0.051672
190000 0.051289
200000 0.054950
200000 0.055012
200000 0.055693
200000 0.055112
200000 0.054680
210000 0.058404
210000 0.059038
210000 0.058627
210000 0.058190
210000 0.057844
220000 0.060912
220000 0.061133
220000 0.061316
220000 0.061331
220000 0.062358
230000 0.064302
230000 0.064292
230000 0.064418
230000 0.065269
230000 0.064375
240000 0.067768
240000 0.067234
240000 0.067534
240000 0.068360
240000 0.068875
250000 0.071262
250000 0.070719
250000 0.070745
250000 0.070668
250000 0.070887
260000 0.074083
260000 0.074647
260000 0.074079
260000 0.074276
260000 0.073732
270000 0.075592
270000 0.075853
270000 0.075887
270000 0.076010
270000 0.075631
280000 0.078885
280000 0.078915
280000 0.079481
280000 0.079194
280000 0.079243
290000 0.085594
290000 0.081795
290000 0.081332
290000 0.083120
290000 0.083776
300000 0.086631
300000 0.087364
300000 0.086833
300000 0.087592
300000 0.088586
310000 0.090662
310000 0.091368
310000 0.091186
310000 0.090368
310000 0.090812
320000 0.098818
320000 0.097957
320000 0.093375
320000 0.094655
320000 0.094200
330000 0.097497
330000 0.096229
330000 0.095691
330000 0.098499
330000 0.097344
340000 0.098777
340000 0.099572
340000 0.100120
340000 0.099899
340000 0.100323
350000 0.102462
350000 0.102192
350000 0.101596
350000 0.103827
350000 0.105005
360000 0.106912
360000 0.106340
360000 0.108718
360000 0.105943
360000 0.106929
370000 0.110628
370000 0.110924
370000 0.109654
370000 0.111222
370000 0.110176
380000 0.114056
380000 0.119688
380000 0.113586
380000 0.113397
380000 0.115248
390000 0.116660
390000 0.116922
390000 0.117086
390000 0.117811
390000 0.118758
400000 0.121911
400000 0.120726
400000 0.122028
400000 0.121490
400000 0.122027
410000 0.126585
410000 0.124863
410000 0.124808
410000 0.125725
410000 0.126091
420000 0.128934
420000 0.128766
420000 0.129951
420000 0.123935
420000 0.123370
430000 0.127084
430000 0.128267
430000 0.126984
430000 0.127366
430000 0.127104
440000 0.131895
440000 0.130762
440000 0.131336
440000 0.130808
440000 0.131952
450000 0.133837
450000 0.134593
450000 0.133942
450000 0.134497
450000 0.134654
460000 0.138471
460000 0.139557
460000 0.138283
460000 0.138070
460000 0.138497
470000 0.141079
470000 0.142753
470000 0.142710
470000 0.143004
470000 0.147138
480000 0.149945
480000 0.154188
480000 0.153386
480000 0.150110
480000 0.150924
490000 0.154527
490000 0.154677
490000 0.154763
490000 0.153307
490000 0.153617
500000 0.160664
500000 0.159750
500000 0.156992
500000 0.154885
500000 0.154954
510000 0.157892
510000 0.161576
510000 0.158183
510000 0.158134
510000 0.158176
520000 0.162045
520000 0.164533
520000 0.161787
520000 0.164721
520000 0.165659
530000 0.171462
530000 0.169975
530000 0.170494
530000 0.174929
530000 0.170465
540000 0.175891
540000 0.172687
540000 0.174640
540000 0.175421
540000 0.173676
550000 0.177476
550000 0.183959
550000 0.178071
550000 0.178305
550000 0.179139
560000 0.183151
560000 0.177946
560000 0.179180
560000 0.178729
560000 0.177284
570000 0.180172
570000 0.178959
570000 0.180003
570000 0.179629
570000 0.178901
580000 0.183772
580000 0.190610
580000 0.185008
580000 0.183967
580000 0.186027
590000 0.188046
590000 0.190366
590000 0.189583
590000 0.191765
590000 0.189666
600000 0.193474
600000 0.191841
600000 0.193266
600000 0.193874
600000 0.196587
610000 0.203967
610000 0.200306
610000 0.203143
610000 0.191839
610000 0.193421
620000 0.195717
620000 0.193403
620000 0.193500
620000 0.194703
620000 0.194045
630000 0.196959
630000 0.209465
630000 0.208393
630000 0.209036
630000 0.214820
640000 0.217222
640000 0.214234
640000 0.213797
640000 0.213734
640000 0.214389
650000 0.220043
650000 0.220233
650000 0.204315
650000 0.205235
650000 0.204524
660000 0.210636
660000 0.210146
660000 0.224628
660000 0.228938
660000 0.234723
670000 0.244934
670000 0.229568
670000 0.225527
670000 0.224606
670000 0.221264
680000 0.224914
680000 0.227131
680000 0.227332
680000 0.223529
680000 0.226661
690000 0.228953
690000 0.228353
690000 0.228429
690000 0.236435
690000 0.236280
700000 0.247869
700000 0.238113
700000 0.238548
700000 0.238365
700000 0.238452
710000 0.242451
710000 0.236266
710000 0.234318
710000 0.231104
710000 0.230598
720000 0.236885
720000 0.236052
720000 0.235555
720000 0.243239
720000 0.246313
730000 0.250874
730000 0.253306
730000 0.253463
730000 0.250781
730000 0.252253
740000 0.256961
740000 0.254796
740000 0.256740
740000 0.258754
740000 0.257895
750000 0.258365
750000 0.261986
750000 0.259430
750000 0.270751
750000 0.258729
760000 0.263795
760000 0.264090
760000 0.265134
760000 0.263188
760000 0.264872
770000 0.267840
770000 0.269421
770000 0.269284
770000 0.267356
770000 0.287049
780000 0.277449
780000 0.272272
780000 0.274369
780000 0.274149
780000 0.277252
790000 0.277662
790000 0.277872
790000 0.278665
790000 0.274525
790000 0.279033
800000 0.283878
800000 0.282006
800000 0.280680
800000 0.280118
800000 0.290021
810000 0.289101
810000 0.284821
810000 0.287451
810000 0.283360
810000 0.288693
820000 0.290354
820000 0.288760
820000 0.289757
820000 0.288573
820000 0.292625
830000 0.293085
830000 0.293188
830000 0.294061
830000 0.296343
830000 0.297194
840000 0.297727
840000 0.296905
840000 0.288667
840000 0.285428
840000 0.284137
850000 0.289606
850000 0.302383
850000 0.304809
850000 0.311060
850000 0.319293
860000 0.307406
860000 0.307684
860000 0.363898
860000 0.311825
860000 0.339330
870000 0.311601
870000 0.338145
870000 0.311517
870000 0.320158
870000 0.310836
880000 0.319505
880000 0.320004
880000 0.317807
880000 0.314800
880000 0.319117
890000 0.319356
890000 0.321776
890000 0.322072
890000 0.319923
890000 0.320413
900000 0.324410
900000 0.325642
900000 0.325304
900000 0.324578
900000 0.326406
910000 0.332753
910000 0.330933
910000 0.330953
910000 0.330883
910000 0.327666
920000 0.334294
920000 0.336181
920000 0.338379
920000 0.338750
920000 0.337626
930000 0.337366
930000 0.341727
930000 0.337947
930000 0.340274
930000 0.337449
940000 0.347803
940000 0.345900
940000 0.357188
940000 0.341541
940000 0.343402
950000 0.344789
950000 0.350804
950000 0.347669
950000 0.346750
950000 0.345884
960000 0.351432
960000 0.352777
960000 0.356668
960000 0.352806
960000 0.355877
970000 0.360900
970000 0.356240
970000 0.358394
970000 0.356463
970000 0.356701
980000 0.358599
980000 0.358536
980000 0.366641
980000 0.363617
980000 0.358766
990000 0.361234
990000 0.364215
990000 0.367185
990000 0.364112
990000 0.365167
