10000 0.001715
10000 0.001674
10000 0.001700
10000 0.001683
10000 0.001720
20000 0.003719
20000 0.003747
20000 0.003711
20000 0.003778
20000 0.003749
30000 0.005849
30000 0.005814
30000 0.005760
30000 0.005919
30000 0.005809
40000 0.007968
40000 0.008075
40000 0.008011
40000 0.008119
40000 0.008046
50000 0.010109
50000 0.010267
50000 0.010229
50000 0.010319
50000 0.010264
60000 0.012608
60000 0.012571
60000 0.012667
60000 0.012594
60000 0.012561
70000 0.014900
70000 0.015274
70000 0.015019
70000 0.014942
70000 0.015051
80000 0.017257
80000 0.018113
80000 0.017387
80000 0.017464
80000 0.017348
90000 0.019768
90000 0.019784
90000 0.023151
90000 0.019312
90000 0.019370
100000 0.022084
100000 0.022240
100000 0.022385
100000 0.022129
100000 0.021958
110000 0.024612
110000 0.024624
110000 0.024482
110000 0.024612
110000 0.024598
120000 0.026620
120000 0.027452
120000 0.026511
120000 0.026909
120000 0.026932
130000 0.029758
130000 0.029340
130000 0.029201
130000 0.029723
130000 0.029609
140000 0.033405
140000 0.032074
140000 0.032175
140000 0.032051
140000 0.032089
150000 0.034784
150000 0.034482
150000 0.034683
150000 0.034591
150000 0.034460
160000 0.036931
160000 0.037389
160000 0.037672
160000 0.037324
160000 0.039100
170000 0.039843
170000 0.039745
170000 0.039993
170000 0.039944
170000 0.039932
180000 0.042517
180000 0.042489
180000 0.042609
180000 0.042626
180000 0.042472
190000 0.045948
190000 0.044693
190000 0.043485
190000 0.043551
190000 0.043688
200000 0.046230
200000 0.046493
200000 0.047171
200000 0.046366
200000 0.046265
210000 0.049064
210000 0.048849
210000 0.048817
210000 0.048798
210000 0.049199
220000 0.051428
220000 0.051747
220000 0.051928
220000 0.051410
220000 0.051531
230000 0.055121
230000 0.055046
230000 0.055082
230000 0.055181
230000 0.055251
240000 0.057915
240000 0.057569
240000 0.057564
240000 0.056920
240000 0.056432
250000 0.059208
250000 0.059951
250000 0.059806
250000 0.059346
250000 0.060551
260000 0.062411
260000 0.062338
260000 0.062803
260000 0.062570
260000 0.061995
270000 0.065190
270000 0.065139
270000 0.065562
270000 0.065280
270000 0.065028
280000 0.068278
280000 0.067433
280000 0.067975
280000 0.067706
280000 0.067730
290000 0.070921
290000 0.070308
290000 0.070328
290000 0.070141
290000 0.070166
300000 0.073061
300000 0.072845
300000 0.072318
300000 0.073647
300000 0.072638
310000 0.075606
310000 0.075546
310000 0.075534
310000 0.076334
310000 0.075631
320000 0.078556
320000 0.078250
320000 0.078352
320000 0.078672
320000 0.078590
330000 0.080828
330000 0.081525
330000 0.081715
330000 0.081628
330000 0.080745
340000 0.085116
340000 0.083642
340000 0.084358
340000 0.084108
340000 0.083793
350000 0.087039
350000 0.086986
350000 0.087349
350000 0.087109
350000 0.086771
360000 0.089839
360000 0.089734
360000 0.089938
360000 0.089710
360000 0.091046
370000 0.093062
370000 0.092655
370000 0.093956
370000 0.092798
370000 0.094230
380000 0.097039
380000 0.097857
380000 0.097512
380000 0.097213
380000 0.095455
390000 0.098526
390000 0.098243
390000 0.098915
390000 0.100444
390000 0.099602
400000 0.103684
400000 0.103622
400000 0.102575
400000 0.102600
400000 0.104016
410000 0.109625
410000 0.108950
410000 0.107972
410000 0.108213
410000 0.108180
420000 0.114137
420000 0.113123
420000 0.113376
420000 0.111812
420000 0.110708
430000 0.115801
430000 0.114392
430000 0.114650
430000 0.115100
430000 0.114161
440000 0.117504
440000 0.118382
440000 0.117134
440000 0.117617
440000 0.118745
450000 0.120301
450000 0.121125
450000 0.115926
450000 0.116498
450000 0.116693
460000 0.119046
460000 0.119281
460000 0.119006
460000 0.119234
460000 0.121245
470000 0.123415
470000 0.121791
470000 0.122158
470000 0.122923
470000 0.121830
480000 0.124662
480000 0.125939
480000 0.131036
480000 0.130318
480000 0.131090
490000 0.133148
490000 0.137612
490000 0.134288
490000 0.133470
490000 0.134311
500000 0.137669
500000 0.136565
500000 0.137178
500000 0.137259
500000 0.138031
510000 0.140597
510000 0.140842
510000 0.140303
510000 0.139785
510000 0.136108
520000 0.137165
520000 0.137244
520000 0.137173
520000 0.144021
520000 0.138453
530000 0.139867
530000 0.139547
530000 0.140614
530000 0.141604
530000 0.140840
540000 0.143938
540000 0.144437
540000 0.144395
540000 0.145657
540000 0.145271
550000 0.148270
550000 0.147420
550000 0.147385
550000 0.146495
550000 0.147140
560000 0.150515
560000 0.150921
560000 0.151531
560000 0.150509
560000 0.151727
570000 0.152588
570000 0.153200
570000 0.154398
570000 0.152402
570000 0.153147
580000 0.157064
580000 0.159776
580000 0.157923
580000 0.157277
580000 0.156403
590000 0.161117
590000 0.161741
590000 0.159818
590000 0.158788
590000 0.158317
600000 0.163227
600000 0.162853
600000 0.161693
600000 0.162130
600000 0.164180
610000 0.164816
610000 0.167613
610000 0.177697
610000 0.168036
610000 0.166366
620000 0.170149
620000 0.170490
620000 0.168812
620000 0.169347
620000 0.169054
630000 0.172544
630000 0.174234
630000 0.171327
630000 0.176727
630000 0.174927
640000 0.177404
640000 0.177247
640000 0.175634
640000 0.175617
640000 0.175823
650000 0.179905
650000 0.178277
650000 0.179644
650000 0.179266
650000 0.179381
660000 0.185110
660000 0.185937
660000 0.181058
660000 0.182353
660000 0.181842
670000 0.185856
670000 0.184911
670000 0.184587
670000 0.184248
670000 0.186691
680000 0.188991
680000 0.189335
680000 0.189087
680000 0.187080
680000 0.266512
690000 0.255055
690000 0.196840
690000 0.190037
690000 0.190315
690000 0.212541
700000 0.196769
700000 0.196616
700000 0.197062
700000 0.195177
700000 0.194507
710000 0.196830
710000 0.197171
710000 0.197861
710000 0.198650
710000 0.198589
720000 0.199012
720000 0.200337
720000 0.201877
720000 0.204379
720000 0.200339
730000 0.202940
730000 0.203092
730000 0.203563
730000 0.204193
730000 0.205501
740000 0.207558
740000 0.206650
740000 0.207467
740000 0.206020
740000 0.205484
750000 0.210197
750000 0.212852
750000 0.212166
750000 0.219617
750000 0.214169
760000 0.214976
760000 0.215486
760000 0.215222
760000 0.216210
760000 0.214242
770000 0.220284
770000 0.219571
770000 0.219247
770000 0.218283
770000 0.217570
780000 0.210735
780000 0.214158
780000 0.259307
780000 0.237868
780000 0.235870
790000 0.238035
790000 0.239304
790000 0.236599
790000 0.234866
790000 0.239122
800000 0.239155
800000 0.239325
800000 0.241356
800000 0.239921
800000 0.254529
810000 0.256110
810000 0.253231
810000 0.259279
810000 0.245989
810000 0.246129
820000 0.232298
820000 0.239123
820000 0.238716
820000 0.236673
820000 0.236681
830000 0.241778
830000 0.244133
830000 0.253164
830000 0.251462
830000 0.247263
840000 0.249143
840000 0.256645
840000 0.261431
840000 0.259076
840000 0.255561
850000 0.250489
850000 0.249041
850000 0.248829
850000 0.250274
850000 0.247996
860000 0.252188
860000 0.254717
860000 0.250972
860000 0.253652
860000 0.242646
870000 0.248125
870000 0.268974
870000 0.266017
870000 0.267072
870000 0.288308
880000 0.256049
880000 0.255762
880000 0.254485
880000 0.253569
880000 0.252163
890000 0.256770
890000 0.275076
890000 0.272583
890000 0.272468
890000 0.276106
900000 0.277486
900000 0.281830
900000 0.259729
900000 0.254036
900000 0.264067
910000 0.264681
910000 0.282689
910000 0.281155
910000 0.287631
910000 0.329138
920000 0.283331
920000 0.282737
920000 0.269841
920000 0.270627
920000 0.267349
930000 0.273664
930000 0.288720
930000 0.276145
930000 0.265190
930000 0.270192
940000 0.293449
940000 0.296657
940000 0.291936
940000 0.293314
940000 0.296393
950000 0.298182
950000 0.297084
950000 0.294719
950000 0.296665
950000 0.297867
960000 0.300756
960000 0.306539
960000 0.297930
960000 0.299399
960000 0.298701
970000 0.304961
970000 0.302754
970000 0.302692
970000 0.303151
970000 0.304671
980000 0.307563
980000 0.307515
980000 0.307271
980000 0.313145
980000 0.309130
990000 0.311186
990000 0.316632
990000 0.322173
990000 0.313156
990000 0.310765
