10000 0.001612
10000 0.001624
10000 0.001621
10000 0.001655
10000 0.001602
20000 0.003544
20000 0.003591
20000 0.003517
20000 0.003548
20000 0.003565
30000 0.005572
30000 0.005587
30000 0.005540
30000 0.005462
30000 0.005984
40000 0.008354
40000 0.007625
40000 0.007591
40000 0.007651
40000 0.007734
50000 0.009905
50000 0.009696
50000 0.009833
50000 0.009767
50000 0.009717
60000 0.011843
60000 0.011853
60000 0.012082
60000 0.011853
60000 0.012066
70000 0.014330
70000 0.014399
70000 0.014306
70000 0.014280
70000 0.014618
80000 0.016822
80000 0.017507
80000 0.016175
80000 0.016195
80000 0.016093
90000 0.018387
90000 0.019507
90000 0.018674
90000 0.018749
90000 0.018756
100000 0.025409
100000 0.020725
100000 0.020662
100000 0.021002
100000 0.020639
110000 0.022973
110000 0.023121
110000 0.022990
110000 0.022958
110000 0.023057
120000 0.025444
120000 0.025425
120000 0.025164
120000 0.025124
120000 0.025191
130000 0.027633
130000 0.027819
130000 0.027768
130000 0.027899
130000 0.027805
140000 0.030256
140000 0.030304
140000 0.029769
140000 0.029751
140000 0.030051
150000 0.032062
150000 0.032303
150000 0.032637
150000 0.032699
150000 0.032850
160000 0.035209
160000 0.035078
160000 0.035030
160000 0.035169
160000 0.035169
170000 0.037428
170000 0.037614
170000 0.037638
170000 0.037716
170000 0.037864
180000 0.039980
180000 0.040474
180000 0.040259
180000 0.040716
180000 0.040472
190000 0.042784
190000 0.043518
190000 0.043096
190000 0.043509
190000 0.043206
200000 0.045800
200000 0.045938
200000 0.045781
200000 0.047269
200000 0.046176
210000 0.048116
210000 0.047829
210000 0.048459
210000 0.048682
210000 0.047710
220000 0.051130
220000 0.050623
220000 0.050936
220000 0.051606
220000 0.051641
230000 0.053756
230000 0.053688
230000 0.055002
230000 0.054086
230000 0.053633
240000 0.056800
240000 0.056908
240000 0.056458
240000 0.056989
240000 0.056503
250000 0.058829
250000 0.059746
250000 0.060364
250000 0.059262
250000 0.059030
260000 0.061458
260000 0.061612
260000 0.062238
260000 0.062322
260000 0.062479
270000 0.064527
270000 0.064458
270000 0.065062
270000 0.064788
270000 0.064445
280000 0.067223
280000 0.067446
280000 0.067676
280000 0.067783
280000 0.067386
290000 0.070975
290000 0.070402
290000 0.071934
290000 0.071009
290000 0.069855
300000 0.073006
300000 0.072631
300000 0.071920
300000 0.072875
300000 0.072692
310000 0.075351
310000 0.076408
310000 0.075425
310000 0.075840
310000 0.071877
320000 0.074318
320000 0.074344
320000 0.075136
320000 0.074888
320000 0.074633
330000 0.077777
330000 0.077093
330000 0.077416
330000 0.077369
330000 0.077728
340000 0.079657
340000 0.083945
340000 0.084544
340000 0.085963
340000 0.083650
350000 0.086004
350000 0.087500
350000 0.086044
350000 0.086314
350000 0.086669
360000 0.090727
360000 0.089336
360000 0.089267
360000 0.089032
360000 0.090250
370000 0.092388
370000 0.092753
370000 0.091494
370000 0.092082
370000 0.091750
380000 0.095682
380000 0.095515
380000 0.094775
380000 0.102515
380000 0.095577
390000 0.099382
390000 0.098326
390000 0.097756
390000 0.098875
390000 0.097815
400000 0.101505
400000 0.100519
400000 0.100945
400000 0.101789
400000 0.101497
410000 0.103793
410000 0.104914
410000 0.103721
410000 0.106517
410000 0.103513
420000 0.106502
420000 0.107144
420000 0.107269
420000 0.106099
420000 0.109225
430000 0.108438
430000 0.110562
430000 0.109351
430000 0.109506
430000 0.110102
440000 0.114918
440000 0.118323
440000 0.134410
440000 0.133953
440000 0.114086
450000 0.119401
450000 0.114918
450000 0.125700
450000 0.118342
450000 0.112239
460000 0.114937
460000 0.116250
460000 0.114316
460000 0.114341
460000 0.114250
470000 0.117515
470000 0.117755
470000 0.117277
470000 0.117274
470000 0.115670
480000 0.118756
480000 0.118695
480000 0.119385
480000 0.120172
480000 0.124223
490000 0.128767
490000 0.122703
490000 0.123842
490000 0.124272
490000 0.122891
500000 0.126314
500000 0.135843
500000 0.123464
500000 0.140634
500000 0.123842
510000 0.126474
510000 0.168479
510000 0.136117
510000 0.149684
510000 0.136627
520000 0.136445
520000 0.137676
520000 0.139477
520000 0.137100
520000 0.136919
530000 0.140314
530000 0.135909
530000 0.135761
530000 0.135115
530000 0.134494
540000 0.137845
540000 0.138090
540000 0.140716
540000 0.139147
540000 0.140215
550000 0.142899
550000 0.144669
550000 0.142935
550000 0.145258
550000 0.152752
560000 0.161918
560000 0.172084
560000 0.140405
560000 0.144205
560000 0.152452
570000 0.155754
570000 0.149261
570000 0.155178
570000 0.234704
570000 0.181346
580000 0.183867
580000 0.154845
580000 0.147904
580000 0.149778
580000 0.165109
590000 0.156860
590000 0.163306
590000 0.172536
590000 0.177320
590000 0.157045
600000 0.162255
600000 0.153284
600000 0.158561
600000 0.175393
600000 0.174640
610000 0.154225
610000 0.155426
610000 0.158467
610000 0.153603
610000 0.155096
620000 0.157347
620000 0.157225
620000 0.158221
620000 0.161724
620000 0.181806
630000 0.166093
630000 0.166099
630000 0.163528
630000 0.162536
630000 0.164693
640000 0.165766
640000 0.181487
640000 0.181986
640000 0.166079
640000 0.166468
650000 0.177500
650000 0.175379
650000 0.189506
650000 0.215392
650000 0.210479
660000 0.199869
660000 0.175639
660000 0.188355
660000 0.181432
660000 0.181565
670000 0.195370
670000 0.194935
670000 0.186488
670000 0.197114
670000 0.193499
680000 0.194061
680000 0.182420
680000 0.185115
680000 0.191428
680000 0.205086
690000 0.197781
690000 0.203118
690000 0.286178
690000 0.203653
690000 0.189443
700000 0.196890
700000 0.192551
700000 0.198546
700000 0.199433
700000 0.198157
710000 0.201079
710000 0.197037
710000 0.203180
710000 0.198178
710000 0.195612
720000 0.201198
720000 0.198077
720000 0.249051
720000 0.246227
720000 0.236515
730000 0.208686
730000 0.208140
730000 0.204782
730000 0.203067
730000 0.207062
740000 0.210900
740000 0.207355
740000 0.205990
740000 0.204265
740000 0.206225
750000 0.209671
750000 0.211871
750000 0.209749
750000 0.208792
750000 0.208026
760000 0.211698
760000 0.218847
760000 0.210384
760000 0.213053
760000 0.212469
770000 0.215174
770000 0.217083
770000 0.215455
770000 0.214911
770000 0.218463
780000 0.216196
780000 0.219643
780000 0.221175
780000 0.225855
780000 0.219780
790000 0.223582
790000 0.221030
790000 0.222564
790000 0.223106
790000 0.223470
800000 0.224425
800000 0.225862
800000 0.211159
800000 0.213000
800000 0.212807
810000 0.218673
810000 0.219199
810000 0.218798
810000 0.219741
810000 0.217446
820000 0.216752
820000 0.219744
820000 0.234105
820000 0.234471
820000 0.237145
830000 0.238776
830000 0.273265
830000 0.238560
830000 0.234512
830000 0.238738
840000 0.242460
840000 0.238079
840000 0.237325
840000 0.240834
840000 0.238691
850000 0.247433
850000 0.243872
850000 0.241688
850000 0.240754
850000 0.233821
860000 0.236948
860000 0.239244
860000 0.237048
860000 0.236702
860000 0.235223
870000 0.236686
870000 0.238180
870000 0.236696
870000 0.240886
870000 0.238287
880000 0.249509
880000 0.254769
880000 0.254318
880000 0.253260
880000 0.251560
890000 0.259490
890000 0.258697
890000 0.257042
890000 0.257945
890000 0.257467
900000 0.259101
900000 0.257897
900000 0.258703
900000 0.243482
900000 0.246046
910000 0.250191
910000 0.248301
910000 0.247100
910000 0.253321
910000 0.247214
920000 0.250843
920000 0.270785
920000 0.269940
920000 0.283146
920000 0.267134
930000 0.268435
930000 0.270651
930000 0.268650
930000 0.269159
930000 0.273151
940000 0.294543
940000 0.276007
940000 0.273836
940000 0.274647
940000 0.277359
950000 0.276871
950000 0.278196
950000 0.273190
950000 0.278237
950000 0.277326
960000 0.279652
960000 0.279917
960000 0.280524
960000 0.287720
960000 0.268347
970000 0.269411
970000 0.268195
970000 0.271508
970000 0.270206
970000 0.265052
980000 0.273220
980000 0.271196
980000 0.282686
980000 0.286337
980000 0.285481
990000 0.270981
990000 0.278508
990000 0.274850
990000 0.276422
990000 0.274874
