10000 0.001653
10000 0.001607
10000 0.001688
10000 0.001613
10000 0.001606
20000 0.003529
20000 0.003506
20000 0.003480
20000 0.003512
20000 0.003514
30000 0.005401
30000 0.005452
30000 0.005477
30000 0.005420
30000 0.005511
40000 0.007445
40000 0.007448
40000 0.007437
40000 0.007541
40000 0.007545
50000 0.009783
50000 0.009645
50000 0.009660
50000 0.009604
50000 0.009887
60000 0.011991
60000 0.011840
60000 0.011803
60000 0.011717
60000 0.011696
70000 0.014005
70000 0.014158
70000 0.014093
70000 0.013920
70000 0.013939
80000 0.016228
80000 0.016656
80000 0.016276
80000 0.016374
80000 0.016184
90000 0.019162
90000 0.018340
90000 0.018401
90000 0.018340
90000 0.019048
100000 0.021667
100000 0.022131
100000 0.020733
100000 0.020610
100000 0.020755
110000 0.022943
110000 0.022894
110000 0.023230
110000 0.023093
110000 0.022819
120000 0.025133
120000 0.025141
120000 0.025240
120000 0.025046
120000 0.025540
130000 0.027443
130000 0.027409
130000 0.027340
130000 0.028427
130000 0.027380
140000 0.030220
140000 0.029741
140000 0.029654
140000 0.029726
140000 0.029683
150000 0.032866
150000 0.032067
150000 0.032858
150000 0.031944
150000 0.032800
160000 0.034316
160000 0.035254
160000 0.034405
160000 0.036097
160000 0.034594
170000 0.037947
170000 0.037193
170000 0.037428
170000 0.037114
170000 0.037403
180000 0.039445
180000 0.040700
180000 0.039500
180000 0.040367
180000 0.040716
190000 0.042593
190000 0.042462
190000 0.043154
190000 0.042517
190000 0.043130
200000 0.045689
200000 0.046814
200000 0.044817
200000 0.044619
200000 0.044631
210000 0.046919
210000 0.047215
210000 0.047054
210000 0.048040
210000 0.047014
220000 0.049563
220000 0.049745
220000 0.050014
220000 0.049946
220000 0.050322
230000 0.052399
230000 0.053997
230000 0.052468
230000 0.052512
230000 0.052349
240000 0.055189
240000 0.055572
240000 0.055172
240000 0.055449
240000 0.055698
250000 0.057636
250000 0.057947
250000 0.058114
250000 0.059185
250000 0.058101
260000 0.060695
260000 0.060446
260000 0.060689
260000 0.060829
260000 0.060599
270000 0.064032
270000 0.062940
270000 0.063872
270000 0.063348
270000 0.063675
280000 0.066737
280000 0.065625
280000 0.066444
280000 0.065875
280000 0.066555
290000 0.069694
290000 0.068656
290000 0.068563
290000 0.069513
290000 0.070607
300000 0.070371
300000 0.070404
300000 0.070179
300000 0.070666
300000 0.070574
310000 0.072794
310000 0.073257
310000 0.073100
310000 0.072975
310000 0.072512
320000 0.076067
320000 0.075933
320000 0.075388
320000 0.076380
320000 0.075489
330000 0.078646
330000 0.078838
330000 0.078652
330000 0.078660
330000 0.078076
340000 0.080539
340000 0.081504
340000 0.080955
340000 0.081062
340000 0.080640
350000 0.083817
350000 0.083884
350000 0.083966
350000 0.083947
350000 0.085324
360000 0.087034
360000 0.086839
360000 0.086230
360000 0.086053
360000 0.086280
370000 0.089867
370000 0.089338
370000 0.089445
370000 0.088856
370000 0.089523
380000 0.091965
380000 0.091853
380000 0.092020
380000 0.091769
380000 0.091609
390000 0.096876
390000 0.095629
390000 0.094553
390000 0.094394
390000 0.094947
400000 0.097029
400000 0.097975
400000 0.096907
400000 0.097320
400000 0.097306
410000 0.100070
410000 0.100416
410000 0.100323
410000 0.099779
410000 0.101153
420000 0.105367
420000 0.103678
420000 0.103188
420000 0.102765
420000 0.103837
430000 0.105546
430000 0.107988
430000 0.106172
430000 0.105954
430000 0.106111
440000 0.109125
440000 0.109305
440000 0.109522
440000 0.109027
440000 0.108746
450000 0.111558
450000 0.111925
450000 0.112381
450000 0.113433
450000 0.111986
460000 0.114333
460000 0.115523
460000 0.114915
460000 0.115806
460000 0.117800
470000 0.118211
470000 0.119511
470000 0.118036
470000 0.119164
470000 0.119441
480000 0.121161
480000 0.120883
480000 0.119900
480000 0.122713
480000 0.121743
490000 0.129564
490000 0.123709
490000 0.123740
490000 0.124888
490000 0.123622
500000 0.126373
500000 0.127939
500000 0.127118
500000 0.127921
500000 0.133652
510000 0.131712
510000 0.129633
510000 0.129319
510000 0.129672
510000 0.129691
520000 0.132374
520000 0.132331
520000 0.131713
520000 0.131616
520000 0.131381
530000 0.136818
530000 0.134878
530000 0.135720
530000 0.134116
530000 0.135774
540000 0.138897
540000 0.137669
540000 0.137828
540000 0.139420
540000 0.139119
550000 0.141899
550000 0.142263
550000 0.140478
550000 0.140535
550000 0.143224
560000 0.145119
560000 0.142160
560000 0.141370
560000 0.140000
560000 0.139251
570000 0.142944
570000 0.141999
570000 0.146200
570000 0.145624
570000 0.146302
580000 0.145586
580000 0.145030
580000 0.145406
580000 0.157107
580000 0.157441
590000 0.153387
590000 0.160983
590000 0.159410
590000 0.157924
590000 0.253303
600000 0.201546
600000 0.219432
600000 0.153079
600000 0.154377
600000 0.155448
610000 0.178388
610000 0.160788
610000 0.164849
610000 0.163285
610000 0.169266
620000 0.171956
620000 0.165983
620000 0.170555
620000 0.194153
620000 0.171541
630000 0.161441
630000 0.163059
630000 0.173872
630000 0.161155
630000 0.172513
640000 0.175415
640000 0.166942
640000 0.168976
640000 0.167070
640000 0.173477
650000 0.171240
650000 0.205018
650000 0.221161
650000 0.168940
650000 0.185553
660000 0.174402
660000 0.174362
660000 0.177809
660000 0.175801
660000 0.174002
670000 0.177139
670000 0.180161
670000 0.177659
670000 0.177165
670000 0.185868
680000 0.182790
680000 0.184860
680000 0.184967
680000 0.186670
680000 0.181920
690000 0.185030
690000 0.186245
690000 0.193403
690000 0.185205
690000 0.183851
700000 0.188301
700000 0.186855
700000 0.187355
700000 0.186302
700000 0.194387
710000 0.190705
710000 0.190235
710000 0.190924
710000 0.190995
710000 0.190101
720000 0.194739
720000 0.194541
720000 0.193050
720000 0.192258
720000 0.193840
730000 0.185897
730000 0.184800
730000 0.185269
730000 0.186743
730000 0.185023
740000 0.186953
740000 0.190212
740000 0.188726
740000 0.191785
740000 0.193088
750000 0.210658
750000 0.201212
750000 0.201823
750000 0.204176
750000 0.201151
760000 0.205828
760000 0.205788
760000 0.205580
760000 0.203837
760000 0.206792
770000 0.209103
770000 0.207181
770000 0.209083
770000 0.210101
770000 0.207464
780000 0.211286
780000 0.212612
780000 0.211868
780000 0.210068
780000 0.211933
790000 0.216585
790000 0.214141
790000 0.220437
790000 0.215752
790000 0.214101
800000 0.218592
800000 0.221933
800000 0.218783
800000 0.221233
800000 0.219918
810000 0.222954
810000 0.221157
810000 0.227441
810000 0.222394
810000 0.222233
820000 0.226874
820000 0.224065
820000 0.224840
820000 0.229125
820000 0.224111
830000 0.230213
830000 0.244958
830000 0.232253
830000 0.228754
830000 0.228603
840000 0.231030
840000 0.232474
840000 0.231842
840000 0.231067
840000 0.232783
850000 0.237779
850000 0.235167
850000 0.236078
850000 0.235785
850000 0.234764
860000 0.247704
860000 0.264272
860000 0.237157
860000 0.240354
860000 0.238117
870000 0.240239
870000 0.245066
870000 0.241224
870000 0.239926
870000 0.244473
880000 0.244864
880000 0.246980
880000 0.247542
880000 0.244548
880000 0.244854
890000 0.247854
890000 0.246965
890000 0.250426
890000 0.248558
890000 0.248285
900000 0.253065
900000 0.252669
900000 0.251857
900000 0.252250
900000 0.250887
910000 0.258727
910000 0.255954
910000 0.254266
910000 0.255370
910000 0.254772
920000 0.259893
920000 0.258796
920000 0.257460
920000 0.260913
920000 0.259528
930000 0.263160
930000 0.264004
930000 0.262097
930000 0.262591
930000 0.265508
940000 0.264735
940000 0.264662
940000 0.263580
940000 0.264931
940000 0.264706
950000 0.265994
950000 0.271166
950000 0.258657
950000 0.252439
950000 0.268301
960000 0.272587
960000 0.274426
960000 0.273652
960000 0.272221
960000 0.272452
970000 0.273075
970000 0.275498
970000 0.276154
970000 0.272609
970000 0.278276
980000 0.277868
980000 0.277873
980000 0.281917
980000 0.277096
980000 0.279574
990000 0.281302
990000 0.282883
990000 0.281490
990000 0.281369
990000 0.281686
