10000 0.001628
10000 0.001687
10000 0.001642
10000 0.001628
10000 0.001625
20000 0.003500
20000 0.003530
20000 0.003497
20000 0.003530
20000 0.003554
30000 0.005488
30000 0.005503
30000 0.005514
30000 0.005576
30000 0.005518
40000 0.007528
40000 0.007582
40000 0.007547
40000 0.007617
40000 0.007645
50000 0.009698
50000 0.009680
50000 0.009753
50000 0.009667
50000 0.009814
60000 0.011915
60000 0.011806
60000 0.011846
60000 0.011775
60000 0.011830
70000 0.013945
70000 0.013958
70000 0.013944
70000 0.014018
70000 0.014009
80000 0.016216
80000 0.016179
80000 0.016279
80000 0.016165
80000 0.016217
90000 0.018391
90000 0.018466
90000 0.018381
90000 0.018364
90000 0.018510
100000 0.021860
100000 0.021402
100000 0.020680
100000 0.020759
100000 0.020767
110000 0.023020
110000 0.022983
110000 0.023218
110000 0.023120
110000 0.023094
120000 0.025405
120000 0.025451
120000 0.025369
120000 0.025478
120000 0.025356
130000 0.027894
130000 0.027761
130000 0.027667
130000 0.027721
130000 0.027859
140000 0.030224
140000 0.030240
140000 0.031546
140000 0.029766
140000 0.030895
150000 0.032486
150000 0.032373
150000 0.032288
150000 0.032421
150000 0.032525
160000 0.034835
160000 0.034993
160000 0.035116
160000 0.035016
160000 0.034903
170000 0.037003
170000 0.037309
170000 0.037229
170000 0.037711
170000 0.037248
180000 0.039907
180000 0.039516
180000 0.040963
180000 0.039603
180000 0.039785
190000 0.042202
190000 0.042537
190000 0.042638
190000 0.042194
190000 0.042278
200000 0.045212
200000 0.044469
200000 0.044424
200000 0.044617
200000 0.044448
210000 0.046877
210000 0.046854
210000 0.048839
210000 0.046997
210000 0.049424
220000 0.049749
220000 0.050404
220000 0.049929
220000 0.049772
220000 0.049934
230000 0.052322
230000 0.052340
230000 0.052393
230000 0.052312
230000 0.052343
240000 0.055132
240000 0.055078
240000 0.055239
240000 0.055230
240000 0.054869
250000 0.057502
250000 0.057487
250000 0.057539
250000 0.057639
250000 0.057543
260000 0.060469
260000 0.060707
260000 0.060035
260000 0.060076
260000 0.060715
270000 0.063263
270000 0.062561
270000 0.062861
270000 0.062922
270000 0.063189
280000 0.065831
280000 0.067248
280000 0.065300
280000 0.065563
280000 0.065583
290000 0.068273
290000 0.068384
290000 0.068806
290000 0.068254
290000 0.068669
300000 0.070844
300000 0.070560
300000 0.071143
300000 0.070886
300000 0.071092
310000 0.073342
310000 0.073260
310000 0.072906
310000 0.073530
310000 0.073432
320000 0.075776
320000 0.076522
320000 0.075911
320000 0.075822
320000 0.076050
330000 0.078691
330000 0.078691
330000 0.079163
330000 0.078621
330000 0.079443
340000 0.081305
340000 0.081661
340000 0.081173
340000 0.081076
340000 0.081074
350000 0.084176
350000 0.083941
350000 0.083496
350000 0.083494
350000 0.084454
360000 0.086474
360000 0.086887
360000 0.086324
360000 0.086994
360000 0.086135
370000 0.089098
370000 0.089101
370000 0.089829
370000 0.088972
370000 0.088891
380000 0.092395
380000 0.092363
380000 0.092133
380000 0.091711
380000 0.092311
390000 0.094862
390000 0.094322
390000 0.094518
390000 0.094848
390000 0.095396
400000 0.097134
400000 0.097838
400000 0.099035
400000 0.098219
400000 0.097982
410000 0.100540
410000 0.100611
410000 0.099741
410000 0.100496
410000 0.101003
420000 0.103869
420000 0.105082
420000 0.104116
420000 0.103604
420000 0.103547
430000 0.106183
430000 0.105760
430000 0.111023
430000 0.105850
430000 0.106385
440000 0.108904
440000 0.108496
440000 0.109253
440000 0.109367
440000 0.109602
450000 0.112892
450000 0.112395
450000 0.111559
450000 0.112154
450000 0.111699
460000 0.114631
460000 0.114711
460000 0.114897
460000 0.114350
460000 0.115187
470000 0.118492
470000 0.117722
470000 0.117911
470000 0.117459
470000 0.117137
480000 0.120610
480000 0.138217
480000 0.119760
480000 0.120275
480000 0.120274
490000 0.123105
490000 0.123960
490000 0.122818
490000 0.122810
490000 0.123023
500000 0.125788
500000 0.126982
500000 0.126765
500000 0.126005
500000 0.125921
510000 0.129234
510000 0.129911
510000 0.131197
510000 0.125663
510000 0.125968
520000 0.135156
520000 0.134044
520000 0.134146
520000 0.131701
520000 0.132451
530000 0.136147
530000 0.135955
530000 0.134920
530000 0.136180
530000 0.136009
540000 0.139884
540000 0.131493
540000 0.131249
540000 0.131756
540000 0.132498
550000 0.136626
550000 0.141162
550000 0.135328
550000 0.134423
550000 0.134839
560000 0.139459
560000 0.139377
560000 0.142192
560000 0.144668
560000 0.144095
570000 0.149088
570000 0.148537
570000 0.148004
570000 0.147375
570000 0.147459
580000 0.150305
580000 0.149485
580000 0.149148
580000 0.151447
580000 0.151780
590000 0.154357
590000 0.153059
590000 0.152432
590000 0.153884
590000 0.154677
600000 0.156312
600000 0.156066
600000 0.156444
600000 0.157058
600000 0.159081
610000 0.155654
610000 0.153676
610000 0.153998
610000 0.151326
610000 0.152529
620000 0.153488
620000 0.154349
620000 0.159198
620000 0.165575
620000 0.162055
630000 0.166355
630000 0.166588
630000 0.166205
630000 0.166678
630000 0.166299
640000 0.170242
640000 0.170582
640000 0.169864
640000 0.169505
640000 0.170822
650000 0.173640
650000 0.173043
650000 0.173266
650000 0.173343
650000 0.174925
660000 0.178104
660000 0.176320
660000 0.175912
660000 0.175161
660000 0.175283
670000 0.179428
670000 0.170040
670000 0.169677
670000 0.170749
670000 0.170721
680000 0.171821
680000 0.171908
680000 0.173717
680000 0.175164
680000 0.170961
690000 0.181083
690000 0.186163
690000 0.185387
690000 0.184421
690000 0.184042
700000 0.188077
700000 0.189997
700000 0.188592
700000 0.189208
700000 0.191125
710000 0.191070
710000 0.190878
710000 0.191553
710000 0.192085
710000 0.191479
720000 0.195969
720000 0.195676
720000 0.194201
720000 0.194606
720000 0.194747
730000 0.198693
730000 0.197860
730000 0.199330
730000 0.199545
730000 0.193177
740000 0.191931
740000 0.195982
740000 0.194241
740000 0.191257
740000 0.194060
750000 0.196934
750000 0.195088
750000 0.196377
750000 0.195814
750000 0.194138
760000 0.199295
760000 0.206509
760000 0.202527
760000 0.199961
760000 0.200968
770000 0.208020
770000 0.204748
770000 0.207424
770000 0.209139
770000 0.202906
780000 0.205780
780000 0.210033
780000 0.211137
780000 0.208212
780000 0.210645
790000 0.210114
790000 0.211439
790000 0.209763
790000 0.207456
790000 0.207255
800000 0.210306
800000 0.212102
800000 0.211908
800000 0.208773
800000 0.213216
810000 0.213955
810000 0.215237
810000 0.214092
810000 0.213157
810000 0.214485
820000 0.218383
820000 0.217430
820000 0.215136
820000 0.226429
820000 0.228764
830000 0.230428
830000 0.230422
830000 0.235479
830000 0.231730
830000 0.231109
840000 0.235782
840000 0.233363
840000 0.235307
840000 0.235681
840000 0.234932
850000 0.238821
850000 0.238446
850000 0.237034
850000 0.237754
850000 0.236704
860000 0.240474
860000 0.242929
860000 0.239513
860000 0.241314
860000 0.241867
870000 0.243817
870000 0.244555
870000 0.246495
870000 0.242775
870000 0.246522
880000 0.248825
880000 0.287137
880000 0.248287
880000 0.246595
880000 0.247199
890000 0.254724
890000 0.250360
890000 0.251237
890000 0.252110
890000 0.249657
900000 0.253589
900000 0.254393
900000 0.251919
900000 0.253531
900000 0.253034
910000 0.257820
910000 0.245064
910000 0.245204
910000 0.246088
910000 0.250307
920000 0.253478
920000 0.260906
920000 0.264402
920000 0.261003
920000 0.264197
930000 0.256215
930000 0.257102
930000 0.257503
930000 0.256704
930000 0.265345
940000 0.270986
940000 0.267487
940000 0.295303
940000 0.254668
940000 0.254441
950000 0.258276
950000 0.253822
950000 0.257592
950000 0.256117
950000 0.266423
960000 0.288932
960000 0.321045
960000 0.300677
960000 0.315090
960000 0.352431
970000 0.291071
970000 0.273547
970000 0.295665
970000 0.332077
970000 0.289798
980000 0.269435
980000 0.280276
980000 0.304207
980000 0.303942
980000 0.292869
990000 0.286886
990000 0.332558
990000 0.284287
990000 0.305217
990000 0.274117
