10000 0.002321
10000 0.001673
10000 0.001677
10000 0.001773
10000 0.001669
20000 0.003684
20000 0.003682
20000 0.003925
20000 0.003635
20000 0.003770
30000 0.005695
30000 0.005720
30000 0.005967
30000 0.005708
30000 0.005823
40000 0.007989
40000 0.007752
40000 0.007808
40000 0.007813
40000 0.007955
50000 0.009984
50000 0.010407
50000 0.009996
50000 0.009957
50000 0.010125
60000 0.012126
60000 0.012191
60000 0.012182
60000 0.012417
60000 0.012248
70000 0.014563
70000 0.015131
70000 0.014908
70000 0.014808
70000 0.014804
80000 0.017471
80000 0.017296
80000 0.017109
80000 0.016902
80000 0.017037
90000 0.019068
90000 0.018904
90000 0.018929
90000 0.018989
90000 0.019132
100000 0.023349
100000 0.023368
100000 0.022125
100000 0.022175
100000 0.021690
110000 0.023856
110000 0.023853
110000 0.023968
110000 0.023666
110000 0.023746
120000 0.026343
120000 0.026706
120000 0.026207
120000 0.026099
120000 0.026008
130000 0.028608
130000 0.029293
130000 0.028562
130000 0.028521
130000 0.028406
140000 0.032027
140000 0.030854
140000 0.030783
140000 0.031060
140000 0.030848
150000 0.033138
150000 0.033076
150000 0.033391
150000 0.033471
150000 0.033596
160000 0.035786
160000 0.035771
160000 0.036002
160000 0.036098
160000 0.035915
170000 0.039407
170000 0.039190
170000 0.038797
170000 0.039733
170000 0.039659
180000 0.041457
180000 0.040669
180000 0.040480
180000 0.040611
180000 0.040582
190000 0.043265
190000 0.042717
190000 0.042628
190000 0.042923
190000 0.042746
200000 0.045482
200000 0.045730
200000 0.045782
200000 0.046898
200000 0.045406
210000 0.047957
210000 0.047965
210000 0.048599
210000 0.047775
210000 0.048012
220000 0.050396
220000 0.051718
220000 0.051832
220000 0.051433
220000 0.053016
230000 0.053821
230000 0.054356
230000 0.053583
230000 0.053481
230000 0.053597
240000 0.056560
240000 0.056132
240000 0.055875
240000 0.055915
240000 0.055972
250000 0.058098
250000 0.058256
250000 0.058398
250000 0.058319
250000 0.060677
260000 0.062353
260000 0.062258
260000 0.061781
260000 0.062702
260000 0.062309
270000 0.063739
270000 0.065716
270000 0.064375
270000 0.065521
270000 0.064242
280000 0.069229
280000 0.071646
280000 0.069948
280000 0.076847
280000 0.066045
290000 0.069486
290000 0.070535
290000 0.069473
290000 0.068739
290000 0.068845
300000 0.071924
300000 0.070965
300000 0.071200
300000 0.071348
300000 0.070948
310000 0.075789
310000 0.073163
310000 0.075914
310000 0.073068
310000 0.073288
320000 0.075370
320000 0.075511
320000 0.076952
320000 0.075879
320000 0.076085
330000 0.079832
330000 0.078110
330000 0.078838
330000 0.077906
330000 0.078048
340000 0.081466
340000 0.080613
340000 0.081525
340000 0.080496
340000 0.082873
350000 0.085518
350000 0.086050
350000 0.085543
350000 0.087537
350000 0.086397
360000 0.088422
360000 0.089838
360000 0.089019
360000 0.088345
360000 0.088504
370000 0.093329
370000 0.091709
370000 0.091989
370000 0.090017
370000 0.089099
380000 0.091460
380000 0.091552
380000 0.091619
380000 0.091507
380000 0.094003
390000 0.094556
390000 0.096854
390000 0.098824
390000 0.096818
390000 0.097588
400000 0.100031
400000 0.101092
400000 0.100294
400000 0.100801
400000 0.101529
410000 0.103390
410000 0.105774
410000 0.103554
410000 0.104116
410000 0.107179
420000 0.105673
420000 0.105884
420000 0.106211
420000 0.105624
420000 0.106166
430000 0.111099
430000 0.109967
430000 0.109338
430000 0.109719
430000 0.110440
440000 0.112593
440000 0.108653
440000 0.109130
440000 0.107477
440000 0.107222
450000 0.110928
450000 0.111535
450000 0.113127
450000 0.112714
450000 0.110961
460000 0.114915
460000 0.114717
460000 0.113549
460000 0.113356
460000 0.113966
470000 0.116912
470000 0.116654
470000 0.118187
470000 0.117729
470000 0.115821
480000 0.120044
480000 0.120601
480000 0.119955
480000 0.120581
480000 0.120915
490000 0.122563
490000 0.126473
490000 0.127872
490000 0.123819
490000 0.122854
500000 0.124249
500000 0.124256
500000 0.125685
500000 0.124034
500000 0.124693
510000 0.127829
510000 0.128325
510000 0.126949
510000 0.128412
510000 0.129384
520000 0.133074
520000 0.131010
520000 0.130169
520000 0.132274
520000 0.133320
530000 0.135348
530000 0.133515
530000 0.132235
530000 0.133926
530000 0.135640
540000 0.144498
540000 0.143250
540000 0.142110
540000 0.145002
540000 0.140016
550000 0.144271
550000 0.143442
550000 0.143196
550000 0.143690
550000 0.145779
560000 0.146400
560000 0.147647
560000 0.147714
560000 0.146760
560000 0.184404
570000 0.152170
570000 0.150873
570000 0.153179
570000 0.152166
570000 0.154451
580000 0.148303
580000 0.149778
580000 0.149419
580000 0.148987
580000 0.147392
590000 0.151613
590000 0.152740
590000 0.152399
590000 0.152430
590000 0.150720
600000 0.155765
600000 0.154428
600000 0.153938
600000 0.153561
600000 0.154791
610000 0.158593
610000 0.160083
610000 0.155900
610000 0.157217
610000 0.158734
620000 0.160014
620000 0.160107
620000 0.159176
620000 0.161320
620000 0.161331
630000 0.162229
630000 0.160271
630000 0.162309
630000 0.162917
630000 0.161181
640000 0.163882
640000 0.163796
640000 0.166783
640000 0.165958
640000 0.164582
650000 0.168659
650000 0.172802
650000 0.169432
650000 0.173643
650000 0.174862
660000 0.178858
660000 0.178690
660000 0.176560
660000 0.178560
660000 0.178280
670000 0.180518
670000 0.180803
670000 0.175704
670000 0.173301
670000 0.176662
680000 0.181530
680000 0.178913
680000 0.178490
680000 0.175584
680000 0.176864
690000 0.183788
690000 0.190886
690000 0.191777
690000 0.195020
690000 0.190823
700000 0.192994
700000 0.192125
700000 0.194196
700000 0.195773
700000 0.192280
710000 0.197171
710000 0.196068
710000 0.195876
710000 0.196659
710000 0.196742
720000 0.201453
720000 0.223312
720000 0.202402
720000 0.189087
720000 0.187573
730000 0.193424
730000 0.192795
730000 0.190748
730000 0.191232
730000 0.196540
740000 0.195297
740000 0.195261
740000 0.195115
740000 0.193968
740000 0.194418
750000 0.222447
750000 0.197360
750000 0.198751
750000 0.197337
750000 0.197172
760000 0.201608
760000 0.201789
760000 0.200480
760000 0.202212
760000 0.199945
770000 0.202108
770000 0.203350
770000 0.205143
770000 0.202979
770000 0.203181
780000 0.206688
780000 0.210895
780000 0.205760
780000 0.215344
780000 0.220635
790000 0.222118
790000 0.223459
790000 0.221531
790000 0.222542
790000 0.223094
800000 0.226616
800000 0.226049
800000 0.225318
800000 0.225341
800000 0.226989
810000 0.227805
810000 0.229034
810000 0.227968
810000 0.228510
810000 0.227243
820000 0.231689
820000 0.231427
820000 0.233570
820000 0.232037
820000 0.233185
830000 0.235528
830000 0.234846
830000 0.236294
830000 0.235586
830000 0.235851
840000 0.240322
840000 0.238875
840000 0.237724
840000 0.240493
840000 0.240373
850000 0.241346
850000 0.242303
850000 0.241711
850000 0.242364
850000 0.241936
860000 0.244907
860000 0.244390
860000 0.244291
860000 0.244696
860000 0.243405
870000 0.249750
870000 0.250059
870000 0.249297
870000 0.235421
870000 0.231823
880000 0.236578
880000 0.239065
880000 0.237192
880000 0.240123
880000 0.236266
890000 0.237782
890000 0.240797
890000 0.242260
890000 0.237651
890000 0.241233
900000 0.241351
900000 0.240844
900000 0.244174
900000 0.243936
900000 0.244697
910000 0.244512
910000 0.246091
910000 0.246959
910000 0.246320
910000 0.247444
920000 0.259707
920000 0.265317
920000 0.264777
920000 0.265134
920000 0.264189
930000 0.268955
930000 0.267593
930000 0.267712
930000 0.271033
930000 0.268166
940000 0.272575
940000 0.270919
940000 0.271043
940000 0.271945
940000 0.274345
950000 0.278122
950000 0.275664
950000 0.274191
950000 0.274072
950000 0.270984
960000 0.274114
960000 0.276083
960000 0.273112
960000 0.272774
960000 0.275153
970000 0.278083
970000 0.276305
970000 0.276726
970000 0.280806
970000 0.315342
980000 0.284381
980000 0.284899
980000 0.282921
980000 0.284530
980000 0.284519
990000 0.289705
990000 0.287788
990000 0.287310
990000 0.288561
990000 0.289078
