10000 0.001762
10000 0.001752
10000 0.001796
10000 0.002382
10000 0.001692
20000 0.003689
20000 0.003727
20000 0.003668
20000 0.003665
20000 0.003651
30000 0.005735
30000 0.005771
30000 0.005775
30000 0.005737
30000 0.005779
40000 0.007940
40000 0.007872
40000 0.007855
40000 0.008039
40000 0.007940
50000 0.010068
50000 0.010026
50000 0.010061
50000 0.010427
50000 0.010121
60000 0.012262
60000 0.012247
60000 0.012419
60000 0.012239
60000 0.012206
70000 0.014539
70000 0.014524
70000 0.014577
70000 0.014499
70000 0.014545
80000 0.016820
80000 0.016743
80000 0.016721
80000 0.016763
80000 0.016768
90000 0.018999
90000 0.019013
90000 0.019115
90000 0.019053
90000 0.021406
100000 0.026267
100000 0.021435
100000 0.021402
100000 0.021484
100000 0.021397
110000 0.023785
110000 0.023712
110000 0.023994
110000 0.023765
110000 0.023713
120000 0.027010
120000 0.026097
120000 0.026220
120000 0.026248
120000 0.026493
130000 0.028760
130000 0.028772
130000 0.028774
130000 0.028699
130000 0.028466
140000 0.031396
140000 0.030957
140000 0.031085
140000 0.030992
140000 0.031512
150000 0.033371
150000 0.033405
150000 0.034066
150000 0.033339
150000 0.034085
160000 0.035829
160000 0.039917
160000 0.035823
160000 0.037202
160000 0.036009
170000 0.039466
170000 0.038280
170000 0.038730
170000 0.038219
170000 0.038846
180000 0.041122
180000 0.041131
180000 0.041278
180000 0.040961
180000 0.041241
190000 0.043336
190000 0.043397
190000 0.044545
190000 0.043260
190000 0.043488
200000 0.045781
200000 0.045772
200000 0.046701
200000 0.045785
200000 0.045944
210000 0.048817
210000 0.048743
210000 0.048714
210000 0.048943
210000 0.048767
220000 0.051320
220000 0.051995
220000 0.051558
220000 0.051224
220000 0.051598
230000 0.054637
230000 0.054022
230000 0.053946
230000 0.055824
230000 0.054524
240000 0.056722
240000 0.057561
240000 0.056897
240000 0.057803
240000 0.057448
250000 0.059668
250000 0.059021
250000 0.059567
250000 0.059896
250000 0.059925
260000 0.062957
260000 0.061969
260000 0.062347
260000 0.062068
260000 0.062958
270000 0.065363
270000 0.065307
270000 0.064795
270000 0.064969
270000 0.064689
280000 0.068246
280000 0.067625
280000 0.067524
280000 0.067487
280000 0.067508
290000 0.070875
290000 0.071108
290000 0.070482
290000 0.070370
290000 0.070558
300000 0.073369
300000 0.072107
300000 0.073062
300000 0.073380
300000 0.073539
310000 0.075046
310000 0.075074
310000 0.074818
310000 0.074689
310000 0.075009
320000 0.078273
320000 0.077594
320000 0.077963
320000 0.078411
320000 0.078916
330000 0.080546
330000 0.080750
330000 0.083103
330000 0.080979
330000 0.080804
340000 0.083843
340000 0.084325
340000 0.083773
340000 0.083310
340000 0.082970
350000 0.086213
350000 0.087257
350000 0.086306
350000 0.086017
350000 0.087305
360000 0.090842
360000 0.088950
360000 0.089228
360000 0.089914
360000 0.088420
370000 0.092349
370000 0.092049
370000 0.091753
370000 0.091592
370000 0.091288
380000 0.094825
380000 0.095991
380000 0.094799
380000 0.094247
380000 0.094758
390000 0.097104
390000 0.098081
390000 0.097089
390000 0.098287
390000 0.098097
400000 0.100552
400000 0.100600
400000 0.103509
400000 0.103656
400000 0.102311
410000 0.104921
410000 0.104279
410000 0.104384
410000 0.105451
410000 0.103895
420000 0.107353
420000 0.108494
420000 0.108615
420000 0.107874
420000 0.107942
430000 0.110807
430000 0.110568
430000 0.111950
430000 0.111743
430000 0.110121
440000 0.114531
440000 0.113530
440000 0.116097
440000 0.115791
440000 0.113416
450000 0.116369
450000 0.117141
450000 0.116895
450000 0.116554
450000 0.118198
460000 0.120783
460000 0.119286
460000 0.120098
460000 0.121719
460000 0.121507
470000 0.123061
470000 0.123775
470000 0.124885
470000 0.122675
470000 0.122908
480000 0.130868
480000 0.126272
480000 0.126184
480000 0.126952
480000 0.126970
490000 0.129490
490000 0.129879
490000 0.128130
490000 0.128308
490000 0.128717
500000 0.132495
500000 0.132572
500000 0.132505
500000 0.134653
500000 0.132306
510000 0.136332
510000 0.135691
510000 0.134661
510000 0.135017
510000 0.135309
520000 0.138782
520000 0.138523
520000 0.138559
520000 0.139374
520000 0.138953
530000 0.141772
530000 0.140543
530000 0.141290
530000 0.141846
530000 0.141441
540000 0.146192
540000 0.145284
540000 0.146270
540000 0.143201
540000 0.141821
550000 0.144896
550000 0.142773
550000 0.141744
550000 0.140525
550000 0.140261
560000 0.144327
560000 0.144770
560000 0.146462
560000 0.145102
560000 0.145481
570000 0.145956
570000 0.145784
570000 0.145537
570000 0.147754
570000 0.149906
580000 0.151914
580000 0.150550
580000 0.149813
580000 0.149662
580000 0.156105
590000 0.157998
590000 0.158907
590000 0.159207
590000 0.159294
590000 0.158248
600000 0.162965
600000 0.162468
600000 0.161247
600000 0.161152
600000 0.161263
610000 0.165051
610000 0.164919
610000 0.165704
610000 0.188960
610000 0.170237
620000 0.173370
620000 0.170549
620000 0.169587
620000 0.170938
620000 0.171686
630000 0.174053
630000 0.173964
630000 0.176687
630000 0.174132
630000 0.174740
640000 0.176881
640000 0.178840
640000 0.178209
640000 0.176764
640000 0.178581
650000 0.182089
650000 0.185299
650000 0.169491
650000 0.168368
650000 0.170654
660000 0.172735
660000 0.175225
660000 0.185069
660000 0.183506
660000 0.185396
670000 0.186543
670000 0.187169
670000 0.193188
670000 0.186501
670000 0.188620
680000 0.190768
680000 0.190997
680000 0.189127
680000 0.189859
680000 0.190069
690000 0.193477
690000 0.191895
690000 0.194023
690000 0.193642
690000 0.192800
700000 0.194939
700000 0.197071
700000 0.197450
700000 0.196990
700000 0.196694
710000 0.200973
710000 0.199613
710000 0.199275
710000 0.199752
710000 0.200420
720000 0.204447
720000 0.201215
720000 0.200696
720000 0.200148
720000 0.200852
730000 0.204112
730000 0.206177
730000 0.206471
730000 0.207615
730000 0.206411
740000 0.208920
740000 0.209213
740000 0.210616
740000 0.209230
740000 0.209668
750000 0.213758
750000 0.213539
750000 0.212464
750000 0.213539
750000 0.212529
760000 0.215595
760000 0.217781
760000 0.213892
760000 0.213749
760000 0.212180
770000 0.217668
770000 0.217767
770000 0.221444
770000 0.219387
770000 0.219064
780000 0.222052
780000 0.224272
780000 0.223762
780000 0.224003
780000 0.226208
790000 0.228290
790000 0.225645
790000 0.228086
790000 0.230291
790000 0.213052
800000 0.217123
800000 0.216422
800000 0.217153
800000 0.216025
800000 0.217698
810000 0.224984
810000 0.230836
810000 0.230810
810000 0.229773
810000 0.230120
820000 0.233405
820000 0.234173
820000 0.234157
820000 0.234685
820000 0.234261
830000 0.237065
830000 0.237158
830000 0.241104
830000 0.241580
830000 0.240764
840000 0.242976
840000 0.242189
840000 0.244570
840000 0.228987
840000 0.239403
850000 0.233994
850000 0.231585
850000 0.234380
850000 0.232758
850000 0.234464
860000 0.237936
860000 0.234727
860000 0.234618
860000 0.238434
860000 0.235215
870000 0.245416
870000 0.240797
870000 0.236248
870000 0.238167
870000 0.239602
880000 0.240665
880000 0.245009
880000 0.240837
880000 0.244831
880000 0.241247
890000 0.244367
890000 0.246975
890000 0.247040
890000 0.245387
890000 0.242728
900000 0.249472
900000 0.249788
900000 0.251532
900000 0.247861
900000 0.247217
910000 0.250304
910000 0.250899
910000 0.253285
910000 0.253729
910000 0.252411
920000 0.271677
920000 0.272274
920000 0.271500
920000 0.274086
920000 0.272199
930000 0.275251
930000 0.275672
930000 0.274429
930000 0.278660
930000 0.276043
940000 0.278161
940000 0.278875
940000 0.279076
940000 0.280553
940000 0.261999
950000 0.262843
950000 0.265008
950000 0.266295
950000 0.264347
950000 0.266052
960000 0.266785
960000 0.269894
960000 0.271301
960000 0.287965
960000 0.287729
970000 0.291733
970000 0.289669
970000 0.289275
970000 0.290971
970000 0.291174
980000 0.292518
980000 0.295581
980000 0.293308
980000 0.297130
980000 0.294149
990000 0.297205
990000 0.297466
990000 0.297883
990000 0.302033
990000 0.280128
