10000 0.001834
10000 0.001851
10000 0.001808
10000 0.001819
10000 0.001840
20000 0.003938
20000 0.003906
20000 0.003877
20000 0.003935
20000 0.003907
30000 0.006188
30000 0.006090
30000 0.006095
30000 0.006058
30000 0.006076
40000 0.008326
40000 0.008347
40000 0.008373
40000 0.008316
40000 0.008301
50000 0.010634
50000 0.010613
50000 0.010549
50000 0.010607
50000 0.010558
60000 0.012957
60000 0.013020
60000 0.013079
60000 0.012895
60000 0.012914
70000 0.015254
70000 0.015390
70000 0.015216
70000 0.015252
70000 0.015250
80000 0.017484
80000 0.018343
80000 0.017629
80000 0.017694
80000 0.017540
90000 0.020021
90000 0.020068
90000 0.020249
90000 0.020164
90000 0.021216
100000 0.027462
100000 0.022563
100000 0.022406
100000 0.022423
100000 0.022447
110000 0.024934
110000 0.024734
110000 0.025019
110000 0.024754
110000 0.024709
120000 0.027528
120000 0.027179
120000 0.027176
120000 0.027870
120000 0.027193
130000 0.029658
130000 0.029775
130000 0.029708
130000 0.031001
130000 0.029690
140000 0.032189
140000 0.032195
140000 0.034830
140000 0.035965
140000 0.032917
150000 0.035882
150000 0.035487
150000 0.035650
150000 0.035411
150000 0.035890
160000 0.038787
160000 0.038472
160000 0.038090
160000 0.038260
160000 0.037876
170000 0.041671
170000 0.041101
170000 0.040541
170000 0.040422
170000 0.040822
180000 0.043049
180000 0.044158
180000 0.044857
180000 0.044307
180000 0.043243
190000 0.045898
190000 0.046547
190000 0.045859
190000 0.046912
190000 0.045909
200000 0.048886
200000 0.049694
200000 0.048956
200000 0.048401
200000 0.049002
210000 0.051449
210000 0.051593
210000 0.052025
210000 0.052026
210000 0.052051
220000 0.054494
220000 0.055011
220000 0.054789
220000 0.054813
220000 0.055120
230000 0.057586
230000 0.057840
230000 0.057681
230000 0.057069
230000 0.057547
240000 0.069986
240000 0.059802
240000 0.059132
240000 0.059284
240000 0.059313
250000 0.063147
250000 0.062460
250000 0.062867
250000 0.062112
250000 0.062098
260000 0.064817
260000 0.065287
260000 0.064963
260000 0.065245
260000 0.065133
270000 0.067728
270000 0.067798
270000 0.068721
270000 0.067539
270000 0.067888
280000 0.070912
280000 0.070437
280000 0.071090
280000 0.070731
280000 0.070481
290000 0.073742
290000 0.073057
290000 0.073079
290000 0.073184
290000 0.073597
300000 0.075847
300000 0.075793
300000 0.076554
300000 0.075646
300000 0.076750
310000 0.079167
310000 0.078346
310000 0.078954
310000 0.078730
310000 0.078749
320000 0.081988
320000 0.082061
320000 0.081849
320000 0.082098
320000 0.081824
330000 0.085050
330000 0.084653
330000 0.084301
330000 0.084142
330000 0.084820
340000 0.087876
340000 0.087902
340000 0.087465
340000 0.087084
340000 0.087639
350000 0.090208
350000 0.090853
350000 0.090574
350000 0.090161
350000 0.089146
360000 0.091595
360000 0.091503
360000 0.091766
360000 0.092389
360000 0.091573
370000 0.095746
370000 0.095201
370000 0.094422
370000 0.100908
370000 0.094468
380000 0.099329
380000 0.097909
380000 0.099838
380000 0.098267
380000 0.096938
390000 0.100309
390000 0.099762
390000 0.100380
390000 0.100441
390000 0.100357
400000 0.103348
400000 0.102872
400000 0.102395
400000 0.104396
400000 0.105205
410000 0.107307
410000 0.106444
410000 0.105960
410000 0.106187
410000 0.105896
420000 0.109800
420000 0.109435
420000 0.108000
420000 0.108785
420000 0.108011
430000 0.111800
430000 0.113656
430000 0.111440
430000 0.111540
430000 0.113263
440000 0.114147
440000 0.114249
440000 0.116149
440000 0.114966
440000 0.114348
450000 0.118718
450000 0.119178
450000 0.117164
450000 0.121413
450000 0.117981
460000 0.120441
460000 0.121882
460000 0.121828
460000 0.121671
460000 0.120459
470000 0.126185
470000 0.124217
470000 0.122573
470000 0.124367
470000 0.125783
480000 0.129203
480000 0.125887
480000 0.127323
480000 0.126559
480000 0.125420
490000 0.129682
490000 0.130163
490000 0.129435
490000 0.131677
490000 0.130165
500000 0.139481
500000 0.133088
500000 0.131299
500000 0.132230
500000 0.132527
510000 0.135795
510000 0.136520
510000 0.134227
510000 0.134946
510000 0.135039
520000 0.140388
520000 0.139744
520000 0.137495
520000 0.137747
520000 0.139608
530000 0.141483
530000 0.141559
530000 0.140404
530000 0.141019
530000 0.141233
540000 0.144473
540000 0.144131
540000 0.145120
540000 0.144745
540000 0.143770
550000 0.148341
550000 0.147373
550000 0.146849
550000 0.147157
550000 0.149342
560000 0.152104
560000 0.150877
560000 0.149760
560000 0.150673
560000 0.149394
570000 0.152597
570000 0.152430
570000 0.151471
570000 0.159954
570000 0.160458
580000 0.164199
580000 0.163611
580000 0.167056
580000 0.165861
580000 0.164985
590000 0.168769
590000 0.170139
590000 0.168249
590000 0.167832
590000 0.167757
600000 0.169830
600000 0.171025
600000 0.170122
600000 0.170534
600000 0.172565
610000 0.174300
610000 0.173294
610000 0.172919
610000 0.173203
610000 0.172915
620000 0.177630
620000 0.183501
620000 0.182556
620000 0.178582
620000 0.176622
630000 0.180753
630000 0.180580
630000 0.180267
630000 0.178997
630000 0.180616
640000 0.183644
640000 0.184589
640000 0.182062
640000 0.182932
640000 0.183334
650000 0.186794
650000 0.185952
650000 0.186953
650000 0.187132
650000 0.187028
660000 0.189672
660000 0.188858
660000 0.192976
660000 0.189479
660000 0.191402
670000 0.195463
670000 0.192627
670000 0.192050
670000 0.196014
670000 0.193359
680000 0.195648
680000 0.195442
680000 0.198448
680000 0.198307
680000 0.195955
690000 0.199296
690000 0.200638
690000 0.199378
690000 0.199938
690000 0.201753
700000 0.202829
700000 0.203719
700000 0.201878
700000 0.204034
700000 0.202015
710000 0.206720
710000 0.208178
710000 0.207205
710000 0.205148
710000 0.220911
720000 0.206179
720000 0.206592
720000 0.206038
720000 0.253860
720000 0.251053
730000 0.258120
730000 0.265171
730000 0.261146
730000 0.250896
730000 0.260750
740000 0.231812
740000 0.220835
740000 0.220700
740000 0.223538
740000 0.222092
750000 0.221027
750000 0.215121
750000 0.207484
750000 0.209629
750000 0.214149
760000 0.211181
760000 0.215866
760000 0.211244
760000 0.223849
760000 0.222159
770000 0.224811
770000 0.223839
770000 0.225402
770000 0.224045
770000 0.223423
780000 0.225852
780000 0.226225
780000 0.226514
780000 0.227634
780000 0.227615
790000 0.228774
790000 0.230021
790000 0.229964
790000 0.230287
790000 0.231042
800000 0.236878
800000 0.232757
800000 0.232354
800000 0.233344
800000 0.233897
810000 0.237869
810000 0.237048
810000 0.236163
810000 0.236582
810000 0.235641
820000 0.237911
820000 0.241147
820000 0.239453
820000 0.239286
820000 0.240363
830000 0.246493
830000 0.242231
830000 0.244962
830000 0.243933
830000 0.242161
840000 0.247176
840000 0.247413
840000 0.246019
840000 0.248148
840000 0.247701
850000 0.249556
850000 0.249957
850000 0.251334
850000 0.250167
850000 0.249814
860000 0.252947
860000 0.252799
860000 0.254113
860000 0.251880
860000 0.255039
870000 0.257577
870000 0.255863
870000 0.256786
870000 0.258163
870000 0.257950
880000 0.260578
880000 0.260317
880000 0.260675
880000 0.248895
880000 0.250672
890000 0.256922
890000 0.253327
890000 0.252127
890000 0.262033
890000 0.257259
900000 0.253641
900000 0.255143
900000 0.254903
900000 0.254960
900000 0.253924
910000 0.268562
910000 0.261359
910000 0.259280
910000 0.259384
910000 0.259116
920000 0.263541
920000 0.263911
920000 0.262164
920000 0.261547
920000 0.264784
930000 0.265547
930000 0.266231
930000 0.266123
930000 0.270417
930000 0.280553
940000 0.285477
940000 0.287741
940000 0.285764
940000 0.286036
940000 0.283730
950000 0.286222
950000 0.271445
950000 0.290055
950000 0.289069
950000 0.297772
960000 0.293292
960000 0.296476
960000 0.293943
960000 0.291219
960000 0.293163
970000 0.295099
970000 0.298982
970000 0.297019
970000 0.295689
970000 0.281346
980000 0.283635
980000 0.284653
980000 0.280019
980000 0.278812
980000 0.299969
990000 0.304717
990000 0.314467
990000 0.320607
990000 0.304360
990000 0.306864
