10000 0.001817
10000 0.001479
10000 0.001446
10000 0.001556
10000 0.001455
20000 0.003447
20000 0.003181
20000 0.003164
20000 0.003156
20000 0.003248
30000 0.004896
30000 0.004942
30000 0.004940
30000 0.004875
30000 0.004971
40000 0.006854
40000 0.006765
40000 0.006708
40000 0.006853
40000 0.006789
50000 0.008612
50000 0.008639
50000 0.008665
50000 0.008556
50000 0.008615
60000 0.010458
60000 0.010399
60000 0.010419
60000 0.010473
60000 0.010363
70000 0.012766
70000 0.012564
70000 0.012763
70000 0.012557
70000 0.012622
80000 0.014354
80000 0.014318
80000 0.014811
80000 0.014395
80000 0.013753
90000 0.016261
90000 0.017025
90000 0.016088
90000 0.016812
90000 0.016198
100000 0.018905
100000 0.018407
100000 0.018279
100000 0.018323
100000 0.018234
110000 0.020095
110000 0.020027
110000 0.020081
110000 0.020237
110000 0.020076
120000 0.022067
120000 0.021880
120000 0.021828
120000 0.022037
120000 0.022010
130000 0.024126
130000 0.023904
130000 0.024112
130000 0.023925
130000 0.023869
140000 0.026705
140000 0.026385
140000 0.026431
140000 0.026438
140000 0.026339
150000 0.028281
150000 0.028199
150000 0.028218
150000 0.028255
150000 0.028279
160000 0.030065
160000 0.030092
160000 0.030259
160000 0.030129
160000 0.030111
170000 0.032415
170000 0.032172
170000 0.032134
170000 0.032195
170000 0.032202
180000 0.034177
180000 0.034057
180000 0.034020
180000 0.034064
180000 0.034090
190000 0.036360
190000 0.036074
190000 0.035809
190000 0.036102
190000 0.036151
200000 0.038736
200000 0.038435
200000 0.038435
200000 0.038217
200000 0.038566
210000 0.040553
210000 0.040227
210000 0.039965
210000 0.040240
210000 0.040263
220000 0.042514
220000 0.042141
220000 0.042218
220000 0.042297
220000 0.043418
230000 0.044301
230000 0.044234
230000 0.044312
230000 0.044357
230000 0.044440
240000 0.046263
240000 0.045846
240000 0.046054
240000 0.046264
240000 0.046670
250000 0.049060
250000 0.048342
250000 0.048576
250000 0.048454
250000 0.048760
260000 0.050111
260000 0.050265
260000 0.050235
260000 0.050051
260000 0.050030
270000 0.053605
270000 0.053185
270000 0.052894
270000 0.053059
270000 0.052876
280000 0.057120
280000 0.056202
280000 0.057033
280000 0.055604
280000 0.055894
290000 0.057593
290000 0.058468
290000 0.057927
290000 0.057728
290000 0.058522
300000 0.059544
300000 0.060019
300000 0.059554
300000 0.060016
300000 0.059664
310000 0.062077
310000 0.061714
310000 0.061637
310000 0.061999
310000 0.061750
320000 0.063434
320000 0.064090
320000 0.064285
320000 0.064680
320000 0.063321
330000 0.065924
330000 0.065771
330000 0.065731
330000 0.065970
330000 0.067031
340000 0.068187
340000 0.068834
340000 0.068580
340000 0.069287
340000 0.069341
350000 0.070970
350000 0.069931
350000 0.070059
350000 0.069781
350000 0.066962
360000 0.072113
360000 0.072580
360000 0.071579
360000 0.072358
360000 0.071953
370000 0.083391
370000 0.073689
370000 0.073902
370000 0.079109
370000 0.086510
380000 0.080500
380000 0.075654
380000 0.076263
380000 0.082990
380000 0.103694
390000 0.083168
390000 0.077191
390000 0.077827
390000 0.082690
390000 0.083643
400000 0.082450
400000 0.080371
400000 0.087225
400000 0.135910
400000 0.099763
410000 0.102854
410000 0.112410
410000 0.098778
410000 0.094824
410000 0.118626
420000 0.110806
420000 0.111424
420000 0.098803
420000 0.103979
420000 0.099116
430000 0.118221
430000 0.101187
430000 0.116850
430000 0.102469
430000 0.103845
440000 0.117424
440000 0.108363
440000 0.123661
440000 0.112350
440000 0.111752
450000 0.144319
450000 0.108737
450000 0.106484
450000 0.111344
450000 0.093381
460000 0.113264
460000 0.122684
460000 0.119301
460000 0.111110
460000 0.112110
470000 0.111551
470000 0.137445
470000 0.118418
470000 0.116395
470000 0.109096
480000 0.112196
480000 0.117567
480000 0.111307
480000 0.145324
480000 0.125750
490000 0.114764
490000 0.137079
490000 0.117561
490000 0.121960
490000 0.118042
500000 0.143640
500000 0.115139
500000 0.113606
500000 0.127873
500000 0.122141
510000 0.126163
510000 0.105013
510000 0.117169
510000 0.119869
510000 0.105220
520000 0.130895
520000 0.125432
520000 0.118522
520000 0.114969
520000 0.107403
530000 0.111863
530000 0.112215
530000 0.112184
530000 0.113193
530000 0.113170
540000 0.114699
540000 0.114158
540000 0.114430
540000 0.118067
540000 0.116172
550000 0.115208
550000 0.116482
550000 0.116117
550000 0.115021
550000 0.114651
560000 0.122939
560000 0.125387
560000 0.117649
560000 0.117270
560000 0.115956
570000 0.131818
570000 0.118569
570000 0.118813
570000 0.122603
570000 0.118333
580000 0.123006
580000 0.120865
580000 0.120277
580000 0.121038
580000 0.123638
590000 0.132292
590000 0.123773
590000 0.124682
590000 0.123866
590000 0.124263
600000 0.132290
600000 0.137222
600000 0.128146
600000 0.126608
600000 0.126440
610000 0.129414
610000 0.127821
610000 0.128406
610000 0.129171
610000 0.128869
620000 0.128821
620000 0.128561
620000 0.129382
620000 0.128373
620000 0.130790
630000 0.129951
630000 0.130974
630000 0.129978
630000 0.130840
630000 0.131303
640000 0.135327
640000 0.147626
640000 0.135248
640000 0.132284
640000 0.135443
650000 0.143607
650000 0.148192
650000 0.139702
650000 0.142424
650000 0.143126
660000 0.146129
660000 0.137647
660000 0.139036
660000 0.137419
660000 0.138896
670000 0.143875
670000 0.142826
670000 0.145562
670000 0.138572
670000 0.140652
680000 0.142577
680000 0.145151
680000 0.149027
680000 0.144959
680000 0.146873
690000 0.150862
690000 0.152319
690000 0.145804
690000 0.146707
690000 0.145234
700000 0.178889
700000 0.154624
700000 0.326049
700000 0.173898
700000 0.174321
710000 0.166332
710000 0.184550
710000 0.160437
710000 0.150906
710000 0.149412
720000 0.149512
720000 0.150492
720000 0.189923
720000 0.155123
720000 0.150385
730000 0.153009
730000 0.153273
730000 0.160384
730000 0.153580
730000 0.150788
740000 0.155175
740000 0.152510
740000 0.153945
740000 0.153959
740000 0.163624
750000 0.157991
750000 0.156047
750000 0.156193
750000 0.161015
750000 0.156638
760000 0.158606
760000 0.160094
760000 0.158362
760000 0.157763
760000 0.156204
770000 0.172320
770000 0.161604
770000 0.161478
770000 0.159968
770000 0.162648
780000 0.163959
780000 0.162831
780000 0.166224
780000 0.163308
780000 0.162961
790000 0.167878
790000 0.166017
790000 0.166167
790000 0.167710
790000 0.174398
800000 0.166461
800000 0.170430
800000 0.168046
800000 0.168352
800000 0.169158
810000 0.169860
810000 0.170470
810000 0.172307
810000 0.170191
810000 0.171353
820000 0.173343
820000 0.171429
820000 0.178733
820000 0.172025
820000 0.171667
830000 0.175139
830000 0.173531
830000 0.175224
830000 0.176690
830000 0.173310
840000 0.179501
840000 0.175754
840000 0.178820
840000 0.176223
840000 0.175624
850000 0.178630
850000 0.177506
850000 0.177561
850000 0.177762
850000 0.177813
860000 0.180608
860000 0.184211
860000 0.179488
860000 0.181233
860000 0.183447
870000 0.181104
870000 0.186978
870000 0.183468
870000 0.182299
870000 0.183933
880000 0.183130
880000 0.186390
880000 0.191744
880000 0.182650
880000 0.188744
890000 0.185927
890000 0.186009
890000 0.185271
890000 0.186706
890000 0.189442
900000 0.190775
900000 0.189960
900000 0.198332
900000 0.187586
900000 0.188468
910000 0.190617
910000 0.191413
910000 0.191951
910000 0.189606
910000 0.193019
920000 0.196298
920000 0.193256
920000 0.192741
920000 0.192961
920000 0.194390
930000 0.196403
930000 0.195180
930000 0.203151
930000 0.196425
930000 0.198115
940000 0.198245
940000 0.197506
940000 0.196814
940000 0.197232
940000 0.200138
950000 0.200242
950000 0.199153
950000 0.198733
950000 0.199498
950000 0.203943
960000 0.206570
960000 0.201445
960000 0.201683
960000 0.203339
960000 0.202635
970000 0.211829
970000 0.205144
970000 0.203850
970000 0.204429
970000 0.207272
980000 0.206064
980000 0.206963
980000 0.206333
980000 0.207664
980000 0.206249
990000 0.208998
990000 0.208674
990000 0.209022
990000 0.208261
990000 0.208131
10000 0.001747
10000 0.001485
10000 0.001442
10000 0.001471
10000 0.001459
20000 0.003160
20000 0.003147
20000 0.003158
20000 0.003260
20000 0.003210
30000 0.004933
30000 0.005012
30000 0.004952
30000 0.004867
30000 0.004946
40000 0.006849
40000 0.006783
40000 0.006781
40000 0.006893
40000 0.006755
50000 0.008704
50000 0.008596
50000 0.008571
50000 0.008643
50000 0.008668
60000 0.010515
60000 0.010444
60000 0.010552
60000 0.010452
60000 0.010546
70000 0.012706
70000 0.012612
70000 0.012575
70000 0.012614
70000 0.012606
80000 0.014363
80000 0.014319
80000 0.014301
80000 0.014342
80000 0.014313
90000 0.016211
90000 0.016256
90000 0.016304
90000 0.016416
90000 0.016204
100000 0.018390
100000 0.018128
100000 0.018290
100000 0.018474
100000 0.018174
110000 0.020258
110000 0.020216
110000 0.020112
110000 0.020028
110000 0.020171
120000 0.022003
120000 0.022257
120000 0.022015
120000 0.022195
120000 0.022088
130000 0.024092
130000 0.024642
130000 0.023978
130000 0.024024
130000 0.024046
140000 0.026678
140000 0.029257
140000 0.026476
140000 0.026537
140000 0.026582
150000 0.028389
150000 0.028459
150000 0.028365
150000 0.028375
150000 0.028397
160000 0.030188
160000 0.030756
160000 0.030175
160000 0.030170
160000 0.030408
170000 0.032696
170000 0.032408
170000 0.032334
170000 0.032327
170000 0.032311
180000 0.034392
180000 0.034197
180000 0.034118
180000 0.034337
180000 0.034055
190000 0.036455
190000 0.036250
190000 0.036328
190000 0.036277
190000 0.036691
200000 0.038903
200000 0.038686
200000 0.038493
200000 0.038361
200000 0.038542
210000 0.040809
210000 0.040401
210000 0.040433
210000 0.040363
210000 0.040472
220000 0.042570
220000 0.042452
220000 0.042283
220000 0.042306
220000 0.042516
230000 0.044530
230000 0.044567
230000 0.044376
230000 0.044639
230000 0.044925
240000 0.047085
240000 0.046658
240000 0.046638
240000 0.046203
240000 0.046673
250000 0.048505
250000 0.048844
250000 0.049142
250000 0.049867
250000 0.049874
260000 0.051865
260000 0.051369
260000 0.051071
260000 0.050828
260000 0.050993
270000 0.055508
270000 0.054499
270000 0.054569
270000 0.054853
270000 0.053709
280000 0.056061
280000 0.056291
280000 0.056443
280000 0.056555
280000 0.055999
290000 0.057827
290000 0.058150
290000 0.058145
290000 0.057925
290000 0.057915
300000 0.060077
300000 0.059945
300000 0.059950
300000 0.060157
300000 0.060047
310000 0.061974
310000 0.061595
310000 0.062228
310000 0.062265
310000 0.063337
320000 0.064961
320000 0.089779
320000 0.064113
320000 0.065242
320000 0.065464
330000 0.067849
330000 0.067328
330000 0.066621
330000 0.067448
330000 0.068300
340000 0.069565
340000 0.069200
340000 0.069324
340000 0.070218
340000 0.070170
350000 0.072464
350000 0.072081
350000 0.072217
350000 0.071848
350000 0.072087
360000 0.074137
360000 0.074418
360000 0.076199
360000 0.074248
360000 0.074271
370000 0.076199
370000 0.076114
370000 0.076393
370000 0.075513
370000 0.075669
380000 0.078838
380000 0.078642
380000 0.078221
380000 0.077737
380000 0.076307
390000 0.078237
390000 0.077932
390000 0.078081
390000 0.078569
390000 0.078511
400000 0.082136
400000 0.080615
400000 0.081513
400000 0.081146
400000 0.080904
410000 0.083770
410000 0.084156
410000 0.083579
410000 0.083997
410000 0.083330
420000 0.093334
420000 0.085290
420000 0.085515
420000 0.085679
420000 0.084902
430000 0.087517
430000 0.087402
430000 0.087316
430000 0.087906
430000 0.086713
440000 0.089065
440000 0.089007
440000 0.088726
440000 0.088611
440000 0.086441
450000 0.090956
450000 0.091069
450000 0.091014
450000 0.091982
450000 0.091158
460000 0.093335
460000 0.093592
460000 0.094465
460000 0.094996
460000 0.093834
470000 0.095853
470000 0.095812
470000 0.095216
470000 0.096152
470000 0.095695
480000 0.098513
480000 0.097768
480000 0.097200
480000 0.097828
480000 0.097408
490000 0.099513
490000 0.099093
490000 0.099602
490000 0.099650
490000 0.099721
500000 0.102482
500000 0.101625
500000 0.101421
500000 0.101574
500000 0.101664
510000 0.103881
510000 0.103710
510000 0.105186
510000 0.105457
510000 0.104797
520000 0.105887
520000 0.106026
520000 0.105586
520000 0.105425
520000 0.105876
530000 0.112371
530000 0.111690
530000 0.111392
530000 0.111555
530000 0.111569
540000 0.112856
540000 0.113397
540000 0.113427
540000 0.115105
540000 0.113913
550000 0.114986
550000 0.114905
550000 0.115208
550000 0.114575
550000 0.115034
560000 0.118585
560000 0.117227
560000 0.116921
560000 0.116345
560000 0.116969
570000 0.120127
570000 0.119221
570000 0.118414
570000 0.118761
570000 0.118513
580000 0.121785
580000 0.121186
580000 0.120316
580000 0.121310
580000 0.120782
590000 0.124291
590000 0.124778
590000 0.123801
590000 0.130991
590000 0.124522
600000 0.126987
600000 0.126422
600000 0.126709
600000 0.125526
600000 0.126490
610000 0.128545
610000 0.128704
610000 0.128164
610000 0.127890
610000 0.127461
620000 0.130879
620000 0.130207
620000 0.130417
620000 0.128883
620000 0.129429
630000 0.131862
630000 0.131938
630000 0.131420
630000 0.131280
630000 0.132727
640000 0.135831
640000 0.134902
640000 0.134445
640000 0.134466
640000 0.134864
650000 0.136820
650000 0.136420
650000 0.136443
650000 0.136527
650000 0.135873
660000 0.140389
660000 0.139238
660000 0.138843
660000 0.139123
660000 0.144058
670000 0.141796
670000 0.140283
670000 0.140044
670000 0.140464
670000 0.140222
680000 0.143227
680000 0.141983
680000 0.142474
680000 0.142350
680000 0.142297
690000 0.145799
690000 0.144285
690000 0.144363
690000 0.144142
690000 0.143712
700000 0.146596
700000 0.145459
700000 0.146207
700000 0.147064
700000 0.147298
710000 0.149698
710000 0.148789
710000 0.149436
710000 0.148424
710000 0.152124
720000 0.152686
720000 0.150784
720000 0.150580
720000 0.150177
720000 0.150484
730000 0.152899
730000 0.153054
730000 0.153090
730000 0.152450
730000 0.152529
740000 0.155484
740000 0.154347
740000 0.154437
740000 0.154301
740000 0.154781
750000 0.157609
750000 0.156630
750000 0.156431
750000 0.156172
750000 0.156919
760000 0.158317
760000 0.158737
760000 0.159341
760000 0.159391
760000 0.158819
770000 0.160620
770000 0.160675
770000 0.161102
770000 0.161028
770000 0.161250
780000 0.163344
780000 0.163520
780000 0.163742
780000 0.162517
780000 0.163291
790000 0.167196
790000 0.167519
790000 0.166933
790000 0.167256
790000 0.168834
800000 0.170717
800000 0.171244
800000 0.169515
800000 0.169847
800000 0.169659
810000 0.172822
810000 0.177033
810000 0.177310
810000 0.175090
810000 0.171141
820000 0.175446
820000 0.172671
820000 0.174117
820000 0.174916
820000 0.173758
830000 0.177545
830000 0.175374
830000 0.176751
830000 0.174423
830000 0.175098
840000 0.178543
840000 0.176619
840000 0.177932
840000 0.178501
840000 0.177709
850000 0.179560
850000 0.179395
850000 0.180419
850000 0.180556
850000 0.179926
860000 0.182653
860000 0.182382
860000 0.182566
860000 0.181648
860000 0.182393
870000 0.185571
870000 0.184640
870000 0.184391
870000 0.183219
870000 0.183006
880000 0.185225
880000 0.185231
880000 0.185095
880000 0.185426
880000 0.185102
890000 0.187738
890000 0.187184
890000 0.186327
890000 0.188036
890000 0.195217
900000 0.190084
900000 0.189050
900000 0.190784
900000 0.189443
900000 0.188782
910000 0.201515
910000 0.194519
910000 0.191771
910000 0.193704
910000 0.192391
920000 0.195642
920000 0.194404
920000 0.194448
920000 0.198794
920000 0.194381
930000 0.197514
930000 0.196639
930000 0.197313
930000 0.196226
930000 0.197098
940000 0.200478
940000 0.199522
940000 0.198232
940000 0.199317
940000 0.200318
950000 0.201962
950000 0.199575
950000 0.200601
950000 0.199572
950000 0.199846
960000 0.202790
960000 0.202722
960000 0.203351
960000 0.201488
960000 0.203197
970000 0.205897
970000 0.204020
970000 0.203872
970000 0.204000
970000 0.204394
980000 0.207213
980000 0.206063
980000 0.206115
980000 0.206545
980000 0.207263
990000 0.208862
990000 0.208725
990000 0.209454
990000 0.208284
990000 0.208815
