10000 0.001722
10000 0.001369
10000 0.002091
10000 0.001376
10000 0.001354
20000 0.002911
20000 0.003005
20000 0.002916
20000 0.002907
20000 0.002904
30000 0.004583
30000 0.004608
30000 0.004564
30000 0.004612
30000 0.004696
40000 0.006351
40000 0.006329
40000 0.007210
40000 0.007213
40000 0.006373
50000 0.008005
50000 0.008610
50000 0.007996
50000 0.007978
50000 0.008021
60000 0.010659
60000 0.010536
60000 0.009670
60000 0.009816
60000 0.009779
70000 0.011597
70000 0.011881
70000 0.012520
70000 0.012656
70000 0.012680
80000 0.013586
80000 0.013657
80000 0.013573
80000 0.013347
80000 0.013400
90000 0.015311
90000 0.015494
90000 0.015134
90000 0.015726
90000 0.015633
100000 0.017456
100000 0.017360
100000 0.017038
100000 0.016916
100000 0.017394
110000 0.019792
110000 0.018800
110000 0.018896
110000 0.018856
110000 0.018844
120000 0.021007
120000 0.020615
120000 0.021450
120000 0.020541
120000 0.020669
130000 0.023194
130000 0.022638
130000 0.022849
130000 0.022920
130000 0.023274
140000 0.024894
140000 0.024834
140000 0.024941
140000 0.024913
140000 0.024612
150000 0.026779
150000 0.026610
150000 0.026949
150000 0.026624
150000 0.027045
160000 0.028912
160000 0.029123
160000 0.028756
160000 0.028444
160000 0.029153
170000 0.030459
170000 0.030458
170000 0.030594
170000 0.030716
170000 0.030656
180000 0.031839
180000 0.031634
180000 0.031953
180000 0.031888
180000 0.031770
190000 0.034030
190000 0.034197
190000 0.033857
190000 0.035117
190000 0.034164
200000 0.036428
200000 0.036238
200000 0.036098
200000 0.036051
200000 0.035922
210000 0.038927
210000 0.038429
210000 0.037930
210000 0.038837
210000 0.038365
220000 0.040484
220000 0.040533
220000 0.040098
220000 0.041112
220000 0.040924
230000 0.042077
230000 0.041573
230000 0.041868
230000 0.041557
230000 0.042211
240000 0.043815
240000 0.043810
240000 0.043443
240000 0.043308
240000 0.043212
250000 0.047103
250000 0.046698
250000 0.046897
250000 0.046092
250000 0.046055
260000 0.048407
260000 0.047871
260000 0.048696
260000 0.048074
260000 0.047611
270000 0.049758
270000 0.050548
270000 0.049757
270000 0.049221
270000 0.049431
280000 0.051553
280000 0.052648
280000 0.054604
280000 0.052806
280000 0.052758
290000 0.057728
290000 0.055741
290000 0.053967
290000 0.054019
290000 0.053885
300000 0.057276
300000 0.056455
300000 0.056067
300000 0.056852
300000 0.056637
310000 0.058609
310000 0.057702
310000 0.057314
310000 0.058113
310000 0.057595
320000 0.060073
320000 0.059338
320000 0.059875
320000 0.058833
320000 0.058819
330000 0.060942
330000 0.060958
330000 0.061272
330000 0.061697
330000 0.060761
340000 0.062553
340000 0.063425
340000 0.063487
340000 0.064934
340000 0.065147
350000 0.066505
350000 0.066280
350000 0.065715
350000 0.065637
350000 0.065260
360000 0.066572
360000 0.066779
360000 0.066752
360000 0.066215
360000 0.067310
370000 0.068993
370000 0.069573
370000 0.070407
370000 0.070622
370000 0.070437
380000 0.072213
380000 0.071775
380000 0.071688
380000 0.072262
380000 0.071592
390000 0.077850
390000 0.071263
390000 0.077733
390000 0.073776
390000 0.075299
400000 0.083605
400000 0.081669
400000 0.081524
400000 0.075598
400000 0.075185
410000 0.077621
410000 0.077465
410000 0.077856
410000 0.077365
410000 0.077731
420000 0.079298
420000 0.079727
420000 0.079913
420000 0.078815
420000 0.079185
430000 0.098520
430000 0.093919
430000 0.082411
430000 0.080911
430000 0.079777
440000 0.084009
440000 0.086172
440000 0.083345
440000 0.083107
440000 0.083418
450000 0.085034
450000 0.084509
450000 0.084593
450000 0.084477
450000 0.085078
460000 0.086782
460000 0.086162
460000 0.087476
460000 0.087423
460000 0.086064
470000 0.088757
470000 0.088607
470000 0.087567
470000 0.087184
470000 0.087914
480000 0.091493
480000 0.090270
480000 0.091124
480000 0.092893
480000 0.095778
490000 0.094440
490000 0.091310
490000 0.093273
490000 0.091497
490000 0.091565
500000 0.094597
500000 0.093765
500000 0.094548
500000 0.094770
500000 0.094035
510000 0.099385
510000 0.098511
510000 0.097455
510000 0.096067
510000 0.096027
520000 0.097903
520000 0.098636
520000 0.103603
520000 0.098429
520000 0.109190
530000 0.104881
530000 0.137807
530000 0.128832
530000 0.118668
530000 0.113137
540000 0.116933
540000 0.128017
540000 0.118491
540000 0.119642
540000 0.113844
550000 0.120533
550000 0.125025
550000 0.121654
550000 0.125181
550000 0.117379
560000 0.132580
560000 0.135046
560000 0.114526
560000 0.136382
560000 0.120010
570000 0.147828
570000 0.122666
570000 0.137877
570000 0.132663
570000 0.179501
580000 0.146108
580000 0.162426
580000 0.124814
580000 0.124131
580000 0.144072
590000 0.127404
590000 0.132877
590000 0.122931
590000 0.140955
590000 0.131062
600000 0.134127
600000 0.142462
600000 0.140315
600000 0.146442
600000 0.134347
610000 0.140770
610000 0.144209
610000 0.143285
610000 0.136701
610000 0.137999
620000 0.146659
620000 0.169853
620000 0.135347
620000 0.160156
620000 0.144041
630000 0.128828
630000 0.141021
630000 0.140107
630000 0.151483
630000 0.157259
640000 0.126476
640000 0.153541
640000 0.143450
640000 0.140565
640000 0.161679
650000 0.135701
650000 0.162308
650000 0.143316
650000 0.124253
650000 0.148764
660000 0.137682
660000 0.129203
660000 0.126089
660000 0.127590
660000 0.127983
670000 0.129310
670000 0.127939
670000 0.129480
670000 0.130325
670000 0.130646
680000 0.131763
680000 0.132283
680000 0.132667
680000 0.131852
680000 0.131847
690000 0.137220
690000 0.134656
690000 0.133254
690000 0.142307
690000 0.135021
700000 0.136587
700000 0.138200
700000 0.136552
700000 0.137397
700000 0.134151
710000 0.146824
710000 0.138417
710000 0.137285
710000 0.138012
710000 0.138111
720000 0.138426
720000 0.140884
720000 0.139217
720000 0.138234
720000 0.137111
730000 0.141147
730000 0.141387
730000 0.140754
730000 0.139717
730000 0.143224
740000 0.144274
740000 0.144831
740000 0.147949
740000 0.148981
740000 0.143629
750000 0.143876
750000 0.145073
750000 0.145036
750000 0.144949
750000 0.148352
760000 0.150561
760000 0.147169
760000 0.151541
760000 0.179747
760000 0.147524
770000 0.150646
770000 0.159658
770000 0.147805
770000 0.148053
770000 0.149190
780000 0.151424
780000 0.150072
780000 0.151155
780000 0.149515
780000 0.150214
790000 0.155165
790000 0.157861
790000 0.151291
790000 0.157462
790000 0.162885
800000 0.156858
800000 0.166709
800000 0.156232
800000 0.154626
800000 0.154865
810000 0.166012
810000 0.157010
810000 0.155776
810000 0.157059
810000 0.170148
820000 0.158513
820000 0.161207
820000 0.159531
820000 0.158501
820000 0.166790
830000 0.161529
830000 0.161531
830000 0.240293
830000 0.161424
830000 0.165030
840000 0.164320
840000 0.162947
840000 0.168144
840000 0.165361
840000 0.163035
850000 0.167635
850000 0.164259
850000 0.164752
850000 0.164765
850000 0.165038
860000 0.167743
860000 0.170703
860000 0.169720
860000 0.178028
860000 0.326197
870000 0.172873
870000 0.190334
870000 0.174845
870000 0.183079
870000 0.170191
880000 0.172035
880000 0.173157
880000 0.171465
880000 0.171479
880000 0.172092
890000 0.173674
890000 0.174094
890000 0.179271
890000 0.172786
890000 0.173544
900000 0.174580
900000 0.176439
900000 0.173711
900000 0.172790
900000 0.191868
910000 0.173549
910000 0.181189
910000 0.177070
910000 0.180884
910000 0.190061
920000 0.181153
920000 0.178467
920000 0.176380
920000 0.178075
920000 0.177060
930000 0.179691
930000 0.178389
930000 0.178480
930000 0.176545
930000 0.184273
940000 0.183007
940000 0.187047
940000 0.182056
940000 0.180263
940000 0.180899
950000 0.187919
950000 0.183317
950000 0.183268
950000 0.182647
950000 0.184972
960000 0.187576
960000 0.186594
960000 0.186303
960000 0.187893
960000 0.187780
970000 0.190219
970000 0.189230
970000 0.190137
970000 0.188642
970000 0.188250
980000 0.190910
980000 0.190038
980000 0.189858
980000 0.190478
980000 0.193510
990000 0.194130
990000 0.193645
990000 0.196171
990000 0.192587
990000 0.192462
10000 0.001644
10000 0.001343
10000 0.001344
10000 0.001346
10000 0.001353
20000 0.002884
20000 0.002943
20000 0.002904
20000 0.002908
20000 0.002876
30000 0.004502
30000 0.004512
30000 0.004489
30000 0.004530
30000 0.004556
40000 0.006298
40000 0.006222
40000 0.006262
40000 0.006211
40000 0.006242
50000 0.008011
50000 0.007879
50000 0.007882
50000 0.007848
50000 0.007836
60000 0.009606
60000 0.009567
60000 0.009598
60000 0.009631
60000 0.009638
70000 0.011480
70000 0.011495
70000 0.011499
70000 0.011489
70000 0.011474
80000 0.013410
80000 0.013281
80000 0.013234
80000 0.013251
80000 0.013125
90000 0.014813
90000 0.014693
90000 0.015095
90000 0.014885
90000 0.015038
100000 0.017040
100000 0.016926
100000 0.016886
100000 0.017092
100000 0.017060
110000 0.018939
110000 0.019082
110000 0.018961
110000 0.018888
110000 0.018949
120000 0.020726
120000 0.020553
120000 0.020768
120000 0.020617
120000 0.020583
130000 0.023795
130000 0.022689
130000 0.022661
130000 0.022758
130000 0.022593
140000 0.024577
140000 0.024562
140000 0.024478
140000 0.024755
140000 0.024610
150000 0.026678
150000 0.026604
150000 0.026510
150000 0.026435
150000 0.026535
160000 0.028257
160000 0.027941
160000 0.027934
160000 0.028003
160000 0.028079
170000 0.030023
170000 0.029867
170000 0.030043
170000 0.029935
170000 0.030071
180000 0.031399
180000 0.031392
180000 0.031478
180000 0.031355
180000 0.031461
190000 0.033481
190000 0.033615
190000 0.033557
190000 0.033382
190000 0.033526
200000 0.035481
200000 0.035354
200000 0.035649
200000 0.035285
200000 0.035403
210000 0.038829
210000 0.037822
210000 0.037750
210000 0.037745
210000 0.037890
220000 0.039803
220000 0.039939
220000 0.039672
220000 0.039178
220000 0.040054
230000 0.041579
230000 0.041562
230000 0.041059
230000 0.040944
230000 0.042563
240000 0.043700
240000 0.043471
240000 0.043322
240000 0.043343
240000 0.042848
250000 0.046212
250000 0.045590
250000 0.047378
250000 0.046125
250000 0.046118
260000 0.048450
260000 0.047486
260000 0.048080
260000 0.048041
260000 0.048110
270000 0.050208
270000 0.050070
270000 0.049673
270000 0.050291
270000 0.050259
280000 0.052421
280000 0.052282
280000 0.052561
280000 0.052235
280000 0.052256
290000 0.058778
290000 0.054505
290000 0.053755
290000 0.053897
290000 0.053707
300000 0.056438
300000 0.056258
300000 0.056168
300000 0.055675
300000 0.055642
310000 0.057821
310000 0.057225
310000 0.056919
310000 0.058037
310000 0.057486
320000 0.059248
320000 0.059309
320000 0.057176
320000 0.059268
320000 0.059641
330000 0.062713
330000 0.061589
330000 0.060933
330000 0.061337
330000 0.060882
340000 0.062881
340000 0.062575
340000 0.062929
340000 0.063569
340000 0.063853
350000 0.065769
350000 0.065310
350000 0.064901
350000 0.065411
350000 0.065436
360000 0.065912
360000 0.065788
360000 0.065725
360000 0.065955
360000 0.072297
370000 0.077712
370000 0.070481
370000 0.069843
370000 0.069706
370000 0.071103
380000 0.072421
380000 0.071505
380000 0.071687
380000 0.072291
380000 0.072508
390000 0.072943
390000 0.072232
390000 0.073248
390000 0.072936
390000 0.072949
400000 0.075453
400000 0.083380
400000 0.077096
400000 0.076003
400000 0.077144
410000 0.081583
410000 0.078398
410000 0.077719
410000 0.078822
410000 0.078249
420000 0.081650
420000 0.079270
420000 0.080147
420000 0.080585
420000 0.079614
430000 0.082027
430000 0.081816
430000 0.081424
430000 0.082512
430000 0.081056
440000 0.083148
440000 0.083483
440000 0.083696
440000 0.083454
440000 0.082664
450000 0.085769
450000 0.084598
450000 0.085101
450000 0.085321
450000 0.087657
460000 0.088525
460000 0.087831
460000 0.088600
460000 0.090236
460000 0.087908
470000 0.091426
470000 0.090307
470000 0.088485
470000 0.088720
470000 0.088414
480000 0.092323
480000 0.091006
480000 0.090982
480000 0.090312
480000 0.090654
490000 0.093002
490000 0.092741
490000 0.094016
490000 0.092445
490000 0.093171
500000 0.094432
500000 0.094937
500000 0.095096
500000 0.094915
500000 0.094991
510000 0.096649
510000 0.096848
510000 0.096678
510000 0.096507
510000 0.097032
520000 0.099605
520000 0.098499
520000 0.098066
520000 0.097908
520000 0.097685
530000 0.100648
530000 0.100194
530000 0.100704
530000 0.100311
530000 0.100041
540000 0.101930
540000 0.102624
540000 0.102383
540000 0.103309
540000 0.101776
550000 0.104232
550000 0.105089
550000 0.104497
550000 0.105751
550000 0.106109
560000 0.107668
560000 0.108314
560000 0.107220
560000 0.107109
560000 0.107386
570000 0.109173
570000 0.109401
570000 0.108546
570000 0.109167
570000 0.109333
580000 0.112079
580000 0.111266
580000 0.110052
580000 0.110737
580000 0.110662
590000 0.112936
590000 0.111649
590000 0.112396
590000 0.111750
590000 0.111658
600000 0.114206
600000 0.116015
600000 0.114232
600000 0.114887
600000 0.114114
610000 0.117043
610000 0.116986
610000 0.116364
610000 0.117167
610000 0.116968
620000 0.127527
620000 0.119473
620000 0.119985
620000 0.118709
620000 0.118734
630000 0.125217
630000 0.120840
630000 0.121251
630000 0.121394
630000 0.120072
640000 0.128678
640000 0.121538
640000 0.124689
640000 0.122604
640000 0.122134
650000 0.125890
650000 0.124078
650000 0.124484
650000 0.124358
650000 0.123524
660000 0.129929
660000 0.126007
660000 0.126722
660000 0.125742
660000 0.127298
670000 0.128838
670000 0.129734
670000 0.129289
670000 0.128857
670000 0.131087
680000 0.130595
680000 0.130428
680000 0.135115
680000 0.131148
680000 0.130825
690000 0.134444
690000 0.133363
690000 0.132793
690000 0.131949
690000 0.132610
700000 0.135212
700000 0.135496
700000 0.134518
700000 0.134817
700000 0.135623
710000 0.142142
710000 0.139579
710000 0.141485
710000 0.143721
710000 0.148358
720000 0.138563
720000 0.137193
720000 0.137879
720000 0.137805
720000 0.140464
730000 0.140175
730000 0.139892
730000 0.139478
730000 0.139373
730000 0.143114
740000 0.143380
740000 0.142485
740000 0.142393
740000 0.144872
740000 0.140923
750000 0.142453
750000 0.142858
750000 0.144694
750000 0.144306
750000 0.143581
760000 0.146265
760000 0.145310
760000 0.146872
760000 0.145923
760000 0.145205
770000 0.148355
770000 0.148800
770000 0.145982
770000 0.148938
770000 0.147400
780000 0.150159
780000 0.149659
780000 0.148275
780000 0.151187
780000 0.152272
790000 0.160697
790000 0.153356
790000 0.157059
790000 0.156287
790000 0.153071
800000 0.153550
800000 0.157968
800000 0.155370
800000 0.155216
800000 0.153570
810000 0.156439
810000 0.156350
810000 0.157197
810000 0.156991
810000 0.156210
820000 0.158209
820000 0.156281
820000 0.158094
820000 0.158063
820000 0.158415
830000 0.161809
830000 0.160324
830000 0.160314
830000 0.160298
830000 0.160065
840000 0.163051
840000 0.161747
840000 0.166380
840000 0.160519
840000 0.160133
850000 0.162278
850000 0.164489
850000 0.162720
850000 0.162493
850000 0.163704
860000 0.165802
860000 0.164129
860000 0.164996
860000 0.166762
860000 0.165452
870000 0.168699
870000 0.167485
870000 0.168078
870000 0.170213
870000 0.167779
880000 0.169741
880000 0.171283
880000 0.171874
880000 0.170765
880000 0.168906
890000 0.169671
890000 0.171253
890000 0.170540
890000 0.171188
890000 0.172289
900000 0.172561
900000 0.172734
900000 0.172413
900000 0.173995
900000 0.172562
910000 0.174098
910000 0.175038
910000 0.176024
910000 0.175706
910000 0.174898
920000 0.179169
920000 0.176743
920000 0.177180
920000 0.178510
920000 0.179126
930000 0.180043
930000 0.179737
930000 0.179920
930000 0.181203
930000 0.179525
940000 0.184809
940000 0.183450
940000 0.182707
940000 0.181920
940000 0.182828
950000 0.185453
950000 0.186387
950000 0.184459
950000 0.184816
950000 0.184097
960000 0.187991
960000 0.188817
960000 0.187383
960000 0.188081
960000 0.187604
970000 0.190615
970000 0.189873
970000 0.190234
970000 0.189540
970000 0.190365
980000 0.191828
980000 0.193300
980000 0.190050
980000 0.190711
980000 0.189973
990000 0.192373
990000 0.191810
990000 0.192541
990000 0.192756
990000 0.193194
