50 0.000012
50 0.000007
50 0.000006
50 0.000005
50 0.000005
100 0.000028
100 0.000027
100 0.000023
100 0.000021
100 0.000021
150 0.000058
150 0.000060
150 0.000055
150 0.000051
150 0.000050
200 0.000095
200 0.000095
200 0.000097
200 0.000091
200 0.000089
250 0.000146
250 0.000142
250 0.000139
250 0.000137
250 0.000136
300 0.000204
300 0.000202
300 0.000201
300 0.000199
300 0.000197
350 0.000277
350 0.000284
350 0.000272
350 0.000270
350 0.000276
400 0.000360
400 0.000358
400 0.000395
400 0.000355
400 0.000355
450 0.000454
450 0.000454
450 0.000453
450 0.000471
450 0.000451
500 0.000561
500 0.000583
500 0.000632
500 0.000595
500 0.000613
550 0.000724
550 0.000679
550 0.000680
550 0.000678
550 0.000680
600 0.000801
600 0.000805
600 0.000838
600 0.000801
600 0.000802
650 0.000945
650 0.001106
650 0.001080
650 0.000951
650 0.000994
700 0.001114
700 0.001100
700 0.001094
700 0.001107
700 0.001089
750 0.001250
750 0.001254
750 0.001252
750 0.001274
750 0.001262
800 0.001450
800 0.001458
800 0.001426
800 0.001486
800 0.001506
850 0.001605
850 0.001601
850 0.001611
850 0.001602
850 0.001682
900 0.001818
900 0.001793
900 0.001793
900 0.001800
900 0.001883
950 0.001998
950 0.002007
950 0.002023
950 0.002004
950 0.002199
50 0.000009
50 0.000006
50 0.000005
50 0.000006
50 0.000006
100 0.000020
100 0.000018
100 0.000019
100 0.000020
100 0.000021
150 0.000040
150 0.000041
150 0.000041
150 0.000042
150 0.000041
200 0.000072
200 0.000069
200 0.000070
200 0.000069
200 0.000070
250 0.000105
250 0.000105
250 0.000108
250 0.000106
250 0.000104
300 0.000148
300 0.000150
300 0.000149
300 0.000162
300 0.000148
350 0.000201
350 0.000214
350 0.000200
350 0.000189
350 0.000194
400 0.000277
400 0.000256
400 0.000331
400 0.000247
400 0.000260
450 0.000317
450 0.000316
450 0.000326
450 0.000322
450 0.000321
500 0.000385
500 0.000403
500 0.000390
500 0.000409
500 0.000385
550 0.000471
550 0.000505
550 0.000457
550 0.000471
550 0.000473
600 0.000595
600 0.000554
600 0.000559
600 0.000553
600 0.000558
650 0.000647
650 0.000648
650 0.000650
650 0.000665
650 0.000649
700 0.000743
700 0.000749
700 0.000742
700 0.000784
700 0.000751
750 0.000889
750 0.000856
750 0.000884
750 0.000870
750 0.000864
800 0.000982
800 0.001001
800 0.000961
800 0.000994
800 0.000980
850 0.001133
850 0.001077
850 0.001111
850 0.001156
850 0.001107
900 0.001247
900 0.001266
900 0.001256
900 0.001266
900 0.001234
950 0.001321
950 0.001343
950 0.001359
950 0.001376
950 0.001336
