50 0.000007
50 0.000004
50 0.000004
50 0.000004
50 0.000003
100 0.000015
100 0.000013
100 0.000012
100 0.000012
100 0.000013
150 0.000028
150 0.000028
150 0.000031
150 0.000028
150 0.000028
200 0.000046
200 0.000047
200 0.000046
200 0.000046
200 0.000046
250 0.000072
250 0.000073
250 0.000073
250 0.000073
250 0.000073
300 0.000103
300 0.000103
300 0.000103
300 0.000103
300 0.000104
350 0.000138
350 0.000138
350 0.000138
350 0.000267
350 0.000163
400 0.000212
400 0.000203
400 0.000196
400 0.000196
400 0.000199
450 0.000255
450 0.000254
450 0.000253
450 0.000254
450 0.000255
500 0.000309
500 0.000309
500 0.000310
500 0.000309
500 0.000309
550 0.000398
550 0.000377
550 0.000376
550 0.000376
550 0.000376
600 0.000432
600 0.000433
600 0.000435
600 0.000437
600 0.000434
650 0.000524
650 0.000523
650 0.000524
650 0.000490
650 0.000488
700 0.000634
700 0.000539
700 0.000551
700 0.000539
700 0.000595
750 0.000617
750 0.000615
750 0.000616
750 0.000616
750 0.000616
800 0.000703
800 0.000729
800 0.000703
800 0.000799
800 0.000749
850 0.000790
850 0.000923
850 0.000800
850 0.000783
850 0.000786
900 0.000919
900 0.000908
900 0.000937
900 0.001008
900 0.000916
950 0.000990
950 0.001019
950 0.000990
950 0.000994
950 0.001034
50 0.000004
50 0.000006
50 0.000003
50 0.000004
50 0.000004
100 0.000009
100 0.000011
100 0.000009
100 0.000010
100 0.000011
150 0.000019
150 0.000019
150 0.000064
150 0.000018
150 0.000017
200 0.000030
200 0.000030
200 0.000031
200 0.000032
200 0.000030
250 0.000049
250 0.000045
250 0.000044
250 0.000047
250 0.000044
300 0.000065
300 0.000071
300 0.000066
300 0.000067
300 0.000065
350 0.000093
350 0.000087
350 0.000089
350 0.000080
350 0.000157
400 0.000495
400 0.000116
400 0.000143
400 0.000125
400 0.000168
450 0.000201
450 0.000140
450 0.000156
450 0.000148
450 0.000142
500 0.000176
500 0.000204
500 0.000185
500 0.000179
500 0.000174
550 0.000216
550 0.000220
550 0.000206
550 0.000220
550 0.000222
600 0.000265
600 0.000275
600 0.000247
600 0.000265
600 0.000261
650 0.000301
650 0.000307
650 0.000349
650 0.000305
650 0.000312
700 0.000346
700 0.000350
700 0.000345
700 0.000344
700 0.000351
750 0.000397
750 0.000402
750 0.000418
750 0.000422
750 0.000424
800 0.000469
800 0.000457
800 0.000449
800 0.000462
800 0.000459
850 0.000530
850 0.000505
850 0.000527
850 0.000528
850 0.000530
900 0.000601
900 0.000566
900 0.000581
900 0.000621
900 0.000575
950 0.000614
950 0.000628
950 0.000634
950 0.000624
950 0.000656
