50 0.000009
50 0.000005
50 0.000004
50 0.000004
50 0.000004
100 0.000017
100 0.000016
100 0.000016
100 0.000014
100 0.000013
150 0.000036
150 0.000032
150 0.000030
150 0.000030
150 0.000031
200 0.000055
200 0.000056
200 0.000048
200 0.000048
200 0.000047
250 0.000077
250 0.000076
250 0.000075
250 0.000074
250 0.000074
300 0.000108
300 0.000121
300 0.000104
300 0.000104
300 0.000104
350 0.000158
350 0.000153
350 0.000141
350 0.000144
350 0.000161
400 0.000211
400 0.000205
400 0.000203
400 0.000205
400 0.000224
450 0.000321
450 0.000257
450 0.000277
450 0.000248
450 0.000267
500 0.000329
500 0.000333
500 0.000326
500 0.000314
500 0.000330
550 0.000376
550 0.000400
550 0.000402
550 0.000398
550 0.000425
600 0.000527
600 0.000539
600 0.000500
600 0.000479
600 0.000414
650 0.000521
650 0.000478
650 0.000456
650 0.000455
650 0.000456
700 0.000539
700 0.000529
700 0.000527
700 0.000526
700 0.000526
750 0.000607
750 0.000605
750 0.000602
750 0.000601
750 0.000602
800 0.000732
800 0.000711
800 0.000795
800 0.000725
800 0.000698
850 0.000772
850 0.000784
850 0.000789
850 0.000766
850 0.000766
900 0.000871
900 0.000873
900 0.000856
900 0.000856
900 0.000856
950 0.001001
950 0.001017
950 0.000969
950 0.000954
950 0.000951
50 0.000005
50 0.000004
50 0.000005
50 0.000004
50 0.000004
100 0.000013
100 0.000013
100 0.000012
100 0.000012
100 0.000012
150 0.000021
150 0.000020
150 0.000021
150 0.000021
150 0.000021
200 0.000035
200 0.000035
200 0.000035
200 0.000034
200 0.000037
250 0.000056
250 0.000062
250 0.000051
250 0.000061
250 0.000062
300 0.000071
300 0.000071
300 0.000072
300 0.000073
300 0.000073
350 0.000097
350 0.000122
350 0.000122
350 0.000146
350 0.000146
400 0.000121
400 0.000121
400 0.000122
400 0.000122
400 0.000122
450 0.000151
450 0.000152
450 0.000152
450 0.000152
450 0.000151
500 0.000189
500 0.000185
500 0.000185
500 0.000195
500 0.000185
550 0.000224
550 0.000222
550 0.000223
550 0.000225
550 0.000221
600 0.000261
600 0.000278
600 0.000522
600 0.000261
600 0.000261
650 0.000306
650 0.000305
650 0.000305
650 0.000308
650 0.000304
700 0.000351
700 0.000350
700 0.000355
700 0.000352
700 0.000351
750 0.000401
750 0.000410
750 0.000401
750 0.000401
750 0.000401
800 0.000457
800 0.000468
800 0.000454
800 0.000456
800 0.000457
850 0.000513
850 0.000513
850 0.000515
850 0.000520
850 0.000510
900 0.000575
900 0.000572
900 0.000569
900 0.000585
900 0.000588
950 0.000635
950 0.000629
950 0.000633
950 0.000637
950 0.000671
