50 0.000007
50 0.000004
50 0.000003
50 0.000003
50 0.000004
100 0.000010
100 0.000010
100 0.000010
100 0.000009
100 0.000009
150 0.000022
150 0.000020
150 0.000091
150 0.000022
150 0.000021
200 0.000033
200 0.000032
200 0.000032
200 0.000033
200 0.000032
250 0.000049
250 0.000050
250 0.000048
250 0.000048
250 0.000050
300 0.000068
300 0.000074
300 0.000077
300 0.000078
300 0.000071
350 0.000099
350 0.000107
350 0.000105
350 0.000177
350 0.000102
400 0.000148
400 0.000130
400 0.000128
400 0.000128
400 0.000128
450 0.000167
450 0.000166
450 0.000167
450 0.000165
450 0.000165
500 0.000202
500 0.000202
500 0.000201
500 0.000188
500 0.000186
550 0.000225
550 0.000224
550 0.000225
550 0.000225
550 0.000225
600 0.000263
600 0.000262
600 0.000283
600 0.000261
600 0.000261
650 0.000313
650 0.000314
650 0.000313
650 0.000313
650 0.000313
700 0.000356
700 0.000356
700 0.000356
700 0.000355
700 0.000355
750 0.000450
750 0.000405
750 0.000408
750 0.000404
750 0.000404
800 0.000461
800 0.000461
800 0.000460
800 0.000460
800 0.000475
850 0.000513
850 0.000513
850 0.000510
850 0.000534
850 0.000642
900 0.000572
900 0.000571
900 0.000600
900 0.000572
900 0.000570
950 0.000637
950 0.000719
950 0.000666
950 0.000762
950 0.000811
50 0.000004
50 0.000003
50 0.000003
50 0.000002
50 0.000002
100 0.000006
100 0.000007
100 0.000007
100 0.000007
100 0.000007
150 0.000018
150 0.000016
150 0.000015
150 0.000016
150 0.000017
200 0.000026
200 0.000025
200 0.000026
200 0.000028
200 0.000025
250 0.000054
250 0.000038
250 0.000038
250 0.000040
250 0.000039
300 0.000054
300 0.000057
300 0.000057
300 0.000063
300 0.000056
350 0.000076
350 0.000072
350 0.000073
350 0.000076
350 0.000078
400 0.000089
400 0.000085
400 0.000088
400 0.000081
400 0.000090
450 0.000103
450 0.000096
450 0.000103
450 0.000100
450 0.000100
500 0.000210
500 0.000128
500 0.000124
500 0.000123
500 0.000118
550 0.000146
550 0.000144
550 0.000137
550 0.000145
550 0.000175
600 0.000179
600 0.000185
600 0.000168
600 0.000196
600 0.000179
650 0.000211
650 0.000227
650 0.000205
650 0.000202
650 0.000204
700 0.000225
700 0.000229
700 0.000223
700 0.000235
700 0.000227
750 0.000262
750 0.000260
750 0.000271
750 0.000273
750 0.000284
800 0.000309
800 0.000295
800 0.000295
800 0.000320
800 0.000293
850 0.000352
850 0.000334
850 0.000344
850 0.000343
850 0.000344
900 0.000378
900 0.000372
900 0.000379
900 0.000387
900 0.000374
950 0.000410
950 0.000455
950 0.000449
950 0.000425
950 0.000423
